Type     Name                                                                          # reqs      # fails |    Avg     Min     Max    Med |   req/s  failures/s
--------|----------------------------------------------------------------------------|-------|-------------|-------|-------|-------|-------|--------|-----------
--------|----------------------------------------------------------------------------|-------|-------------|-------|-------|-------|-------|--------|-----------
         Aggregated                                                                         0     0(0.00%) |      0       0       0      0 |    0.00        0.00

Type     Name                                                                          # reqs      # fails |    Avg     Min     Max    Med |   req/s  failures/s
--------|----------------------------------------------------------------------------|-------|-------------|-------|-------|-------|-------|--------|-----------
--------|----------------------------------------------------------------------------|-------|-------------|-------|-------|-------|-------|--------|-----------
         Aggregated                                                                         0     0(0.00%) |      0       0       0      0 |    0.00        0.00

Type     Name                                                                          # reqs      # fails |    Avg     Min     Max    Med |   req/s  failures/s
--------|----------------------------------------------------------------------------|-------|-------------|-------|-------|-------|-------|--------|-----------
GET      /api/notifications/count                                                           1     0(0.00%) |      3       3       3      3 |    0.00        0.00
GET      [warmup] cookie check                                                              1     0(0.00%) |   2103    2103    2103   2103 |    0.00        0.00
--------|----------------------------------------------------------------------------|-------|-------------|-------|-------|-------|-------|--------|-----------
         Aggregated                                                                         2     0(0.00%) |   1053       3    2103      3 |    0.00        0.00

Type     Name                                                                          # reqs      # fails |    Avg     Min     Max    Med |   req/s  failures/s
--------|----------------------------------------------------------------------------|-------|-------------|-------|-------|-------|-------|--------|-----------
GET      /                                                                                  1     0(0.00%) |      8       8       8      8 |    0.00        0.00
POST     /api/events [POST]                                                                 1     0(0.00%) |      8       8       8      8 |    0.00        0.00
PUT      /api/events/{id} [PUT]                                                             1   1(100.00%) |     11      11      11     11 |    0.00        0.00
GET      /api/notifications/count                                                           1     0(0.00%) |      3       3       3      3 |    0.33        0.00
GET      /api/notifications/pending                                                         1     0(0.00%) |   2069    2069    2069   2069 |    0.00        0.00
GET      /check                                                                             1     0(0.00%) |     19      19      19     19 |    0.00        0.00
GET      [warmup] cookie check                                                              1     0(0.00%) |   2103    2103    2103   2103 |    0.33        0.00
--------|----------------------------------------------------------------------------|-------|-------------|-------|-------|-------|-------|--------|-----------
         Aggregated                                                                         7    1(14.29%) |    603       3    2103     12 |    0.67        0.00

Type     Name                                                                          # reqs      # fails |    Avg     Min     Max    Med |   req/s  failures/s
--------|----------------------------------------------------------------------------|-------|-------------|-------|-------|-------|-------|--------|-----------
GET      /                                                                                  1     0(0.00%) |      8       8       8      8 |    0.17        0.00
POST     /api/events [POST]                                                                 1     0(0.00%) |      8       8       8      8 |    0.17        0.00
DELETE   /api/events/{id} [DELETE]                                                          1     0(0.00%) |   2058    2058    2058   2058 |    0.00        0.00
PUT      /api/events/{id} [PUT]                                                             1   1(100.00%) |     11      11      11     11 |    0.17        0.17
GET      /api/notifications/count                                                           1     0(0.00%) |      3       3       3      3 |    0.17        0.00
GET      /api/notifications/pending                                                         1     0(0.00%) |   2069    2069    2069   2069 |    0.17        0.00
GET      /check                                                                             1     0(0.00%) |     19      19      19     19 |    0.17        0.00
GET      [warmup] cookie check                                                              1     0(0.00%) |   2103    2103    2103   2103 |    0.17        0.00
--------|----------------------------------------------------------------------------|-------|-------------|-------|-------|-------|-------|--------|-----------
         Aggregated                                                                         8    1(12.50%) |    785       3    2103     12 |    1.17        0.17

Type     Name                                                                          # reqs      # fails |    Avg     Min     Max    Med |   req/s  failures/s
--------|----------------------------------------------------------------------------|-------|-------------|-------|-------|-------|-------|--------|-----------
GET      /                                                                                  1     0(0.00%) |      8       8       8      8 |    0.14        0.00
POST     /api/events [POST]                                                                 2     0(0.00%) |     10       8      11      9 |    0.14        0.00
DELETE   /api/events/{id} [DELETE]                                                          1     0(0.00%) |   2058    2058    2058   2058 |    0.00        0.00
PUT      /api/events/{id} [PUT]                                                             2   2(100.00%) |     14      11      17     12 |    0.14        0.14
GET      /api/notifications/count                                                           1     0(0.00%) |      3       3       3      3 |    0.14        0.00
GET      /api/notifications/pending                                                         1     0(0.00%) |   2069    2069    2069   2069 |    0.14        0.00
GET      /check                                                                             1     0(0.00%) |     19      19      19     19 |    0.14        0.00
GET      [warmup] cookie check                                                              1     0(0.00%) |   2103    2103    2103   2103 |    0.14        0.00
--------|----------------------------------------------------------------------------|-------|-------------|-------|-------|-------|-------|--------|-----------
         Aggregated                                                                        10    2(20.00%) |    631       3    2103     12 |    1.00        0.14

Type     Name                                                                          # reqs      # fails |    Avg     Min     Max    Med |   req/s  failures/s
--------|----------------------------------------------------------------------------|-------|-------------|-------|-------|-------|-------|--------|-----------
GET      /                                                                                  1     0(0.00%) |      8       8       8      8 |    0.10        0.00
POST     /api/events [POST]                                                                 3     0(0.00%) |      8       6      11      9 |    0.20        0.00
DELETE   /api/events/{id} [DELETE]                                                          2     0(0.00%) |   2063    2058    2068   2068 |    0.10        0.00
PUT      /api/events/{id} [PUT]                                                             2   2(100.00%) |     14      11      17     12 |    0.20        0.20
GET      /api/notifications/count                                                           1     0(0.00%) |      3       3       3      3 |    0.10        0.00
GET      /api/notifications/pending                                                         1     0(0.00%) |   2069    2069    2069   2069 |    0.10        0.00
GET      /check                                                                             1     0(0.00%) |     19      19      19     19 |    0.10        0.00
GET      [warmup] cookie check                                                              1     0(0.00%) |   2103    2103    2103   2103 |    0.10        0.00
--------|----------------------------------------------------------------------------|-------|-------------|-------|-------|-------|-------|--------|-----------
         Aggregated                                                                        12    2(16.67%) |    698       3    2103     12 |    1.00        0.20

Type     Name                                                                          # reqs      # fails |    Avg     Min     Max    Med |   req/s  failures/s
--------|----------------------------------------------------------------------------|-------|-------------|-------|-------|-------|-------|--------|-----------
GET      /                                                                                  1     0(0.00%) |      8       8       8      8 |    0.10        0.00
POST     /api/events [POST]                                                                 3     0(0.00%) |      8       6      11      9 |    0.20        0.00
DELETE   /api/events/{id} [DELETE]                                                          2     0(0.00%) |   2063    2058    2068   2068 |    0.10        0.00
PUT      /api/events/{id} [PUT]                                                             3   3(100.00%) |     11       5      17     12 |    0.20        0.20
GET      /api/notifications/count                                                           1     0(0.00%) |      3       3       3      3 |    0.10        0.00
GET      /api/notifications/pending                                                         1     0(0.00%) |   2069    2069    2069   2069 |    0.10        0.00
GET      /check                                                                             1     0(0.00%) |     19      19      19     19 |    0.10        0.00
GET      [warmup] cookie check                                                              1     0(0.00%) |   2103    2103    2103   2103 |    0.10        0.00
--------|----------------------------------------------------------------------------|-------|-------------|-------|-------|-------|-------|--------|-----------
         Aggregated                                                                        13    3(23.08%) |    645       3    2103     12 |    1.00        0.20

Type     Name                                                                          # reqs      # fails |    Avg     Min     Max    Med |   req/s  failures/s
--------|----------------------------------------------------------------------------|-------|-------------|-------|-------|-------|-------|--------|-----------
GET      /                                                                                  1     0(0.00%) |      8       8       8      8 |    0.10        0.00
POST     /api/events [POST]                                                                 4     0(0.00%) |      8       6      11      7 |    0.30        0.00
DELETE   /api/events/{id} [DELETE]                                                          3     0(0.00%) |   2064    2058    2068   2068 |    0.20        0.00
PUT      /api/events/{id} [PUT]                                                             4   4(100.00%) |     10       4      17      6 |    0.30        0.30
GET      /api/notifications/count                                                           1     0(0.00%) |      3       3       3      3 |    0.00        0.00
GET      /api/notifications/pending                                                         1     0(0.00%) |   2069    2069    2069   2069 |    0.10        0.00
GET      /check                                                                             1     0(0.00%) |     19      19      19     19 |    0.10        0.00
GET      [warmup] cookie check                                                              1     0(0.00%) |   2103    2103    2103   2103 |    0.00        0.00
--------|----------------------------------------------------------------------------|-------|-------------|-------|-------|-------|-------|--------|-----------
         Aggregated                                                                        16    4(25.00%) |    654       3    2103     12 |    1.10        0.30

Type     Name                                                                          # reqs      # fails |    Avg     Min     Max    Med |   req/s  failures/s
--------|----------------------------------------------------------------------------|-------|-------------|-------|-------|-------|-------|--------|-----------
GET      /                                                                                  1     0(0.00%) |      8       8       8      8 |    0.00        0.00
POST     /api/events [POST]                                                                 4     0(0.00%) |      8       6      11      7 |    0.20        0.00
DELETE   /api/events/{id} [DELETE]                                                          4     0(0.00%) |   2064    2058    2068   2068 |    0.30        0.00
PUT      /api/events/{id} [PUT]                                                             4   4(100.00%) |     10       4      17      6 |    0.20        0.20
GET      /api/notifications/count                                                           1     0(0.00%) |      3       3       3      3 |    0.00        0.00
GET      /api/notifications/pending                                                         1     0(0.00%) |   2069    2069    2069   2069 |    0.00        0.00
GET      /check                                                                             1     0(0.00%) |     19      19      19     19 |    0.00        0.00
GET      [warmup] cookie check                                                              1     0(0.00%) |   2103    2103    2103   2103 |    0.00        0.00
--------|----------------------------------------------------------------------------|-------|-------------|-------|-------|-------|-------|--------|-----------
         Aggregated                                                                        17    4(23.53%) |    737       3    2103     12 |    0.70        0.20

Type     Name                                                                          # reqs      # fails |    Avg     Min     Max    Med |   req/s  failures/s
--------|----------------------------------------------------------------------------|-------|-------------|-------|-------|-------|-------|--------|-----------
GET      /                                                                                  1     0(0.00%) |      8       8       8      8 |    0.00        0.00
POST     /api/events [POST]                                                                 4     0(0.00%) |      8       6      11      7 |    0.30        0.00
DELETE   /api/events/{id} [DELETE]                                                          4     0(0.00%) |   2064    2058    2068   2068 |    0.30        0.00
PUT      /api/events/{id} [PUT]                                                             4   4(100.00%) |     10       4      17      6 |    0.30        0.30
GET      /api/notifications/count                                                           1     0(0.00%) |      3       3       3      3 |    0.00        0.00
GET      /api/notifications/pending                                                         1     0(0.00%) |   2069    2069    2069   2069 |    0.00        0.00
GET      /check                                                                             1     0(0.00%) |     19      19      19     19 |    0.00        0.00
GET      /trash                                                                             1     0(0.00%) |     11      11      11     11 |    0.00        0.00
GET      [warmup] cookie check                                                              1     0(0.00%) |   2103    2103    2103   2103 |    0.00        0.00
--------|----------------------------------------------------------------------------|-------|-------------|-------|-------|-------|-------|--------|-----------
         Aggregated                                                                        18    4(22.22%) |    697       3    2103     12 |    0.90        0.30

Type     Name                                                                          # reqs      # fails |    Avg     Min     Max    Med |   req/s  failures/s
--------|----------------------------------------------------------------------------|-------|-------------|-------|-------|-------|-------|--------|-----------
GET      /                                                                                  1     0(0.00%) |      8       8       8      8 |    0.00        0.00
POST     /api/events [POST]                                                                 5     0(0.00%) |      8       6      11      8 |    0.30        0.00
DELETE   /api/events/{id} [DELETE]                                                          4     0(0.00%) |   2064    2058    2068   2068 |    0.30        0.00
PUT      /api/events/{id} [PUT]                                                             5   5(100.00%) |     14       4      31     12 |    0.30        0.30
GET      /api/notifications/count                                                           1     0(0.00%) |      3       3       3      3 |    0.00        0.00
GET      /api/notifications/pending                                                         1     0(0.00%) |   2069    2069    2069   2069 |    0.00        0.00
GET      /check                                                                             1     0(0.00%) |     19      19      19     19 |    0.00        0.00
GET      /trash                                                                             1     0(0.00%) |     11      11      11     11 |    0.00        0.00
GET      [warmup] cookie check                                                              1     0(0.00%) |   2103    2103    2103   2103 |    0.00        0.00
--------|----------------------------------------------------------------------------|-------|-------------|-------|-------|-------|-------|--------|-----------
         Aggregated                                                                        20    5(25.00%) |    629       3    2103     12 |    0.90        0.30

Type     Name                                                                          # reqs      # fails |    Avg     Min     Max    Med |   req/s  failures/s
--------|----------------------------------------------------------------------------|-------|-------------|-------|-------|-------|-------|--------|-----------
GET      /                                                                                  1     0(0.00%) |      8       8       8      8 |    0.00        0.00
POST     /api/events [POST]                                                                 6     0(0.00%) |      8       6      11      8 |    0.30        0.00
DELETE   /api/events/{id} [DELETE]                                                          5     0(0.00%) |   2060    2043    2068   2068 |    0.20        0.00
PUT      /api/events/{id} [PUT]                                                             6   6(100.00%) |     12       4      31      6 |    0.30        0.30
GET      /api/notifications/count                                                           1     0(0.00%) |      3       3       3      3 |    0.00        0.00
GET      /api/notifications/pending                                                         1     0(0.00%) |   2069    2069    2069   2069 |    0.00        0.00
GET      /check                                                                             1     0(0.00%) |     19      19      19     19 |    0.00        0.00
GET      /trash                                                                             1     0(0.00%) |     11      11      11     11 |    0.10        0.00
GET      [warmup] cookie check                                                              1     0(0.00%) |   2103    2103    2103   2103 |    0.00        0.00
--------|----------------------------------------------------------------------------|-------|-------------|-------|-------|-------|-------|--------|-----------
         Aggregated                                                                        23    6(26.09%) |    636       3    2103     12 |    0.90        0.30

Type     Name                                                                          # reqs      # fails |    Avg     Min     Max    Med |   req/s  failures/s
--------|----------------------------------------------------------------------------|-------|-------------|-------|-------|-------|-------|--------|-----------
GET      /                                                                                  1     0(0.00%) |      8       8       8      8 |    0.00        0.00
POST     /api/events [POST]                                                                 6     0(0.00%) |      8       6      11      8 |    0.20        0.00
DELETE   /api/events/{id} [DELETE]                                                          6     0(0.00%) |   2062    2043    2070   2070 |    0.30        0.00
PUT      /api/events/{id} [PUT]                                                             6   6(100.00%) |     12       4      31      6 |    0.20        0.20
GET      /api/notifications/count                                                           1     0(0.00%) |      3       3       3      3 |    0.00        0.00
GET      /api/notifications/pending                                                         1     0(0.00%) |   2069    2069    2069   2069 |    0.00        0.00
GET      /check                                                                             1     0(0.00%) |     19      19      19     19 |    0.00        0.00
GET      /trash                                                                             1     0(0.00%) |     11      11      11     11 |    0.10        0.00
GET      [warmup] cookie check                                                              1     0(0.00%) |   2103    2103    2103   2103 |    0.00        0.00
--------|----------------------------------------------------------------------------|-------|-------------|-------|-------|-------|-------|--------|-----------
         Aggregated                                                                        24    6(25.00%) |    696       3    2103     12 |    0.80        0.20

Type     Name                                                                          # reqs      # fails |    Avg     Min     Max    Med |   req/s  failures/s
--------|----------------------------------------------------------------------------|-------|-------------|-------|-------|-------|-------|--------|-----------
GET      /                                                                                  1     0(0.00%) |      8       8       8      8 |    0.00        0.00
POST     /api/events [POST]                                                                 7     0(0.00%) |      8       6      11      9 |    0.30        0.00
DELETE   /api/events/{id} [DELETE]                                                          6     0(0.00%) |   2062    2043    2070   2070 |    0.20        0.00
PUT      /api/events/{id} [PUT]                                                             7   7(100.00%) |     12       4      31     11 |    0.30        0.30
GET      /api/notifications/count                                                           1     0(0.00%) |      3       3       3      3 |    0.00        0.00
GET      /api/notifications/pending                                                         1     0(0.00%) |   2069    2069    2069   2069 |    0.00        0.00
GET      /check                                                                             1     0(0.00%) |     19      19      19     19 |    0.00        0.00
GET      /trash                                                                             1     0(0.00%) |     11      11      11     11 |    0.10        0.00
GET      [warmup] cookie check                                                              1     0(0.00%) |   2103    2103    2103   2103 |    0.00        0.00
--------|----------------------------------------------------------------------------|-------|-------------|-------|-------|-------|-------|--------|-----------
         Aggregated                                                                        26    7(26.92%) |    643       3    2103     11 |    0.90        0.30

Type     Name                                                                          # reqs      # fails |    Avg     Min     Max    Med |   req/s  failures/s
--------|----------------------------------------------------------------------------|-------|-------------|-------|-------|-------|-------|--------|-----------
GET      /                                                                                  1     0(0.00%) |      8       8       8      8 |    0.03        0.00
POST     /api/events [POST]                                                                 7     0(0.00%) |      8       6      11      9 |    0.24        0.00
DELETE   /api/events/{id} [DELETE]                                                          7     0(0.00%) |   2060    2043    2070   2070 |    0.24        0.00
PUT      /api/events/{id} [PUT]                                                             7   7(100.00%) |     12       4      31     11 |    0.24        0.24
GET      /api/notifications/count                                                           1     0(0.00%) |      3       3       3      3 |    0.03        0.00
GET      /api/notifications/pending                                                         1     0(0.00%) |   2069    2069    2069   2069 |    0.03        0.00
GET      /check                                                                             1     0(0.00%) |     19      19      19     19 |    0.03        0.00
GET      /trash                                                                             1     0(0.00%) |     11      11      11     11 |    0.03        0.00
GET      [warmup] cookie check                                                              1     0(0.00%) |   2103    2103    2103   2103 |    0.03        0.00
--------|----------------------------------------------------------------------------|-------|-------------|-------|-------|-------|-------|--------|-----------
         Aggregated                                                                        27    7(25.93%) |    695       3    2103     12 |    0.92        0.24

Response time percentiles (approximated)
Type     Name                                                                                  50%    66%    75%    80%    90%    95%    98%    99%  99.9% 99.99%   100% # reqs
--------|--------------------------------------------------------------------------------|--------|------|------|------|------|------|------|------|------|------|------|------
GET      /                                                                                       9      9      9      9      9      9      9      9      9      9      9      1
POST     /api/events [POST]                                                                      9     10     11     11     12     12     12     12     12     12     12      7
DELETE   /api/events/{id} [DELETE]                                                            2100   2100   2100   2100   2100   2100   2100   2100   2100   2100   2100      7
PUT      /api/events/{id} [PUT]                                                                 11     12     18     18     32     32     32     32     32     32     32      7
GET      /api/notifications/count                                                                3      3      3      3      3      3      3      3      3      3      3      1
GET      /api/notifications/pending                                                           2100   2100   2100   2100   2100   2100   2100   2100   2100   2100   2100      1
GET      /check                                                                                 19     19     19     19     19     19     19     19     19     19     19      1
GET      /trash                                                                                 11     11     11     11     11     11     11     11     11     11     11      1
GET      [warmup] cookie check                                                                2100   2100   2100   2100   2100   2100   2100   2100   2100   2100   2100      1
--------|--------------------------------------------------------------------------------|--------|------|------|------|------|------|------|------|------|------|------|------
         Aggregated                                                                             12     32   2100   2100   2100   2100   2100   2100   2100   2100   2100     27

Error report
# occurrences      Error                                                                                               
------------------|---------------------------------------------------------------------------------------------------------------------------------------------
7                  PUT /api/events/{id} [PUT]: HTTPError('500 Server Error: Internal Server Error for url: /api/events/{id} [PUT]')
------------------|---------------------------------------------------------------------------------------------------------------------------------------------

