Type     Name                                                                          # reqs      # fails |    Avg     Min     Max    Med |   req/s  failures/s
--------|----------------------------------------------------------------------------|-------|-------------|-------|-------|-------|-------|--------|-----------
--------|----------------------------------------------------------------------------|-------|-------------|-------|-------|-------|-------|--------|-----------
         Aggregated                                                                         0     0(0.00%) |      0       0       0      0 |    0.00        0.00

Type     Name                                                                          # reqs      # fails |    Avg     Min     Max    Med |   req/s  failures/s
--------|----------------------------------------------------------------------------|-------|-------------|-------|-------|-------|-------|--------|-----------
--------|----------------------------------------------------------------------------|-------|-------------|-------|-------|-------|-------|--------|-----------
         Aggregated                                                                         0     0(0.00%) |      0       0       0      0 |    0.00        0.00

Type     Name                                                                          # reqs      # fails |    Avg     Min     Max    Med |   req/s  failures/s
--------|----------------------------------------------------------------------------|-------|-------------|-------|-------|-------|-------|--------|-----------
GET      /api/events                                                                        2     0(0.00%) |     23       4      41      5 |    0.00        0.00
POST     /api/events [POST]                                                                 2     0(0.00%) |     15       6      23      7 |    0.00        0.00
PUT      /api/events/{id} [PUT]                                                             2   2(100.00%) |      5       4       6      4 |    0.00        0.00
GET      /api/kanban                                                                        2     0(0.00%) |      6       5       8      5 |    0.00        0.00
GET      /project-manage                                                                    3     0(0.00%) |     14       4      27     10 |    0.00        0.00
GET      [warmup] cookie check                                                              5     0(0.00%) |   2140    2128    2159   2128 |    0.00        0.00
--------|----------------------------------------------------------------------------|-------|-------------|-------|-------|-------|-------|--------|-----------
         Aggregated                                                                        16    2(12.50%) |    677       4    2159     10 |    0.00        0.00

Type     Name                                                                          # reqs      # fails |    Avg     Min     Max    Med |   req/s  failures/s
--------|----------------------------------------------------------------------------|-------|-------------|-------|-------|-------|-------|--------|-----------
GET      /                                                                                  1     0(0.00%) |      4       4       4      4 |    0.00        0.00
GET      /api/checklists/1/lock                                                             1   1(100.00%) |   2267    2267    2267   2267 |    0.00        0.00
PUT      /api/doc/{id}/lock [PUT heartbeat]                                                 1   1(100.00%) |   2263    2263    2263   2263 |    0.00        0.00
GET      /api/events                                                                        2     0(0.00%) |     23       4      41      5 |    0.25        0.00
POST     /api/events [POST]                                                                 4     0(0.00%) |     11       6      23      7 |    0.50        0.00
DELETE   /api/events/{id} [DELETE]                                                          2     0(0.00%) |   2174    2077    2271   2100 |    0.00        0.00
PUT      /api/events/{id} [PUT]                                                             4   4(100.00%) |      4       4       6      5 |    0.50        0.50
GET      /api/kanban                                                                        2     0(0.00%) |      6       5       8      5 |    0.50        0.00
GET      /api/notifications/count                                                           6     0(0.00%) |   2272    2259    2285   2285 |    0.00        0.00
GET      /api/notifications/pending                                                         6     0(0.00%) |   2272    2263    2292   2292 |    0.00        0.00
GET      /project-manage                                                                    5     0(0.00%) |     10       4      27      5 |    0.75        0.00
GET      [warmup] cookie check                                                              5     0(0.00%) |   2140    2128    2159   2128 |    1.25        0.00
--------|----------------------------------------------------------------------------|-------|-------------|-------|-------|-------|-------|--------|-----------
         Aggregated                                                                        39    6(15.38%) |   1205       4    2292   2100 |    3.75        0.50

Type     Name                                                                          # reqs      # fails |    Avg     Min     Max    Med |   req/s  failures/s
--------|----------------------------------------------------------------------------|-------|-------------|-------|-------|-------|-------|--------|-----------
GET      /                                                                                  1     0(0.00%) |      4       4       4      4 |    0.00        0.00
GET      /api/checklists/1/lock                                                             1   1(100.00%) |   2267    2267    2267   2267 |    0.17        0.17
PUT      /api/doc/{id}/lock [PUT heartbeat]                                                 1   1(100.00%) |   2263    2263    2263   2263 |    0.17        0.17
GET      /api/events                                                                        2     0(0.00%) |     23       4      41      5 |    0.33        0.00
POST     /api/events [POST]                                                                 5     0(0.00%) |     10       6      23      7 |    0.50        0.00
DELETE   /api/events/{id} [DELETE]                                                          4     0(0.00%) |   2120    2059    2271   2100 |    0.33        0.00
PUT      /api/events/{id} [PUT]                                                             5   5(100.00%) |      4       3       6      5 |    0.50        0.50
GET      /api/kanban                                                                        2     0(0.00%) |      6       5       8      5 |    0.33        0.00
GET      /api/notifications/count                                                           6     0(0.00%) |   2272    2259    2285   2285 |    1.00        0.00
GET      /api/notifications/pending                                                         6     0(0.00%) |   2272    2263    2292   2292 |    1.00        0.00
POST     /api/upload/image [POST]                                                           2   2(100.00%) |      4       4       4      4 |    0.00        0.00
GET      /project-manage                                                                    5     0(0.00%) |     10       4      27      5 |    0.67        0.00
GET      [warmup] cookie check                                                              5     0(0.00%) |   2140    2128    2159   2128 |    0.83        0.00
--------|----------------------------------------------------------------------------|-------|-------------|-------|-------|-------|-------|--------|-----------
         Aggregated                                                                        45    9(20.00%) |   1137       3    2292   2100 |    5.83        0.83

Type     Name                                                                          # reqs      # fails |    Avg     Min     Max    Med |   req/s  failures/s
--------|----------------------------------------------------------------------------|-------|-------------|-------|-------|-------|-------|--------|-----------
GET      /                                                                                  1     0(0.00%) |      4       4       4      4 |    0.12        0.00
GET      /api/checklists/1/lock                                                             1   1(100.00%) |   2267    2267    2267   2267 |    0.12        0.12
PUT      /api/doc/{id}/lock [PUT heartbeat]                                                 1   1(100.00%) |   2263    2263    2263   2263 |    0.12        0.12
GET      /api/events                                                                        2     0(0.00%) |     23       4      41      5 |    0.25        0.00
POST     /api/events [POST]                                                                 5     0(0.00%) |     10       6      23      7 |    0.62        0.00
DELETE   /api/events/{id} [DELETE]                                                          5     0(0.00%) |   2108    2059    2271   2100 |    0.38        0.00
PUT      /api/events/{id} [PUT]                                                             5   5(100.00%) |      4       3       6      5 |    0.62        0.62
GET      /api/kanban                                                                        4     0(0.00%) |      6       4       8      5 |    0.25        0.00
GET      /api/notifications/count                                                           6     0(0.00%) |   2272    2259    2285   2285 |    0.75        0.00
GET      /api/notifications/pending                                                         6     0(0.00%) |   2272    2263    2292   2292 |    0.75        0.00
POST     /api/upload/image [POST]                                                           2   2(100.00%) |      4       4       4      4 |    0.25        0.25
GET      /calendar                                                                          1     0(0.00%) |     10      10      10     10 |    0.00        0.00
GET      /project-manage                                                                    6     0(0.00%) |      9       4      27      5 |    0.62        0.00
GET      [warmup] cookie check                                                              5     0(0.00%) |   2140    2128    2159   2128 |    0.62        0.00
--------|----------------------------------------------------------------------------|-------|-------------|-------|-------|-------|-------|--------|-----------
         Aggregated                                                                        50    9(18.00%) |   1065       3    2292     28 |    5.50        1.12

Type     Name                                                                          # reqs      # fails |    Avg     Min     Max    Med |   req/s  failures/s
--------|----------------------------------------------------------------------------|-------|-------------|-------|-------|-------|-------|--------|-----------
GET      /                                                                                  1     0(0.00%) |      4       4       4      4 |    0.10        0.00
GET      /api/checklists/1/lock                                                             1   1(100.00%) |   2267    2267    2267   2267 |    0.10        0.10
PUT      /api/doc/{id}/lock [PUT heartbeat]                                                 1   1(100.00%) |   2263    2263    2263   2263 |    0.10        0.10
GET      /api/events                                                                        2     0(0.00%) |     23       4      41      5 |    0.20        0.00
POST     /api/events [POST]                                                                 6     0(0.00%) |      9       6      23      7 |    0.50        0.00
DELETE   /api/events/{id} [DELETE]                                                          5     0(0.00%) |   2108    2059    2271   2100 |    0.50        0.00
PUT      /api/events/{id} [PUT]                                                             6   6(100.00%) |      4       3       6      5 |    0.50        0.50
GET      /api/kanban                                                                        5     0(0.00%) |      5       4       8      5 |    0.40        0.00
GET      /api/notifications/count                                                           6     0(0.00%) |   2272    2259    2285   2285 |    0.60        0.00
GET      /api/notifications/pending                                                         6     0(0.00%) |   2272    2263    2292   2292 |    0.60        0.00
POST     /api/upload/image [POST]                                                           2   2(100.00%) |      4       4       4      4 |    0.20        0.20
GET      /calendar                                                                          1     0(0.00%) |     10      10      10     10 |    0.00        0.00
GET      /project-manage                                                                    7     0(0.00%) |      8       4      27      5 |    0.60        0.00
GET      /trash                                                                             1     0(0.00%) |      5       5       5      5 |    0.00        0.00
GET      [warmup] cookie check                                                              5     0(0.00%) |   2140    2128    2159   2128 |    0.50        0.00
--------|----------------------------------------------------------------------------|-------|-------------|-------|-------|-------|-------|--------|-----------
         Aggregated                                                                        55   10(18.18%) |    969       3    2292     10 |    4.90        0.90

Type     Name                                                                          # reqs      # fails |    Avg     Min     Max    Med |   req/s  failures/s
--------|----------------------------------------------------------------------------|-------|-------------|-------|-------|-------|-------|--------|-----------
GET      /                                                                                  1     0(0.00%) |      4       4       4      4 |    0.10        0.00
GET      /api/checklists/1/lock                                                             1   1(100.00%) |   2267    2267    2267   2267 |    0.10        0.10
PUT      /api/doc/{id}/lock [PUT heartbeat]                                                 1   1(100.00%) |   2263    2263    2263   2263 |    0.10        0.10
GET      /api/events                                                                        3     0(0.00%) |     17       4      41      6 |    0.20        0.00
POST     /api/events [POST]                                                                 8     0(0.00%) |      8       6      23      7 |    0.60        0.00
DELETE   /api/events/{id} [DELETE]                                                          6     0(0.00%) |   2101    2059    2271   2100 |    0.50        0.00
PUT      /api/events/{id} [PUT]                                                             8   8(100.00%) |      4       3       6      5 |    0.60        0.60
GET      /api/kanban                                                                        5     0(0.00%) |      5       4       8      5 |    0.40        0.00
GET      /api/notifications/count                                                           6     0(0.00%) |   2272    2259    2285   2285 |    0.60        0.00
GET      /api/notifications/pending                                                         6     0(0.00%) |   2272    2263    2292   2292 |    0.60        0.00
POST     /api/upload/image [POST]                                                           3   3(100.00%) |      4       4       4      4 |    0.20        0.20
GET      /calendar                                                                          1     0(0.00%) |     10      10      10     10 |    0.10        0.00
GET      /project-manage                                                                    9     0(0.00%) |      7       4      27      5 |    0.70        0.00
GET      /trash                                                                             2     0(0.00%) |      4       3       5      4 |    0.10        0.00
GET      [warmup] cookie check                                                              5     0(0.00%) |   2140    2128    2159   2128 |    0.50        0.00
--------|----------------------------------------------------------------------------|-------|-------------|-------|-------|-------|-------|--------|-----------
         Aggregated                                                                        65   13(20.00%) |    852       3    2292      7 |    5.40        1.00

Type     Name                                                                          # reqs      # fails |    Avg     Min     Max    Med |   req/s  failures/s
--------|----------------------------------------------------------------------------|-------|-------------|-------|-------|-------|-------|--------|-----------
GET      /                                                                                  1     0(0.00%) |      4       4       4      4 |    0.10        0.00
GET      /api/checklists/1/lock                                                             1   1(100.00%) |   2267    2267    2267   2267 |    0.10        0.10
PUT      /api/doc/{id}/lock [PUT heartbeat]                                                 1   1(100.00%) |   2263    2263    2263   2263 |    0.10        0.10
GET      /api/events                                                                        4     0(0.00%) |     14       4      41      5 |    0.10        0.00
POST     /api/events [POST]                                                                 8     0(0.00%) |      8       6      23      7 |    0.60        0.00
DELETE   /api/events/{id} [DELETE]                                                          8     0(0.00%) |   2094    2059    2271   2100 |    0.60        0.00
PUT      /api/events/{id} [PUT]                                                             8   8(100.00%) |      4       3       6      5 |    0.60        0.60
GET      /api/kanban                                                                        7     0(0.00%) |      5       3       8      5 |    0.30        0.00
GET      /api/notifications/count                                                           6     0(0.00%) |   2272    2259    2285   2285 |    0.60        0.00
GET      /api/notifications/pending                                                         6     0(0.00%) |   2272    2263    2292   2292 |    0.60        0.00
POST     /api/upload/image [POST]                                                           3   3(100.00%) |      4       4       4      4 |    0.30        0.30
GET      /calendar                                                                          2     0(0.00%) |      7       4      10      5 |    0.10        0.00
GET      /project-manage                                                                   10     0(0.00%) |      7       4      27      5 |    0.60        0.00
GET      /trash                                                                             2     0(0.00%) |      4       3       5      4 |    0.20        0.00
GET      [warmup] cookie check                                                              5     0(0.00%) |   2140    2128    2159   2128 |    0.00        0.00
--------|----------------------------------------------------------------------------|-------|-------------|-------|-------|-------|-------|--------|-----------
         Aggregated                                                                        72   13(18.06%) |    827       3    2292      7 |    4.90        1.10

Type     Name                                                                          # reqs      # fails |    Avg     Min     Max    Med |   req/s  failures/s
--------|----------------------------------------------------------------------------|-------|-------------|-------|-------|-------|-------|--------|-----------
GET      /                                                                                  2     0(0.00%) |      5       4       6      4 |    0.10        0.00
GET      /api/checklists/1/lock                                                             1   1(100.00%) |   2267    2267    2267   2267 |    0.00        0.00
PUT      /api/doc/{id}/lock [PUT heartbeat]                                                 1   1(100.00%) |   2263    2263    2263   2263 |    0.00        0.00
GET      /api/events                                                                        4     0(0.00%) |     14       4      41      5 |    0.20        0.00
POST     /api/events [POST]                                                                11     0(0.00%) |      8       6      23      7 |    0.50        0.00
DELETE   /api/events/{id} [DELETE]                                                          8     0(0.00%) |   2094    2059    2271   2100 |    0.60        0.00
PUT      /api/events/{id} [PUT]                                                            11  11(100.00%) |      5       3       6      5 |    0.50        0.50
GET      /api/kanban                                                                        7     0(0.00%) |      5       3       8      5 |    0.30        0.00
GET      /api/notifications/count                                                           6     0(0.00%) |   2272    2259    2285   2285 |    0.00        0.00
GET      /api/notifications/pending                                                         6     0(0.00%) |   2272    2263    2292   2292 |    0.00        0.00
POST     /api/upload/image [POST]                                                           3   3(100.00%) |      4       4       4      4 |    0.30        0.30
GET      /calendar                                                                          2     0(0.00%) |      7       4      10      5 |    0.20        0.00
GET      /check                                                                             2     0(0.00%) |      4       4       4      4 |    0.00        0.00
GET      /project-manage                                                                   10     0(0.00%) |      7       4      27      5 |    0.60        0.00
GET      /trash                                                                             2     0(0.00%) |      4       3       5      4 |    0.20        0.00
GET      [warmup] cookie check                                                              5     0(0.00%) |   2140    2128    2159   2128 |    0.00        0.00
--------|----------------------------------------------------------------------------|-------|-------------|-------|-------|-------|-------|--------|-----------
         Aggregated                                                                        81   16(19.75%) |    736       3    2292      7 |    3.50        0.80

Type     Name                                                                          # reqs      # fails |    Avg     Min     Max    Med |   req/s  failures/s
--------|----------------------------------------------------------------------------|-------|-------------|-------|-------|-------|-------|--------|-----------
GET      /                                                                                  2     0(0.00%) |      5       4       6      4 |    0.10        0.00
GET      /api/checklists/1/lock                                                             1   1(100.00%) |   2267    2267    2267   2267 |    0.00        0.00
PUT      /api/doc/{id}/lock [PUT heartbeat]                                                 1   1(100.00%) |   2263    2263    2263   2263 |    0.00        0.00
GET      /api/events                                                                        4     0(0.00%) |     14       4      41      5 |    0.20        0.00
POST     /api/events [POST]                                                                13     0(0.00%) |      8       5      23      7 |    0.50        0.00
DELETE   /api/events/{id} [DELETE]                                                         11     0(0.00%) |   2087    2057    2271   2100 |    0.50        0.00
PUT      /api/events/{id} [PUT]                                                            13  13(100.00%) |      4       3       6      5 |    0.50        0.50
GET      /api/kanban                                                                        8     0(0.00%) |      5       3       8      4 |    0.50        0.00
GET      /api/notifications/count                                                           6     0(0.00%) |   2272    2259    2285   2285 |    0.00        0.00
GET      /api/notifications/pending                                                         6     0(0.00%) |   2272    2263    2292   2292 |    0.00        0.00
POST     /api/upload/image [POST]                                                           3   3(100.00%) |      4       4       4      4 |    0.10        0.10
GET      /calendar                                                                          2     0(0.00%) |      7       4      10      5 |    0.20        0.00
GET      /check                                                                             3     0(0.00%) |      5       4       6      5 |    0.20        0.00
GET      /project-manage                                                                   10     0(0.00%) |      7       4      27      5 |    0.50        0.00
GET      /trash                                                                             2     0(0.00%) |      4       3       5      4 |    0.20        0.00
GET      [warmup] cookie check                                                              5     0(0.00%) |   2140    2128    2159   2128 |    0.00        0.00
--------|----------------------------------------------------------------------------|-------|-------------|-------|-------|-------|-------|--------|-----------
         Aggregated                                                                        90   18(20.00%) |    731       3    2292      6 |    3.50        0.60

Type     Name                                                                          # reqs      # fails |    Avg     Min     Max    Med |   req/s  failures/s
--------|----------------------------------------------------------------------------|-------|-------------|-------|-------|-------|-------|--------|-----------
GET      /                                                                                  3     0(0.00%) |      5       4       6      5 |    0.10        0.00
GET      /api/checklists/1/lock                                                             1   1(100.00%) |   2267    2267    2267   2267 |    0.00        0.00
PUT      /api/doc/{id}/lock [PUT heartbeat]                                                 1   1(100.00%) |   2263    2263    2263   2263 |    0.00        0.00
GET      /api/events                                                                        5     0(0.00%) |     12       4      41      5 |    0.20        0.00
POST     /api/events [POST]                                                                13     0(0.00%) |      8       5      23      7 |    0.60        0.00
DELETE   /api/events/{id} [DELETE]                                                         12     0(0.00%) |   2085    2057    2271   2100 |    0.40        0.00
PUT      /api/events/{id} [PUT]                                                            13  13(100.00%) |      4       3       6      5 |    0.60        0.60
GET      /api/kanban                                                                        8     0(0.00%) |      5       3       8      4 |    0.50        0.00
GET      /api/notifications/count                                                           6     0(0.00%) |   2272    2259    2285   2285 |    0.00        0.00
GET      /api/notifications/pending                                                         6     0(0.00%) |   2272    2263    2292   2292 |    0.00        0.00
POST     /api/upload/image [POST]                                                           5   5(100.00%) |      4       4       5      5 |    0.10        0.10
GET      /calendar                                                                          2     0(0.00%) |      7       4      10      5 |    0.20        0.00
GET      /check                                                                             3     0(0.00%) |      5       4       6      5 |    0.30        0.00
GET      /project-manage                                                                   10     0(0.00%) |      7       4      27      5 |    0.50        0.00
GET      /trash                                                                             2     0(0.00%) |      4       3       5      4 |    0.20        0.00
GET      [warmup] cookie check                                                              5     0(0.00%) |   2140    2128    2159   2128 |    0.00        0.00
--------|----------------------------------------------------------------------------|-------|-------------|-------|-------|-------|-------|--------|-----------
         Aggregated                                                                        95   20(21.05%) |    715       3    2292      6 |    3.70        0.70

Type     Name                                                                          # reqs      # fails |    Avg     Min     Max    Med |   req/s  failures/s
--------|----------------------------------------------------------------------------|-------|-------------|-------|-------|-------|-------|--------|-----------
GET      /                                                                                  3     0(0.00%) |      5       4       6      5 |    0.10        0.00
GET      /api/checklists/1/lock                                                             1   1(100.00%) |   2267    2267    2267   2267 |    0.00        0.00
PUT      /api/doc/{id}/lock [PUT heartbeat]                                                 1   1(100.00%) |   2263    2263    2263   2263 |    0.00        0.00
GET      /api/events                                                                        5     0(0.00%) |     12       4      41      5 |    0.30        0.00
POST     /api/events [POST]                                                                15     0(0.00%) |      7       5      23      7 |    0.70        0.00
DELETE   /api/events/{id} [DELETE]                                                         13     0(0.00%) |   2083    2057    2271   2100 |    0.60        0.00
PUT      /api/events/{id} [PUT]                                                            15  15(100.00%) |      4       3       6      5 |    0.70        0.70
GET      /api/kanban                                                                       10     0(0.00%) |      5       3       8      4 |    0.40        0.00
GET      /api/notifications/count                                                           6     0(0.00%) |   2272    2259    2285   2285 |    0.00        0.00
GET      /api/notifications/pending                                                         6     0(0.00%) |   2272    2263    2292   2292 |    0.00        0.00
POST     /api/upload/image [POST]                                                           6   6(100.00%) |      5       4       6      5 |    0.10        0.10
GET      /calendar                                                                          2     0(0.00%) |      7       4      10      5 |    0.10        0.00
GET      /check                                                                             3     0(0.00%) |      5       4       6      5 |    0.30        0.00
GET      /project-manage                                                                   10     0(0.00%) |      7       4      27      5 |    0.30        0.00
GET      /trash                                                                             3     0(0.00%) |      4       3       5      4 |    0.10        0.00
GET      [warmup] cookie check                                                              5     0(0.00%) |   2140    2128    2159   2128 |    0.00        0.00
--------|----------------------------------------------------------------------------|-------|-------------|-------|-------|-------|-------|--------|-----------
         Aggregated                                                                       104   23(22.12%) |    673       3    2292      6 |    3.70        0.80

Type     Name                                                                          # reqs      # fails |    Avg     Min     Max    Med |   req/s  failures/s
--------|----------------------------------------------------------------------------|-------|-------------|-------|-------|-------|-------|--------|-----------
GET      /                                                                                  4     0(0.00%) |      5       4       6      5 |    0.20        0.00
GET      /api/checklists/1/lock                                                             1   1(100.00%) |   2267    2267    2267   2267 |    0.00        0.00
PUT      /api/doc/{id}/lock [PUT heartbeat]                                                 1   1(100.00%) |   2263    2263    2263   2263 |    0.00        0.00
GET      /api/events                                                                        7     0(0.00%) |     11       4      41      5 |    0.30        0.00
POST     /api/events [POST]                                                                16     0(0.00%) |      7       5      23      7 |    0.80        0.00
DELETE   /api/events/{id} [DELETE]                                                         15     0(0.00%) |   2081    2057    2271   2100 |    0.70        0.00
PUT      /api/events/{id} [PUT]                                                            16  16(100.00%) |      5       3       6      5 |    0.80        0.80
GET      /api/kanban                                                                       11     0(0.00%) |      5       3       8      5 |    0.40        0.00
GET      /api/notifications/count                                                           6     0(0.00%) |   2272    2259    2285   2285 |    0.00        0.00
GET      /api/notifications/pending                                                         6     0(0.00%) |   2272    2263    2292   2292 |    0.00        0.00
POST     /api/upload/image [POST]                                                           8   8(100.00%) |      5       4       6      5 |    0.40        0.40
GET      /calendar                                                                          2     0(0.00%) |      7       4      10      5 |    0.10        0.00
GET      /check                                                                             3     0(0.00%) |      5       4       6      5 |    0.30        0.00
GET      /project-manage                                                                   10     0(0.00%) |      7       4      27      5 |    0.30        0.00
GET      /trash                                                                             3     0(0.00%) |      4       3       5      4 |    0.00        0.00
GET      [warmup] cookie check                                                              5     0(0.00%) |   2140    2128    2159   2128 |    0.00        0.00
--------|----------------------------------------------------------------------------|-------|-------------|-------|-------|-------|-------|--------|-----------
         Aggregated                                                                       114   26(22.81%) |    651       3    2292      6 |    4.30        1.20

Type     Name                                                                          # reqs      # fails |    Avg     Min     Max    Med |   req/s  failures/s
--------|----------------------------------------------------------------------------|-------|-------------|-------|-------|-------|-------|--------|-----------
GET      /                                                                                  4     0(0.00%) |      5       4       6      5 |    0.30        0.00
GET      /api/checklists/1/lock                                                             1   1(100.00%) |   2267    2267    2267   2267 |    0.00        0.00
PUT      /api/doc/{id}/lock [PUT heartbeat]                                                 1   1(100.00%) |   2263    2263    2263   2263 |    0.00        0.00
GET      /api/events                                                                        8     0(0.00%) |     10       4      41      5 |    0.30        0.00
POST     /api/events [POST]                                                                19     0(0.00%) |      7       4      23      7 |    0.80        0.00
DELETE   /api/events/{id} [DELETE]                                                         16     0(0.00%) |   2081    2057    2271   2100 |    0.70        0.00
PUT      /api/events/{id} [PUT]                                                            19  19(100.00%) |      4       3       6      5 |    0.80        0.80
GET      /api/kanban                                                                       11     0(0.00%) |      5       3       8      5 |    0.60        0.00
GET      /api/notifications/count                                                           6     0(0.00%) |   2272    2259    2285   2285 |    0.00        0.00
GET      /api/notifications/pending                                                         6     0(0.00%) |   2272    2263    2292   2292 |    0.00        0.00
POST     /api/upload/image [POST]                                                           8   8(100.00%) |      5       4       6      5 |    0.50        0.50
GET      /calendar                                                                          2     0(0.00%) |      7       4      10      5 |    0.00        0.00
GET      /check                                                                             3     0(0.00%) |      5       4       6      5 |    0.30        0.00
GET      /project-manage                                                                   10     0(0.00%) |      7       4      27      5 |    0.00        0.00
GET      /trash                                                                             3     0(0.00%) |      4       3       5      4 |    0.10        0.00
GET      [warmup] cookie check                                                              5     0(0.00%) |   2140    2128    2159   2128 |    0.00        0.00
--------|----------------------------------------------------------------------------|-------|-------------|-------|-------|-------|-------|--------|-----------
         Aggregated                                                                       122   29(23.77%) |    625       3    2292      6 |    4.40        1.30

Type     Name                                                                          # reqs      # fails |    Avg     Min     Max    Med |   req/s  failures/s
--------|----------------------------------------------------------------------------|-------|-------------|-------|-------|-------|-------|--------|-----------
GET      /                                                                                  4     0(0.00%) |      5       4       6      5 |    0.20        0.00
GET      /api/checklists/1/lock                                                             1   1(100.00%) |   2267    2267    2267   2267 |    0.00        0.00
PUT      /api/doc/{id}/lock [PUT heartbeat]                                                 1   1(100.00%) |   2263    2263    2263   2263 |    0.00        0.00
GET      /api/events                                                                        8     0(0.00%) |     10       4      41      5 |    0.40        0.00
POST     /api/events [POST]                                                                20     0(0.00%) |      7       4      23      7 |    0.80        0.00
DELETE   /api/events/{id} [DELETE]                                                         19     0(0.00%) |   2079    2052    2271   2100 |    0.80        0.00
PUT      /api/events/{id} [PUT]                                                            20  20(100.00%) |      4       3       6      5 |    0.80        0.80
GET      /api/kanban                                                                       12     0(0.00%) |      5       3       8      4 |    0.40        0.00
GET      /api/notifications/count                                                           6     0(0.00%) |   2272    2259    2285   2285 |    0.00        0.00
GET      /api/notifications/pending                                                         6     0(0.00%) |   2272    2263    2292   2292 |    0.00        0.00
POST     /api/upload/image [POST]                                                           8   8(100.00%) |      5       4       6      5 |    0.50        0.50
GET      /calendar                                                                          2     0(0.00%) |      7       4      10      5 |    0.00        0.00
GET      /check                                                                             3     0(0.00%) |      5       4       6      5 |    0.10        0.00
GET      /project-manage                                                                   11     0(0.00%) |      7       4      27      5 |    0.00        0.00
GET      /trash                                                                             3     0(0.00%) |      4       3       5      4 |    0.10        0.00
GET      [warmup] cookie check                                                              5     0(0.00%) |   2140    2128    2159   2128 |    0.00        0.00
--------|----------------------------------------------------------------------------|-------|-------------|-------|-------|-------|-------|--------|-----------
         Aggregated                                                                       129   30(23.26%) |    640       3    2292      6 |    4.10        1.30

Type     Name                                                                          # reqs      # fails |    Avg     Min     Max    Med |   req/s  failures/s
--------|----------------------------------------------------------------------------|-------|-------------|-------|-------|-------|-------|--------|-----------
GET      /                                                                                  4     0(0.00%) |      5       4       6      5 |    0.20        0.00
GET      /api/checklists/1/lock                                                             1   1(100.00%) |   2267    2267    2267   2267 |    0.00        0.00
PUT      /api/doc/{id}/lock [PUT heartbeat]                                                 1   1(100.00%) |   2263    2263    2263   2263 |    0.00        0.00
GET      /api/events                                                                        8     0(0.00%) |     10       4      41      5 |    0.40        0.00
POST     /api/events [POST]                                                                21     0(0.00%) |      7       4      23      7 |    0.80        0.00
DELETE   /api/events/{id} [DELETE]                                                         20     0(0.00%) |   2080    2052    2271   2100 |    0.80        0.00
PUT      /api/events/{id} [PUT]                                                            21  21(100.00%) |      4       3       6      5 |    0.80        0.80
GET      /api/kanban                                                                       12     0(0.00%) |      5       3       8      4 |    0.40        0.00
GET      /api/notifications/count                                                           6     0(0.00%) |   2272    2259    2285   2285 |    0.00        0.00
GET      /api/notifications/pending                                                         6     0(0.00%) |   2272    2263    2292   2292 |    0.00        0.00
POST     /api/upload/image [POST]                                                           9   9(100.00%) |      5       4       6      5 |    0.50        0.50
GET      /calendar                                                                          2     0(0.00%) |      7       4      10      5 |    0.00        0.00
GET      /check                                                                             5     0(0.00%) |      5       4       7      6 |    0.00        0.00
GET      /project-manage                                                                   11     0(0.00%) |      7       4      27      5 |    0.10        0.00
GET      /trash                                                                             3     0(0.00%) |      4       3       5      4 |    0.10        0.00
GET      [warmup] cookie check                                                              5     0(0.00%) |   2140    2128    2159   2128 |    0.00        0.00
--------|----------------------------------------------------------------------------|-------|-------------|-------|-------|-------|-------|--------|-----------
         Aggregated                                                                       135   32(23.70%) |    627       3    2292      6 |    4.10        1.30

Type     Name                                                                          # reqs      # fails |    Avg     Min     Max    Med |   req/s  failures/s
--------|----------------------------------------------------------------------------|-------|-------------|-------|-------|-------|-------|--------|-----------
GET      /                                                                                  4     0(0.00%) |      5       4       6      5 |    0.10        0.00
GET      /api/checklists/1/lock                                                             1   1(100.00%) |   2267    2267    2267   2267 |    0.00        0.00
PUT      /api/doc/{id}/lock [PUT heartbeat]                                                 1   1(100.00%) |   2263    2263    2263   2263 |    0.00        0.00
GET      /api/events                                                                        9     0(0.00%) |     10       4      41      5 |    0.30        0.00
POST     /api/events [POST]                                                                22     0(0.00%) |      7       4      23      7 |    0.80        0.00
DELETE   /api/events/{id} [DELETE]                                                         21     0(0.00%) |   2080    2052    2271   2100 |    0.80        0.00
PUT      /api/events/{id} [PUT]                                                            22  22(100.00%) |      5       3       6      5 |    0.80        0.80
GET      /api/kanban                                                                       12     0(0.00%) |      5       3       8      4 |    0.40        0.00
GET      /api/notifications/count                                                           6     0(0.00%) |   2272    2259    2285   2285 |    0.00        0.00
GET      /api/notifications/pending                                                         6     0(0.00%) |   2272    2263    2292   2292 |    0.00        0.00
POST     /api/upload/image [POST]                                                          10  10(100.00%) |      5       4       6      5 |    0.30        0.30
GET      /calendar                                                                          2     0(0.00%) |      7       4      10      5 |    0.00        0.00
GET      /check                                                                             6     0(0.00%) |      5       4       7      6 |    0.10        0.00
GET      /project-manage                                                                   11     0(0.00%) |      7       4      27      5 |    0.10        0.00
GET      /trash                                                                             4     0(0.00%) |      4       3       6      4 |    0.10        0.00
GET      [warmup] cookie check                                                              5     0(0.00%) |   2140    2128    2159   2128 |    0.00        0.00
--------|----------------------------------------------------------------------------|-------|-------------|-------|-------|-------|-------|--------|-----------
         Aggregated                                                                       142   34(23.94%) |    611       3    2292      6 |    3.80        1.10

Type     Name                                                                          # reqs      # fails |    Avg     Min     Max    Med |   req/s  failures/s
--------|----------------------------------------------------------------------------|-------|-------------|-------|-------|-------|-------|--------|-----------
GET      /                                                                                  4     0(0.00%) |      5       4       6      5 |    0.10        0.00
GET      /api/checklists                                                                    1     0(0.00%) |      8       8       8      8 |    0.00        0.00
GET      /api/checklists/1/lock                                                             1   1(100.00%) |   2267    2267    2267   2267 |    0.00        0.00
PUT      /api/doc/{id}/lock [PUT heartbeat]                                                 2   2(100.00%) |   1134       5    2263      6 |    0.00        0.00
GET      /api/events                                                                       11     0(0.00%) |      9       4      41      5 |    0.30        0.00
POST     /api/events [POST]                                                                23     0(0.00%) |      7       4      23      7 |    0.70        0.00
DELETE   /api/events/{id} [DELETE]                                                         22     0(0.00%) |   2079    2052    2271   2100 |    0.70        0.00
PUT      /api/events/{id} [PUT]                                                            23  23(100.00%) |      5       3       6      5 |    0.70        0.70
GET      /api/kanban                                                                       13     0(0.00%) |      4       3       8      4 |    0.30        0.00
GET      /api/notifications/count                                                           6     0(0.00%) |   2272    2259    2285   2285 |    0.00        0.00
GET      /api/notifications/pending                                                         6     0(0.00%) |   2272    2263    2292   2292 |    0.00        0.00
POST     /api/upload/image [POST]                                                          11  11(100.00%) |      5       4       6      5 |    0.30        0.30
GET      /calendar                                                                          2     0(0.00%) |      7       4      10      5 |    0.00        0.00
GET      /check                                                                             6     0(0.00%) |      5       4       7      6 |    0.20        0.00
GET      /project-manage                                                                   11     0(0.00%) |      7       4      27      5 |    0.10        0.00
GET      /trash                                                                             5     0(0.00%) |      5       3       6      5 |    0.10        0.00
GET      [warmup] cookie check                                                              5     0(0.00%) |   2140    2128    2159   2128 |    0.00        0.00
--------|----------------------------------------------------------------------------|-------|-------------|-------|-------|-------|-------|--------|-----------
         Aggregated                                                                       152   37(24.34%) |    585       3    2292      6 |    3.50        1.00

Type     Name                                                                          # reqs      # fails |    Avg     Min     Max    Med |   req/s  failures/s
--------|----------------------------------------------------------------------------|-------|-------------|-------|-------|-------|-------|--------|-----------
GET      /                                                                                  4     0(0.00%) |      5       4       6      5 |    0.00        0.00
GET      /api/checklists                                                                    2     0(0.00%) |      6       3       8      4 |    0.10        0.00
GET      /api/checklists/1/lock                                                             2   2(100.00%) |   2163    2060    2267   2100 |    0.00        0.00
PUT      /api/doc/{id}/lock [PUT heartbeat]                                                 2   2(100.00%) |   1134       5    2263      6 |    0.10        0.10
GET      /api/events                                                                       11     0(0.00%) |      9       4      41      5 |    0.40        0.00
POST     /api/events [POST]                                                                24     0(0.00%) |      7       4      23      7 |    0.70        0.00
DELETE   /api/events/{id} [DELETE]                                                         23     0(0.00%) |   2078    2052    2271   2100 |    0.70        0.00
PUT      /api/events/{id} [PUT]                                                            24  24(100.00%) |      5       3       6      5 |    0.70        0.70
GET      /api/kanban                                                                       13     0(0.00%) |      4       3       8      4 |    0.20        0.00
GET      /api/notifications/count                                                           6     0(0.00%) |   2272    2259    2285   2285 |    0.00        0.00
GET      /api/notifications/pending                                                         6     0(0.00%) |   2272    2263    2292   2292 |    0.00        0.00
POST     /api/upload/image [POST]                                                          14  14(100.00%) |      5       3      11      5 |    0.30        0.30
GET      /calendar                                                                          2     0(0.00%) |      7       4      10      5 |    0.00        0.00
GET      /check                                                                             7     0(0.00%) |      6       4       7      6 |    0.30        0.00
GET      /project-manage                                                                   11     0(0.00%) |      7       4      27      5 |    0.10        0.00
GET      /trash                                                                             5     0(0.00%) |      5       3       6      5 |    0.20        0.00
GET      [warmup] cookie check                                                              5     0(0.00%) |   2140    2128    2159   2128 |    0.00        0.00
--------|----------------------------------------------------------------------------|-------|-------------|-------|-------|-------|-------|--------|-----------
         Aggregated                                                                       161   42(26.09%) |    578       3    2292      6 |    3.80        1.10

Type     Name                                                                          # reqs      # fails |    Avg     Min     Max    Med |   req/s  failures/s
--------|----------------------------------------------------------------------------|-------|-------------|-------|-------|-------|-------|--------|-----------
GET      /                                                                                  6     0(0.00%) |      5       4       6      5 |    0.00        0.00
GET      /api/checklists                                                                    2     0(0.00%) |      6       3       8      4 |    0.20        0.00
GET      /api/checklists/1/lock                                                             2   2(100.00%) |   2163    2060    2267   2100 |    0.10        0.10
PUT      /api/doc/{id}/lock [PUT heartbeat]                                                 2   2(100.00%) |   1134       5    2263      6 |    0.10        0.10
GET      /api/events                                                                       11     0(0.00%) |      9       4      41      5 |    0.30        0.00
POST     /api/events [POST]                                                                25     0(0.00%) |      7       4      23      7 |    0.60        0.00
DELETE   /api/events/{id} [DELETE]                                                         24     0(0.00%) |   2079    2052    2271   2100 |    0.70        0.00
PUT      /api/events/{id} [PUT]                                                            25  25(100.00%) |      5       3       6      5 |    0.60        0.60
GET      /api/kanban                                                                       13     0(0.00%) |      4       3       8      4 |    0.20        0.00
GET      /api/notifications/count                                                           6     0(0.00%) |   2272    2259    2285   2285 |    0.00        0.00
GET      /api/notifications/pending                                                         6     0(0.00%) |   2272    2263    2292   2292 |    0.00        0.00
POST     /api/upload/image [POST]                                                          15  15(100.00%) |      5       3      11      5 |    0.50        0.50
GET      /calendar                                                                          2     0(0.00%) |      7       4      10      5 |    0.00        0.00
GET      /check                                                                             9     0(0.00%) |      6       4       7      6 |    0.40        0.00
GET      /project-manage                                                                   11     0(0.00%) |      7       4      27      5 |    0.10        0.00
GET      /trash                                                                             5     0(0.00%) |      5       3       6      5 |    0.20        0.00
GET      [warmup] cookie check                                                              5     0(0.00%) |   2140    2128    2159   2128 |    0.00        0.00
--------|----------------------------------------------------------------------------|-------|-------------|-------|-------|-------|-------|--------|-----------
         Aggregated                                                                       169   44(26.04%) |    563       3    2292      6 |    4.00        1.30

Type     Name                                                                          # reqs      # fails |    Avg     Min     Max    Med |   req/s  failures/s
--------|----------------------------------------------------------------------------|-------|-------------|-------|-------|-------|-------|--------|-----------
GET      /                                                                                  6     0(0.00%) |      5       4       6      5 |    0.10        0.00
GET      /api/checklists                                                                    2     0(0.00%) |      6       3       8      4 |    0.20        0.00
GET      /api/checklists/1/lock                                                             2   2(100.00%) |   2163    2060    2267   2100 |    0.10        0.10
PUT      /api/doc/{id}/lock [PUT heartbeat]                                                 2   2(100.00%) |   1134       5    2263      6 |    0.10        0.10
GET      /api/events                                                                       12     0(0.00%) |      8       4      41      5 |    0.30        0.00
POST     /api/events [POST]                                                                28     0(0.00%) |      7       4      23      7 |    0.50        0.00
DELETE   /api/events/{id} [DELETE]                                                         25     0(0.00%) |   2079    2052    2271   2100 |    0.60        0.00
PUT      /api/events/{id} [PUT]                                                            28  28(100.00%) |      5       3       6      5 |    0.50        0.50
GET      /api/kanban                                                                       13     0(0.00%) |      4       3       8      4 |    0.10        0.00
GET      /api/notifications/count                                                           6     0(0.00%) |   2272    2259    2285   2285 |    0.00        0.00
GET      /api/notifications/pending                                                         6     0(0.00%) |   2272    2263    2292   2292 |    0.00        0.00
POST     /api/upload/image [POST]                                                          16  16(100.00%) |      5       3      11      5 |    0.60        0.60
GET      /calendar                                                                          2     0(0.00%) |      7       4      10      5 |    0.00        0.00
GET      /check                                                                             9     0(0.00%) |      6       4       7      6 |    0.60        0.00
GET      /project-manage                                                                   12     0(0.00%) |      7       4      27      5 |    0.00        0.00
GET      /trash                                                                             5     0(0.00%) |      5       3       6      5 |    0.20        0.00
GET      [warmup] cookie check                                                              5     0(0.00%) |   2140    2128    2159   2128 |    0.00        0.00
--------|----------------------------------------------------------------------------|-------|-------------|-------|-------|-------|-------|--------|-----------
         Aggregated                                                                       179   48(26.82%) |    544       3    2292      6 |    3.90        1.30

Type     Name                                                                          # reqs      # fails |    Avg     Min     Max    Med |   req/s  failures/s
--------|----------------------------------------------------------------------------|-------|-------------|-------|-------|-------|-------|--------|-----------
GET      /                                                                                  7     0(0.00%) |      5       4       6      6 |    0.20        0.00
GET      /api/checklists                                                                    2     0(0.00%) |      6       3       8      4 |    0.20        0.00
GET      /api/checklists/1/lock                                                             2   2(100.00%) |   2163    2060    2267   2100 |    0.10        0.10
PUT      /api/doc/{id}/lock [PUT heartbeat]                                                 2   2(100.00%) |   1134       5    2263      6 |    0.10        0.10
GET      /api/events                                                                       13     0(0.00%) |      8       4      41      5 |    0.30        0.00
POST     /api/events [POST]                                                                30     0(0.00%) |      7       4      23      7 |    0.70        0.00
DELETE   /api/events/{id} [DELETE]                                                         28     0(0.00%) |   2078    2052    2271   2100 |    0.50        0.00
PUT      /api/events/{id} [PUT]                                                            30  30(100.00%) |      5       3       6      5 |    0.70        0.70
GET      /api/kanban                                                                       13     0(0.00%) |      4       3       8      4 |    0.10        0.00
GET      /api/notifications/count                                                           6     0(0.00%) |   2272    2259    2285   2285 |    0.00        0.00
GET      /api/notifications/pending                                                         6     0(0.00%) |   2272    2263    2292   2292 |    0.00        0.00
POST     /api/upload/image [POST]                                                          17  17(100.00%) |      5       3      11      5 |    0.80        0.80
GET      /calendar                                                                          2     0(0.00%) |      7       4      10      5 |    0.00        0.00
GET      /check                                                                            10     0(0.00%) |      6       4       8      6 |    0.50        0.00
GET      /project-manage                                                                   12     0(0.00%) |      7       4      27      5 |    0.10        0.00
GET      /trash                                                                             5     0(0.00%) |      5       3       6      5 |    0.20        0.00
GET      [warmup] cookie check                                                              5     0(0.00%) |   2140    2128    2159   2128 |    0.00        0.00
--------|----------------------------------------------------------------------------|-------|-------------|-------|-------|-------|-------|--------|-----------
         Aggregated                                                                       190   51(26.84%) |    545       3    2292      6 |    4.50        1.70

Type     Name                                                                          # reqs      # fails |    Avg     Min     Max    Med |   req/s  failures/s
--------|----------------------------------------------------------------------------|-------|-------------|-------|-------|-------|-------|--------|-----------
GET      /                                                                                  7     0(0.00%) |      5       4       6      6 |    0.20        0.00
GET      /api/checklists                                                                    2     0(0.00%) |      6       3       8      4 |    0.20        0.00
GET      /api/checklists/1/lock                                                             2   2(100.00%) |   2163    2060    2267   2100 |    0.10        0.10
PUT      /api/doc/{id}/lock [PUT heartbeat]                                                 2   2(100.00%) |   1134       5    2263      6 |    0.10        0.10
GET      /api/events                                                                       14     0(0.00%) |      8       4      41      5 |    0.50        0.00
POST     /api/events [POST]                                                                31     0(0.00%) |      7       4      23      7 |    0.70        0.00
DELETE   /api/events/{id} [DELETE]                                                         30     0(0.00%) |   2077    2052    2271   2100 |    0.70        0.00
PUT      /api/events/{id} [PUT]                                                            31  31(100.00%) |      5       3       6      5 |    0.70        0.70
GET      /api/kanban                                                                       13     0(0.00%) |      4       3       8      4 |    0.10        0.00
GET      /api/notifications/count                                                           6     0(0.00%) |   2272    2259    2285   2285 |    0.00        0.00
GET      /api/notifications/pending                                                         6     0(0.00%) |   2272    2263    2292   2292 |    0.00        0.00
POST     /api/upload/image [POST]                                                          18  18(100.00%) |      5       3      11      5 |    0.70        0.70
GET      /calendar                                                                          2     0(0.00%) |      7       4      10      5 |    0.00        0.00
GET      /check                                                                            10     0(0.00%) |      6       4       8      6 |    0.50        0.00
GET      /project-manage                                                                   12     0(0.00%) |      7       4      27      5 |    0.10        0.00
GET      /trash                                                                             5     0(0.00%) |      5       3       6      5 |    0.10        0.00
GET      [warmup] cookie check                                                              5     0(0.00%) |   2140    2128    2159   2128 |    0.00        0.00
--------|----------------------------------------------------------------------------|-------|-------------|-------|-------|-------|-------|--------|-----------
         Aggregated                                                                       196   53(27.04%) |    550       3    2292      6 |    4.70        1.60

Type     Name                                                                          # reqs      # fails |    Avg     Min     Max    Med |   req/s  failures/s
--------|----------------------------------------------------------------------------|-------|-------------|-------|-------|-------|-------|--------|-----------
GET      /                                                                                  8     0(0.00%) |      5       4       6      6 |    0.30        0.00
GET      /api/checklists                                                                    2     0(0.00%) |      6       3       8      4 |    0.10        0.00
GET      /api/checklists/1/lock                                                             2   2(100.00%) |   2163    2060    2267   2100 |    0.10        0.10
PUT      /api/doc/{id}/lock [PUT heartbeat]                                                 2   2(100.00%) |   1134       5    2263      6 |    0.00        0.00
GET      /api/events                                                                       15     0(0.00%) |      8       4      41      5 |    0.30        0.00
POST     /api/events [POST]                                                                34     0(0.00%) |      7       4      23      7 |    0.80        0.00
DELETE   /api/events/{id} [DELETE]                                                         31     0(0.00%) |   2077    2052    2271   2100 |    0.70        0.00
PUT      /api/events/{id} [PUT]                                                            34  34(100.00%) |      5       3       8      5 |    0.80        0.80
GET      /api/kanban                                                                       13     0(0.00%) |      4       3       8      4 |    0.00        0.00
GET      /api/notifications/count                                                           6     0(0.00%) |   2272    2259    2285   2285 |    0.00        0.00
GET      /api/notifications/pending                                                         6     0(0.00%) |   2272    2263    2292   2292 |    0.00        0.00
POST     /api/upload/image [POST]                                                          19  19(100.00%) |      5       3      11      5 |    0.70        0.70
GET      /calendar                                                                          2     0(0.00%) |      7       4      10      5 |    0.00        0.00
GET      /check                                                                            10     0(0.00%) |      6       4       8      6 |    0.40        0.00
GET      /project-manage                                                                   12     0(0.00%) |      7       4      27      5 |    0.10        0.00
GET      /trash                                                                             5     0(0.00%) |      5       3       6      5 |    0.00        0.00
GET      [warmup] cookie check                                                              5     0(0.00%) |   2140    2128    2159   2128 |    0.00        0.00
--------|----------------------------------------------------------------------------|-------|-------------|-------|-------|-------|-------|--------|-----------
         Aggregated                                                                       206   57(27.67%) |    533       3    2292      6 |    4.30        1.60

Type     Name                                                                          # reqs      # fails |    Avg     Min     Max    Med |   req/s  failures/s
--------|----------------------------------------------------------------------------|-------|-------------|-------|-------|-------|-------|--------|-----------
GET      /                                                                                  8     0(0.00%) |      5       4       6      6 |    0.30        0.00
GET      /api/checklists                                                                    2     0(0.00%) |      6       3       8      4 |    0.00        0.00
GET      /api/checklists/1/lock                                                             2   2(100.00%) |   2163    2060    2267   2100 |    0.00        0.00
PUT      /api/doc/{id}/lock [PUT heartbeat]                                                 2   2(100.00%) |   1134       5    2263      6 |    0.00        0.00
GET      /api/events                                                                       15     0(0.00%) |      8       4      41      5 |    0.40        0.00
POST     /api/events [POST]                                                                34     0(0.00%) |      7       4      23      7 |    0.80        0.00
DELETE   /api/events/{id} [DELETE]                                                         33     0(0.00%) |   2077    2052    2271   2100 |    0.80        0.00
PUT      /api/events/{id} [PUT]                                                            34  34(100.00%) |      5       3       8      5 |    0.80        0.80
GET      /api/kanban                                                                       13     0(0.00%) |      4       3       8      4 |    0.00        0.00
GET      /api/notifications/count                                                           6     0(0.00%) |   2272    2259    2285   2285 |    0.00        0.00
GET      /api/notifications/pending                                                         6     0(0.00%) |   2272    2263    2292   2292 |    0.00        0.00
POST     /api/upload/image [POST]                                                          20  20(100.00%) |      5       3      11      5 |    0.60        0.60
GET      /calendar                                                                          2     0(0.00%) |      7       4      10      5 |    0.00        0.00
GET      /check                                                                            10     0(0.00%) |      6       4       8      6 |    0.30        0.00
GET      /project-manage                                                                   12     0(0.00%) |      7       4      27      5 |    0.10        0.00
GET      /trash                                                                             6     0(0.00%) |      5       3       7      5 |    0.00        0.00
GET      [warmup] cookie check                                                              5     0(0.00%) |   2140    2128    2159   2128 |    0.00        0.00
--------|----------------------------------------------------------------------------|-------|-------------|-------|-------|-------|-------|--------|-----------
         Aggregated                                                                       210   58(27.62%) |    543       3    2292      6 |    4.10        1.40

Type     Name                                                                          # reqs      # fails |    Avg     Min     Max    Med |   req/s  failures/s
--------|----------------------------------------------------------------------------|-------|-------------|-------|-------|-------|-------|--------|-----------
GET      /                                                                                  8     0(0.00%) |      5       4       6      6 |    0.30        0.00
GET      /api/checklists                                                                    3     0(0.00%) |      5       3       8      5 |    0.00        0.00
GET      /api/checklists/1/lock                                                             2   2(100.00%) |   2163    2060    2267   2100 |    0.00        0.00
PUT      /api/doc/{id}/lock [PUT heartbeat]                                                 2   2(100.00%) |   1134       5    2263      6 |    0.00        0.00
GET      /api/events                                                                       15     0(0.00%) |      8       4      41      5 |    0.40        0.00
POST     /api/events [POST]                                                                34     0(0.00%) |      7       4      23      7 |    0.90        0.00
DELETE   /api/events/{id} [DELETE]                                                         34     0(0.00%) |   2077    2052    2271   2100 |    0.80        0.00
PUT      /api/events/{id} [PUT]                                                            34  34(100.00%) |      5       3       8      5 |    0.90        0.90
GET      /api/kanban                                                                       14     0(0.00%) |      4       3       8      4 |    0.00        0.00
GET      /api/notifications/count                                                           6     0(0.00%) |   2272    2259    2285   2285 |    0.00        0.00
GET      /api/notifications/pending                                                         6     0(0.00%) |   2272    2263    2292   2292 |    0.00        0.00
POST     /api/upload/image [POST]                                                          22  22(100.00%) |      5       3      11      5 |    0.50        0.50
GET      /calendar                                                                          2     0(0.00%) |      7       4      10      5 |    0.00        0.00
GET      /check                                                                            10     0(0.00%) |      6       4       8      6 |    0.10        0.00
GET      /project-manage                                                                   14     0(0.00%) |      6       4      27      5 |    0.10        0.00
GET      /trash                                                                             6     0(0.00%) |      5       3       7      5 |    0.10        0.00
GET      [warmup] cookie check                                                              5     0(0.00%) |   2140    2128    2159   2128 |    0.00        0.00
--------|----------------------------------------------------------------------------|-------|-------------|-------|-------|-------|-------|--------|-----------
         Aggregated                                                                       217   60(27.65%) |    535       3    2292      6 |    4.10        1.40

Type     Name                                                                          # reqs      # fails |    Avg     Min     Max    Med |   req/s  failures/s
--------|----------------------------------------------------------------------------|-------|-------------|-------|-------|-------|-------|--------|-----------
GET      /                                                                                  8     0(0.00%) |      5       4       6      6 |    0.20        0.00
GET      /api/checklists                                                                    3     0(0.00%) |      5       3       8      5 |    0.10        0.00
GET      /api/checklists/1/lock                                                             2   2(100.00%) |   2163    2060    2267   2100 |    0.00        0.00
PUT      /api/doc/{id}/lock [PUT heartbeat]                                                 2   2(100.00%) |   1134       5    2263      6 |    0.00        0.00
GET      /api/events                                                                       16     0(0.00%) |      8       4      41      5 |    0.40        0.00
POST     /api/events [POST]                                                                37     0(0.00%) |      7       4      23      7 |    0.60        0.00
DELETE   /api/events/{id} [DELETE]                                                         34     0(0.00%) |   2077    2052    2271   2100 |    0.90        0.00
PUT      /api/events/{id} [PUT]                                                            37  37(100.00%) |      5       3       8      5 |    0.60        0.60
GET      /api/kanban                                                                       15     0(0.00%) |      4       3       8      4 |    0.00        0.00
GET      /api/notifications/count                                                           6     0(0.00%) |   2272    2259    2285   2285 |    0.00        0.00
GET      /api/notifications/pending                                                         6     0(0.00%) |   2272    2263    2292   2292 |    0.00        0.00
POST     /api/upload/image [POST]                                                          22  22(100.00%) |      5       3      11      5 |    0.60        0.60
GET      /calendar                                                                          2     0(0.00%) |      7       4      10      5 |    0.00        0.00
GET      /check                                                                            10     0(0.00%) |      6       4       8      6 |    0.10        0.00
GET      /project-manage                                                                   14     0(0.00%) |      6       4      27      5 |    0.10        0.00
GET      /trash                                                                             7     0(0.00%) |      5       3       7      5 |    0.10        0.00
GET      [warmup] cookie check                                                              5     0(0.00%) |   2140    2128    2159   2128 |    0.00        0.00
--------|----------------------------------------------------------------------------|-------|-------------|-------|-------|-------|-------|--------|-----------
         Aggregated                                                                       226   63(27.88%) |    514       3    2292      6 |    3.70        1.20

Type     Name                                                                          # reqs      # fails |    Avg     Min     Max    Med |   req/s  failures/s
--------|----------------------------------------------------------------------------|-------|-------------|-------|-------|-------|-------|--------|-----------
GET      /                                                                                  9     0(0.00%) |      5       4       8      6 |    0.20        0.00
GET      /api/checklists                                                                    3     0(0.00%) |      5       3       8      5 |    0.10        0.00
GET      /api/checklists/1/lock                                                             2   2(100.00%) |   2163    2060    2267   2100 |    0.00        0.00
PUT      /api/doc/{id}/lock [PUT heartbeat]                                                 2   2(100.00%) |   1134       5    2263      6 |    0.00        0.00
GET      /api/events                                                                       16     0(0.00%) |      8       4      41      5 |    0.30        0.00
POST     /api/events [POST]                                                                38     0(0.00%) |      8       4      23      7 |    0.70        0.00
DELETE   /api/events/{id} [DELETE]                                                         37     0(0.00%) |   2077    2052    2271   2100 |    0.60        0.00
PUT      /api/events/{id} [PUT]                                                            38  38(100.00%) |      5       3       8      5 |    0.70        0.70
GET      /api/kanban                                                                       16     0(0.00%) |      4       3       8      4 |    0.20        0.00
GET      /api/notifications/count                                                           6     0(0.00%) |   2272    2259    2285   2285 |    0.00        0.00
GET      /api/notifications/pending                                                         6     0(0.00%) |   2272    2263    2292   2292 |    0.00        0.00
POST     /api/upload/image [POST]                                                          22  22(100.00%) |      5       3      11      5 |    0.50        0.50
GET      /calendar                                                                          3     0(0.00%) |      6       4      10      6 |    0.00        0.00
GET      /check                                                                            11     0(0.00%) |      6       4       8      7 |    0.00        0.00
GET      /project-manage                                                                   14     0(0.00%) |      6       4      27      5 |    0.20        0.00
GET      /trash                                                                             7     0(0.00%) |      5       3       7      5 |    0.20        0.00
GET      [warmup] cookie check                                                              5     0(0.00%) |   2140    2128    2159   2128 |    0.00        0.00
--------|----------------------------------------------------------------------------|-------|-------------|-------|-------|-------|-------|--------|-----------
         Aggregated                                                                       235   64(27.23%) |    521       3    2292      6 |    3.70        1.20

Type     Name                                                                          # reqs      # fails |    Avg     Min     Max    Med |   req/s  failures/s
--------|----------------------------------------------------------------------------|-------|-------------|-------|-------|-------|-------|--------|-----------
GET      /                                                                                 10     0(0.00%) |      5       4       8      6 |    0.10        0.00
GET      /api/checklists                                                                    3     0(0.00%) |      5       3       8      5 |    0.10        0.00
GET      /api/checklists/1/lock                                                             2   2(100.00%) |   2163    2060    2267   2100 |    0.00        0.00
PUT      /api/doc/{id}/lock [PUT heartbeat]                                                 2   2(100.00%) |   1134       5    2263      6 |    0.00        0.00
GET      /api/events                                                                       16     0(0.00%) |      8       4      41      5 |    0.30        0.00
POST     /api/events [POST]                                                                41     0(0.00%) |      7       4      23      7 |    0.70        0.00
DELETE   /api/events/{id} [DELETE]                                                         37     0(0.00%) |   2077    2052    2271   2100 |    0.70        0.00
PUT      /api/events/{id} [PUT]                                                            41  41(100.00%) |      5       3       8      5 |    0.70        0.70
GET      /api/kanban                                                                       16     0(0.00%) |      4       3       8      4 |    0.20        0.00
GET      /api/notifications/count                                                           6     0(0.00%) |   2272    2259    2285   2285 |    0.00        0.00
GET      /api/notifications/pending                                                         6     0(0.00%) |   2272    2263    2292   2292 |    0.00        0.00
POST     /api/upload/image [POST]                                                          22  22(100.00%) |      5       3      11      5 |    0.40        0.40
GET      /calendar                                                                          3     0(0.00%) |      6       4      10      6 |    0.00        0.00
GET      /check                                                                            11     0(0.00%) |      6       4       8      7 |    0.00        0.00
GET      /project-manage                                                                   14     0(0.00%) |      6       4      27      5 |    0.20        0.00
GET      /trash                                                                             7     0(0.00%) |      5       3       7      5 |    0.20        0.00
GET      [warmup] cookie check                                                              5     0(0.00%) |   2140    2128    2159   2128 |    0.00        0.00
--------|----------------------------------------------------------------------------|-------|-------------|-------|-------|-------|-------|--------|-----------
         Aggregated                                                                       242   67(27.69%) |    506       3    2292      6 |    3.60        1.10

Type     Name                                                                          # reqs      # fails |    Avg     Min     Max    Med |   req/s  failures/s
--------|----------------------------------------------------------------------------|-------|-------------|-------|-------|-------|-------|--------|-----------
GET      /                                                                                 10     0(0.00%) |      5       4       8      6 |    0.17        0.00
GET      /api/checklists                                                                    3     0(0.00%) |      5       3       8      5 |    0.05        0.00
GET      /api/checklists/1/lock                                                             2   2(100.00%) |   2163    2060    2267   2100 |    0.03        0.03
PUT      /api/doc/{id}/lock [PUT heartbeat]                                                 2   2(100.00%) |   1134       5    2263      6 |    0.03        0.03
GET      /api/events                                                                       17     0(0.00%) |      8       4      41      5 |    0.29        0.00
POST     /api/events [POST]                                                                41     0(0.00%) |      7       4      23      7 |    0.69        0.00
DELETE   /api/events/{id} [DELETE]                                                         41     0(0.00%) |   2076    2052    2271   2100 |    0.69        0.00
PUT      /api/events/{id} [PUT]                                                            41  41(100.00%) |      5       3       8      5 |    0.69        0.69
GET      /api/kanban                                                                       16     0(0.00%) |      4       3       8      4 |    0.27        0.00
GET      /api/notifications/count                                                           6     0(0.00%) |   2272    2259    2285   2285 |    0.10        0.00
GET      /api/notifications/pending                                                         6     0(0.00%) |   2272    2263    2292   2292 |    0.10        0.00
POST     /api/upload/image [POST]                                                          22  22(100.00%) |      5       3      11      5 |    0.37        0.37
GET      /calendar                                                                          3     0(0.00%) |      6       4      10      6 |    0.05        0.00
GET      /check                                                                            11     0(0.00%) |      6       4       8      7 |    0.19        0.00
GET      /project-manage                                                                   15     0(0.00%) |      6       4      27      5 |    0.25        0.00
GET      /trash                                                                             8     0(0.00%) |      5       3       7      5 |    0.14        0.00
GET      [warmup] cookie check                                                              5     0(0.00%) |   2140    2128    2159   2128 |    0.08        0.00
--------|----------------------------------------------------------------------------|-------|-------------|-------|-------|-------|-------|--------|-----------
         Aggregated                                                                       249   67(26.91%) |    525       3    2292      6 |    4.21        1.13

Response time percentiles (approximated)
Type     Name                                                                                  50%    66%    75%    80%    90%    95%    98%    99%  99.9% 99.99%   100% # reqs
--------|--------------------------------------------------------------------------------|--------|------|------|------|------|------|------|------|------|------|------|------
GET      /                                                                                       6      6      6      7      8      8      8      8      8      8      8     10
GET      /api/checklists                                                                         5      5      9      9      9      9      9      9      9      9      9      3
GET      /api/checklists/1/lock                                                               2300   2300   2300   2300   2300   2300   2300   2300   2300   2300   2300      2
PUT      /api/doc/{id}/lock [PUT heartbeat]                                                   2300   2300   2300   2300   2300   2300   2300   2300   2300   2300   2300      2
GET      /api/events                                                                             5      7      7      7     11     42     42     42     42     42     42     17
POST     /api/events [POST]                                                                      7      8      8      9     10     10     24     24     24     24     24     41
DELETE   /api/events/{id} [DELETE]                                                            2100   2100   2100   2100   2100   2100   2300   2300   2300   2300   2300     41
PUT      /api/events/{id} [PUT]                                                                  5      6      6      6      7      7      8      8      8      8      8     41
GET      /api/kanban                                                                             5      5      5      5      7      9      9      9      9      9      9     16
GET      /api/notifications/count                                                             2300   2300   2300   2300   2300   2300   2300   2300   2300   2300   2300      6
GET      /api/notifications/pending                                                           2300   2300   2300   2300   2300   2300   2300   2300   2300   2300   2300      6
POST     /api/upload/image [POST]                                                                5      6      6      6      7      7     11     11     11     11     11     22
GET      /calendar                                                                               6      6     10     10     10     10     10     10     10     10     10      3
GET      /check                                                                                  7      7      7      7      8      8      8      8      8      8      8     11
GET      /project-manage                                                                         5      6      6      6     10     28     28     28     28     28     28     15
GET      /trash                                                                                  6      6      7      7      8      8      8      8      8      8      8      8
GET      [warmup] cookie check                                                                2100   2200   2200   2200   2200   2200   2200   2200   2200   2200   2200      5
--------|--------------------------------------------------------------------------------|--------|------|------|------|------|------|------|------|------|------|------|------
         Aggregated                                                                              6      8     28   2100   2100   2300   2300   2300   2300   2300   2300    249

Error report
# occurrences      Error                                                                                               
------------------|---------------------------------------------------------------------------------------------------------------------------------------------
41                 PUT /api/events/{id} [PUT]: HTTPError('500 Server Error: Internal Server Error for url: /api/events/{id} [PUT]')
2                  PUT /api/doc/{id}/lock [PUT heartbeat]: HTTPError('404 Client Error: Not Found for url: /api/doc/{id}/lock [PUT heartbeat]')
2                  GET /api/checklists/1/lock: HTTPError('404 Client Error: Not Found for url: /api/checklists/1/lock')
22                 POST /api/upload/image [POST]: HTTPError('400 Client Error: Bad Request for url: /api/upload/image [POST]')
------------------|---------------------------------------------------------------------------------------------------------------------------------------------

