Type     Name                                                                          # reqs      # fails |    Avg     Min     Max    Med |   req/s  failures/s
--------|----------------------------------------------------------------------------|-------|-------------|-------|-------|-------|-------|--------|-----------
--------|----------------------------------------------------------------------------|-------|-------------|-------|-------|-------|-------|--------|-----------
         Aggregated                                                                         0     0(0.00%) |      0       0       0      0 |    0.00        0.00

Type     Name                                                                          # reqs      # fails |    Avg     Min     Max    Med |   req/s  failures/s
--------|----------------------------------------------------------------------------|-------|-------------|-------|-------|-------|-------|--------|-----------
--------|----------------------------------------------------------------------------|-------|-------------|-------|-------|-------|-------|--------|-----------
         Aggregated                                                                         0     0(0.00%) |      0       0       0      0 |    0.00        0.00

Type     Name                                                                          # reqs      # fails |    Avg     Min     Max    Med |   req/s  failures/s
--------|----------------------------------------------------------------------------|-------|-------------|-------|-------|-------|-------|--------|-----------
GET      /                                                                                  3     0(0.00%) |    187       4     284    270 |    0.00        0.00
GET      /api/checklists                                                                    1     0(0.00%) |    333     333     333    333 |    0.00        0.00
GET      /api/events                                                                        4     0(0.00%) |    214       8     301    260 |    0.00        0.00
POST     /api/events [POST]                                                                22     0(0.00%) |    138       6     202    130 |    0.00        0.00
PUT      /api/events/{id} [PUT]                                                            22  22(100.00%) |    139       7     191    150 |    0.00        0.00
GET      /api/kanban                                                                        5     0(0.00%) |    280     237     305    290 |    0.00        0.00
POST     /api/upload/image [POST]                                                           4   4(100.00%) |    395     353     494    360 |    0.00        0.00
GET      /calendar                                                                          1     0(0.00%) |    302     302     302    302 |    0.00        0.00
GET      /check                                                                             4     0(0.00%) |    304     262     356    290 |    0.00        0.00
GET      /project-manage                                                                    4     0(0.00%) |    295     283     299    299 |    0.00        0.00
GET      /trash                                                                             3     0(0.00%) |    268     258     286    260 |    0.00        0.00
GET      [warmup] cookie check                                                             50     0(0.00%) |   2928    2768    3051   2900 |    0.00        0.00
--------|----------------------------------------------------------------------------|-------|-------------|-------|-------|-------|-------|--------|-----------
         Aggregated                                                                       123   26(21.14%) |   1307       4    3051    300 |    0.00        0.00

Type     Name                                                                          # reqs      # fails |    Avg     Min     Max    Med |   req/s  failures/s
--------|----------------------------------------------------------------------------|-------|-------------|-------|-------|-------|-------|--------|-----------
GET      /                                                                                  4     0(0.00%) |    142       4     284      7 |    0.67        0.00
GET      /api/checklists                                                                    2     0(0.00%) |    170       6     333      7 |    0.33        0.00
GET      /api/checklists/1/lock                                                             3   3(100.00%) |   2561    2559    2566   2566 |    0.50        0.50
PUT      /api/doc/{id}/lock [PUT heartbeat]                                                 3   3(100.00%) |   2562    2560    2567   2567 |    0.50        0.50
GET      /api/events                                                                        9     0(0.00%) |    349       6    2229     25 |    1.33        0.00
POST     /api/events [POST]                                                                31     0(0.00%) |    310       6    2219    120 |    4.67        0.00
PUT      /api/events/{id} [PUT]                                                            28  28(100.00%) |    134       7     334    150 |    4.67        4.67
GET      /api/kanban                                                                        7     0(0.00%) |    364       6    1143    290 |    1.00        0.00
GET      /api/notifications/count                                                           8     0(0.00%) |   2740    2556    3971   2600 |    1.17        0.00
GET      /api/notifications/pending                                                         8     0(0.00%) |   2915    2551    3969   2600 |    1.00        0.00
POST     /api/upload/image [POST]                                                           5   5(100.00%) |    326      50     494    360 |    0.83        0.83
GET      /calendar                                                                          2     0(0.00%) |    154       7     302      8 |    0.33        0.00
GET      /check                                                                             4     0(0.00%) |    304     262     356    290 |    0.67        0.00
GET      /project-manage                                                                    4     0(0.00%) |    295     283     299    299 |    0.67        0.00
GET      /trash                                                                             3     0(0.00%) |    268     258     286    260 |    0.50        0.00
GET      [warmup] cookie check                                                             50     0(0.00%) |   2928    2768    3051   2900 |    8.33        0.00
--------|----------------------------------------------------------------------------|-------|-------------|-------|-------|-------|-------|--------|-----------
         Aggregated                                                                       171   39(22.81%) |   1357       4    3971    310 |   27.17        6.50

Type     Name                                                                          # reqs      # fails |    Avg     Min     Max    Med |   req/s  failures/s
--------|----------------------------------------------------------------------------|-------|-------------|-------|-------|-------|-------|--------|-----------
GET      /                                                                                  5     0(0.00%) |    116       4     284     11 |    0.50        0.00
GET      /api/checklists                                                                    2     0(0.00%) |    170       6     333      7 |    0.25        0.00
GET      /api/checklists/1/lock                                                            13  13(100.00%) |   4485    2559    5123   5000 |    0.38        0.38
PUT      /api/doc/{id}/lock [PUT heartbeat]                                                13  13(100.00%) |   4482    2560    5119   5000 |    0.38        0.38
GET      /api/events                                                                       11     0(0.00%) |    393       6    2229    260 |    1.00        0.00
POST     /api/events [POST]                                                                35     0(0.00%) |    276       6    2219    120 |    3.62        0.00
DELETE   /api/events/{id} [DELETE]                                                         28     0(0.00%) |   4835    3223    5460   5000 |    0.00        0.00
PUT      /api/events/{id} [PUT]                                                            35  35(100.00%) |    122       6     334    150 |    3.50        3.50
GET      /api/kanban                                                                       10     0(0.00%) |    335       4    1143    270 |    0.88        0.00
GET      /api/notifications/count                                                          63     0(0.00%) |   4729    2556    5117   5000 |    1.00        0.00
GET      /api/notifications/pending                                                        63     0(0.00%) |   4751    2551    5119   5000 |    1.00        0.00
POST     /api/upload/image [POST]                                                          10  10(100.00%) |   1120      29    3327    370 |    0.62        0.62
GET      /calendar                                                                          2     0(0.00%) |    154       7     302      8 |    0.25        0.00
GET      /check                                                                             7     0(0.00%) |    420     262     575    360 |    0.50        0.00
GET      /project-manage                                                                    6     0(0.00%) |    199       5     299    280 |    0.50        0.00
GET      /trash                                                                             5     0(0.00%) |    163       6     286    260 |    0.38        0.00
GET      [warmup] cookie check                                                             50     0(0.00%) |   2928    2768    3051   2900 |    6.25        0.00
--------|----------------------------------------------------------------------------|-------|-------------|-------|-------|-------|-------|--------|-----------
         Aggregated                                                                       358   71(19.83%) |   2890       4    5460   3000 |   21.00        4.88

Type     Name                                                                          # reqs      # fails |    Avg     Min     Max    Med |   req/s  failures/s
--------|----------------------------------------------------------------------------|-------|-------------|-------|-------|-------|-------|--------|-----------
GET      /                                                                                  5     0(0.00%) |    116       4     284     11 |    0.40        0.00
GET      /api/checklists                                                                    3     0(0.00%) |    114       4     333      7 |    0.20        0.00
GET      /api/checklists/1/lock                                                            13  13(100.00%) |   4485    2559    5123   5000 |    1.30        1.30
PUT      /api/doc/{id}/lock [PUT heartbeat]                                                13  13(100.00%) |   4482    2560    5119   5000 |    1.30        1.30
GET      /api/events                                                                       16     0(0.00%) |    273       6    2229     12 |    1.10        0.00
POST     /api/events [POST]                                                                49     0(0.00%) |    202       6    2219     43 |    3.40        0.00
DELETE   /api/events/{id} [DELETE]                                                         34     0(0.00%) |   4406    2067    5460   5000 |    2.80        0.00
PUT      /api/events/{id} [PUT]                                                            48  48(100.00%) |     95       6     334    110 |    3.40        3.40
GET      /api/kanban                                                                       15     0(0.00%) |    237       4    1143    120 |    1.00        0.00
GET      /api/notifications/count                                                          63     0(0.00%) |   4729    2556    5117   5000 |    6.30        0.00
GET      /api/notifications/pending                                                        63     0(0.00%) |   4751    2551    5119   5000 |    6.30        0.00
POST     /api/upload/image [POST]                                                          16  16(100.00%) |    718      23    3327    120 |    1.00        1.00
GET      /calendar                                                                          4     0(0.00%) |     83       4     302      8 |    0.20        0.00
GET      /check                                                                            10     0(0.00%) |    296       6     575    290 |    0.70        0.00
GET      /project-manage                                                                    6     0(0.00%) |    199       5     299    280 |    0.60        0.00
GET      /trash                                                                            10     0(0.00%) |     85       4     286      6 |    0.40        0.00
GET      [warmup] cookie check                                                             50     0(0.00%) |   2928    2768    3051   2900 |    5.00        0.00
--------|----------------------------------------------------------------------------|-------|-------------|-------|-------|-------|-------|--------|-----------
         Aggregated                                                                       418   90(21.53%) |   2512       4    5460   2800 |   35.40        7.00

Type     Name                                                                          # reqs      # fails |    Avg     Min     Max    Med |   req/s  failures/s
--------|----------------------------------------------------------------------------|-------|-------------|-------|-------|-------|-------|--------|-----------
GET      /                                                                                  6     0(0.00%) |     97       4     284      7 |    0.50        0.00
GET      /api/checklists                                                                    3     0(0.00%) |    114       4     333      7 |    0.30        0.00
GET      /api/checklists/1/lock                                                            13  13(100.00%) |   4485    2559    5123   5000 |    1.30        1.30
PUT      /api/doc/{id}/lock [PUT heartbeat]                                                13  13(100.00%) |   4482    2560    5119   5000 |    1.30        1.30
GET      /api/events                                                                       19     0(0.00%) |    232       6    2229     12 |    1.50        0.00
POST     /api/events [POST]                                                                63     0(0.00%) |    159       5    2219     14 |    4.80        0.00
DELETE   /api/events/{id} [DELETE]                                                         48     0(0.00%) |   3728    2066    5460   3700 |    3.40        0.00
PUT      /api/events/{id} [PUT]                                                            63  63(100.00%) |     75       5     334     15 |    4.80        4.80
GET      /api/kanban                                                                       21     0(0.00%) |    171       4    1143     15 |    1.50        0.00
GET      /api/notifications/count                                                          63     0(0.00%) |   4729    2556    5117   5000 |    6.30        0.00
GET      /api/notifications/pending                                                        63     0(0.00%) |   4751    2551    5119   5000 |    6.30        0.00
POST     /api/upload/image [POST]                                                          22  22(100.00%) |    533      23    3327     50 |    1.60        1.60
GET      /calendar                                                                          4     0(0.00%) |     83       4     302      8 |    0.40        0.00
GET      /check                                                                            10     0(0.00%) |    296       6     575    290 |    1.00        0.00
GET      /project-manage                                                                    9     0(0.00%) |    136       5     299     20 |    0.60        0.00
GET      /trash                                                                            11     0(0.00%) |     79       4     286      7 |    1.00        0.00
GET      [warmup] cookie check                                                             50     0(0.00%) |   2928    2768    3051   2900 |    5.00        0.00
--------|----------------------------------------------------------------------------|-------|-------------|-------|-------|-------|-------|--------|-----------
         Aggregated                                                                       481  111(23.08%) |   2245       4    5460   2100 |   41.60        9.00

Type     Name                                                                          # reqs      # fails |    Avg     Min     Max    Med |   req/s  failures/s
--------|----------------------------------------------------------------------------|-------|-------------|-------|-------|-------|-------|--------|-----------
GET      /                                                                                  9     0(0.00%) |     68       4     284      7 |    0.40        0.00
GET      /api/checklists                                                                    4     0(0.00%) |     87       4     333      6 |    0.20        0.00
GET      /api/checklists/1/lock                                                            13  13(100.00%) |   4485    2559    5123   5000 |    1.30        1.30
PUT      /api/doc/{id}/lock [PUT heartbeat]                                                13  13(100.00%) |   4482    2560    5119   5000 |    1.30        1.30
GET      /api/events                                                                       20     0(0.00%) |    222       6    2229     12 |    1.60        0.00
POST     /api/events [POST]                                                                74     0(0.00%) |    138       5    2219     14 |    4.20        0.00
DELETE   /api/events/{id} [DELETE]                                                         61     0(0.00%) |   3379    2064    5460   2700 |    4.80        0.00
PUT      /api/events/{id} [PUT]                                                            74  74(100.00%) |     66       5     334     12 |    4.20        4.20
GET      /api/kanban                                                                       27     0(0.00%) |    135       4    1143     13 |    1.60        0.00
GET      /api/notifications/count                                                          63     0(0.00%) |   4729    2556    5117   5000 |    6.30        0.00
GET      /api/notifications/pending                                                        63     0(0.00%) |   4751    2551    5119   5000 |    6.30        0.00
POST     /api/upload/image [POST]                                                          29  29(100.00%) |    412      22    3327     40 |    2.20        2.20
GET      /calendar                                                                          4     0(0.00%) |     83       4     302      8 |    0.30        0.00
GET      /check                                                                            12     0(0.00%) |    248       6     575    260 |    0.60        0.00
GET      /project-manage                                                                   11     0(0.00%) |    113       5     299     14 |    0.50        0.00
GET      /trash                                                                            11     0(0.00%) |     79       4     286      7 |    0.80        0.00
GET      [warmup] cookie check                                                             50     0(0.00%) |   2928    2768    3051   2900 |    0.00        0.00
--------|----------------------------------------------------------------------------|-------|-------------|-------|-------|-------|-------|--------|-----------
         Aggregated                                                                       538  129(23.98%) |   2059       4    5460   1800 |   36.60        9.00

Type     Name                                                                          # reqs      # fails |    Avg     Min     Max    Med |   req/s  failures/s
--------|----------------------------------------------------------------------------|-------|-------------|-------|-------|-------|-------|--------|-----------
GET      /                                                                                 14     0(0.00%) |     47       4     284      7 |    0.50        0.00
GET      /api/checklists                                                                    4     0(0.00%) |     87       4     333      6 |    0.20        0.00
GET      /api/checklists/1/lock                                                            13  13(100.00%) |   4485    2559    5123   5000 |    1.00        1.00
PUT      /api/doc/{id}/lock [PUT heartbeat]                                                13  13(100.00%) |   4482    2560    5119   5000 |    1.00        1.00
GET      /api/events                                                                       22     0(0.00%) |    203       6    2229     12 |    1.20        0.00
POST     /api/events [POST]                                                                81     0(0.00%) |    126       5    2219     11 |    4.40        0.00
DELETE   /api/events/{id} [DELETE]                                                         71     0(0.00%) |   3197    2058    5460   2100 |    5.80        0.00
PUT      /api/events/{id} [PUT]                                                            81  81(100.00%) |     61       5     334     12 |    4.20        4.20
GET      /api/kanban                                                                       31     0(0.00%) |    119       4    1143     11 |    2.10        0.00
GET      /api/notifications/count                                                          63     0(0.00%) |   4729    2556    5117   5000 |    5.60        0.00
GET      /api/notifications/pending                                                        63     0(0.00%) |   4751    2551    5119   5000 |    5.70        0.00
POST     /api/upload/image [POST]                                                          31  31(100.00%) |    388      22    3327     41 |    2.40        2.40
GET      /calendar                                                                          5     0(0.00%) |     67       4     302      8 |    0.20        0.00
GET      /check                                                                            12     0(0.00%) |    248       6     575    260 |    0.80        0.00
GET      /project-manage                                                                   13     0(0.00%) |     97       5     299     12 |    0.70        0.00
GET      /trash                                                                            13     0(0.00%) |     69       4     286      7 |    0.80        0.00
GET      [warmup] cookie check                                                             50     0(0.00%) |   2928    2768    3051   2900 |    0.00        0.00
--------|----------------------------------------------------------------------------|-------|-------------|-------|-------|-------|-------|--------|-----------
         Aggregated                                                                       580  138(23.79%) |   1947       4    5460    360 |   36.60        8.60

Type     Name                                                                          # reqs      # fails |    Avg     Min     Max    Med |   req/s  failures/s
--------|----------------------------------------------------------------------------|-------|-------------|-------|-------|-------|-------|--------|-----------
GET      /                                                                                 18     0(0.00%) |     40       4     284      7 |    1.00        0.00
GET      /api/checklists                                                                    7     0(0.00%) |     56       4     333      6 |    0.20        0.00
GET      /api/checklists/1/lock                                                            13  13(100.00%) |   4485    2559    5123   5000 |    1.00        1.00
PUT      /api/doc/{id}/lock [PUT heartbeat]                                                13  13(100.00%) |   4482    2560    5119   5000 |    1.00        1.00
GET      /api/events                                                                       24     0(0.00%) |    187       6    2229     12 |    1.40        0.00
POST     /api/events [POST]                                                                92     0(0.00%) |    112       5    2219     10 |    5.20        0.00
DELETE   /api/events/{id} [DELETE]                                                         81     0(0.00%) |   3060    2057    5460   2100 |    6.90        0.00
PUT      /api/events/{id} [PUT]                                                            92  92(100.00%) |     55       5     334     11 |    5.30        5.30
GET      /api/kanban                                                                       32     0(0.00%) |    115       4    1143     10 |    2.40        0.00
GET      /api/notifications/count                                                          63     0(0.00%) |   4729    2556    5117   5000 |    5.50        0.00
GET      /api/notifications/pending                                                        63     0(0.00%) |   4751    2551    5119   5000 |    5.50        0.00
POST     /api/upload/image [POST]                                                          33  33(100.00%) |    367      22    3327     41 |    2.60        2.60
GET      /calendar                                                                          5     0(0.00%) |     67       4     302      8 |    0.30        0.00
GET      /check                                                                            13     0(0.00%) |    230       6     575    260 |    0.80        0.00
GET      /project-manage                                                                   14     0(0.00%) |     90       5     299      9 |    0.90        0.00
GET      /trash                                                                            17     0(0.00%) |     56       4     286      9 |    1.00        0.00
GET      [warmup] cookie check                                                             50     0(0.00%) |   2928    2768    3051   2900 |    0.00        0.00
--------|----------------------------------------------------------------------------|-------|-------------|-------|-------|-------|-------|--------|-----------
         Aggregated                                                                       630  151(23.97%) |   1826       4    5460    290 |   41.00        9.90

Type     Name                                                                          # reqs      # fails |    Avg     Min     Max    Med |   req/s  failures/s
--------|----------------------------------------------------------------------------|-------|-------------|-------|-------|-------|-------|--------|-----------
GET      /                                                                                 21     0(0.00%) |     36       4     284      7 |    1.30        0.00
GET      /api/checklists                                                                    9     0(0.00%) |     45       4     333      6 |    0.40        0.00
GET      /api/checklists/1/lock                                                            13  13(100.00%) |   4485    2559    5123   5000 |    0.00        0.00
PUT      /api/doc/{id}/lock [PUT heartbeat]                                                13  13(100.00%) |   4482    2560    5119   5000 |    0.00        0.00
GET      /api/events                                                                       27     0(0.00%) |    167       6    2229     12 |    1.30        0.00
POST     /api/events [POST]                                                               102     0(0.00%) |    102       5    2219      9 |    5.70        0.00
DELETE   /api/events/{id} [DELETE]                                                         92     0(0.00%) |   2942    2057    5460   2100 |    5.30        0.00
PUT      /api/events/{id} [PUT]                                                           102 102(100.00%) |     50       5     334     11 |    5.70        5.70
GET      /api/kanban                                                                       34     0(0.00%) |    109       4    1143      9 |    2.20        0.00
GET      /api/notifications/count                                                          63     0(0.00%) |   4729    2556    5117   5000 |    0.00        0.00
GET      /api/notifications/pending                                                        63     0(0.00%) |   4751    2551    5119   5000 |    0.00        0.00
POST     /api/upload/image [POST]                                                          34  34(100.00%) |    358      22    3327     41 |    2.30        2.30
GET      /calendar                                                                          5     0(0.00%) |     67       4     302      8 |    0.30        0.00
GET      /check                                                                            14     0(0.00%) |    214       6     575     12 |    0.60        0.00
GET      /project-manage                                                                   14     0(0.00%) |     90       5     299      9 |    0.80        0.00
GET      /trash                                                                            17     0(0.00%) |     56       4     286      9 |    1.30        0.00
GET      [warmup] cookie check                                                             50     0(0.00%) |   2928    2768    3051   2900 |    0.00        0.00
--------|----------------------------------------------------------------------------|-------|-------------|-------|-------|-------|-------|--------|-----------
         Aggregated                                                                       673  162(24.07%) |   1744       4    5460    260 |   27.20        8.00

Type     Name                                                                          # reqs      # fails |    Avg     Min     Max    Med |   req/s  failures/s
--------|----------------------------------------------------------------------------|-------|-------------|-------|-------|-------|-------|--------|-----------
GET      /                                                                                 22     0(0.00%) |     34       4     284      7 |    1.60        0.00
GET      /api/checklists                                                                   10     0(0.00%) |     43       4     333      6 |    0.50        0.00
GET      /api/checklists/1/lock                                                            13  13(100.00%) |   4485    2559    5123   5000 |    0.00        0.00
PUT      /api/doc/{id}/lock [PUT heartbeat]                                                13  13(100.00%) |   4482    2560    5119   5000 |    0.00        0.00
GET      /api/events                                                                       27     0(0.00%) |    167       6    2229     12 |    1.20        0.00
POST     /api/events [POST]                                                               112     0(0.00%) |     94       5    2219      9 |    5.40        0.00
DELETE   /api/events/{id} [DELETE]                                                        102     0(0.00%) |   2857    2055    5460   2100 |    5.60        0.00
PUT      /api/events/{id} [PUT]                                                           112 112(100.00%) |     47       5     334     11 |    5.30        5.30
GET      /api/kanban                                                                       37     0(0.00%) |    101       4    1143      9 |    1.90        0.00
GET      /api/notifications/count                                                          63     0(0.00%) |   4729    2556    5117   5000 |    0.00        0.00
GET      /api/notifications/pending                                                        63     0(0.00%) |   4751    2551    5119   5000 |    0.00        0.00
POST     /api/upload/image [POST]                                                          36  36(100.00%) |    340      21    3327     40 |    1.80        1.80
GET      /calendar                                                                          5     0(0.00%) |     67       4     302      8 |    0.10        0.00
GET      /check                                                                            18     0(0.00%) |    170       4     575     12 |    0.40        0.00
GET      /project-manage                                                                   15     0(0.00%) |     85       5     299      9 |    0.80        0.00
GET      /trash                                                                            20     0(0.00%) |     49       4     286      7 |    0.70        0.00
GET      [warmup] cookie check                                                             50     0(0.00%) |   2928    2768    3051   2900 |    0.00        0.00
--------|----------------------------------------------------------------------------|-------|-------------|-------|-------|-------|-------|--------|-----------
         Aggregated                                                                       718  174(24.23%) |   1664       4    5460    160 |   25.30        7.10

Type     Name                                                                          # reqs      # fails |    Avg     Min     Max    Med |   req/s  failures/s
--------|----------------------------------------------------------------------------|-------|-------------|-------|-------|-------|-------|--------|-----------
GET      /                                                                                 22     0(0.00%) |     34       4     284      7 |    1.60        0.00
GET      /api/checklists                                                                   11     0(0.00%) |     39       4     333      6 |    0.70        0.00
GET      /api/checklists/1/lock                                                            13  13(100.00%) |   4485    2559    5123   5000 |    0.00        0.00
PUT      /api/doc/{id}/lock [PUT heartbeat]                                                13  13(100.00%) |   4482    2560    5119   5000 |    0.00        0.00
GET      /api/events                                                                       29     0(0.00%) |    157       6    2229     12 |    0.80        0.00
POST     /api/events [POST]                                                               116     0(0.00%) |     91       5    2219      9 |    5.00        0.00
DELETE   /api/events/{id} [DELETE]                                                        112     0(0.00%) |   2787    2055    5460   2100 |    5.30        0.00
PUT      /api/events/{id} [PUT]                                                           116 116(100.00%) |     46       5     334     10 |    5.00        5.00
GET      /api/kanban                                                                       42     0(0.00%) |     90       4    1143      8 |    1.60        0.00
GET      /api/notifications/count                                                          63     0(0.00%) |   4729    2556    5117   5000 |    0.00        0.00
GET      /api/notifications/pending                                                        63     0(0.00%) |   4751    2551    5119   5000 |    0.00        0.00
POST     /api/upload/image [POST]                                                          40  40(100.00%) |    309      21    3327     39 |    1.40        1.40
GET      /calendar                                                                          5     0(0.00%) |     67       4     302      8 |    0.10        0.00
GET      /check                                                                            21     0(0.00%) |    146       4     575      9 |    0.80        0.00
GET      /project-manage                                                                   15     0(0.00%) |     85       5     299      9 |    0.60        0.00
GET      /trash                                                                            22     0(0.00%) |     45       4     286      7 |    0.90        0.00
GET      [warmup] cookie check                                                             50     0(0.00%) |   2928    2768    3051   2900 |    0.00        0.00
--------|----------------------------------------------------------------------------|-------|-------------|-------|-------|-------|-------|--------|-----------
         Aggregated                                                                       753  182(24.17%) |   1614       4    5460    150 |   23.80        6.40

Type     Name                                                                          # reqs      # fails |    Avg     Min     Max    Med |   req/s  failures/s
--------|----------------------------------------------------------------------------|-------|-------------|-------|-------|-------|-------|--------|-----------
GET      /                                                                                 24     0(0.00%) |     32       4     284      7 |    1.30        0.00
GET      /api/checklists                                                                   12     0(0.00%) |     37       4     333      6 |    0.70        0.00
GET      /api/checklists/1/lock                                                            13  13(100.00%) |   4485    2559    5123   5000 |    0.00        0.00
PUT      /api/doc/{id}/lock [PUT heartbeat]                                                13  13(100.00%) |   4482    2560    5119   5000 |    0.00        0.00
GET      /api/events                                                                       30     0(0.00%) |    152       6    2229     10 |    0.90        0.00
POST     /api/events [POST]                                                               122     0(0.00%) |     87       5    2219      9 |    4.30        0.00
DELETE   /api/events/{id} [DELETE]                                                        116     0(0.00%) |   2762    2055    5460   2100 |    5.30        0.00
PUT      /api/events/{id} [PUT]                                                           122 122(100.00%) |     44       5     334     10 |    4.50        4.50
GET      /api/kanban                                                                       44     0(0.00%) |     86       4    1143      8 |    1.50        0.00
GET      /api/notifications/count                                                          63     0(0.00%) |   4729    2556    5117   5000 |    0.00        0.00
GET      /api/notifications/pending                                                        63     0(0.00%) |   4751    2551    5119   5000 |    0.00        0.00
POST     /api/upload/image [POST]                                                          50  50(100.00%) |    252      18    3327     34 |    1.00        1.00
GET      /calendar                                                                          7     0(0.00%) |     50       4     302      7 |    0.10        0.00
GET      /check                                                                            22     0(0.00%) |    140       4     575      9 |    0.90        0.00
GET      /project-manage                                                                   16     0(0.00%) |     80       5     299      7 |    0.40        0.00
GET      /trash                                                                            22     0(0.00%) |     45       4     286      7 |    1.10        0.00
GET      [warmup] cookie check                                                             50     0(0.00%) |   2928    2768    3051   2900 |    0.00        0.00
--------|----------------------------------------------------------------------------|-------|-------------|-------|-------|-------|-------|--------|-----------
         Aggregated                                                                       789  198(25.10%) |   1552       4    5460    120 |   22.00        5.50

Type     Name                                                                          # reqs      # fails |    Avg     Min     Max    Med |   req/s  failures/s
--------|----------------------------------------------------------------------------|-------|-------------|-------|-------|-------|-------|--------|-----------
GET      /                                                                                 25     0(0.00%) |     31       3     284      7 |    1.00        0.00
GET      /api/checklists                                                                   13     0(0.00%) |     35       4     333      7 |    0.80        0.00
GET      /api/checklists/1/lock                                                            13  13(100.00%) |   4485    2559    5123   5000 |    0.00        0.00
PUT      /api/doc/{id}/lock [PUT heartbeat]                                                13  13(100.00%) |   4482    2560    5119   5000 |    0.00        0.00
GET      /api/events                                                                       31     0(0.00%) |    147       6    2229     10 |    0.80        0.00
POST     /api/events [POST]                                                               129     0(0.00%) |     83       5    2219      9 |    3.90        0.00
DELETE   /api/events/{id} [DELETE]                                                        122     0(0.00%) |   2728    2055    5460   2100 |    4.60        0.00
PUT      /api/events/{id} [PUT]                                                           129 129(100.00%) |     42       5     334     10 |    3.90        3.90
GET      /api/kanban                                                                       45     0(0.00%) |     84       4    1143      8 |    1.20        0.00
GET      /api/notifications/count                                                          63     0(0.00%) |   4729    2556    5117   5000 |    0.00        0.00
GET      /api/notifications/pending                                                        63     0(0.00%) |   4751    2551    5119   5000 |    0.00        0.00
POST     /api/upload/image [POST]                                                          52  52(100.00%) |    243      18    3327     31 |    1.90        1.90
GET      /calendar                                                                          8     0(0.00%) |     44       4     302      6 |    0.20        0.00
GET      /check                                                                            28     0(0.00%) |    111       4     575      7 |    1.00        0.00
GET      /project-manage                                                                   18     0(0.00%) |     72       5     299      8 |    0.30        0.00
GET      /trash                                                                            24     0(0.00%) |     42       4     286      7 |    0.90        0.00
GET      [warmup] cookie check                                                             50     0(0.00%) |   2928    2768    3051   2900 |    0.00        0.00
--------|----------------------------------------------------------------------------|-------|-------------|-------|-------|-------|-------|--------|-----------
         Aggregated                                                                       826  207(25.06%) |   1498       3    5460     77 |   20.50        5.80

Type     Name                                                                          # reqs      # fails |    Avg     Min     Max    Med |   req/s  failures/s
--------|----------------------------------------------------------------------------|-------|-------------|-------|-------|-------|-------|--------|-----------
GET      /                                                                                 25     0(0.00%) |     31       3     284      7 |    0.80        0.00
GET      /api/checklists                                                                   14     0(0.00%) |    141       4    1513      7 |    0.70        0.00
GET      /api/checklists/1/lock                                                            13  13(100.00%) |   4485    2559    5123   5000 |    0.00        0.00
PUT      /api/doc/{id}/lock [PUT heartbeat]                                                13  13(100.00%) |   4482    2560    5119   5000 |    0.00        0.00
GET      /api/events                                                                       31     0(0.00%) |    147       6    2229     10 |    0.70        0.00
POST     /api/events [POST]                                                               133     0(0.00%) |     81       5    2219      9 |    3.70        0.00
DELETE   /api/events/{id} [DELETE]                                                        122     0(0.00%) |   2728    2055    5460   2100 |    3.80        0.00
PUT      /api/events/{id} [PUT]                                                           133 133(100.00%) |     41       5     334     10 |    3.70        3.70
GET      /api/kanban                                                                       46     0(0.00%) |    114       4    1454      8 |    1.30        0.00
GET      /api/notifications/count                                                          63     0(0.00%) |   4729    2556    5117   5000 |    0.00        0.00
GET      /api/notifications/pending                                                        63     0(0.00%) |   4751    2551    5119   5000 |    0.00        0.00
POST     /api/upload/image [POST]                                                          52  52(100.00%) |    243      18    3327     31 |    1.90        1.90
GET      /calendar                                                                          8     0(0.00%) |     44       4     302      6 |    0.30        0.00
GET      /check                                                                            28     0(0.00%) |    111       4     575      7 |    1.50        0.00
GET      /project-manage                                                                   18     0(0.00%) |     72       5     299      8 |    0.30        0.00
GET      /trash                                                                            24     0(0.00%) |     42       4     286      7 |    0.70        0.00
GET      [warmup] cookie check                                                             50     0(0.00%) |   2928    2768    3051   2900 |    0.00        0.00
--------|----------------------------------------------------------------------------|-------|-------------|-------|-------|-------|-------|--------|-----------
         Aggregated                                                                       836  211(25.24%) |   1483       3    5460     71 |   19.40        5.60

Type     Name                                                                          # reqs      # fails |    Avg     Min     Max    Med |   req/s  failures/s
--------|----------------------------------------------------------------------------|-------|-------------|-------|-------|-------|-------|--------|-----------
GET      /                                                                                 25     0(0.00%) |     31       3     284      7 |    0.80        0.00
GET      /api/checklists                                                                   14     0(0.00%) |    141       4    1513      7 |    0.70        0.00
GET      /api/checklists/1/lock                                                            13  13(100.00%) |   4485    2559    5123   5000 |    0.00        0.00
PUT      /api/doc/{id}/lock [PUT heartbeat]                                                13  13(100.00%) |   4482    2560    5119   5000 |    0.00        0.00
GET      /api/events                                                                       31     0(0.00%) |    147       6    2229     10 |    0.70        0.00
POST     /api/events [POST]                                                               133     0(0.00%) |     81       5    2219      9 |    3.70        0.00
DELETE   /api/events/{id} [DELETE]                                                        122     0(0.00%) |   2728    2055    5460   2100 |    3.80        0.00
PUT      /api/events/{id} [PUT]                                                           133 133(100.00%) |     41       5     334     10 |    3.70        3.70
GET      /api/kanban                                                                       46     0(0.00%) |    114       4    1454      8 |    1.30        0.00
GET      /api/notifications/count                                                          63     0(0.00%) |   4729    2556    5117   5000 |    0.00        0.00
GET      /api/notifications/pending                                                        63     0(0.00%) |   4751    2551    5119   5000 |    0.00        0.00
POST     /api/upload/image [POST]                                                          52  52(100.00%) |    243      18    3327     31 |    1.90        1.90
GET      /calendar                                                                          8     0(0.00%) |     44       4     302      6 |    0.30        0.00
GET      /check                                                                            28     0(0.00%) |    111       4     575      7 |    1.50        0.00
GET      /project-manage                                                                   18     0(0.00%) |     72       5     299      8 |    0.30        0.00
GET      /trash                                                                            24     0(0.00%) |     42       4     286      7 |    0.70        0.00
GET      [warmup] cookie check                                                             50     0(0.00%) |   2928    2768    3051   2900 |    0.00        0.00
--------|----------------------------------------------------------------------------|-------|-------------|-------|-------|-------|-------|--------|-----------
         Aggregated                                                                       836  211(25.24%) |   1483       3    5460     71 |   19.40        5.60

Type     Name                                                                          # reqs      # fails |    Avg     Min     Max    Med |   req/s  failures/s
--------|----------------------------------------------------------------------------|-------|-------------|-------|-------|-------|-------|--------|-----------
GET      /                                                                                 25     0(0.00%) |     31       3     284      7 |    0.80        0.00
GET      /api/checklists                                                                   14     0(0.00%) |    141       4    1513      7 |    0.70        0.00
GET      /api/checklists/1/lock                                                            13  13(100.00%) |   4485    2559    5123   5000 |    0.00        0.00
PUT      /api/doc/{id}/lock [PUT heartbeat]                                                13  13(100.00%) |   4482    2560    5119   5000 |    0.00        0.00
GET      /api/events                                                                       31     0(0.00%) |    147       6    2229     10 |    0.70        0.00
POST     /api/events [POST]                                                               133     0(0.00%) |     81       5    2219      9 |    3.70        0.00
DELETE   /api/events/{id} [DELETE]                                                        122     0(0.00%) |   2728    2055    5460   2100 |    3.80        0.00
PUT      /api/events/{id} [PUT]                                                           133 133(100.00%) |     41       5     334     10 |    3.70        3.70
GET      /api/kanban                                                                       46     0(0.00%) |    114       4    1454      8 |    1.30        0.00
GET      /api/notifications/count                                                          63     0(0.00%) |   4729    2556    5117   5000 |    0.00        0.00
GET      /api/notifications/pending                                                        63     0(0.00%) |   4751    2551    5119   5000 |    0.00        0.00
POST     /api/upload/image [POST]                                                          52  52(100.00%) |    243      18    3327     31 |    1.90        1.90
GET      /calendar                                                                          8     0(0.00%) |     44       4     302      6 |    0.30        0.00
GET      /check                                                                            28     0(0.00%) |    111       4     575      7 |    1.50        0.00
GET      /project-manage                                                                   18     0(0.00%) |     72       5     299      8 |    0.30        0.00
GET      /trash                                                                            24     0(0.00%) |     42       4     286      7 |    0.70        0.00
GET      [warmup] cookie check                                                             50     0(0.00%) |   2928    2768    3051   2900 |    0.00        0.00
--------|----------------------------------------------------------------------------|-------|-------------|-------|-------|-------|-------|--------|-----------
         Aggregated                                                                       836  211(25.24%) |   1483       3    5460     71 |   19.40        5.60

Type     Name                                                                          # reqs      # fails |    Avg     Min     Max    Med |   req/s  failures/s
--------|----------------------------------------------------------------------------|-------|-------------|-------|-------|-------|-------|--------|-----------
GET      /                                                                                 26     0(0.00%) |    273       3    6319      7 |    0.30        0.00
GET      /api/checklists                                                                   14     0(0.00%) |    141       4    1513      7 |    0.30        0.00
GET      /api/checklists/1/lock                                                            13  13(100.00%) |   4485    2559    5123   5000 |    0.00        0.00
PUT      /api/doc/{id}/lock [PUT heartbeat]                                                13  13(100.00%) |   4482    2560    5119   5000 |    0.00        0.00
GET      /api/events                                                                       33     0(0.00%) |    542       6    6734     12 |    0.30        0.00
POST     /api/events [POST]                                                               133     0(0.00%) |     81       5    2219      9 |    1.90        0.00
DELETE   /api/events/{id} [DELETE]                                                        124     0(0.00%) |   2821    2055    8547   2100 |    1.80        0.00
PUT      /api/events/{id} [PUT]                                                           133 133(100.00%) |     41       5     334     10 |    1.90        1.90
GET      /api/kanban                                                                       46     0(0.00%) |    114       4    1454      8 |    0.80        0.00
GET      /api/notifications/count                                                          63     0(0.00%) |   4729    2556    5117   5000 |    0.00        0.00
GET      /api/notifications/pending                                                        63     0(0.00%) |   4751    2551    5119   5000 |    0.00        0.00
POST     /api/upload/image [POST]                                                          52  52(100.00%) |    243      18    3327     31 |    1.40        1.40
GET      /calendar                                                                          9     0(0.00%) |    784       4    6707      7 |    0.30        0.00
GET      /check                                                                            28     0(0.00%) |    111       4     575      7 |    0.90        0.00
GET      /project-manage                                                                   18     0(0.00%) |     72       5     299      8 |    0.30        0.00
GET      /trash                                                                            24     0(0.00%) |     42       4     286      7 |    0.20        0.00
GET      [warmup] cookie check                                                             50     0(0.00%) |   2928    2768    3051   2900 |    0.00        0.00
--------|----------------------------------------------------------------------------|-------|-------------|-------|-------|-------|-------|--------|-----------
         Aggregated                                                                       842  211(25.06%) |   1524       3    8547     77 |   10.40        3.30

Type     Name                                                                          # reqs      # fails |    Avg     Min     Max    Med |   req/s  failures/s
--------|----------------------------------------------------------------------------|-------|-------------|-------|-------|-------|-------|--------|-----------
GET      /                                                                                 26     0(0.00%) |    273       3    6319      7 |    0.30        0.00
GET      /api/checklists                                                                   14     0(0.00%) |    141       4    1513      7 |    0.30        0.00
GET      /api/checklists/1/lock                                                            13  13(100.00%) |   4485    2559    5123   5000 |    0.00        0.00
PUT      /api/doc/{id}/lock [PUT heartbeat]                                                13  13(100.00%) |   4482    2560    5119   5000 |    0.00        0.00
GET      /api/events                                                                       33     0(0.00%) |    542       6    6734     12 |    0.30        0.00
POST     /api/events [POST]                                                               133     0(0.00%) |     81       5    2219      9 |    1.90        0.00
DELETE   /api/events/{id} [DELETE]                                                        124     0(0.00%) |   2821    2055    8547   2100 |    1.80        0.00
PUT      /api/events/{id} [PUT]                                                           133 133(100.00%) |     41       5     334     10 |    1.90        1.90
GET      /api/kanban                                                                       46     0(0.00%) |    114       4    1454      8 |    0.80        0.00
GET      /api/notifications/count                                                          63     0(0.00%) |   4729    2556    5117   5000 |    0.00        0.00
GET      /api/notifications/pending                                                        63     0(0.00%) |   4751    2551    5119   5000 |    0.00        0.00
POST     /api/upload/image [POST]                                                          52  52(100.00%) |    243      18    3327     31 |    1.40        1.40
GET      /calendar                                                                          9     0(0.00%) |    784       4    6707      7 |    0.30        0.00
GET      /check                                                                            28     0(0.00%) |    111       4     575      7 |    0.90        0.00
GET      /project-manage                                                                   18     0(0.00%) |     72       5     299      8 |    0.30        0.00
GET      /trash                                                                            24     0(0.00%) |     42       4     286      7 |    0.20        0.00
GET      [warmup] cookie check                                                             50     0(0.00%) |   2928    2768    3051   2900 |    0.00        0.00
--------|----------------------------------------------------------------------------|-------|-------------|-------|-------|-------|-------|--------|-----------
         Aggregated                                                                       842  211(25.06%) |   1524       3    8547     77 |   10.40        3.30

Type     Name                                                                          # reqs      # fails |    Avg     Min     Max    Med |   req/s  failures/s
--------|----------------------------------------------------------------------------|-------|-------------|-------|-------|-------|-------|--------|-----------
GET      /                                                                                 26     0(0.00%) |    273       3    6319      7 |    0.30        0.00
GET      /api/checklists                                                                   14     0(0.00%) |    141       4    1513      7 |    0.30        0.00
GET      /api/checklists/1/lock                                                            13  13(100.00%) |   4485    2559    5123   5000 |    0.00        0.00
PUT      /api/doc/{id}/lock [PUT heartbeat]                                                13  13(100.00%) |   4482    2560    5119   5000 |    0.00        0.00
GET      /api/events                                                                       33     0(0.00%) |    542       6    6734     12 |    0.30        0.00
POST     /api/events [POST]                                                               133     0(0.00%) |     81       5    2219      9 |    1.90        0.00
DELETE   /api/events/{id} [DELETE]                                                        124     0(0.00%) |   2821    2055    8547   2100 |    1.80        0.00
PUT      /api/events/{id} [PUT]                                                           133 133(100.00%) |     41       5     334     10 |    1.90        1.90
GET      /api/kanban                                                                       46     0(0.00%) |    114       4    1454      8 |    0.80        0.00
GET      /api/notifications/count                                                          63     0(0.00%) |   4729    2556    5117   5000 |    0.00        0.00
GET      /api/notifications/pending                                                        63     0(0.00%) |   4751    2551    5119   5000 |    0.00        0.00
POST     /api/upload/image [POST]                                                          52  52(100.00%) |    243      18    3327     31 |    1.40        1.40
GET      /calendar                                                                          9     0(0.00%) |    784       4    6707      7 |    0.30        0.00
GET      /check                                                                            28     0(0.00%) |    111       4     575      7 |    0.90        0.00
GET      /project-manage                                                                   18     0(0.00%) |     72       5     299      8 |    0.30        0.00
GET      /trash                                                                            24     0(0.00%) |     42       4     286      7 |    0.20        0.00
GET      [warmup] cookie check                                                             50     0(0.00%) |   2928    2768    3051   2900 |    0.00        0.00
--------|----------------------------------------------------------------------------|-------|-------------|-------|-------|-------|-------|--------|-----------
         Aggregated                                                                       842  211(25.06%) |   1524       3    8547     77 |   10.40        3.30

Type     Name                                                                          # reqs      # fails |    Avg     Min     Max    Med |   req/s  failures/s
--------|----------------------------------------------------------------------------|-------|-------------|-------|-------|-------|-------|--------|-----------
GET      /                                                                                 27     0(0.00%) |    648       3   10401      7 |    0.10        0.00
GET      /api/checklists                                                                   15     0(0.00%) |    832       4   10506     13 |    0.10        0.00
GET      /api/checklists/1/lock                                                            26  26(100.00%) |   4962    2559    7455   4900 |    0.00        0.00
PUT      /api/doc/{id}/lock [PUT heartbeat]                                                26  26(100.00%) |   4965    2560    7458   4900 |    0.00        0.00
GET      /api/events                                                                       35     0(0.00%) |    854       6   11999     12 |    0.20        0.00
POST     /api/events [POST]                                                               133     0(0.00%) |     81       5    2219      9 |    0.00        0.00
DELETE   /api/events/{id} [DELETE]                                                        133     0(0.00%) |   3534    2055   14135   2100 |    0.20        0.00
PUT      /api/events/{id} [PUT]                                                           133 133(100.00%) |     41       5     334     10 |    0.00        0.00
GET      /api/kanban                                                                       49     0(0.00%) |    535       4   12067      9 |    0.10        0.00
GET      /api/notifications/count                                                          63     0(0.00%) |   4729    2556    5117   5000 |    0.00        0.00
GET      /api/notifications/pending                                                        63     0(0.00%) |   4751    2551    5119   5000 |    0.00        0.00
POST     /api/upload/image [POST]                                                          54  54(100.00%) |    459      18   12126     31 |    0.00        0.00
GET      /calendar                                                                         10     0(0.00%) |   1134       4    6707      7 |    0.10        0.00
GET      /check                                                                            30     0(0.00%) |    427       4    5468      8 |    0.00        0.00
GET      /project-manage                                                                   19     0(0.00%) |     68       4     299      8 |    0.00        0.00
GET      /trash                                                                            25     0(0.00%) |    218       4    4445      7 |    0.00        0.00
GET      [warmup] cookie check                                                             50     0(0.00%) |   2928    2768    3051   2900 |    0.00        0.00
--------|----------------------------------------------------------------------------|-------|-------------|-------|-------|-------|-------|--------|-----------
         Aggregated                                                                       891  239(26.82%) |   1829       3   14135    150 |    0.80        0.00

Type     Name                                                                          # reqs      # fails |    Avg     Min     Max    Med |   req/s  failures/s
--------|----------------------------------------------------------------------------|-------|-------------|-------|-------|-------|-------|--------|-----------
GET      /                                                                                 28     0(0.00%) |    625       3   10401      7 |    0.10        0.00
GET      /api/checklists                                                                   15     0(0.00%) |    832       4   10506     13 |    0.00        0.00
GET      /api/checklists/1/lock                                                            26  26(100.00%) |   4962    2559    7455   4900 |    0.00        0.00
PUT      /api/doc/{id}/lock [PUT heartbeat]                                                26  26(100.00%) |   4965    2560    7458   4900 |    0.00        0.00
GET      /api/events                                                                       37     0(0.00%) |    809       5   11999     11 |    0.20        0.00
POST     /api/events [POST]                                                               138     0(0.00%) |     78       5    2219      9 |    0.00        0.00
DELETE   /api/events/{id} [DELETE]                                                        133     0(0.00%) |   3534    2055   14135   2100 |    0.20        0.00
PUT      /api/events/{id} [PUT]                                                           138 138(100.00%) |     39       5     334     10 |    0.00        0.00
GET      /api/kanban                                                                       49     0(0.00%) |    535       4   12067      9 |    0.00        0.00
GET      /api/notifications/count                                                          63     0(0.00%) |   4729    2556    5117   5000 |    0.00        0.00
GET      /api/notifications/pending                                                        63     0(0.00%) |   4751    2551    5119   5000 |    0.00        0.00
POST     /api/upload/image [POST]                                                          54  54(100.00%) |    459      18   12126     31 |    0.00        0.00
GET      /calendar                                                                         10     0(0.00%) |   1134       4    6707      7 |    0.10        0.00
GET      /check                                                                            33     0(0.00%) |    389       4    5468      8 |    0.00        0.00
GET      /project-manage                                                                   19     0(0.00%) |     68       4     299      8 |    0.00        0.00
GET      /trash                                                                            25     0(0.00%) |    218       4    4445      7 |    0.00        0.00
GET      [warmup] cookie check                                                             50     0(0.00%) |   2928    2768    3051   2900 |    0.00        0.00
--------|----------------------------------------------------------------------------|-------|-------------|-------|-------|-------|-------|--------|-----------
         Aggregated                                                                       907  244(26.90%) |   1797       3   14135    120 |    0.60        0.00

Type     Name                                                                          # reqs      # fails |    Avg     Min     Max    Med |   req/s  failures/s
--------|----------------------------------------------------------------------------|-------|-------------|-------|-------|-------|-------|--------|-----------
GET      /                                                                                 28     0(0.00%) |    625       3   10401      7 |    0.10        0.00
GET      /api/checklists                                                                   15     0(0.00%) |    832       4   10506     13 |    0.00        0.00
GET      /api/checklists/1/lock                                                            26  26(100.00%) |   4962    2559    7455   4900 |    0.00        0.00
PUT      /api/doc/{id}/lock [PUT heartbeat]                                                26  26(100.00%) |   4965    2560    7458   4900 |    0.00        0.00
GET      /api/events                                                                       37     0(0.00%) |    809       5   11999     11 |    0.20        0.00
POST     /api/events [POST]                                                               138     0(0.00%) |     78       5    2219      9 |    0.00        0.00
DELETE   /api/events/{id} [DELETE]                                                        133     0(0.00%) |   3534    2055   14135   2100 |    0.20        0.00
PUT      /api/events/{id} [PUT]                                                           138 138(100.00%) |     39       5     334     10 |    0.00        0.00
GET      /api/kanban                                                                       49     0(0.00%) |    535       4   12067      9 |    0.00        0.00
GET      /api/notifications/count                                                          63     0(0.00%) |   4729    2556    5117   5000 |    0.00        0.00
GET      /api/notifications/pending                                                        63     0(0.00%) |   4751    2551    5119   5000 |    0.00        0.00
POST     /api/upload/image [POST]                                                          54  54(100.00%) |    459      18   12126     31 |    0.00        0.00
GET      /calendar                                                                         10     0(0.00%) |   1134       4    6707      7 |    0.10        0.00
GET      /check                                                                            33     0(0.00%) |    389       4    5468      8 |    0.00        0.00
GET      /project-manage                                                                   19     0(0.00%) |     68       4     299      8 |    0.00        0.00
GET      /trash                                                                            25     0(0.00%) |    218       4    4445      7 |    0.00        0.00
GET      [warmup] cookie check                                                             50     0(0.00%) |   2928    2768    3051   2900 |    0.00        0.00
--------|----------------------------------------------------------------------------|-------|-------------|-------|-------|-------|-------|--------|-----------
         Aggregated                                                                       907  244(26.90%) |   1797       3   14135    120 |    0.60        0.00

Type     Name                                                                          # reqs      # fails |    Avg     Min     Max    Med |   req/s  failures/s
--------|----------------------------------------------------------------------------|-------|-------------|-------|-------|-------|-------|--------|-----------
GET      /                                                                                 28     0(0.00%) |    625       3   10401      7 |    0.10        0.00
GET      /api/checklists                                                                   15     0(0.00%) |    832       4   10506     13 |    0.00        0.00
GET      /api/checklists/1/lock                                                            26  26(100.00%) |   4962    2559    7455   4900 |    0.00        0.00
PUT      /api/doc/{id}/lock [PUT heartbeat]                                                26  26(100.00%) |   4965    2560    7458   4900 |    0.00        0.00
GET      /api/events                                                                       37     0(0.00%) |    809       5   11999     11 |    0.20        0.00
POST     /api/events [POST]                                                               138     0(0.00%) |     78       5    2219      9 |    0.00        0.00
DELETE   /api/events/{id} [DELETE]                                                        133     0(0.00%) |   3534    2055   14135   2100 |    0.20        0.00
PUT      /api/events/{id} [PUT]                                                           138 138(100.00%) |     39       5     334     10 |    0.00        0.00
GET      /api/kanban                                                                       49     0(0.00%) |    535       4   12067      9 |    0.00        0.00
GET      /api/notifications/count                                                          63     0(0.00%) |   4729    2556    5117   5000 |    0.00        0.00
GET      /api/notifications/pending                                                        63     0(0.00%) |   4751    2551    5119   5000 |    0.00        0.00
POST     /api/upload/image [POST]                                                          54  54(100.00%) |    459      18   12126     31 |    0.00        0.00
GET      /calendar                                                                         10     0(0.00%) |   1134       4    6707      7 |    0.10        0.00
GET      /check                                                                            33     0(0.00%) |    389       4    5468      8 |    0.00        0.00
GET      /project-manage                                                                   19     0(0.00%) |     68       4     299      8 |    0.00        0.00
GET      /trash                                                                            25     0(0.00%) |    218       4    4445      7 |    0.00        0.00
GET      [warmup] cookie check                                                             50     0(0.00%) |   2928    2768    3051   2900 |    0.00        0.00
--------|----------------------------------------------------------------------------|-------|-------------|-------|-------|-------|-------|--------|-----------
         Aggregated                                                                       907  244(26.90%) |   1797       3   14135    120 |    0.60        0.00

Type     Name                                                                          # reqs      # fails |    Avg     Min     Max    Med |   req/s  failures/s
--------|----------------------------------------------------------------------------|-------|-------------|-------|-------|-------|-------|--------|-----------
GET      /                                                                                 31     0(0.00%) |   1102       3   10401      7 |    0.20        0.00
GET      /api/checklists                                                                   16     0(0.00%) |   1140       4   10506     13 |    0.10        0.00
GET      /api/checklists/1/lock                                                            26  26(100.00%) |   4962    2559    7455   4900 |    1.30        1.30
PUT      /api/doc/{id}/lock [PUT heartbeat]                                                26  26(100.00%) |   4965    2560    7458   4900 |    1.30        1.30
GET      /api/events                                                                       38     0(0.00%) |    937       5   11999     11 |    0.40        0.00
POST     /api/events [POST]                                                               142     0(0.00%) |     76       5    2219      9 |    0.50        0.00
DELETE   /api/events/{id} [DELETE]                                                        138     0(0.00%) |   3613    2055   14135   2100 |    0.90        0.00
PUT      /api/events/{id} [PUT]                                                           142 142(100.00%) |     39       5     334      9 |    0.50        0.50
GET      /api/kanban                                                                       53     0(0.00%) |    794       4   12067     10 |    0.30        0.00
GET      /api/notifications/count                                                          63     0(0.00%) |   4729    2556    5117   5000 |    0.00        0.00
GET      /api/notifications/pending                                                        63     0(0.00%) |   4751    2551    5119   5000 |    0.00        0.00
POST     /api/upload/image [POST]                                                          63  63(100.00%) |    641      18   12126     34 |    0.20        0.20
GET      /calendar                                                                         11     0(0.00%) |   1437       4    6707      8 |    0.10        0.00
GET      /check                                                                            36     0(0.00%) |    637       4    5468      8 |    0.50        0.00
GET      /project-manage                                                                   21     0(0.00%) |     62       4     299      7 |    0.10        0.00
GET      /trash                                                                            26     0(0.00%) |    210       4    4445      7 |    0.10        0.00
GET      [warmup] cookie check                                                             50     0(0.00%) |   2928    2768    3051   2900 |    0.00        0.00
--------|----------------------------------------------------------------------------|-------|-------------|-------|-------|-------|-------|--------|-----------
         Aggregated                                                                       945  257(27.20%) |   1833       3   14135    120 |    6.50        3.30

Type     Name                                                                          # reqs      # fails |    Avg     Min     Max    Med |   req/s  failures/s
--------|----------------------------------------------------------------------------|-------|-------------|-------|-------|-------|-------|--------|-----------
GET      /                                                                                 31     0(0.00%) |   1102       3   10401      7 |    0.50        0.00
GET      /api/checklists                                                                   17     0(0.00%) |   1073       4   10506     13 |    0.20        0.00
GET      /api/checklists/1/lock                                                            26  26(100.00%) |   4962    2559    7455   4900 |    1.30        1.30
PUT      /api/doc/{id}/lock [PUT heartbeat]                                                26  26(100.00%) |   4965    2560    7458   4900 |    1.30        1.30
GET      /api/events                                                                       39     0(0.00%) |    913       5   11999     11 |    0.50        0.00
POST     /api/events [POST]                                                               149     0(0.00%) |     73       5    2219      9 |    0.50        0.00
DELETE   /api/events/{id} [DELETE]                                                        138     0(0.00%) |   3613    2055   14135   2100 |    1.40        0.00
PUT      /api/events/{id} [PUT]                                                           149 149(100.00%) |     37       5     334      9 |    0.50        0.50
GET      /api/kanban                                                                       54     0(0.00%) |    779       4   12067      9 |    0.60        0.00
GET      /api/notifications/count                                                          63     0(0.00%) |   4729    2556    5117   5000 |    0.00        0.00
GET      /api/notifications/pending                                                        63     0(0.00%) |   4751    2551    5119   5000 |    0.00        0.00
POST     /api/upload/image [POST]                                                          63  63(100.00%) |    641      18   12126     34 |    0.50        0.50
GET      /calendar                                                                         11     0(0.00%) |   1437       4    6707      8 |    0.20        0.00
GET      /check                                                                            36     0(0.00%) |    637       4    5468      8 |    0.70        0.00
GET      /project-manage                                                                   21     0(0.00%) |     62       4     299      7 |    0.10        0.00
GET      /trash                                                                            26     0(0.00%) |    210       4    4445      7 |    0.10        0.00
GET      [warmup] cookie check                                                             50     0(0.00%) |   2928    2768    3051   2900 |    0.00        0.00
--------|----------------------------------------------------------------------------|-------|-------------|-------|-------|-------|-------|--------|-----------
         Aggregated                                                                       962  264(27.44%) |   1801       3   14135    110 |    8.40        3.60

Type     Name                                                                          # reqs      # fails |    Avg     Min     Max    Med |   req/s  failures/s
--------|----------------------------------------------------------------------------|-------|-------------|-------|-------|-------|-------|--------|-----------
GET      /                                                                                 31     0(0.00%) |   1102       3   10401      7 |    0.50        0.00
GET      /api/checklists                                                                   17     0(0.00%) |   1073       4   10506     13 |    0.30        0.00
GET      /api/checklists/1/lock                                                            26  26(100.00%) |   4962    2559    7455   4900 |    1.30        1.30
PUT      /api/doc/{id}/lock [PUT heartbeat]                                                26  26(100.00%) |   4965    2560    7458   4900 |    1.30        1.30
GET      /api/events                                                                       39     0(0.00%) |    913       5   11999     11 |    0.60        0.00
POST     /api/events [POST]                                                               149     0(0.00%) |     73       5    2219      9 |    1.40        0.00
DELETE   /api/events/{id} [DELETE]                                                        138     0(0.00%) |   3613    2055   14135   2100 |    1.40        0.00
PUT      /api/events/{id} [PUT]                                                           149 149(100.00%) |     37       5     334      9 |    1.40        1.40
GET      /api/kanban                                                                       54     0(0.00%) |    779       4   12067      9 |    0.80        0.00
GET      /api/notifications/count                                                          63     0(0.00%) |   4729    2556    5117   5000 |    0.00        0.00
GET      /api/notifications/pending                                                        63     0(0.00%) |   4751    2551    5119   5000 |    0.00        0.00
POST     /api/upload/image [POST]                                                          63  63(100.00%) |    641      18   12126     34 |    1.10        1.10
GET      /calendar                                                                         11     0(0.00%) |   1437       4    6707      8 |    0.20        0.00
GET      /check                                                                            37     0(0.00%) |    699       4    5468      8 |    0.80        0.00
GET      /project-manage                                                                   21     0(0.00%) |     62       4     299      7 |    0.30        0.00
GET      /trash                                                                            26     0(0.00%) |    210       4    4445      7 |    0.20        0.00
GET      [warmup] cookie check                                                             50     0(0.00%) |   2928    2768    3051   2900 |    0.00        0.00
--------|----------------------------------------------------------------------------|-------|-------------|-------|-------|-------|-------|--------|-----------
         Aggregated                                                                       963  264(27.41%) |   1802       3   14135    120 |   11.60        5.10

Type     Name                                                                          # reqs      # fails |    Avg     Min     Max    Med |   req/s  failures/s
--------|----------------------------------------------------------------------------|-------|-------------|-------|-------|-------|-------|--------|-----------
GET      /                                                                                 31     0(0.00%) |   1102       3   10401      7 |    0.50        0.00
GET      /api/checklists                                                                   17     0(0.00%) |   1073       4   10506     13 |    0.30        0.00
GET      /api/checklists/1/lock                                                            26  26(100.00%) |   4962    2559    7455   4900 |    1.30        1.30
PUT      /api/doc/{id}/lock [PUT heartbeat]                                                26  26(100.00%) |   4965    2560    7458   4900 |    1.30        1.30
GET      /api/events                                                                       39     0(0.00%) |    913       5   11999     11 |    0.60        0.00
POST     /api/events [POST]                                                               149     0(0.00%) |     73       5    2219      9 |    1.40        0.00
DELETE   /api/events/{id} [DELETE]                                                        138     0(0.00%) |   3613    2055   14135   2100 |    1.40        0.00
PUT      /api/events/{id} [PUT]                                                           149 149(100.00%) |     37       5     334      9 |    1.40        1.40
GET      /api/kanban                                                                       54     0(0.00%) |    779       4   12067      9 |    0.80        0.00
GET      /api/notifications/count                                                          63     0(0.00%) |   4729    2556    5117   5000 |    0.00        0.00
GET      /api/notifications/pending                                                        63     0(0.00%) |   4751    2551    5119   5000 |    0.00        0.00
POST     /api/upload/image [POST]                                                          63  63(100.00%) |    641      18   12126     34 |    1.10        1.10
GET      /calendar                                                                         11     0(0.00%) |   1437       4    6707      8 |    0.20        0.00
GET      /check                                                                            37     0(0.00%) |    699       4    5468      8 |    0.80        0.00
GET      /project-manage                                                                   21     0(0.00%) |     62       4     299      7 |    0.30        0.00
GET      /trash                                                                            26     0(0.00%) |    210       4    4445      7 |    0.20        0.00
GET      [warmup] cookie check                                                             50     0(0.00%) |   2928    2768    3051   2900 |    0.00        0.00
--------|----------------------------------------------------------------------------|-------|-------------|-------|-------|-------|-------|--------|-----------
         Aggregated                                                                       963  264(27.41%) |   1802       3   14135    120 |   11.60        5.10

Type     Name                                                                          # reqs      # fails |    Avg     Min     Max    Med |   req/s  failures/s
--------|----------------------------------------------------------------------------|-------|-------------|-------|-------|-------|-------|--------|-----------
GET      /                                                                                 31     0(0.00%) |   1102       3   10401      7 |    0.56        0.00
GET      /api/checklists                                                                   17     0(0.00%) |   1073       4   10506     13 |    0.31        0.00
GET      /api/checklists/1/lock                                                            26  26(100.00%) |   4962    2559    7455   4900 |    0.47        0.47
PUT      /api/doc/{id}/lock [PUT heartbeat]                                                26  26(100.00%) |   4965    2560    7458   4900 |    0.47        0.47
GET      /api/events                                                                       39     0(0.00%) |    913       5   11999     11 |    0.71        0.00
POST     /api/events [POST]                                                               149     0(0.00%) |     73       5    2219      9 |    2.70        0.00
DELETE   /api/events/{id} [DELETE]                                                        138     0(0.00%) |   3613    2055   14135   2100 |    2.50        0.00
PUT      /api/events/{id} [PUT]                                                           149 149(100.00%) |     37       5     334      9 |    2.70        2.70
GET      /api/kanban                                                                       54     0(0.00%) |    779       4   12067      9 |    0.98        0.00
GET      /api/notifications/count                                                          63     0(0.00%) |   4729    2556    5117   5000 |    1.14        0.00
GET      /api/notifications/pending                                                        63     0(0.00%) |   4751    2551    5119   5000 |    1.14        0.00
POST     /api/upload/image [POST]                                                          63  63(100.00%) |    641      18   12126     34 |    1.14        1.14
GET      /calendar                                                                         11     0(0.00%) |   1437       4    6707      8 |    0.20        0.00
GET      /check                                                                            37     0(0.00%) |    699       4    5468      8 |    0.67        0.00
GET      /project-manage                                                                   21     0(0.00%) |     62       4     299      7 |    0.38        0.00
GET      /trash                                                                            26     0(0.00%) |    210       4    4445      7 |    0.47        0.00
GET      [warmup] cookie check                                                             50     0(0.00%) |   2928    2768    3051   2900 |    0.90        0.00
--------|----------------------------------------------------------------------------|-------|-------------|-------|-------|-------|-------|--------|-----------
         Aggregated                                                                       963  264(27.41%) |   1802       3   14135    120 |   17.42        4.78

Response time percentiles (approximated)
Type     Name                                                                                  50%    66%    75%    80%    90%    95%    98%    99%  99.9% 99.99%   100% # reqs
--------|--------------------------------------------------------------------------------|--------|------|------|------|------|------|------|------|------|------|------|------
GET      /                                                                                       7     20     40    270   5700   6300  10000  10000  10000  10000  10000     31
GET      /api/checklists                                                                        13     20     34    330   5800  11000  11000  11000  11000  11000  11000     17
GET      /api/checklists/1/lock                                                               5000   5100   5100   5100   7400   7500   7500   7500   7500   7500   7500     26
PUT      /api/doc/{id}/lock [PUT heartbeat]                                                   5000   5100   5100   5100   7400   7400   7500   7500   7500   7500   7500     26
GET      /api/events                                                                            11     21    260    300   5700   6700  12000  12000  12000  12000  12000     39
POST     /api/events [POST]                                                                      9     13     17     28    130    200   2100   2200   2200   2200   2200    149
DELETE   /api/events/{id} [DELETE]                                                            2100   2700   5000   5200   5500  13000  14000  14000  14000  14000  14000    138
PUT      /api/events/{id} [PUT]                                                                  9     12     16     26    150    160    270    310    330    330    330    149
GET      /api/kanban                                                                            10     17    240    300   4200   5300   5600  12000  12000  12000  12000     54
GET      /api/notifications/count                                                             5000   5100   5100   5100   5100   5100   5100   5100   5100   5100   5100     63
GET      /api/notifications/pending                                                           5000   5000   5100   5100   5100   5100   5100   5100   5100   5100   5100     63
POST     /api/upload/image [POST]                                                               34     46     58    120   1800   4900   5400  12000  12000  12000  12000     63
GET      /calendar                                                                               8    300   4300   4300   4500   6700   6700   6700   6700   6700   6700     11
GET      /check                                                                                  8     28    310    570   4200   5300   5500   5500   5500   5500   5500     37
GET      /project-manage                                                                         7      9     14     20    300    300    300    300    300    300    300     21
GET      /trash                                                                                  7     14     18     24    260    290   4400   4400   4400   4400   4400     26
GET      [warmup] cookie check                                                                2900   3000   3000   3000   3000   3000   3100   3100   3100   3100   3100     50
--------|--------------------------------------------------------------------------------|--------|------|------|------|------|------|------|------|------|------|------|------
         Aggregated                                                                            120   2100   3000   4900   5100   5300   7400  12000  14000  14000  14000    963

Error report
# occurrences      Error                                                                                               
------------------|---------------------------------------------------------------------------------------------------------------------------------------------
149                PUT /api/events/{id} [PUT]: HTTPError('500 Server Error: Internal Server Error for url: /api/events/{id} [PUT]')
63                 POST /api/upload/image [POST]: HTTPError('400 Client Error: Bad Request for url: /api/upload/image [POST]')
26                 GET /api/checklists/1/lock: HTTPError('404 Client Error: Not Found for url: /api/checklists/1/lock')
26                 PUT /api/doc/{id}/lock [PUT heartbeat]: HTTPError('404 Client Error: Not Found for url: /api/doc/{id}/lock [PUT heartbeat]')
------------------|---------------------------------------------------------------------------------------------------------------------------------------------

