Type     Name                                                                          # reqs      # fails |    Avg     Min     Max    Med |   req/s  failures/s
--------|----------------------------------------------------------------------------|-------|-------------|-------|-------|-------|-------|--------|-----------
--------|----------------------------------------------------------------------------|-------|-------------|-------|-------|-------|-------|--------|-----------
         Aggregated                                                                         0     0(0.00%) |      0       0       0      0 |    0.00        0.00

Type     Name                                                                          # reqs      # fails |    Avg     Min     Max    Med |   req/s  failures/s
--------|----------------------------------------------------------------------------|-------|-------------|-------|-------|-------|-------|--------|-----------
--------|----------------------------------------------------------------------------|-------|-------------|-------|-------|-------|-------|--------|-----------
         Aggregated                                                                         0     0(0.00%) |      0       0       0      0 |    0.00        0.00

Type     Name                                                                          # reqs      # fails |    Avg     Min     Max    Med |   req/s  failures/s
--------|----------------------------------------------------------------------------|-------|-------------|-------|-------|-------|-------|--------|-----------
GET      /api/events                                                                        1     0(0.00%) |     37      37      37     37 |    0.00        0.00
POST     /api/events [POST]                                                                 6     0(0.00%) |     17       6      26     18 |    0.00        0.00
PUT      /api/events/{id} [PUT]                                                             6   6(100.00%) |     14       5      24     11 |    0.00        0.00
GET      /api/kanban                                                                        2     0(0.00%) |     22       4      41      4 |    0.00        0.00
GET      /api/notifications/count                                                           2     0(0.00%) |     42      33      52     33 |    0.00        0.00
POST     /api/upload/image [POST]                                                           2   2(100.00%) |     51      46      57     47 |    0.00        0.00
GET      /project-manage                                                                    1     0(0.00%) |      5       5       5      5 |    0.00        0.00
GET      [warmup] cookie check                                                             10     0(0.00%) |   2193    2181    2212   2200 |    0.00        0.00
--------|----------------------------------------------------------------------------|-------|-------------|-------|-------|-------|-------|--------|-----------
         Aggregated                                                                        30    8(26.67%) |    746       4    2212     33 |    0.00        0.00

Type     Name                                                                          # reqs      # fails |    Avg     Min     Max    Med |   req/s  failures/s
--------|----------------------------------------------------------------------------|-------|-------------|-------|-------|-------|-------|--------|-----------
GET      /                                                                                  1     0(0.00%) |     12      12      12     12 |    0.00        0.00
GET      /api/checklists/1/lock                                                             3   3(100.00%) |   2455    2450    2462   2462 |    0.00        0.00
PUT      /api/doc/{id}/lock [PUT heartbeat]                                                 3   3(100.00%) |   2389    2253    2460   2460 |    0.00        0.00
GET      /api/events                                                                        1     0(0.00%) |     37      37      37     37 |    0.25        0.00
POST     /api/events [POST]                                                                 8     0(0.00%) |     17       6      26     18 |    1.00        0.00
DELETE   /api/events/{id} [DELETE]                                                          6     0(0.00%) |   2322    2060    2469   2400 |    0.00        0.00
PUT      /api/events/{id} [PUT]                                                             8   8(100.00%) |     13       5      24     11 |    1.00        1.00
GET      /api/kanban                                                                        2     0(0.00%) |     22       4      41      4 |    0.25        0.00
GET      /api/notifications/count                                                          13     0(0.00%) |   2054      33    2463   2463 |    0.50        0.00
GET      /api/notifications/pending                                                        13     0(0.00%) |   2394    2253    2459   2459 |    0.00        0.00
POST     /api/upload/image [POST]                                                           3   3(100.00%) |     36       5      57     47 |    0.50        0.50
GET      /check                                                                             1     0(0.00%) |      5       5       5      5 |    0.00        0.00
GET      /project-manage                                                                    3     0(0.00%) |     98       5     202     86 |    0.00        0.00
GET      [warmup] cookie check                                                             10     0(0.00%) |   2193    2181    2212   2200 |    2.50        0.00
--------|----------------------------------------------------------------------------|-------|-------------|-------|-------|-------|-------|--------|-----------
         Aggregated                                                                        75   17(22.67%) |   1453       4    2469   2200 |    6.00        1.50

Type     Name                                                                          # reqs      # fails |    Avg     Min     Max    Med |   req/s  failures/s
--------|----------------------------------------------------------------------------|-------|-------------|-------|-------|-------|-------|--------|-----------
GET      /                                                                                  2     0(0.00%) |      8       4      12      4 |    0.17        0.00
GET      /api/checklists/1/lock                                                             3   3(100.00%) |   2455    2450    2462   2462 |    0.50        0.50
PUT      /api/doc/{id}/lock [PUT heartbeat]                                                 3   3(100.00%) |   2389    2253    2460   2460 |    0.50        0.50
GET      /api/events                                                                        3     0(0.00%) |     20       6      37     17 |    0.17        0.00
POST     /api/events [POST]                                                                12     0(0.00%) |     14       6      26     11 |    1.00        0.00
DELETE   /api/events/{id} [DELETE]                                                          8     0(0.00%) |   2259    2060    2469   2100 |    0.67        0.00
PUT      /api/events/{id} [PUT]                                                            12  12(100.00%) |     10       5      24      6 |    1.00        1.00
GET      /api/kanban                                                                        2     0(0.00%) |     22       4      41      4 |    0.33        0.00
GET      /api/notifications/count                                                          13     0(0.00%) |   2054      33    2463   2463 |    2.17        0.00
GET      /api/notifications/pending                                                        13     0(0.00%) |   2394    2253    2459   2459 |    2.17        0.00
POST     /api/upload/image [POST]                                                           5   5(100.00%) |     24       5      57      6 |    0.33        0.33
GET      /check                                                                             2     0(0.00%) |      6       5       7      5 |    0.17        0.00
GET      /project-manage                                                                    3     0(0.00%) |     98       5     202     86 |    0.50        0.00
GET      [warmup] cookie check                                                             10     0(0.00%) |   2193    2181    2212   2200 |    1.67        0.00
--------|----------------------------------------------------------------------------|-------|-------------|-------|-------|-------|-------|--------|-----------
         Aggregated                                                                        91   23(25.27%) |   1244       4    2469   2100 |   11.33        2.33

Type     Name                                                                          # reqs      # fails |    Avg     Min     Max    Med |   req/s  failures/s
--------|----------------------------------------------------------------------------|-------|-------------|-------|-------|-------|-------|--------|-----------
GET      /                                                                                  2     0(0.00%) |      8       4      12      4 |    0.25        0.00
GET      /api/checklists/1/lock                                                             3   3(100.00%) |   2455    2450    2462   2462 |    0.38        0.38
PUT      /api/doc/{id}/lock [PUT heartbeat]                                                 3   3(100.00%) |   2389    2253    2460   2460 |    0.38        0.38
GET      /api/events                                                                        3     0(0.00%) |     20       6      37     17 |    0.38        0.00
POST     /api/events [POST]                                                                17     0(0.00%) |     12       6      26      9 |    1.50        0.00
DELETE   /api/events/{id} [DELETE]                                                         12     0(0.00%) |   2198    2060    2469   2100 |    0.75        0.00
PUT      /api/events/{id} [PUT]                                                            17  17(100.00%) |      9       4      24      5 |    1.50        1.50
GET      /api/kanban                                                                        4     0(0.00%) |     14       4      41      7 |    0.25        0.00
GET      /api/notifications/count                                                          13     0(0.00%) |   2054      33    2463   2463 |    1.62        0.00
GET      /api/notifications/pending                                                        13     0(0.00%) |   2394    2253    2459   2459 |    1.62        0.00
POST     /api/upload/image [POST]                                                           6   6(100.00%) |     23       5      57      6 |    0.62        0.62
GET      /check                                                                             2     0(0.00%) |      6       5       7      5 |    0.25        0.00
GET      /project-manage                                                                    3     0(0.00%) |     98       5     202     86 |    0.38        0.00
GET      [warmup] cookie check                                                             10     0(0.00%) |   2193    2181    2212   2200 |    1.25        0.00
--------|----------------------------------------------------------------------------|-------|-------------|-------|-------|-------|-------|--------|-----------
         Aggregated                                                                       108   29(26.85%) |   1126       4    2469     57 |   11.12        2.88

Type     Name                                                                          # reqs      # fails |    Avg     Min     Max    Med |   req/s  failures/s
--------|----------------------------------------------------------------------------|-------|-------------|-------|-------|-------|-------|--------|-----------
GET      /                                                                                  2     0(0.00%) |      8       4      12      4 |    0.20        0.00
GET      /api/checklists/1/lock                                                             3   3(100.00%) |   2455    2450    2462   2462 |    0.30        0.30
PUT      /api/doc/{id}/lock [PUT heartbeat]                                                 3   3(100.00%) |   2389    2253    2460   2460 |    0.30        0.30
GET      /api/events                                                                        4     0(0.00%) |     21       6      37     17 |    0.30        0.00
POST     /api/events [POST]                                                                20     0(0.00%) |     12       6      26      9 |    1.50        0.00
DELETE   /api/events/{id} [DELETE]                                                         17     0(0.00%) |   2162    2060    2469   2100 |    1.20        0.00
PUT      /api/events/{id} [PUT]                                                            20  20(100.00%) |      8       4      24      5 |    1.50        1.50
GET      /api/kanban                                                                        5     0(0.00%) |     13       4      41      7 |    0.30        0.00
GET      /api/notifications/count                                                          13     0(0.00%) |   2054      33    2463   2463 |    1.30        0.00
GET      /api/notifications/pending                                                        13     0(0.00%) |   2394    2253    2459   2459 |    1.30        0.00
POST     /api/upload/image [POST]                                                           7   7(100.00%) |     20       5      57      6 |    0.60        0.60
GET      /check                                                                             3     0(0.00%) |      5       4       7      5 |    0.20        0.00
GET      /project-manage                                                                    5     0(0.00%) |     62       5     202     10 |    0.30        0.00
GET      [warmup] cookie check                                                             10     0(0.00%) |   2193    2181    2212   2200 |    1.00        0.00
--------|----------------------------------------------------------------------------|-------|-------------|-------|-------|-------|-------|--------|-----------
         Aggregated                                                                       125   33(26.40%) |   1056       4    2469     41 |   10.30        2.70

Type     Name                                                                          # reqs      # fails |    Avg     Min     Max    Med |   req/s  failures/s
--------|----------------------------------------------------------------------------|-------|-------------|-------|-------|-------|-------|--------|-----------
GET      /                                                                                  2     0(0.00%) |      8       4      12      4 |    0.20        0.00
GET      /api/checklists                                                                    1     0(0.00%) |      4       4       4      4 |    0.00        0.00
GET      /api/checklists/1/lock                                                             3   3(100.00%) |   2455    2450    2462   2462 |    0.30        0.30
PUT      /api/doc/{id}/lock [PUT heartbeat]                                                 3   3(100.00%) |   2389    2253    2460   2460 |    0.30        0.30
GET      /api/events                                                                        6     0(0.00%) |     16       5      37      7 |    0.40        0.00
POST     /api/events [POST]                                                                24     0(0.00%) |     11       6      26      9 |    2.00        0.00
DELETE   /api/events/{id} [DELETE]                                                         20     0(0.00%) |   2149    2060    2469   2100 |    1.50        0.00
PUT      /api/events/{id} [PUT]                                                            24  24(100.00%) |      8       4      24      5 |    2.00        2.00
GET      /api/kanban                                                                        6     0(0.00%) |     11       4      41      6 |    0.50        0.00
GET      /api/notifications/count                                                          13     0(0.00%) |   2054      33    2463   2463 |    1.30        0.00
GET      /api/notifications/pending                                                        13     0(0.00%) |   2394    2253    2459   2459 |    1.30        0.00
POST     /api/upload/image [POST]                                                           9   9(100.00%) |     17       5      57      6 |    0.60        0.60
GET      /check                                                                             4     0(0.00%) |      6       4       7      5 |    0.30        0.00
GET      /project-manage                                                                    5     0(0.00%) |     62       5     202     10 |    0.30        0.00
GET      /trash                                                                             1     0(0.00%) |      5       5       5      5 |    0.00        0.00
GET      [warmup] cookie check                                                             10     0(0.00%) |   2193    2181    2212   2200 |    1.00        0.00
--------|----------------------------------------------------------------------------|-------|-------------|-------|-------|-------|-------|--------|-----------
         Aggregated                                                                       144   39(27.08%) |    961       4    2469     24 |   12.00        3.20

Type     Name                                                                          # reqs      # fails |    Avg     Min     Max    Med |   req/s  failures/s
--------|----------------------------------------------------------------------------|-------|-------------|-------|-------|-------|-------|--------|-----------
GET      /                                                                                  2     0(0.00%) |      8       4      12      4 |    0.20        0.00
GET      /api/checklists                                                                    1     0(0.00%) |      4       4       4      4 |    0.10        0.00
GET      /api/checklists/1/lock                                                             3   3(100.00%) |   2455    2450    2462   2462 |    0.30        0.30
PUT      /api/doc/{id}/lock [PUT heartbeat]                                                 3   3(100.00%) |   2389    2253    2460   2460 |    0.30        0.30
GET      /api/events                                                                        6     0(0.00%) |     16       5      37      7 |    0.50        0.00
POST     /api/events [POST]                                                                28     0(0.00%) |     11       6      26      9 |    1.70        0.00
DELETE   /api/events/{id} [DELETE]                                                         23     0(0.00%) |   2139    2060    2469   2100 |    2.00        0.00
PUT      /api/events/{id} [PUT]                                                            28  28(100.00%) |      7       3      24      5 |    1.70        1.70
GET      /api/kanban                                                                        8     0(0.00%) |      9       4      41      5 |    0.50        0.00
GET      /api/notifications/count                                                          13     0(0.00%) |   2054      33    2463   2463 |    1.10        0.00
GET      /api/notifications/pending                                                        13     0(0.00%) |   2394    2253    2459   2459 |    1.30        0.00
POST     /api/upload/image [POST]                                                          10  10(100.00%) |     16       4      57      6 |    0.60        0.60
GET      /check                                                                             4     0(0.00%) |      6       4       7      5 |    0.30        0.00
GET      /project-manage                                                                    5     0(0.00%) |     62       5     202     10 |    0.50        0.00
GET      /trash                                                                             3     0(0.00%) |     10       5      14     11 |    0.00        0.00
GET      [warmup] cookie check                                                             10     0(0.00%) |   2193    2181    2212   2200 |    0.00        0.00
--------|----------------------------------------------------------------------------|-------|-------------|-------|-------|-------|-------|--------|-----------
         Aggregated                                                                       160   44(27.50%) |    904       3    2469     17 |   11.10        2.90

Type     Name                                                                          # reqs      # fails |    Avg     Min     Max    Med |   req/s  failures/s
--------|----------------------------------------------------------------------------|-------|-------------|-------|-------|-------|-------|--------|-----------
GET      /                                                                                  2     0(0.00%) |      8       4      12      4 |    0.10        0.00
GET      /api/checklists                                                                    1     0(0.00%) |      4       4       4      4 |    0.10        0.00
GET      /api/checklists/1/lock                                                             3   3(100.00%) |   2455    2450    2462   2462 |    0.00        0.00
PUT      /api/doc/{id}/lock [PUT heartbeat]                                                 3   3(100.00%) |   2389    2253    2460   2460 |    0.00        0.00
GET      /api/events                                                                        7     0(0.00%) |     15       5      37     15 |    0.50        0.00
POST     /api/events [POST]                                                                31     0(0.00%) |     10       5      26      8 |    2.00        0.00
DELETE   /api/events/{id} [DELETE]                                                         28     0(0.00%) |   2127    2060    2469   2100 |    1.70        0.00
PUT      /api/events/{id} [PUT]                                                            31  31(100.00%) |      7       3      24      5 |    2.00        2.00
GET      /api/kanban                                                                       10     0(0.00%) |      8       4      41      5 |    0.60        0.00
GET      /api/notifications/count                                                          13     0(0.00%) |   2054      33    2463   2463 |    0.00        0.00
GET      /api/notifications/pending                                                        13     0(0.00%) |   2394    2253    2459   2459 |    0.00        0.00
POST     /api/upload/image [POST]                                                          10  10(100.00%) |     16       4      57      6 |    0.70        0.70
GET      /check                                                                             6     0(0.00%) |     11       4      38      5 |    0.30        0.00
GET      /project-manage                                                                    5     0(0.00%) |     62       5     202     10 |    0.20        0.00
GET      /trash                                                                             4     0(0.00%) |      9       5      14      6 |    0.30        0.00
GET      [warmup] cookie check                                                             10     0(0.00%) |   2193    2181    2212   2200 |    0.00        0.00
--------|----------------------------------------------------------------------------|-------|-------------|-------|-------|-------|-------|--------|-----------
         Aggregated                                                                       177   47(26.55%) |    877       3    2469     15 |    8.50        2.70

Type     Name                                                                          # reqs      # fails |    Avg     Min     Max    Med |   req/s  failures/s
--------|----------------------------------------------------------------------------|-------|-------------|-------|-------|-------|-------|--------|-----------
GET      /                                                                                  2     0(0.00%) |      8       4      12      4 |    0.00        0.00
GET      /api/checklists                                                                    2     0(0.00%) |      4       4       4      4 |    0.10        0.00
GET      /api/checklists/1/lock                                                             3   3(100.00%) |   2455    2450    2462   2462 |    0.00        0.00
PUT      /api/doc/{id}/lock [PUT heartbeat]                                                 3   3(100.00%) |   2389    2253    2460   2460 |    0.00        0.00
GET      /api/events                                                                        7     0(0.00%) |     15       5      37     15 |    0.40        0.00
POST     /api/events [POST]                                                                34     0(0.00%) |     10       5      26      8 |    1.80        0.00
DELETE   /api/events/{id} [DELETE]                                                         30     0(0.00%) |   2124    2060    2469   2100 |    2.00        0.00
PUT      /api/events/{id} [PUT]                                                            34  34(100.00%) |      7       3      24      5 |    1.80        1.80
GET      /api/kanban                                                                       11     0(0.00%) |      8       4      41      5 |    0.80        0.00
GET      /api/notifications/count                                                          13     0(0.00%) |   2054      33    2463   2463 |    0.00        0.00
GET      /api/notifications/pending                                                        13     0(0.00%) |   2394    2253    2459   2459 |    0.00        0.00
POST     /api/upload/image [POST]                                                          11  11(100.00%) |     15       4      57      6 |    0.50        0.50
GET      /check                                                                             6     0(0.00%) |     11       4      38      5 |    0.20        0.00
GET      /project-manage                                                                    6     0(0.00%) |     52       5     202      7 |    0.20        0.00
GET      /trash                                                                             5     0(0.00%) |      9       5      14     11 |    0.30        0.00
GET      [warmup] cookie check                                                             10     0(0.00%) |   2193    2181    2212   2200 |    0.00        0.00
--------|----------------------------------------------------------------------------|-------|-------------|-------|-------|-------|-------|--------|-----------
         Aggregated                                                                       190   51(26.84%) |    839       3    2469     12 |    8.10        2.30

Type     Name                                                                          # reqs      # fails |    Avg     Min     Max    Med |   req/s  failures/s
--------|----------------------------------------------------------------------------|-------|-------------|-------|-------|-------|-------|--------|-----------
GET      /                                                                                  3     0(0.00%) |      7       4      12      5 |    0.00        0.00
GET      /api/checklists                                                                    2     0(0.00%) |      4       4       4      4 |    0.20        0.00
GET      /api/checklists/1/lock                                                             3   3(100.00%) |   2455    2450    2462   2462 |    0.00        0.00
PUT      /api/doc/{id}/lock [PUT heartbeat]                                                 3   3(100.00%) |   2389    2253    2460   2460 |    0.00        0.00
GET      /api/events                                                                        9     0(0.00%) |     13       5      37      7 |    0.40        0.00
POST     /api/events [POST]                                                                37     0(0.00%) |      9       5      26      8 |    1.70        0.00
DELETE   /api/events/{id} [DELETE]                                                         34     0(0.00%) |   2118    2060    2469   2100 |    1.70        0.00
PUT      /api/events/{id} [PUT]                                                            37  37(100.00%) |      7       3      24      5 |    1.70        1.70
GET      /api/kanban                                                                       11     0(0.00%) |      8       4      41      5 |    0.80        0.00
GET      /api/notifications/count                                                          13     0(0.00%) |   2054      33    2463   2463 |    0.00        0.00
GET      /api/notifications/pending                                                        13     0(0.00%) |   2394    2253    2459   2459 |    0.00        0.00
POST     /api/upload/image [POST]                                                          11  11(100.00%) |     15       4      57      6 |    0.50        0.50
GET      /check                                                                             7     0(0.00%) |     10       4      38      7 |    0.40        0.00
GET      /project-manage                                                                    6     0(0.00%) |     52       5     202      7 |    0.30        0.00
GET      /trash                                                                             5     0(0.00%) |      9       5      14     11 |    0.40        0.00
GET      [warmup] cookie check                                                             10     0(0.00%) |   2193    2181    2212   2200 |    0.00        0.00
--------|----------------------------------------------------------------------------|-------|-------------|-------|-------|-------|-------|--------|-----------
         Aggregated                                                                       204   54(26.47%) |    822       3    2469     11 |    8.10        2.20

Type     Name                                                                          # reqs      # fails |    Avg     Min     Max    Med |   req/s  failures/s
--------|----------------------------------------------------------------------------|-------|-------------|-------|-------|-------|-------|--------|-----------
GET      /                                                                                  3     0(0.00%) |      7       4      12      5 |    0.10        0.00
GET      /api/checklists                                                                    3     0(0.00%) |      4       4       4      4 |    0.20        0.00
GET      /api/checklists/1/lock                                                             3   3(100.00%) |   2455    2450    2462   2462 |    0.00        0.00
PUT      /api/doc/{id}/lock [PUT heartbeat]                                                 3   3(100.00%) |   2389    2253    2460   2460 |    0.00        0.00
GET      /api/events                                                                       10     0(0.00%) |     12       4      37      6 |    0.40        0.00
POST     /api/events [POST]                                                                42     0(0.00%) |      9       5      26      8 |    1.60        0.00
DELETE   /api/events/{id} [DELETE]                                                         37     0(0.00%) |   2114    2060    2469   2100 |    1.70        0.00
PUT      /api/events/{id} [PUT]                                                            42  42(100.00%) |      6       3      24      5 |    1.60        1.60
GET      /api/kanban                                                                       12     0(0.00%) |      8       3      41      5 |    0.60        0.00
GET      /api/notifications/count                                                          13     0(0.00%) |   2054      33    2463   2463 |    0.00        0.00
GET      /api/notifications/pending                                                        13     0(0.00%) |   2394    2253    2459   2459 |    0.00        0.00
POST     /api/upload/image [POST]                                                          12  12(100.00%) |     14       4      57      6 |    0.50        0.50
GET      /check                                                                             8     0(0.00%) |     10       4      38      5 |    0.30        0.00
GET      /project-manage                                                                    6     0(0.00%) |     52       5     202      7 |    0.30        0.00
GET      /trash                                                                             5     0(0.00%) |      9       5      14     11 |    0.50        0.00
GET      [warmup] cookie check                                                             10     0(0.00%) |   2193    2181    2212   2200 |    0.00        0.00
--------|----------------------------------------------------------------------------|-------|-------------|-------|-------|-------|-------|--------|-----------
         Aggregated                                                                       222   60(27.03%) |    784       3    2469      9 |    7.80        2.10

Type     Name                                                                          # reqs      # fails |    Avg     Min     Max    Med |   req/s  failures/s
--------|----------------------------------------------------------------------------|-------|-------------|-------|-------|-------|-------|--------|-----------
GET      /                                                                                  4     0(0.00%) |      6       3      12      4 |    0.10        0.00
GET      /api/checklists                                                                    3     0(0.00%) |      4       4       4      4 |    0.20        0.00
GET      /api/checklists/1/lock                                                             3   3(100.00%) |   2455    2450    2462   2462 |    0.00        0.00
PUT      /api/doc/{id}/lock [PUT heartbeat]                                                 3   3(100.00%) |   2389    2253    2460   2460 |    0.00        0.00
GET      /api/events                                                                       11     0(0.00%) |     12       4      37      6 |    0.30        0.00
POST     /api/events [POST]                                                                46     0(0.00%) |      9       5      26      8 |    2.00        0.00
DELETE   /api/events/{id} [DELETE]                                                         42     0(0.00%) |   2109    2060    2469   2100 |    1.60        0.00
PUT      /api/events/{id} [PUT]                                                            46  46(100.00%) |      6       3      24      5 |    2.00        2.00
GET      /api/kanban                                                                       14     0(0.00%) |      7       3      41      5 |    0.50        0.00
GET      /api/notifications/count                                                          13     0(0.00%) |   2054      33    2463   2463 |    0.00        0.00
GET      /api/notifications/pending                                                        13     0(0.00%) |   2394    2253    2459   2459 |    0.00        0.00
POST     /api/upload/image [POST]                                                          13  13(100.00%) |     13       4      57      6 |    0.30        0.30
GET      /check                                                                             9     0(0.00%) |     10       4      38      7 |    0.50        0.00
GET      /project-manage                                                                    6     0(0.00%) |     52       5     202      7 |    0.10        0.00
GET      /trash                                                                             5     0(0.00%) |      9       5      14     11 |    0.50        0.00
GET      [warmup] cookie check                                                             10     0(0.00%) |   2193    2181    2212   2200 |    0.00        0.00
--------|----------------------------------------------------------------------------|-------|-------------|-------|-------|-------|-------|--------|-----------
         Aggregated                                                                       241   65(26.97%) |    765       3    2469      9 |    8.10        2.30

Type     Name                                                                          # reqs      # fails |    Avg     Min     Max    Med |   req/s  failures/s
--------|----------------------------------------------------------------------------|-------|-------------|-------|-------|-------|-------|--------|-----------
GET      /                                                                                  6     0(0.00%) |      6       3      12      5 |    0.10        0.00
GET      /api/checklists                                                                    3     0(0.00%) |      4       4       4      4 |    0.20        0.00
GET      /api/checklists/1/lock                                                             3   3(100.00%) |   2455    2450    2462   2462 |    0.00        0.00
PUT      /api/doc/{id}/lock [PUT heartbeat]                                                 3   3(100.00%) |   2389    2253    2460   2460 |    0.00        0.00
GET      /api/events                                                                       11     0(0.00%) |     12       4      37      6 |    0.40        0.00
POST     /api/events [POST]                                                                49     0(0.00%) |      9       5      26      8 |    1.60        0.00
DELETE   /api/events/{id} [DELETE]                                                         45     0(0.00%) |   2106    2060    2469   2100 |    2.00        0.00
PUT      /api/events/{id} [PUT]                                                            49  49(100.00%) |      6       3      24      5 |    1.60        1.60
GET      /api/kanban                                                                       15     0(0.00%) |      7       3      41      5 |    0.60        0.00
GET      /api/notifications/count                                                          13     0(0.00%) |   2054      33    2463   2463 |    0.00        0.00
GET      /api/notifications/pending                                                        13     0(0.00%) |   2394    2253    2459   2459 |    0.00        0.00
POST     /api/upload/image [POST]                                                          14  14(100.00%) |     13       4      57      6 |    0.40        0.40
GET      /check                                                                             9     0(0.00%) |     10       4      38      7 |    0.40        0.00
GET      /project-manage                                                                    6     0(0.00%) |     52       5     202      7 |    0.10        0.00
GET      /trash                                                                             5     0(0.00%) |      9       5      14     11 |    0.20        0.00
GET      [warmup] cookie check                                                             10     0(0.00%) |   2193    2181    2212   2200 |    0.00        0.00
--------|----------------------------------------------------------------------------|-------|-------------|-------|-------|-------|-------|--------|-----------
         Aggregated                                                                       254   69(27.17%) |    751       3    2469      9 |    7.60        2.00

Type     Name                                                                          # reqs      # fails |    Avg     Min     Max    Med |   req/s  failures/s
--------|----------------------------------------------------------------------------|-------|-------------|-------|-------|-------|-------|--------|-----------
GET      /                                                                                  7     0(0.00%) |      6       3      12      5 |    0.30        0.00
GET      /api/checklists                                                                    4     0(0.00%) |      4       4       5      4 |    0.20        0.00
GET      /api/checklists/1/lock                                                             3   3(100.00%) |   2455    2450    2462   2462 |    0.00        0.00
PUT      /api/doc/{id}/lock [PUT heartbeat]                                                 3   3(100.00%) |   2389    2253    2460   2460 |    0.00        0.00
GET      /api/events                                                                       12     0(0.00%) |     14       4      41      6 |    0.40        0.00
POST     /api/events [POST]                                                                54     0(0.00%) |      9       5      26      8 |    1.80        0.00
DELETE   /api/events/{id} [DELETE]                                                         49     0(0.00%) |   2103    2059    2469   2100 |    1.60        0.00
PUT      /api/events/{id} [PUT]                                                            54  54(100.00%) |      6       3      24      5 |    1.80        1.80
GET      /api/kanban                                                                       15     0(0.00%) |      7       3      41      5 |    0.50        0.00
GET      /api/notifications/count                                                          13     0(0.00%) |   2054      33    2463   2463 |    0.00        0.00
GET      /api/notifications/pending                                                        13     0(0.00%) |   2394    2253    2459   2459 |    0.00        0.00
POST     /api/upload/image [POST]                                                          14  14(100.00%) |     13       4      57      6 |    0.40        0.40
GET      /check                                                                             9     0(0.00%) |     10       4      38      7 |    0.50        0.00
GET      /project-manage                                                                    6     0(0.00%) |     52       5     202      7 |    0.10        0.00
GET      /trash                                                                             5     0(0.00%) |      9       5      14     11 |    0.20        0.00
GET      [warmup] cookie check                                                             10     0(0.00%) |   2193    2181    2212   2200 |    0.00        0.00
--------|----------------------------------------------------------------------------|-------|-------------|-------|-------|-------|-------|--------|-----------
         Aggregated                                                                       271   74(27.31%) |    735       3    2469      9 |    7.80        2.20

Type     Name                                                                          # reqs      # fails |    Avg     Min     Max    Med |   req/s  failures/s
--------|----------------------------------------------------------------------------|-------|-------------|-------|-------|-------|-------|--------|-----------
GET      /                                                                                  8     0(0.00%) |      7       3      12      5 |    0.50        0.00
GET      /api/checklists                                                                    5     0(0.00%) |      4       4       5      5 |    0.20        0.00
GET      /api/checklists/1/lock                                                             3   3(100.00%) |   2455    2450    2462   2462 |    0.00        0.00
PUT      /api/doc/{id}/lock [PUT heartbeat]                                                 3   3(100.00%) |   2389    2253    2460   2460 |    0.00        0.00
GET      /api/events                                                                       12     0(0.00%) |     14       4      41      6 |    0.40        0.00
POST     /api/events [POST]                                                                59     0(0.00%) |     10       5      40      8 |    2.00        0.00
DELETE   /api/events/{id} [DELETE]                                                         54     0(0.00%) |   2101    2059    2469   2100 |    1.80        0.00
PUT      /api/events/{id} [PUT]                                                            59  59(100.00%) |      7       3      24      5 |    2.00        2.00
GET      /api/kanban                                                                       15     0(0.00%) |      7       3      41      5 |    0.40        0.00
GET      /api/notifications/count                                                          13     0(0.00%) |   2054      33    2463   2463 |    0.00        0.00
GET      /api/notifications/pending                                                        13     0(0.00%) |   2394    2253    2459   2459 |    0.00        0.00
POST     /api/upload/image [POST]                                                          14  14(100.00%) |     13       4      57      6 |    0.30        0.30
GET      /check                                                                            10     0(0.00%) |     10       4      38      7 |    0.30        0.00
GET      /project-manage                                                                    7     0(0.00%) |     54       5     202     10 |    0.00        0.00
GET      /trash                                                                             6     0(0.00%) |      9       5      14      8 |    0.10        0.00
GET      [warmup] cookie check                                                             10     0(0.00%) |   2193    2181    2212   2200 |    0.00        0.00
--------|----------------------------------------------------------------------------|-------|-------------|-------|-------|-------|-------|--------|-----------
         Aggregated                                                                       291   79(27.15%) |    721       3    2469      9 |    8.00        2.30

Type     Name                                                                          # reqs      # fails |    Avg     Min     Max    Med |   req/s  failures/s
--------|----------------------------------------------------------------------------|-------|-------------|-------|-------|-------|-------|--------|-----------
GET      /                                                                                  8     0(0.00%) |      7       3      12      5 |    0.40        0.00
GET      /api/checklists                                                                    6     0(0.00%) |      5       4       6      5 |    0.30        0.00
GET      /api/checklists/1/lock                                                             3   3(100.00%) |   2455    2450    2462   2462 |    0.00        0.00
PUT      /api/doc/{id}/lock [PUT heartbeat]                                                 3   3(100.00%) |   2389    2253    2460   2460 |    0.00        0.00
GET      /api/events                                                                       12     0(0.00%) |     14       4      41      6 |    0.40        0.00
POST     /api/events [POST]                                                                62     0(0.00%) |     10       5      40      8 |    2.10        0.00
DELETE   /api/events/{id} [DELETE]                                                         57     0(0.00%) |   2100    2059    2469   2100 |    2.00        0.00
PUT      /api/events/{id} [PUT]                                                            62  62(100.00%) |      7       3      24      5 |    2.10        2.10
GET      /api/kanban                                                                       18     0(0.00%) |      7       3      41      5 |    0.40        0.00
GET      /api/notifications/count                                                          13     0(0.00%) |   2054      33    2463   2463 |    0.00        0.00
GET      /api/notifications/pending                                                        13     0(0.00%) |   2394    2253    2459   2459 |    0.00        0.00
POST     /api/upload/image [POST]                                                          15  15(100.00%) |     12       4      57      6 |    0.30        0.30
GET      /check                                                                            11     0(0.00%) |     10       4      38      7 |    0.40        0.00
GET      /project-manage                                                                    7     0(0.00%) |     54       5     202     10 |    0.00        0.00
GET      /trash                                                                             6     0(0.00%) |      9       5      14      8 |    0.10        0.00
GET      [warmup] cookie check                                                             10     0(0.00%) |   2193    2181    2212   2200 |    0.00        0.00
--------|----------------------------------------------------------------------------|-------|-------------|-------|-------|-------|-------|--------|-----------
         Aggregated                                                                       306   83(27.12%) |    706       3    2469      9 |    8.50        2.40

Type     Name                                                                          # reqs      # fails |    Avg     Min     Max    Med |   req/s  failures/s
--------|----------------------------------------------------------------------------|-------|-------------|-------|-------|-------|-------|--------|-----------
GET      /                                                                                  9     0(0.00%) |      6       3      12      5 |    0.50        0.00
GET      /api/checklists                                                                    6     0(0.00%) |      5       4       6      5 |    0.20        0.00
GET      /api/checklists/1/lock                                                             3   3(100.00%) |   2455    2450    2462   2462 |    0.00        0.00
PUT      /api/doc/{id}/lock [PUT heartbeat]                                                 4   4(100.00%) |   1793       6    2460   2300 |    0.00        0.00
GET      /api/events                                                                       13     0(0.00%) |     14       4      41      7 |    0.30        0.00
POST     /api/events [POST]                                                                65     0(0.00%) |     10       5      40      8 |    1.90        0.00
DELETE   /api/events/{id} [DELETE]                                                         62     0(0.00%) |   2098    2059    2469   2100 |    2.00        0.00
PUT      /api/events/{id} [PUT]                                                            65  65(100.00%) |      7       3      24      5 |    1.90        1.90
GET      /api/kanban                                                                       20     0(0.00%) |      7       3      41      5 |    0.60        0.00
GET      /api/notifications/count                                                          13     0(0.00%) |   2054      33    2463   2463 |    0.00        0.00
GET      /api/notifications/pending                                                        13     0(0.00%) |   2394    2253    2459   2459 |    0.00        0.00
POST     /api/upload/image [POST]                                                          16  16(100.00%) |     12       4      57      6 |    0.30        0.30
GET      /calendar                                                                          1     0(0.00%) |     11      11      11     11 |    0.00        0.00
GET      /check                                                                            12     0(0.00%) |     10       4      38      7 |    0.30        0.00
GET      /project-manage                                                                    8     0(0.00%) |     50       5     202     10 |    0.10        0.00
GET      /trash                                                                             7     0(0.00%) |      8       5      14      8 |    0.10        0.00
GET      [warmup] cookie check                                                             10     0(0.00%) |   2193    2181    2212   2200 |    0.00        0.00
--------|----------------------------------------------------------------------------|-------|-------------|-------|-------|-------|-------|--------|-----------
         Aggregated                                                                       327   88(26.91%) |    693       3    2469      9 |    8.20        2.20

Type     Name                                                                          # reqs      # fails |    Avg     Min     Max    Med |   req/s  failures/s
--------|----------------------------------------------------------------------------|-------|-------------|-------|-------|-------|-------|--------|-----------
GET      /                                                                                 10     0(0.00%) |      7       3      12      5 |    0.60        0.00
GET      /api/checklists                                                                    6     0(0.00%) |      5       4       6      5 |    0.30        0.00
GET      /api/checklists/1/lock                                                             6   6(100.00%) |   2296    2135    2462   2135 |    0.00        0.00
PUT      /api/doc/{id}/lock [PUT heartbeat]                                                 6   6(100.00%) |   1897       6    2460   2100 |    0.10        0.10
GET      /api/events                                                                       14     0(0.00%) |     13       4      41      6 |    0.30        0.00
POST     /api/events [POST]                                                                68     0(0.00%) |     10       5      40      8 |    2.20        0.00
DELETE   /api/events/{id} [DELETE]                                                         65     0(0.00%) |   2097    2059    2469   2100 |    1.90        0.00
PUT      /api/events/{id} [PUT]                                                            68  68(100.00%) |      7       3      24      5 |    2.20        2.20
GET      /api/kanban                                                                       23     0(0.00%) |      7       3      41      6 |    0.50        0.00
GET      /api/notifications/count                                                          13     0(0.00%) |   2054      33    2463   2463 |    0.00        0.00
GET      /api/notifications/pending                                                        13     0(0.00%) |   2394    2253    2459   2459 |    0.00        0.00
POST     /api/upload/image [POST]                                                          18  18(100.00%) |     15       4      72      6 |    0.20        0.20
GET      /calendar                                                                          1     0(0.00%) |     11      11      11     11 |    0.00        0.00
GET      /check                                                                            14     0(0.00%) |     10       4      38      8 |    0.40        0.00
GET      /project-manage                                                                   10     0(0.00%) |     41       5     202      7 |    0.10        0.00
GET      /trash                                                                             7     0(0.00%) |      8       5      14      8 |    0.10        0.00
GET      [warmup] cookie check                                                             10     0(0.00%) |   2193    2181    2212   2200 |    0.00        0.00
--------|----------------------------------------------------------------------------|-------|-------------|-------|-------|-------|-------|--------|-----------
         Aggregated                                                                       352   98(27.84%) |    692       3    2469      9 |    8.90        2.50

Type     Name                                                                          # reqs      # fails |    Avg     Min     Max    Med |   req/s  failures/s
--------|----------------------------------------------------------------------------|-------|-------------|-------|-------|-------|-------|--------|-----------
GET      /                                                                                 10     0(0.00%) |      7       3      12      5 |    0.40        0.00
GET      /api/checklists                                                                    6     0(0.00%) |      5       4       6      5 |    0.30        0.00
GET      /api/checklists/1/lock                                                             6   6(100.00%) |   2296    2135    2462   2135 |    0.30        0.30
PUT      /api/doc/{id}/lock [PUT heartbeat]                                                 6   6(100.00%) |   1897       6    2460   2100 |    0.30        0.30
GET      /api/events                                                                       17     0(0.00%) |     12       4      41      7 |    0.20        0.00
POST     /api/events [POST]                                                                71     0(0.00%) |     10       5      40      8 |    1.80        0.00
DELETE   /api/events/{id} [DELETE]                                                         68     0(0.00%) |   2095    2053    2469   2100 |    2.20        0.00
PUT      /api/events/{id} [PUT]                                                            71  71(100.00%) |      7       3      24      6 |    1.80        1.80
GET      /api/kanban                                                                       24     0(0.00%) |      7       3      41      5 |    0.70        0.00
GET      /api/notifications/count                                                          13     0(0.00%) |   2054      33    2463   2463 |    0.00        0.00
GET      /api/notifications/pending                                                        13     0(0.00%) |   2394    2253    2459   2459 |    0.00        0.00
POST     /api/upload/image [POST]                                                          19  19(100.00%) |     14       4      72      6 |    0.30        0.30
GET      /calendar                                                                          2     0(0.00%) |      9       8      11      9 |    0.10        0.00
GET      /check                                                                            14     0(0.00%) |     10       4      38      8 |    0.40        0.00
GET      /project-manage                                                                   11     0(0.00%) |     38       5     202      7 |    0.40        0.00
GET      /trash                                                                             7     0(0.00%) |      8       5      14      8 |    0.20        0.00
GET      [warmup] cookie check                                                             10     0(0.00%) |   2193    2181    2212   2200 |    0.00        0.00
--------|----------------------------------------------------------------------------|-------|-------------|-------|-------|-------|-------|--------|-----------
         Aggregated                                                                       368  102(27.72%) |    679       3    2469      9 |    9.40        2.70

Type     Name                                                                          # reqs      # fails |    Avg     Min     Max    Med |   req/s  failures/s
--------|----------------------------------------------------------------------------|-------|-------------|-------|-------|-------|-------|--------|-----------
GET      /                                                                                 10     0(0.00%) |      7       3      12      5 |    0.30        0.00
GET      /api/checklists                                                                    6     0(0.00%) |      5       4       6      5 |    0.20        0.00
GET      /api/checklists/1/lock                                                             6   6(100.00%) |   2296    2135    2462   2135 |    0.30        0.30
PUT      /api/doc/{id}/lock [PUT heartbeat]                                                 6   6(100.00%) |   1897       6    2460   2100 |    0.30        0.30
GET      /api/events                                                                       18     0(0.00%) |     12       4      41      7 |    0.40        0.00
POST     /api/events [POST]                                                                74     0(0.00%) |     10       5      40      8 |    1.90        0.00
DELETE   /api/events/{id} [DELETE]                                                         71     0(0.00%) |   2094    2053    2469   2100 |    1.80        0.00
PUT      /api/events/{id} [PUT]                                                            74  74(100.00%) |      7       3      24      5 |    1.90        1.90
GET      /api/kanban                                                                       25     0(0.00%) |      7       3      41      5 |    0.90        0.00
GET      /api/notifications/count                                                          13     0(0.00%) |   2054      33    2463   2463 |    0.00        0.00
GET      /api/notifications/pending                                                        13     0(0.00%) |   2394    2253    2459   2459 |    0.00        0.00
POST     /api/upload/image [POST]                                                          20  20(100.00%) |     14       4      72      6 |    0.40        0.40
GET      /calendar                                                                          3     0(0.00%) |      8       6      11      9 |    0.10        0.00
GET      /check                                                                            15     0(0.00%) |     10       4      38      8 |    0.50        0.00
GET      /project-manage                                                                   12     0(0.00%) |     35       5     202      7 |    0.50        0.00
GET      /trash                                                                             7     0(0.00%) |      8       5      14      8 |    0.20        0.00
GET      [warmup] cookie check                                                             10     0(0.00%) |   2193    2181    2212   2200 |    0.00        0.00
--------|----------------------------------------------------------------------------|-------|-------------|-------|-------|-------|-------|--------|-----------
         Aggregated                                                                       383  106(27.68%) |    669       3    2469      9 |    9.70        2.90

Type     Name                                                                          # reqs      # fails |    Avg     Min     Max    Med |   req/s  failures/s
--------|----------------------------------------------------------------------------|-------|-------------|-------|-------|-------|-------|--------|-----------
GET      /                                                                                 10     0(0.00%) |      7       3      12      5 |    0.30        0.00
GET      /api/checklists                                                                    7     0(0.00%) |      5       4       6      6 |    0.10        0.00
GET      /api/checklists/1/lock                                                             6   6(100.00%) |   2296    2135    2462   2135 |    0.30        0.30
PUT      /api/doc/{id}/lock [PUT heartbeat]                                                 6   6(100.00%) |   1897       6    2460   2100 |    0.30        0.30
GET      /api/events                                                                       18     0(0.00%) |     12       4      41      7 |    0.50        0.00
POST     /api/events [POST]                                                                78     0(0.00%) |      9       5      40      8 |    1.50        0.00
DELETE   /api/events/{id} [DELETE]                                                         74     0(0.00%) |   2093    2053    2469   2100 |    1.80        0.00
PUT      /api/events/{id} [PUT]                                                            78  78(100.00%) |      7       3      24      6 |    1.50        1.50
GET      /api/kanban                                                                       26     0(0.00%) |      7       3      41      5 |    0.90        0.00
GET      /api/notifications/count                                                          13     0(0.00%) |   2054      33    2463   2463 |    0.00        0.00
GET      /api/notifications/pending                                                        13     0(0.00%) |   2394    2253    2459   2459 |    0.00        0.00
POST     /api/upload/image [POST]                                                          21  21(100.00%) |     13       3      72      6 |    0.50        0.50
GET      /calendar                                                                          3     0(0.00%) |      8       6      11      9 |    0.20        0.00
GET      /check                                                                            16     0(0.00%) |     10       4      38      8 |    0.40        0.00
GET      /project-manage                                                                   13     0(0.00%) |     33       5     202      7 |    0.60        0.00
GET      /trash                                                                             8     0(0.00%) |      8       5      14      7 |    0.10        0.00
GET      [warmup] cookie check                                                             10     0(0.00%) |   2193    2181    2212   2200 |    0.00        0.00
--------|----------------------------------------------------------------------------|-------|-------------|-------|-------|-------|-------|--------|-----------
         Aggregated                                                                       400  111(27.75%) |    656       3    2469      8 |    9.00        2.60

Type     Name                                                                          # reqs      # fails |    Avg     Min     Max    Med |   req/s  failures/s
--------|----------------------------------------------------------------------------|-------|-------------|-------|-------|-------|-------|--------|-----------
GET      /                                                                                 10     0(0.00%) |      7       3      12      5 |    0.20        0.00
GET      /api/checklists                                                                    7     0(0.00%) |      5       4       6      6 |    0.20        0.00
GET      /api/checklists/1/lock                                                             6   6(100.00%) |   2296    2135    2462   2135 |    0.30        0.30
PUT      /api/doc/{id}/lock [PUT heartbeat]                                                 6   6(100.00%) |   1897       6    2460   2100 |    0.30        0.30
GET      /api/events                                                                       19     0(0.00%) |     11       4      41      7 |    0.60        0.00
POST     /api/events [POST]                                                                80     0(0.00%) |      9       5      40      8 |    1.60        0.00
DELETE   /api/events/{id} [DELETE]                                                         78     0(0.00%) |   2092    2053    2469   2100 |    1.60        0.00
PUT      /api/events/{id} [PUT]                                                            80  80(100.00%) |      7       3      24      6 |    1.60        1.60
GET      /api/kanban                                                                       28     0(0.00%) |      7       3      41      5 |    0.90        0.00
GET      /api/notifications/count                                                          13     0(0.00%) |   2054      33    2463   2463 |    0.00        0.00
GET      /api/notifications/pending                                                        13     0(0.00%) |   2394    2253    2459   2459 |    0.00        0.00
POST     /api/upload/image [POST]                                                          23  23(100.00%) |     13       3      72      6 |    0.60        0.60
GET      /calendar                                                                          3     0(0.00%) |      8       6      11      9 |    0.30        0.00
GET      /check                                                                            18     0(0.00%) |     10       4      38      8 |    0.50        0.00
GET      /project-manage                                                                   15     0(0.00%) |     29       5     202      7 |    0.60        0.00
GET      /trash                                                                             8     0(0.00%) |      8       5      14      7 |    0.10        0.00
GET      [warmup] cookie check                                                             10     0(0.00%) |   2193    2181    2212   2200 |    0.00        0.00
--------|----------------------------------------------------------------------------|-------|-------------|-------|-------|-------|-------|--------|-----------
         Aggregated                                                                       417  115(27.58%) |    650       3    2469      8 |    9.40        2.80

Type     Name                                                                          # reqs      # fails |    Avg     Min     Max    Med |   req/s  failures/s
--------|----------------------------------------------------------------------------|-------|-------------|-------|-------|-------|-------|--------|-----------
GET      /                                                                                 11     0(0.00%) |      7       3      12      7 |    0.10        0.00
GET      /api/checklists                                                                    7     0(0.00%) |      5       4       6      6 |    0.10        0.00
GET      /api/checklists/1/lock                                                             6   6(100.00%) |   2296    2135    2462   2135 |    0.30        0.30
PUT      /api/doc/{id}/lock [PUT heartbeat]                                                 6   6(100.00%) |   1897       6    2460   2100 |    0.20        0.20
GET      /api/events                                                                       20     0(0.00%) |     11       4      41      7 |    0.60        0.00
POST     /api/events [POST]                                                                84     0(0.00%) |      9       5      40      8 |    1.60        0.00
DELETE   /api/events/{id} [DELETE]                                                         80     0(0.00%) |   2092    2053    2469   2100 |    1.60        0.00
PUT      /api/events/{id} [PUT]                                                            84  84(100.00%) |      7       3      24      6 |    1.60        1.60
GET      /api/kanban                                                                       29     0(0.00%) |      7       3      41      5 |    0.80        0.00
GET      /api/notifications/count                                                          13     0(0.00%) |   2054      33    2463   2463 |    0.00        0.00
GET      /api/notifications/pending                                                        13     0(0.00%) |   2394    2253    2459   2459 |    0.00        0.00
POST     /api/upload/image [POST]                                                          23  23(100.00%) |     13       3      72      6 |    0.60        0.60
GET      /calendar                                                                          3     0(0.00%) |      8       6      11      9 |    0.30        0.00
GET      /check                                                                            19     0(0.00%) |     10       4      38      8 |    0.40        0.00
GET      /project-manage                                                                   17     0(0.00%) |     27       5     202      7 |    0.70        0.00
GET      /trash                                                                             9     0(0.00%) |      8       5      14      8 |    0.20        0.00
GET      [warmup] cookie check                                                             10     0(0.00%) |   2193    2181    2212   2200 |    0.00        0.00
--------|----------------------------------------------------------------------------|-------|-------------|-------|-------|-------|-------|--------|-----------
         Aggregated                                                                       434  119(27.42%) |    634       3    2469      9 |    9.10        2.70

Type     Name                                                                          # reqs      # fails |    Avg     Min     Max    Med |   req/s  failures/s
--------|----------------------------------------------------------------------------|-------|-------------|-------|-------|-------|-------|--------|-----------
GET      /                                                                                 12     0(0.00%) |      7       3      12      7 |    0.20        0.00
GET      /api/checklists                                                                    7     0(0.00%) |      5       4       6      6 |    0.10        0.00
GET      /api/checklists/1/lock                                                             6   6(100.00%) |   2296    2135    2462   2135 |    0.00        0.00
PUT      /api/doc/{id}/lock [PUT heartbeat]                                                 6   6(100.00%) |   1897       6    2460   2100 |    0.00        0.00
GET      /api/events                                                                       20     0(0.00%) |     11       4      41      7 |    0.60        0.00
POST     /api/events [POST]                                                                86     0(0.00%) |      9       5      40      8 |    1.60        0.00
DELETE   /api/events/{id} [DELETE]                                                         84     0(0.00%) |   2092    2053    2469   2100 |    1.60        0.00
PUT      /api/events/{id} [PUT]                                                            86  86(100.00%) |      7       3      24      6 |    1.60        1.60
GET      /api/kanban                                                                       30     0(0.00%) |      7       3      41      5 |    0.70        0.00
GET      /api/notifications/count                                                          13     0(0.00%) |   2054      33    2463   2463 |    0.00        0.00
GET      /api/notifications/pending                                                        13     0(0.00%) |   2394    2253    2459   2459 |    0.00        0.00
POST     /api/upload/image [POST]                                                          24  24(100.00%) |     12       3      72      6 |    0.60        0.60
GET      /calendar                                                                          4     0(0.00%) |     11       6      18      9 |    0.20        0.00
GET      /check                                                                            20     0(0.00%) |     10       4      38      8 |    0.60        0.00
GET      /project-manage                                                                   19     0(0.00%) |     26       5     202      7 |    0.60        0.00
GET      /trash                                                                            11     0(0.00%) |      8       5      14      9 |    0.20        0.00
GET      [warmup] cookie check                                                             10     0(0.00%) |   2193    2181    2212   2200 |    0.00        0.00
--------|----------------------------------------------------------------------------|-------|-------------|-------|-------|-------|-------|--------|-----------
         Aggregated                                                                       451  122(27.05%) |    629       3    2469      9 |    8.60        2.20

Type     Name                                                                          # reqs      # fails |    Avg     Min     Max    Med |   req/s  failures/s
--------|----------------------------------------------------------------------------|-------|-------------|-------|-------|-------|-------|--------|-----------
GET      /                                                                                 12     0(0.00%) |      7       3      12      7 |    0.10        0.00
GET      /api/checklists                                                                    7     0(0.00%) |      5       4       6      6 |    0.10        0.00
GET      /api/checklists/1/lock                                                             6   6(100.00%) |   2296    2135    2462   2135 |    0.00        0.00
PUT      /api/doc/{id}/lock [PUT heartbeat]                                                 6   6(100.00%) |   1897       6    2460   2100 |    0.00        0.00
GET      /api/events                                                                       22     0(0.00%) |     11       4      41      7 |    0.50        0.00
POST     /api/events [POST]                                                                87     0(0.00%) |      9       5      40      8 |    1.50        0.00
DELETE   /api/events/{id} [DELETE]                                                         86     0(0.00%) |   2092    2053    2469   2100 |    1.70        0.00
PUT      /api/events/{id} [PUT]                                                            87  87(100.00%) |      7       3      24      6 |    1.50        1.50
GET      /api/kanban                                                                       30     0(0.00%) |      7       3      41      5 |    0.60        0.00
GET      /api/notifications/count                                                          13     0(0.00%) |   2054      33    2463   2463 |    0.00        0.00
GET      /api/notifications/pending                                                        13     0(0.00%) |   2394    2253    2459   2459 |    0.00        0.00
POST     /api/upload/image [POST]                                                          26  26(100.00%) |     12       3      72      6 |    0.60        0.60
GET      /calendar                                                                          5     0(0.00%) |     10       6      18      9 |    0.20        0.00
GET      /check                                                                            22     0(0.00%) |     10       4      38      9 |    0.50        0.00
GET      /project-manage                                                                   19     0(0.00%) |     26       5     202      7 |    0.80        0.00
GET      /trash                                                                            12     0(0.00%) |      8       5      14      8 |    0.20        0.00
GET      [warmup] cookie check                                                             10     0(0.00%) |   2193    2181    2212   2200 |    0.00        0.00
--------|----------------------------------------------------------------------------|-------|-------------|-------|-------|-------|-------|--------|-----------
         Aggregated                                                                       463  125(27.00%) |    622       3    2469      9 |    8.30        2.10

Type     Name                                                                          # reqs      # fails |    Avg     Min     Max    Med |   req/s  failures/s
--------|----------------------------------------------------------------------------|-------|-------------|-------|-------|-------|-------|--------|-----------
GET      /                                                                                 13     0(0.00%) |      8       3      19      8 |    0.20        0.00
GET      /api/checklists                                                                    7     0(0.00%) |      5       4       6      6 |    0.10        0.00
GET      /api/checklists/1/lock                                                             6   6(100.00%) |   2296    2135    2462   2135 |    0.00        0.00
PUT      /api/doc/{id}/lock [PUT heartbeat]                                                 6   6(100.00%) |   1897       6    2460   2100 |    0.00        0.00
GET      /api/events                                                                       22     0(0.00%) |     11       4      41      7 |    0.40        0.00
POST     /api/events [POST]                                                                93     0(0.00%) |      9       5      40      8 |    1.50        0.00
DELETE   /api/events/{id} [DELETE]                                                         87     0(0.00%) |   2092    2053    2469   2100 |    1.50        0.00
PUT      /api/events/{id} [PUT]                                                            93  93(100.00%) |      7       3      24      6 |    1.50        1.50
GET      /api/kanban                                                                       33     0(0.00%) |      7       3      41      6 |    0.60        0.00
GET      /api/notifications/count                                                          13     0(0.00%) |   2054      33    2463   2463 |    0.00        0.00
GET      /api/notifications/pending                                                        13     0(0.00%) |   2394    2253    2459   2459 |    0.00        0.00
POST     /api/upload/image [POST]                                                          26  26(100.00%) |     12       3      72      6 |    0.50        0.50
GET      /calendar                                                                          5     0(0.00%) |     10       6      18      9 |    0.30        0.00
GET      /check                                                                            23     0(0.00%) |     10       4      38      9 |    0.70        0.00
GET      /project-manage                                                                   19     0(0.00%) |     26       5     202      7 |    0.70        0.00
GET      /trash                                                                            14     0(0.00%) |     10       5      31      9 |    0.50        0.00
GET      [warmup] cookie check                                                             10     0(0.00%) |   2193    2181    2212   2200 |    0.00        0.00
--------|----------------------------------------------------------------------------|-------|-------------|-------|-------|-------|-------|--------|-----------
         Aggregated                                                                       483  131(27.12%) |    601       3    2469      9 |    8.50        2.00

Type     Name                                                                          # reqs      # fails |    Avg     Min     Max    Med |   req/s  failures/s
--------|----------------------------------------------------------------------------|-------|-------------|-------|-------|-------|-------|--------|-----------
GET      /                                                                                 13     0(0.00%) |      8       3      19      8 |    0.30        0.00
GET      /api/checklists                                                                    7     0(0.00%) |      5       4       6      6 |    0.00        0.00
GET      /api/checklists/1/lock                                                             6   6(100.00%) |   2296    2135    2462   2135 |    0.00        0.00
PUT      /api/doc/{id}/lock [PUT heartbeat]                                                 6   6(100.00%) |   1897       6    2460   2100 |    0.00        0.00
GET      /api/events                                                                       22     0(0.00%) |     11       4      41      7 |    0.40        0.00
POST     /api/events [POST]                                                                97     0(0.00%) |     10       5      40      8 |    1.60        0.00
DELETE   /api/events/{id} [DELETE]                                                         92     0(0.00%) |   2092    2053    2469   2100 |    1.50        0.00
PUT      /api/events/{id} [PUT]                                                            97  97(100.00%) |      7       3      24      6 |    1.60        1.60
GET      /api/kanban                                                                       33     0(0.00%) |      7       3      41      6 |    0.70        0.00
GET      /api/notifications/count                                                          13     0(0.00%) |   2054      33    2463   2463 |    0.00        0.00
GET      /api/notifications/pending                                                        13     0(0.00%) |   2394    2253    2459   2459 |    0.00        0.00
POST     /api/upload/image [POST]                                                          27  27(100.00%) |     12       3      72      6 |    0.60        0.60
GET      /calendar                                                                          5     0(0.00%) |     10       6      18      9 |    0.20        0.00
GET      /check                                                                            23     0(0.00%) |     10       4      38      9 |    0.70        0.00
GET      /project-manage                                                                   19     0(0.00%) |     26       5     202      7 |    0.60        0.00
GET      /trash                                                                            15     0(0.00%) |     10       5      31      9 |    0.60        0.00
GET      [warmup] cookie check                                                             10     0(0.00%) |   2193    2181    2212   2200 |    0.00        0.00
--------|----------------------------------------------------------------------------|-------|-------------|-------|-------|-------|-------|--------|-----------
         Aggregated                                                                       498  136(27.31%) |    604       3    2469      9 |    8.80        2.20

Type     Name                                                                          # reqs      # fails |    Avg     Min     Max    Med |   req/s  failures/s
--------|----------------------------------------------------------------------------|-------|-------------|-------|-------|-------|-------|--------|-----------
GET      /                                                                                 13     0(0.00%) |      8       3      19      8 |    0.30        0.00
GET      /api/checklists                                                                    8     0(0.00%) |      5       4       6      5 |    0.00        0.00
GET      /api/checklists/1/lock                                                             6   6(100.00%) |   2296    2135    2462   2135 |    0.00        0.00
PUT      /api/doc/{id}/lock [PUT heartbeat]                                                 6   6(100.00%) |   1897       6    2460   2100 |    0.00        0.00
GET      /api/events                                                                       22     0(0.00%) |     11       4      41      7 |    0.30        0.00
POST     /api/events [POST]                                                               100     0(0.00%) |     10       5      40      8 |    1.40        0.00
DELETE   /api/events/{id} [DELETE]                                                         97     0(0.00%) |   2091    2053    2469   2100 |    1.40        0.00
PUT      /api/events/{id} [PUT]                                                           100 100(100.00%) |      7       3      24      6 |    1.40        1.40
GET      /api/kanban                                                                       34     0(0.00%) |      7       3      41      6 |    0.60        0.00
GET      /api/notifications/count                                                          13     0(0.00%) |   2054      33    2463   2463 |    0.00        0.00
GET      /api/notifications/pending                                                        13     0(0.00%) |   2394    2253    2459   2459 |    0.00        0.00
POST     /api/upload/image [POST]                                                          28  28(100.00%) |     11       3      72      6 |    0.60        0.60
GET      /calendar                                                                          5     0(0.00%) |     10       6      18      9 |    0.20        0.00
GET      /check                                                                            25     0(0.00%) |     10       4      38      9 |    0.70        0.00
GET      /project-manage                                                                   19     0(0.00%) |     26       5     202      7 |    0.50        0.00
GET      /trash                                                                            16     0(0.00%) |      9       5      31      9 |    0.70        0.00
GET      [warmup] cookie check                                                             10     0(0.00%) |   2193    2181    2212   2200 |    0.00        0.00
--------|----------------------------------------------------------------------------|-------|-------------|-------|-------|-------|-------|--------|-----------
         Aggregated                                                                       515  140(27.18%) |    604       3    2469      9 |    8.10        2.00

Type     Name                                                                          # reqs      # fails |    Avg     Min     Max    Med |   req/s  failures/s
--------|----------------------------------------------------------------------------|-------|-------------|-------|-------|-------|-------|--------|-----------
GET      /                                                                                 13     0(0.00%) |      8       3      19      8 |    0.22        0.00
GET      /api/checklists                                                                    9     0(0.00%) |      5       3       6      5 |    0.15        0.00
GET      /api/checklists/1/lock                                                             6   6(100.00%) |   2296    2135    2462   2135 |    0.10        0.10
PUT      /api/doc/{id}/lock [PUT heartbeat]                                                 6   6(100.00%) |   1897       6    2460   2100 |    0.10        0.10
GET      /api/events                                                                       22     0(0.00%) |     11       4      41      7 |    0.37        0.00
POST     /api/events [POST]                                                               102     0(0.00%) |     10       5      40      8 |    1.71        0.00
DELETE   /api/events/{id} [DELETE]                                                         99     0(0.00%) |   2090    2053    2469   2100 |    1.66        0.00
PUT      /api/events/{id} [PUT]                                                           102 102(100.00%) |      7       3      24      6 |    1.71        1.71
GET      /api/kanban                                                                       35     0(0.00%) |      7       3      41      6 |    0.59        0.00
GET      /api/notifications/count                                                          13     0(0.00%) |   2054      33    2463   2463 |    0.22        0.00
GET      /api/notifications/pending                                                        13     0(0.00%) |   2394    2253    2459   2459 |    0.22        0.00
POST     /api/upload/image [POST]                                                          31  31(100.00%) |     11       3      72      6 |    0.52        0.52
GET      /calendar                                                                          5     0(0.00%) |     10       6      18      9 |    0.08        0.00
GET      /check                                                                            26     0(0.00%) |     10       4      38      9 |    0.44        0.00
GET      /project-manage                                                                   19     0(0.00%) |     26       5     202      7 |    0.32        0.00
GET      /trash                                                                            16     0(0.00%) |      9       5      31      9 |    0.27        0.00
GET      [warmup] cookie check                                                             10     0(0.00%) |   2193    2181    2212   2200 |    0.17        0.00
--------|----------------------------------------------------------------------------|-------|-------------|-------|-------|-------|-------|--------|-----------
         Aggregated                                                                       527  145(27.51%) |    599       3    2469      9 |    8.85        2.43

Response time percentiles (approximated)
Type     Name                                                                                  50%    66%    75%    80%    90%    95%    98%    99%  99.9% 99.99%   100% # reqs
--------|--------------------------------------------------------------------------------|--------|------|------|------|------|------|------|------|------|------|------|------
GET      /                                                                                       8      9      9     12     12     20     20     20     20     20     20     13
GET      /api/checklists                                                                         5      6      6      6      7      7      7      7      7      7      7      9
GET      /api/checklists/1/lock                                                               2500   2500   2500   2500   2500   2500   2500   2500   2500   2500   2500      6
PUT      /api/doc/{id}/lock [PUT heartbeat]                                                   2300   2300   2500   2500   2500   2500   2500   2500   2500   2500   2500      6
GET      /api/events                                                                             8      9      9     15     24     37     42     42     42     42     42     22
POST     /api/events [POST]                                                                      9     10     10     11     14     23     27     33     40     40     40    102
DELETE   /api/events/{id} [DELETE]                                                            2100   2100   2100   2100   2100   2100   2500   2500   2500   2500   2500     99
PUT      /api/events/{id} [PUT]                                                                  6      7      9      9     11     18     22     24     25     25     25    102
GET      /api/kanban                                                                             6      7      7      8     10     24     41     41     41     41     41     35
GET      /api/notifications/count                                                             2500   2500   2500   2500   2500   2500   2500   2500   2500   2500   2500     13
GET      /api/notifications/pending                                                           2500   2500   2500   2500   2500   2500   2500   2500   2500   2500   2500     13
POST     /api/upload/image [POST]                                                                6      7      7      7     17     57     73     73     73     73     73     31
GET      /calendar                                                                               9     11     11     19     19     19     19     19     19     19     19      5
GET      /check                                                                                  9     11     11     12     14     19     39     39     39     39     39     26
GET      /project-manage                                                                         7      9     23     31     86    200    200    200    200    200    200     19
GET      /trash                                                                                  9      9     11     11     14     32     32     32     32     32     32     16
GET      [warmup] cookie check                                                                2200   2200   2200   2200   2200   2200   2200   2200   2200   2200   2200     10
--------|--------------------------------------------------------------------------------|--------|------|------|------|------|------|------|------|------|------|------|------
         Aggregated                                                                              9     18   2100   2100   2100   2400   2500   2500   2500   2500   2500    527

Error report
# occurrences      Error                                                                                               
------------------|---------------------------------------------------------------------------------------------------------------------------------------------
102                PUT /api/events/{id} [PUT]: HTTPError('500 Server Error: Internal Server Error for url: /api/events/{id} [PUT]')
31                 POST /api/upload/image [POST]: HTTPError('400 Client Error: Bad Request for url: /api/upload/image [POST]')
6                  PUT /api/doc/{id}/lock [PUT heartbeat]: HTTPError('404 Client Error: Not Found for url: /api/doc/{id}/lock [PUT heartbeat]')
6                  GET /api/checklists/1/lock: HTTPError('404 Client Error: Not Found for url: /api/checklists/1/lock')
------------------|---------------------------------------------------------------------------------------------------------------------------------------------

