Type     Name                                                                          # reqs      # fails |    Avg     Min     Max    Med |   req/s  failures/s
--------|----------------------------------------------------------------------------|-------|-------------|-------|-------|-------|-------|--------|-----------
--------|----------------------------------------------------------------------------|-------|-------------|-------|-------|-------|-------|--------|-----------
         Aggregated                                                                         0     0(0.00%) |      0       0       0      0 |    0.00        0.00

Type     Name                                                                          # reqs      # fails |    Avg     Min     Max    Med |   req/s  failures/s
--------|----------------------------------------------------------------------------|-------|-------------|-------|-------|-------|-------|--------|-----------
--------|----------------------------------------------------------------------------|-------|-------------|-------|-------|-------|-------|--------|-----------
         Aggregated                                                                         0     0(0.00%) |      0       0       0      0 |    0.00        0.00

Type     Name                                                                          # reqs      # fails |    Avg     Min     Max    Med |   req/s  failures/s
--------|----------------------------------------------------------------------------|-------|-------------|-------|-------|-------|-------|--------|-----------
GET      /api/events                                                                        1     0(0.00%) |      8       8       8      8 |    0.00        0.00
GET      /project-manage                                                                    1     0(0.00%) |      7       7       7      7 |    0.00        0.00
GET      [warmup] cookie check                                                              1     0(0.00%) |   2080    2080    2080   2080 |    0.00        0.00
--------|----------------------------------------------------------------------------|-------|-------------|-------|-------|-------|-------|--------|-----------
         Aggregated                                                                         3     0(0.00%) |    698       7    2080      8 |    0.00        0.00

Type     Name                                                                          # reqs      # fails |    Avg     Min     Max    Med |   req/s  failures/s
--------|----------------------------------------------------------------------------|-------|-------------|-------|-------|-------|-------|--------|-----------
GET      /api/events                                                                        1     0(0.00%) |      8       8       8      8 |    0.33        0.00
GET      /api/notifications/count                                                           1     0(0.00%) |   2082    2082    2082   2082 |    0.00        0.00
GET      /api/notifications/pending                                                         1     0(0.00%) |   2083    2083    2083   2083 |    0.00        0.00
POST     /api/upload/image [POST]                                                           1   1(100.00%) |      4       4       4      4 |    0.00        0.00
GET      /project-manage                                                                    1     0(0.00%) |      7       7       7      7 |    0.00        0.00
GET      [warmup] cookie check                                                              1     0(0.00%) |   2080    2080    2080   2080 |    0.33        0.00
--------|----------------------------------------------------------------------------|-------|-------------|-------|-------|-------|-------|--------|-----------
         Aggregated                                                                         6    1(16.67%) |   1044       4    2083      8 |    0.67        0.00

Type     Name                                                                          # reqs      # fails |    Avg     Min     Max    Med |   req/s  failures/s
--------|----------------------------------------------------------------------------|-------|-------------|-------|-------|-------|-------|--------|-----------
GET      /api/events                                                                        1     0(0.00%) |      8       8       8      8 |    0.20        0.00
POST     /api/events [POST]                                                                 1     0(0.00%) |      6       6       6      6 |    0.00        0.00
PUT      /api/events/{id} [PUT]                                                             1   1(100.00%) |      7       7       7      7 |    0.00        0.00
GET      /api/notifications/count                                                           1     0(0.00%) |   2082    2082    2082   2082 |    0.20        0.00
GET      /api/notifications/pending                                                         1     0(0.00%) |   2083    2083    2083   2083 |    0.20        0.00
POST     /api/upload/image [POST]                                                           1   1(100.00%) |      4       4       4      4 |    0.00        0.00
GET      /project-manage                                                                    1     0(0.00%) |      7       7       7      7 |    0.20        0.00
GET      [warmup] cookie check                                                              1     0(0.00%) |   2080    2080    2080   2080 |    0.20        0.00
--------|----------------------------------------------------------------------------|-------|-------------|-------|-------|-------|-------|--------|-----------
         Aggregated                                                                         8    2(25.00%) |    785       4    2083      8 |    1.00        0.00

Type     Name                                                                          # reqs      # fails |    Avg     Min     Max    Med |   req/s  failures/s
--------|----------------------------------------------------------------------------|-------|-------------|-------|-------|-------|-------|--------|-----------
GET      /api/events                                                                        1     0(0.00%) |      8       8       8      8 |    0.14        0.00
POST     /api/events [POST]                                                                 1     0(0.00%) |      6       6       6      6 |    0.00        0.00
DELETE   /api/events/{id} [DELETE]                                                          1     0(0.00%) |   2060    2060    2060   2060 |    0.00        0.00
PUT      /api/events/{id} [PUT]                                                             1   1(100.00%) |      7       7       7      7 |    0.00        0.00
GET      /api/notifications/count                                                           1     0(0.00%) |   2082    2082    2082   2082 |    0.14        0.00
GET      /api/notifications/pending                                                         1     0(0.00%) |   2083    2083    2083   2083 |    0.14        0.00
POST     /api/upload/image [POST]                                                           1   1(100.00%) |      4       4       4      4 |    0.14        0.14
GET      /project-manage                                                                    1     0(0.00%) |      7       7       7      7 |    0.14        0.00
GET      [warmup] cookie check                                                              1     0(0.00%) |   2080    2080    2080   2080 |    0.14        0.00
--------|----------------------------------------------------------------------------|-------|-------------|-------|-------|-------|-------|--------|-----------
         Aggregated                                                                         9    2(22.22%) |    927       4    2083      8 |    0.86        0.14

Type     Name                                                                          # reqs      # fails |    Avg     Min     Max    Med |   req/s  failures/s
--------|----------------------------------------------------------------------------|-------|-------------|-------|-------|-------|-------|--------|-----------
GET      /api/events                                                                        1     0(0.00%) |      8       8       8      8 |    0.12        0.00
POST     /api/events [POST]                                                                 2     0(0.00%) |      7       6       7      7 |    0.12        0.00
DELETE   /api/events/{id} [DELETE]                                                          1     0(0.00%) |   2060    2060    2060   2060 |    0.00        0.00
PUT      /api/events/{id} [PUT]                                                             2   2(100.00%) |      6       5       7      6 |    0.12        0.12
GET      /api/notifications/count                                                           1     0(0.00%) |   2082    2082    2082   2082 |    0.12        0.00
GET      /api/notifications/pending                                                         1     0(0.00%) |   2083    2083    2083   2083 |    0.12        0.00
POST     /api/upload/image [POST]                                                           1   1(100.00%) |      4       4       4      4 |    0.12        0.12
GET      /project-manage                                                                    1     0(0.00%) |      7       7       7      7 |    0.12        0.00
GET      [warmup] cookie check                                                              1     0(0.00%) |   2080    2080    2080   2080 |    0.12        0.00
--------|----------------------------------------------------------------------------|-------|-------------|-------|-------|-------|-------|--------|-----------
         Aggregated                                                                        11    3(27.27%) |    759       4    2083      8 |    1.00        0.25

Type     Name                                                                          # reqs      # fails |    Avg     Min     Max    Med |   req/s  failures/s
--------|----------------------------------------------------------------------------|-------|-------------|-------|-------|-------|-------|--------|-----------
GET      /                                                                                  1     0(0.00%) |      6       6       6      6 |    0.00        0.00
GET      /api/events                                                                        1     0(0.00%) |      8       8       8      8 |    0.10        0.00
POST     /api/events [POST]                                                                 2     0(0.00%) |      7       6       7      7 |    0.20        0.00
DELETE   /api/events/{id} [DELETE]                                                          2     0(0.00%) |   2066    2060    2072   2072 |    0.10        0.00
PUT      /api/events/{id} [PUT]                                                             2   2(100.00%) |      6       5       7      6 |    0.20        0.20
GET      /api/notifications/count                                                           1     0(0.00%) |   2082    2082    2082   2082 |    0.10        0.00
GET      /api/notifications/pending                                                         1     0(0.00%) |   2083    2083    2083   2083 |    0.10        0.00
POST     /api/upload/image [POST]                                                           1   1(100.00%) |      4       4       4      4 |    0.10        0.10
GET      /project-manage                                                                    1     0(0.00%) |      7       7       7      7 |    0.10        0.00
GET      [warmup] cookie check                                                              1     0(0.00%) |   2080    2080    2080   2080 |    0.10        0.00
--------|----------------------------------------------------------------------------|-------|-------------|-------|-------|-------|-------|--------|-----------
         Aggregated                                                                        13    3(23.08%) |    802       4    2083      8 |    1.10        0.30

Type     Name                                                                          # reqs      # fails |    Avg     Min     Max    Med |   req/s  failures/s
--------|----------------------------------------------------------------------------|-------|-------------|-------|-------|-------|-------|--------|-----------
GET      /                                                                                  1     0(0.00%) |      6       6       6      6 |    0.10        0.00
GET      /api/events                                                                        1     0(0.00%) |      8       8       8      8 |    0.00        0.00
POST     /api/events [POST]                                                                 2     0(0.00%) |      7       6       7      7 |    0.20        0.00
DELETE   /api/events/{id} [DELETE]                                                          2     0(0.00%) |   2066    2060    2072   2072 |    0.20        0.00
PUT      /api/events/{id} [PUT]                                                             2   2(100.00%) |      6       5       7      6 |    0.20        0.20
GET      /api/notifications/count                                                           1     0(0.00%) |   2082    2082    2082   2082 |    0.10        0.00
GET      /api/notifications/pending                                                         1     0(0.00%) |   2083    2083    2083   2083 |    0.10        0.00
POST     /api/upload/image [POST]                                                           1   1(100.00%) |      4       4       4      4 |    0.10        0.10
GET      /project-manage                                                                    2     0(0.00%) |      6       4       7      5 |    0.10        0.00
GET      /trash                                                                             1     0(0.00%) |      4       4       4      4 |    0.00        0.00
GET      [warmup] cookie check                                                              1     0(0.00%) |   2080    2080    2080   2080 |    0.00        0.00
--------|----------------------------------------------------------------------------|-------|-------------|-------|-------|-------|-------|--------|-----------
         Aggregated                                                                        15    3(20.00%) |    696       4    2083      8 |    1.10        0.30

Type     Name                                                                          # reqs      # fails |    Avg     Min     Max    Med |   req/s  failures/s
--------|----------------------------------------------------------------------------|-------|-------------|-------|-------|-------|-------|--------|-----------
GET      /                                                                                  1     0(0.00%) |      6       6       6      6 |    0.10        0.00
GET      /api/events                                                                        1     0(0.00%) |      8       8       8      8 |    0.00        0.00
POST     /api/events [POST]                                                                 3     0(0.00%) |      6       6       7      7 |    0.20        0.00
DELETE   /api/events/{id} [DELETE]                                                          2     0(0.00%) |   2066    2060    2072   2072 |    0.20        0.00
PUT      /api/events/{id} [PUT]                                                             3   3(100.00%) |      6       5       7      6 |    0.20        0.20
GET      /api/notifications/count                                                           1     0(0.00%) |   2082    2082    2082   2082 |    0.00        0.00
GET      /api/notifications/pending                                                         1     0(0.00%) |   2083    2083    2083   2083 |    0.00        0.00
POST     /api/upload/image [POST]                                                           1   1(100.00%) |      4       4       4      4 |    0.10        0.10
GET      /project-manage                                                                    2     0(0.00%) |      6       4       7      5 |    0.00        0.00
GET      /trash                                                                             1     0(0.00%) |      4       4       4      4 |    0.00        0.00
GET      [warmup] cookie check                                                              1     0(0.00%) |   2080    2080    2080   2080 |    0.00        0.00
--------|----------------------------------------------------------------------------|-------|-------------|-------|-------|-------|-------|--------|-----------
         Aggregated                                                                        17    4(23.53%) |    615       4    2083      7 |    0.80        0.30

Type     Name                                                                          # reqs      # fails |    Avg     Min     Max    Med |   req/s  failures/s
--------|----------------------------------------------------------------------------|-------|-------------|-------|-------|-------|-------|--------|-----------
GET      /                                                                                  1     0(0.00%) |      6       6       6      6 |    0.10        0.00
GET      /api/events                                                                        1     0(0.00%) |      8       8       8      8 |    0.00        0.00
POST     /api/events [POST]                                                                 3     0(0.00%) |      6       6       7      7 |    0.20        0.00
DELETE   /api/events/{id} [DELETE]                                                          3     0(0.00%) |   2076    2060    2094   2094 |    0.20        0.00
PUT      /api/events/{id} [PUT]                                                             3   3(100.00%) |      6       5       7      6 |    0.20        0.20
GET      /api/notifications/count                                                           1     0(0.00%) |   2082    2082    2082   2082 |    0.00        0.00
GET      /api/notifications/pending                                                         1     0(0.00%) |   2083    2083    2083   2083 |    0.00        0.00
POST     /api/upload/image [POST]                                                           1   1(100.00%) |      4       4       4      4 |    0.00        0.00
GET      /check                                                                             1     0(0.00%) |      5       5       5      5 |    0.00        0.00
GET      /project-manage                                                                    2     0(0.00%) |      6       4       7      5 |    0.10        0.00
GET      /trash                                                                             1     0(0.00%) |      4       4       4      4 |    0.10        0.00
GET      [warmup] cookie check                                                              1     0(0.00%) |   2080    2080    2080   2080 |    0.00        0.00
--------|----------------------------------------------------------------------------|-------|-------------|-------|-------|-------|-------|--------|-----------
         Aggregated                                                                        19    4(21.05%) |    660       4    2094      7 |    0.90        0.20

Type     Name                                                                          # reqs      # fails |    Avg     Min     Max    Med |   req/s  failures/s
--------|----------------------------------------------------------------------------|-------|-------------|-------|-------|-------|-------|--------|-----------
GET      /                                                                                  2     0(0.00%) |      5       4       6      5 |    0.10        0.00
GET      /api/events                                                                        1     0(0.00%) |      8       8       8      8 |    0.00        0.00
POST     /api/events [POST]                                                                 3     0(0.00%) |      6       6       7      7 |    0.20        0.00
DELETE   /api/events/{id} [DELETE]                                                          3     0(0.00%) |   2076    2060    2094   2094 |    0.20        0.00
PUT      /api/events/{id} [PUT]                                                             3   3(100.00%) |      6       5       7      6 |    0.20        0.20
GET      /api/notifications/count                                                           1     0(0.00%) |   2082    2082    2082   2082 |    0.00        0.00
GET      /api/notifications/pending                                                         1     0(0.00%) |   2083    2083    2083   2083 |    0.00        0.00
POST     /api/upload/image [POST]                                                           1   1(100.00%) |      4       4       4      4 |    0.00        0.00
GET      /check                                                                             1     0(0.00%) |      5       5       5      5 |    0.00        0.00
GET      /project-manage                                                                    2     0(0.00%) |      6       4       7      5 |    0.10        0.00
GET      /trash                                                                             1     0(0.00%) |      4       4       4      4 |    0.10        0.00
GET      [warmup] cookie check                                                              1     0(0.00%) |   2080    2080    2080   2080 |    0.00        0.00
--------|----------------------------------------------------------------------------|-------|-------------|-------|-------|-------|-------|--------|-----------
         Aggregated                                                                        20    4(20.00%) |    628       4    2094      7 |    0.90        0.20

Type     Name                                                                          # reqs      # fails |    Avg     Min     Max    Med |   req/s  failures/s
--------|----------------------------------------------------------------------------|-------|-------------|-------|-------|-------|-------|--------|-----------
GET      /                                                                                  2     0(0.00%) |      5       4       6      5 |    0.10        0.00
GET      /api/events                                                                        2     0(0.00%) |      6       4       8      4 |    0.00        0.00
POST     /api/events [POST]                                                                 3     0(0.00%) |      6       6       7      7 |    0.10        0.00
DELETE   /api/events/{id} [DELETE]                                                          3     0(0.00%) |   2076    2060    2094   2094 |    0.20        0.00
PUT      /api/events/{id} [PUT]                                                             3   3(100.00%) |      6       5       7      6 |    0.10        0.10
GET      /api/notifications/count                                                           1     0(0.00%) |   2082    2082    2082   2082 |    0.00        0.00
GET      /api/notifications/pending                                                         1     0(0.00%) |   2083    2083    2083   2083 |    0.00        0.00
POST     /api/upload/image [POST]                                                           1   1(100.00%) |      4       4       4      4 |    0.00        0.00
GET      /check                                                                             1     0(0.00%) |      5       5       5      5 |    0.10        0.00
GET      /project-manage                                                                    2     0(0.00%) |      6       4       7      5 |    0.10        0.00
GET      /trash                                                                             1     0(0.00%) |      4       4       4      4 |    0.10        0.00
GET      [warmup] cookie check                                                              1     0(0.00%) |   2080    2080    2080   2080 |    0.00        0.00
--------|----------------------------------------------------------------------------|-------|-------------|-------|-------|-------|-------|--------|-----------
         Aggregated                                                                        21    4(19.05%) |    598       4    2094      7 |    0.80        0.10

Type     Name                                                                          # reqs      # fails |    Avg     Min     Max    Med |   req/s  failures/s
--------|----------------------------------------------------------------------------|-------|-------------|-------|-------|-------|-------|--------|-----------
GET      /                                                                                  2     0(0.00%) |      5       4       6      5 |    0.20        0.00
GET      /api/events                                                                        2     0(0.00%) |      6       4       8      4 |    0.00        0.00
POST     /api/events [POST]                                                                 4     0(0.00%) |      7       6       8      7 |    0.10        0.00
DELETE   /api/events/{id} [DELETE]                                                          3     0(0.00%) |   2076    2060    2094   2094 |    0.20        0.00
PUT      /api/events/{id} [PUT]                                                             4   4(100.00%) |      5       4       7      5 |    0.10        0.10
GET      /api/notifications/count                                                           1     0(0.00%) |   2082    2082    2082   2082 |    0.00        0.00
GET      /api/notifications/pending                                                         1     0(0.00%) |   2083    2083    2083   2083 |    0.00        0.00
POST     /api/upload/image [POST]                                                           1   1(100.00%) |      4       4       4      4 |    0.00        0.00
GET      /check                                                                             1     0(0.00%) |      5       5       5      5 |    0.10        0.00
GET      /project-manage                                                                    2     0(0.00%) |      6       4       7      5 |    0.10        0.00
GET      /trash                                                                             1     0(0.00%) |      4       4       4      4 |    0.10        0.00
GET      [warmup] cookie check                                                              1     0(0.00%) |   2080    2080    2080   2080 |    0.00        0.00
--------|----------------------------------------------------------------------------|-------|-------------|-------|-------|-------|-------|--------|-----------
         Aggregated                                                                        23    5(21.74%) |    546       4    2094      7 |    0.90        0.10

Type     Name                                                                          # reqs      # fails |    Avg     Min     Max    Med |   req/s  failures/s
--------|----------------------------------------------------------------------------|-------|-------------|-------|-------|-------|-------|--------|-----------
GET      /                                                                                  2     0(0.00%) |      5       4       6      5 |    0.10        0.00
GET      /api/events                                                                        2     0(0.00%) |      6       4       8      4 |    0.10        0.00
POST     /api/events [POST]                                                                 4     0(0.00%) |      7       6       8      7 |    0.10        0.00
DELETE   /api/events/{id} [DELETE]                                                          4     0(0.00%) |   2075    2060    2094   2094 |    0.10        0.00
PUT      /api/events/{id} [PUT]                                                             4   4(100.00%) |      5       4       7      5 |    0.10        0.10
GET      /api/notifications/count                                                           1     0(0.00%) |   2082    2082    2082   2082 |    0.00        0.00
GET      /api/notifications/pending                                                         1     0(0.00%) |   2083    2083    2083   2083 |    0.00        0.00
POST     /api/upload/image [POST]                                                           1   1(100.00%) |      4       4       4      4 |    0.00        0.00
GET      /check                                                                             1     0(0.00%) |      5       5       5      5 |    0.10        0.00
GET      /project-manage                                                                    2     0(0.00%) |      6       4       7      5 |    0.10        0.00
GET      /trash                                                                             1     0(0.00%) |      4       4       4      4 |    0.10        0.00
GET      [warmup] cookie check                                                              1     0(0.00%) |   2080    2080    2080   2080 |    0.00        0.00
--------|----------------------------------------------------------------------------|-------|-------------|-------|-------|-------|-------|--------|-----------
         Aggregated                                                                        24    5(20.83%) |    610       4    2094      7 |    0.80        0.10

Type     Name                                                                          # reqs      # fails |    Avg     Min     Max    Med |   req/s  failures/s
--------|----------------------------------------------------------------------------|-------|-------------|-------|-------|-------|-------|--------|-----------
GET      /                                                                                  2     0(0.00%) |      5       4       6      5 |    0.10        0.00
GET      /api/events                                                                        2     0(0.00%) |      6       4       8      4 |    0.10        0.00
POST     /api/events [POST]                                                                 5     0(0.00%) |      7       6       8      7 |    0.20        0.00
DELETE   /api/events/{id} [DELETE]                                                          4     0(0.00%) |   2075    2060    2094   2094 |    0.10        0.00
PUT      /api/events/{id} [PUT]                                                             5   5(100.00%) |      7       4      13      6 |    0.20        0.20
GET      /api/notifications/count                                                           1     0(0.00%) |   2082    2082    2082   2082 |    0.00        0.00
GET      /api/notifications/pending                                                         1     0(0.00%) |   2083    2083    2083   2083 |    0.00        0.00
POST     /api/upload/image [POST]                                                           1   1(100.00%) |      4       4       4      4 |    0.00        0.00
GET      /check                                                                             1     0(0.00%) |      5       5       5      5 |    0.10        0.00
GET      /project-manage                                                                    2     0(0.00%) |      6       4       7      5 |    0.00        0.00
GET      /trash                                                                             1     0(0.00%) |      4       4       4      4 |    0.10        0.00
GET      [warmup] cookie check                                                              1     0(0.00%) |   2080    2080    2080   2080 |    0.00        0.00
--------|----------------------------------------------------------------------------|-------|-------------|-------|-------|-------|-------|--------|-----------
         Aggregated                                                                        26    6(23.08%) |    564       4    2094      7 |    0.90        0.20

Type     Name                                                                          # reqs      # fails |    Avg     Min     Max    Med |   req/s  failures/s
--------|----------------------------------------------------------------------------|-------|-------------|-------|-------|-------|-------|--------|-----------
GET      /                                                                                  2     0(0.00%) |      5       4       6      5 |    0.10        0.00
GET      /api/events                                                                        2     0(0.00%) |      6       4       8      4 |    0.10        0.00
POST     /api/events [POST]                                                                 5     0(0.00%) |      7       6       8      7 |    0.20        0.00
DELETE   /api/events/{id} [DELETE]                                                          5     0(0.00%) |   2072    2060    2094   2094 |    0.10        0.00
PUT      /api/events/{id} [PUT]                                                             5   5(100.00%) |      7       4      13      6 |    0.20        0.20
GET      /api/notifications/count                                                           1     0(0.00%) |   2082    2082    2082   2082 |    0.00        0.00
GET      /api/notifications/pending                                                         1     0(0.00%) |   2083    2083    2083   2083 |    0.00        0.00
POST     /api/upload/image [POST]                                                           2   2(100.00%) |      4       4       4      4 |    0.00        0.00
GET      /check                                                                             1     0(0.00%) |      5       5       5      5 |    0.10        0.00
GET      /project-manage                                                                    2     0(0.00%) |      6       4       7      5 |    0.00        0.00
GET      /trash                                                                             1     0(0.00%) |      4       4       4      4 |    0.00        0.00
GET      [warmup] cookie check                                                              1     0(0.00%) |   2080    2080    2080   2080 |    0.00        0.00
--------|----------------------------------------------------------------------------|-------|-------------|-------|-------|-------|-------|--------|-----------
         Aggregated                                                                        28    7(25.00%) |    597       4    2094      7 |    0.80        0.20

Type     Name                                                                          # reqs      # fails |    Avg     Min     Max    Med |   req/s  failures/s
--------|----------------------------------------------------------------------------|-------|-------------|-------|-------|-------|-------|--------|-----------
GET      /                                                                                  3     0(0.00%) |      4       4       6      5 |    0.10        0.00
GET      /api/events                                                                        2     0(0.00%) |      6       4       8      4 |    0.10        0.00
POST     /api/events [POST]                                                                 5     0(0.00%) |      7       6       8      7 |    0.20        0.00
DELETE   /api/events/{id} [DELETE]                                                          5     0(0.00%) |   2072    2060    2094   2094 |    0.20        0.00
PUT      /api/events/{id} [PUT]                                                             5   5(100.00%) |      7       4      13      6 |    0.20        0.20
GET      /api/notifications/count                                                           1     0(0.00%) |   2082    2082    2082   2082 |    0.00        0.00
GET      /api/notifications/pending                                                         1     0(0.00%) |   2083    2083    2083   2083 |    0.00        0.00
POST     /api/upload/image [POST]                                                           2   2(100.00%) |      4       4       4      4 |    0.00        0.00
GET      /check                                                                             1     0(0.00%) |      5       5       5      5 |    0.00        0.00
GET      /project-manage                                                                    2     0(0.00%) |      6       4       7      5 |    0.00        0.00
GET      /trash                                                                             1     0(0.00%) |      4       4       4      4 |    0.00        0.00
GET      [warmup] cookie check                                                              1     0(0.00%) |   2080    2080    2080   2080 |    0.00        0.00
--------|----------------------------------------------------------------------------|-------|-------------|-------|-------|-------|-------|--------|-----------
         Aggregated                                                                        29    7(24.14%) |    577       4    2094      7 |    0.80        0.20

Type     Name                                                                          # reqs      # fails |    Avg     Min     Max    Med |   req/s  failures/s
--------|----------------------------------------------------------------------------|-------|-------------|-------|-------|-------|-------|--------|-----------
GET      /                                                                                  4     0(0.00%) |      4       4       6      4 |    0.10        0.00
GET      /api/events                                                                        2     0(0.00%) |      6       4       8      4 |    0.00        0.00
POST     /api/events [POST]                                                                 6     0(0.00%) |      7       6       8      7 |    0.20        0.00
DELETE   /api/events/{id} [DELETE]                                                          5     0(0.00%) |   2072    2060    2094   2094 |    0.20        0.00
PUT      /api/events/{id} [PUT]                                                             6   6(100.00%) |      6       4      13      5 |    0.20        0.20
GET      /api/notifications/count                                                           1     0(0.00%) |   2082    2082    2082   2082 |    0.00        0.00
GET      /api/notifications/pending                                                         1     0(0.00%) |   2083    2083    2083   2083 |    0.00        0.00
POST     /api/upload/image [POST]                                                           2   2(100.00%) |      4       4       4      4 |    0.10        0.10
GET      /check                                                                             1     0(0.00%) |      5       5       5      5 |    0.00        0.00
GET      /project-manage                                                                    2     0(0.00%) |      6       4       7      5 |    0.00        0.00
GET      /trash                                                                             1     0(0.00%) |      4       4       4      4 |    0.00        0.00
GET      [warmup] cookie check                                                              1     0(0.00%) |   2080    2080    2080   2080 |    0.00        0.00
--------|----------------------------------------------------------------------------|-------|-------------|-------|-------|-------|-------|--------|-----------
         Aggregated                                                                        32    8(25.00%) |    523       4    2094      7 |    0.80        0.30

Type     Name                                                                          # reqs      # fails |    Avg     Min     Max    Med |   req/s  failures/s
--------|----------------------------------------------------------------------------|-------|-------------|-------|-------|-------|-------|--------|-----------
GET      /                                                                                  4     0(0.00%) |      4       4       6      4 |    0.20        0.00
GET      /api/events                                                                        2     0(0.00%) |      6       4       8      4 |    0.00        0.00
POST     /api/events [POST]                                                                 6     0(0.00%) |      7       6       8      7 |    0.10        0.00
DELETE   /api/events/{id} [DELETE]                                                          6     0(0.00%) |   2069    2054    2094   2094 |    0.20        0.00
PUT      /api/events/{id} [PUT]                                                             6   6(100.00%) |      6       4      13      5 |    0.10        0.10
GET      /api/notifications/count                                                           1     0(0.00%) |   2082    2082    2082   2082 |    0.00        0.00
GET      /api/notifications/pending                                                         1     0(0.00%) |   2083    2083    2083   2083 |    0.00        0.00
POST     /api/upload/image [POST]                                                           2   2(100.00%) |      4       4       4      4 |    0.10        0.10
GET      /check                                                                             1     0(0.00%) |      5       5       5      5 |    0.00        0.00
GET      /project-manage                                                                    2     0(0.00%) |      6       4       7      5 |    0.00        0.00
GET      /trash                                                                             1     0(0.00%) |      4       4       4      4 |    0.00        0.00
GET      [warmup] cookie check                                                              1     0(0.00%) |   2080    2080    2080   2080 |    0.00        0.00
--------|----------------------------------------------------------------------------|-------|-------------|-------|-------|-------|-------|--------|-----------
         Aggregated                                                                        33    8(24.24%) |    569       4    2094      7 |    0.70        0.20

Type     Name                                                                          # reqs      # fails |    Avg     Min     Max    Med |   req/s  failures/s
--------|----------------------------------------------------------------------------|-------|-------------|-------|-------|-------|-------|--------|-----------
GET      /                                                                                  4     0(0.00%) |      4       4       6      4 |    0.20        0.00
GET      /api/events                                                                        3     0(0.00%) |     22       4      54      8 |    0.00        0.00
POST     /api/events [POST]                                                                 7     0(0.00%) |      6       5       8      7 |    0.20        0.00
DELETE   /api/events/{id} [DELETE]                                                          6     0(0.00%) |   2069    2054    2094   2094 |    0.10        0.00
PUT      /api/events/{id} [PUT]                                                             7   7(100.00%) |      6       3      13      5 |    0.20        0.20
GET      /api/notifications/count                                                           1     0(0.00%) |   2082    2082    2082   2082 |    0.00        0.00
GET      /api/notifications/pending                                                         1     0(0.00%) |   2083    2083    2083   2083 |    0.00        0.00
POST     /api/upload/image [POST]                                                           2   2(100.00%) |      4       4       4      4 |    0.10        0.10
GET      /check                                                                             1     0(0.00%) |      5       5       5      5 |    0.00        0.00
GET      /project-manage                                                                    2     0(0.00%) |      6       4       7      5 |    0.00        0.00
GET      /trash                                                                             1     0(0.00%) |      4       4       4      4 |    0.00        0.00
GET      [warmup] cookie check                                                              1     0(0.00%) |   2080    2080    2080   2080 |    0.00        0.00
--------|----------------------------------------------------------------------------|-------|-------------|-------|-------|-------|-------|--------|-----------
         Aggregated                                                                        36    9(25.00%) |    524       3    2094      7 |    0.80        0.30

Type     Name                                                                          # reqs      # fails |    Avg     Min     Max    Med |   req/s  failures/s
--------|----------------------------------------------------------------------------|-------|-------------|-------|-------|-------|-------|--------|-----------
GET      /                                                                                  4     0(0.00%) |      4       4       6      4 |    0.20        0.00
GET      /api/events                                                                        3     0(0.00%) |     22       4      54      8 |    0.10        0.00
POST     /api/events [POST]                                                                 7     0(0.00%) |      6       5       8      7 |    0.10        0.00
DELETE   /api/events/{id} [DELETE]                                                          7     0(0.00%) |   2068    2054    2094   2094 |    0.20        0.00
PUT      /api/events/{id} [PUT]                                                             7   7(100.00%) |      6       3      13      5 |    0.10        0.10
GET      /api/notifications/count                                                           1     0(0.00%) |   2082    2082    2082   2082 |    0.00        0.00
GET      /api/notifications/pending                                                         1     0(0.00%) |   2083    2083    2083   2083 |    0.00        0.00
POST     /api/upload/image [POST]                                                           2   2(100.00%) |      4       4       4      4 |    0.10        0.10
GET      /check                                                                             1     0(0.00%) |      5       5       5      5 |    0.00        0.00
GET      /project-manage                                                                    2     0(0.00%) |      6       4       7      5 |    0.00        0.00
GET      /trash                                                                             1     0(0.00%) |      4       4       4      4 |    0.00        0.00
GET      [warmup] cookie check                                                              1     0(0.00%) |   2080    2080    2080   2080 |    0.00        0.00
--------|----------------------------------------------------------------------------|-------|-------------|-------|-------|-------|-------|--------|-----------
         Aggregated                                                                        37    9(24.32%) |    565       3    2094      7 |    0.80        0.20

Type     Name                                                                          # reqs      # fails |    Avg     Min     Max    Med |   req/s  failures/s
--------|----------------------------------------------------------------------------|-------|-------------|-------|-------|-------|-------|--------|-----------
GET      /                                                                                  4     0(0.00%) |      4       4       6      4 |    0.20        0.00
GET      /api/events                                                                        3     0(0.00%) |     22       4      54      8 |    0.10        0.00
POST     /api/events [POST]                                                                 7     0(0.00%) |      6       5       8      7 |    0.20        0.00
DELETE   /api/events/{id} [DELETE]                                                          7     0(0.00%) |   2068    2054    2094   2094 |    0.10        0.00
PUT      /api/events/{id} [PUT]                                                             7   7(100.00%) |      6       3      13      5 |    0.20        0.20
GET      /api/notifications/count                                                           1     0(0.00%) |   2082    2082    2082   2082 |    0.00        0.00
GET      /api/notifications/pending                                                         1     0(0.00%) |   2083    2083    2083   2083 |    0.00        0.00
POST     /api/upload/image [POST]                                                           3   3(100.00%) |      5       4       6      5 |    0.10        0.10
GET      /check                                                                             1     0(0.00%) |      5       5       5      5 |    0.00        0.00
GET      /project-manage                                                                    2     0(0.00%) |      6       4       7      5 |    0.00        0.00
GET      /trash                                                                             1     0(0.00%) |      4       4       4      4 |    0.00        0.00
GET      [warmup] cookie check                                                              1     0(0.00%) |   2080    2080    2080   2080 |    0.00        0.00
--------|----------------------------------------------------------------------------|-------|-------------|-------|-------|-------|-------|--------|-----------
         Aggregated                                                                        38   10(26.32%) |    551       3    2094      7 |    0.90        0.30

Type     Name                                                                          # reqs      # fails |    Avg     Min     Max    Med |   req/s  failures/s
--------|----------------------------------------------------------------------------|-------|-------------|-------|-------|-------|-------|--------|-----------
GET      /                                                                                  4     0(0.00%) |      4       4       6      4 |    0.20        0.00
GET      /api/events                                                                        3     0(0.00%) |     22       4      54      8 |    0.10        0.00
POST     /api/events [POST]                                                                 8     0(0.00%) |      7       5       8      7 |    0.20        0.00
DELETE   /api/events/{id} [DELETE]                                                          7     0(0.00%) |   2068    2054    2094   2094 |    0.10        0.00
PUT      /api/events/{id} [PUT]                                                             8   8(100.00%) |      6       3      13      5 |    0.20        0.20
GET      /api/notifications/count                                                           1     0(0.00%) |   2082    2082    2082   2082 |    0.00        0.00
GET      /api/notifications/pending                                                         1     0(0.00%) |   2083    2083    2083   2083 |    0.00        0.00
POST     /api/upload/image [POST]                                                           3   3(100.00%) |      5       4       6      5 |    0.10        0.10
GET      /check                                                                             1     0(0.00%) |      5       5       5      5 |    0.00        0.00
GET      /project-manage                                                                    2     0(0.00%) |      6       4       7      5 |    0.00        0.00
GET      /trash                                                                             1     0(0.00%) |      4       4       4      4 |    0.00        0.00
GET      [warmup] cookie check                                                              1     0(0.00%) |   2080    2080    2080   2080 |    0.00        0.00
--------|----------------------------------------------------------------------------|-------|-------------|-------|-------|-------|-------|--------|-----------
         Aggregated                                                                        40   11(27.50%) |    523       3    2094      7 |    0.90        0.30

Type     Name                                                                          # reqs      # fails |    Avg     Min     Max    Med |   req/s  failures/s
--------|----------------------------------------------------------------------------|-------|-------------|-------|-------|-------|-------|--------|-----------
GET      /                                                                                  4     0(0.00%) |      4       4       6      4 |    0.00        0.00
GET      /api/events                                                                        3     0(0.00%) |     22       4      54      8 |    0.10        0.00
POST     /api/events [POST]                                                                 8     0(0.00%) |      7       5       8      7 |    0.30        0.00
DELETE   /api/events/{id} [DELETE]                                                          8     0(0.00%) |   2068    2054    2094   2094 |    0.20        0.00
PUT      /api/events/{id} [PUT]                                                             8   8(100.00%) |      6       3      13      5 |    0.30        0.30
GET      /api/kanban                                                                        1     0(0.00%) |      4       4       4      4 |    0.00        0.00
GET      /api/notifications/count                                                           1     0(0.00%) |   2082    2082    2082   2082 |    0.00        0.00
GET      /api/notifications/pending                                                         1     0(0.00%) |   2083    2083    2083   2083 |    0.00        0.00
POST     /api/upload/image [POST]                                                           3   3(100.00%) |      5       4       6      5 |    0.10        0.10
GET      /check                                                                             1     0(0.00%) |      5       5       5      5 |    0.00        0.00
GET      /project-manage                                                                    2     0(0.00%) |      6       4       7      5 |    0.00        0.00
GET      /trash                                                                             1     0(0.00%) |      4       4       4      4 |    0.00        0.00
GET      [warmup] cookie check                                                              1     0(0.00%) |   2080    2080    2080   2080 |    0.00        0.00
--------|----------------------------------------------------------------------------|-------|-------------|-------|-------|-------|-------|--------|-----------
         Aggregated                                                                        42   11(26.19%) |    548       3    2094      7 |    1.00        0.40

Type     Name                                                                          # reqs      # fails |    Avg     Min     Max    Med |   req/s  failures/s
--------|----------------------------------------------------------------------------|-------|-------------|-------|-------|-------|-------|--------|-----------
GET      /                                                                                  4     0(0.00%) |      4       4       6      4 |    0.00        0.00
GET      /api/events                                                                        3     0(0.00%) |     22       4      54      8 |    0.10        0.00
POST     /api/events [POST]                                                                 8     0(0.00%) |      7       5       8      7 |    0.20        0.00
DELETE   /api/events/{id} [DELETE]                                                          8     0(0.00%) |   2068    2054    2094   2094 |    0.20        0.00
PUT      /api/events/{id} [PUT]                                                             8   8(100.00%) |      6       3      13      5 |    0.20        0.20
GET      /api/kanban                                                                        1     0(0.00%) |      4       4       4      4 |    0.00        0.00
GET      /api/notifications/count                                                           1     0(0.00%) |   2082    2082    2082   2082 |    0.00        0.00
GET      /api/notifications/pending                                                         1     0(0.00%) |   2083    2083    2083   2083 |    0.00        0.00
POST     /api/upload/image [POST]                                                           4   4(100.00%) |      4       4       6      4 |    0.10        0.10
GET      /check                                                                             1     0(0.00%) |      5       5       5      5 |    0.00        0.00
GET      /project-manage                                                                    2     0(0.00%) |      6       4       7      5 |    0.00        0.00
GET      /trash                                                                             1     0(0.00%) |      4       4       4      4 |    0.00        0.00
GET      [warmup] cookie check                                                              1     0(0.00%) |   2080    2080    2080   2080 |    0.00        0.00
--------|----------------------------------------------------------------------------|-------|-------------|-------|-------|-------|-------|--------|-----------
         Aggregated                                                                        43   12(27.91%) |    535       3    2094      7 |    0.80        0.30

Type     Name                                                                          # reqs      # fails |    Avg     Min     Max    Med |   req/s  failures/s
--------|----------------------------------------------------------------------------|-------|-------------|-------|-------|-------|-------|--------|-----------
GET      /                                                                                  4     0(0.00%) |      4       4       6      4 |    0.00        0.00
GET      /api/events                                                                        3     0(0.00%) |     22       4      54      8 |    0.10        0.00
POST     /api/events [POST]                                                                 9     0(0.00%) |      7       5       9      7 |    0.20        0.00
DELETE   /api/events/{id} [DELETE]                                                          8     0(0.00%) |   2068    2054    2094   2094 |    0.20        0.00
PUT      /api/events/{id} [PUT]                                                             9   9(100.00%) |      6       3      13      5 |    0.20        0.20
GET      /api/kanban                                                                        1     0(0.00%) |      4       4       4      4 |    0.10        0.00
GET      /api/notifications/count                                                           1     0(0.00%) |   2082    2082    2082   2082 |    0.00        0.00
GET      /api/notifications/pending                                                         1     0(0.00%) |   2083    2083    2083   2083 |    0.00        0.00
POST     /api/upload/image [POST]                                                           4   4(100.00%) |      4       4       6      4 |    0.10        0.10
GET      /check                                                                             1     0(0.00%) |      5       5       5      5 |    0.00        0.00
GET      /project-manage                                                                    2     0(0.00%) |      6       4       7      5 |    0.00        0.00
GET      /trash                                                                             1     0(0.00%) |      4       4       4      4 |    0.00        0.00
GET      [warmup] cookie check                                                              1     0(0.00%) |   2080    2080    2080   2080 |    0.00        0.00
--------|----------------------------------------------------------------------------|-------|-------------|-------|-------|-------|-------|--------|-----------
         Aggregated                                                                        45   13(28.89%) |    512       3    2094      7 |    0.90        0.30

Type     Name                                                                          # reqs      # fails |    Avg     Min     Max    Med |   req/s  failures/s
--------|----------------------------------------------------------------------------|-------|-------------|-------|-------|-------|-------|--------|-----------
GET      /                                                                                  4     0(0.00%) |      4       4       6      4 |    0.00        0.00
GET      /api/events                                                                        3     0(0.00%) |     22       4      54      8 |    0.00        0.00
POST     /api/events [POST]                                                                10     0(0.00%) |      7       5       9      7 |    0.20        0.00
DELETE   /api/events/{id} [DELETE]                                                          9     0(0.00%) |   2068    2054    2094   2094 |    0.20        0.00
PUT      /api/events/{id} [PUT]                                                            10  10(100.00%) |      6       3      13      5 |    0.20        0.20
GET      /api/kanban                                                                        1     0(0.00%) |      4       4       4      4 |    0.10        0.00
GET      /api/notifications/count                                                           1     0(0.00%) |   2082    2082    2082   2082 |    0.00        0.00
GET      /api/notifications/pending                                                         1     0(0.00%) |   2083    2083    2083   2083 |    0.00        0.00
POST     /api/upload/image [POST]                                                           4   4(100.00%) |      4       4       6      4 |    0.20        0.20
GET      /check                                                                             1     0(0.00%) |      5       5       5      5 |    0.00        0.00
GET      /project-manage                                                                    2     0(0.00%) |      6       4       7      5 |    0.00        0.00
GET      /trash                                                                             1     0(0.00%) |      4       4       4      4 |    0.00        0.00
GET      [warmup] cookie check                                                              1     0(0.00%) |   2080    2080    2080   2080 |    0.00        0.00
--------|----------------------------------------------------------------------------|-------|-------------|-------|-------|-------|-------|--------|-----------
         Aggregated                                                                        48   14(29.17%) |    523       3    2094      7 |    0.90        0.40

Type     Name                                                                          # reqs      # fails |    Avg     Min     Max    Med |   req/s  failures/s
--------|----------------------------------------------------------------------------|-------|-------------|-------|-------|-------|-------|--------|-----------
GET      /                                                                                  4     0(0.00%) |      4       4       6      4 |    0.00        0.00
GET      /api/events                                                                        3     0(0.00%) |     22       4      54      8 |    0.00        0.00
POST     /api/events [POST]                                                                10     0(0.00%) |      7       5       9      7 |    0.20        0.00
DELETE   /api/events/{id} [DELETE]                                                         10     0(0.00%) |   2067    2054    2094   2094 |    0.20        0.00
PUT      /api/events/{id} [PUT]                                                            10  10(100.00%) |      6       3      13      5 |    0.20        0.20
GET      /api/kanban                                                                        1     0(0.00%) |      4       4       4      4 |    0.10        0.00
GET      /api/notifications/count                                                           1     0(0.00%) |   2082    2082    2082   2082 |    0.00        0.00
GET      /api/notifications/pending                                                         1     0(0.00%) |   2083    2083    2083   2083 |    0.00        0.00
POST     /api/upload/image [POST]                                                           4   4(100.00%) |      4       4       6      4 |    0.20        0.20
GET      /check                                                                             1     0(0.00%) |      5       5       5      5 |    0.00        0.00
GET      /project-manage                                                                    2     0(0.00%) |      6       4       7      5 |    0.00        0.00
GET      /trash                                                                             1     0(0.00%) |      4       4       4      4 |    0.00        0.00
GET      [warmup] cookie check                                                              1     0(0.00%) |   2080    2080    2080   2080 |    0.00        0.00
--------|----------------------------------------------------------------------------|-------|-------------|-------|-------|-------|-------|--------|-----------
         Aggregated                                                                        49   14(28.57%) |    554       3    2094      7 |    0.90        0.40

Type     Name                                                                          # reqs      # fails |    Avg     Min     Max    Med |   req/s  failures/s
--------|----------------------------------------------------------------------------|-------|-------------|-------|-------|-------|-------|--------|-----------
GET      /                                                                                  4     0(0.00%) |      4       4       6      4 |    0.00        0.00
GET      /api/events                                                                        4     0(0.00%) |     18       4      54      5 |    0.00        0.00
POST     /api/events [POST]                                                                11     0(0.00%) |      7       5       9      7 |    0.20        0.00
DELETE   /api/events/{id} [DELETE]                                                         10     0(0.00%) |   2067    2054    2094   2094 |    0.20        0.00
PUT      /api/events/{id} [PUT]                                                            11  11(100.00%) |      5       3      13      5 |    0.20        0.20
GET      /api/kanban                                                                        1     0(0.00%) |      4       4       4      4 |    0.10        0.00
GET      /api/notifications/count                                                           1     0(0.00%) |   2082    2082    2082   2082 |    0.00        0.00
GET      /api/notifications/pending                                                         1     0(0.00%) |   2083    2083    2083   2083 |    0.00        0.00
POST     /api/upload/image [POST]                                                           4   4(100.00%) |      4       4       6      4 |    0.10        0.10
GET      /check                                                                             1     0(0.00%) |      5       5       5      5 |    0.00        0.00
GET      /project-manage                                                                    2     0(0.00%) |      6       4       7      5 |    0.00        0.00
GET      /trash                                                                             1     0(0.00%) |      4       4       4      4 |    0.00        0.00
GET      [warmup] cookie check                                                              1     0(0.00%) |   2080    2080    2080   2080 |    0.00        0.00
--------|----------------------------------------------------------------------------|-------|-------------|-------|-------|-------|-------|--------|-----------
         Aggregated                                                                        52   15(28.85%) |    523       3    2094      6 |    0.80        0.30

Type     Name                                                                          # reqs      # fails |    Avg     Min     Max    Med |   req/s  failures/s
--------|----------------------------------------------------------------------------|-------|-------------|-------|-------|-------|-------|--------|-----------
GET      /                                                                                  4     0(0.00%) |      4       4       6      4 |    0.07        0.00
GET      /api/events                                                                        4     0(0.00%) |     18       4      54      5 |    0.07        0.00
POST     /api/events [POST]                                                                11     0(0.00%) |      7       5       9      7 |    0.19        0.00
DELETE   /api/events/{id} [DELETE]                                                         10     0(0.00%) |   2067    2054    2094   2094 |    0.17        0.00
PUT      /api/events/{id} [PUT]                                                            11  11(100.00%) |      5       3      13      5 |    0.19        0.19
GET      /api/kanban                                                                        1     0(0.00%) |      4       4       4      4 |    0.02        0.00
GET      /api/notifications/count                                                           1     0(0.00%) |   2082    2082    2082   2082 |    0.02        0.00
GET      /api/notifications/pending                                                         1     0(0.00%) |   2083    2083    2083   2083 |    0.02        0.00
POST     /api/upload/image [POST]                                                           4   4(100.00%) |      4       4       6      4 |    0.07        0.07
GET      /check                                                                             1     0(0.00%) |      5       5       5      5 |    0.02        0.00
GET      /project-manage                                                                    2     0(0.00%) |      6       4       7      5 |    0.03        0.00
GET      /trash                                                                             1     0(0.00%) |      4       4       4      4 |    0.02        0.00
GET      [warmup] cookie check                                                              1     0(0.00%) |   2080    2080    2080   2080 |    0.02        0.00
--------|----------------------------------------------------------------------------|-------|-------------|-------|-------|-------|-------|--------|-----------
         Aggregated                                                                        52   15(28.85%) |    523       3    2094      6 |    0.90        0.26

Response time percentiles (approximated)
Type     Name                                                                                  50%    66%    75%    80%    90%    95%    98%    99%  99.9% 99.99%   100% # reqs
--------|--------------------------------------------------------------------------------|--------|------|------|------|------|------|------|------|------|------|------|------
GET      /                                                                                       5      5      6      6      6      6      6      6      6      6      6      4
GET      /api/events                                                                             8      8     55     55     55     55     55     55     55     55     55      4
POST     /api/events [POST]                                                                      7      8      8      8      8     10     10     10     10     10     10     11
DELETE   /api/events/{id} [DELETE]                                                            2100   2100   2100   2100   2100   2100   2100   2100   2100   2100   2100     10
PUT      /api/events/{id} [PUT]                                                                  5      6      6      6      8     14     14     14     14     14     14     11
GET      /api/kanban                                                                             4      4      4      4      4      4      4      4      4      4      4      1
GET      /api/notifications/count                                                             2100   2100   2100   2100   2100   2100   2100   2100   2100   2100   2100      1
GET      /api/notifications/pending                                                           2100   2100   2100   2100   2100   2100   2100   2100   2100   2100   2100      1
POST     /api/upload/image [POST]                                                                5      5      6      6      6      6      6      6      6      6      6      4
GET      /check                                                                                  5      5      5      5      5      5      5      5      5      5      5      1
GET      /project-manage                                                                         8      8      8      8      8      8      8      8      8      8      8      2
GET      /trash                                                                                  5      5      5      5      5      5      5      5      5      5      5      1
GET      [warmup] cookie check                                                                2100   2100   2100   2100   2100   2100   2100   2100   2100   2100   2100      1
--------|--------------------------------------------------------------------------------|--------|------|------|------|------|------|------|------|------|------|------|------
         Aggregated                                                                              7      8   2100   2100   2100   2100   2100   2100   2100   2100   2100     52

Error report
# occurrences      Error                                                                                               
------------------|---------------------------------------------------------------------------------------------------------------------------------------------
4                  POST /api/upload/image [POST]: HTTPError('400 Client Error: Bad Request for url: /api/upload/image [POST]')
11                 PUT /api/events/{id} [PUT]: HTTPError('500 Server Error: Internal Server Error for url: /api/events/{id} [PUT]')
------------------|---------------------------------------------------------------------------------------------------------------------------------------------

