Type     Name                                                                          # reqs      # fails |    Avg     Min     Max    Med |   req/s  failures/s
--------|----------------------------------------------------------------------------|-------|-------------|-------|-------|-------|-------|--------|-----------
--------|----------------------------------------------------------------------------|-------|-------------|-------|-------|-------|-------|--------|-----------
         Aggregated                                                                         0     0(0.00%) |      0       0       0      0 |    0.00        0.00

Type     Name                                                                          # reqs      # fails |    Avg     Min     Max    Med |   req/s  failures/s
--------|----------------------------------------------------------------------------|-------|-------------|-------|-------|-------|-------|--------|-----------
--------|----------------------------------------------------------------------------|-------|-------------|-------|-------|-------|-------|--------|-----------
         Aggregated                                                                         0     0(0.00%) |      0       0       0      0 |    0.00        0.00

Type     Name                                                                          # reqs      # fails |    Avg     Min     Max    Med |   req/s  failures/s
--------|----------------------------------------------------------------------------|-------|-------------|-------|-------|-------|-------|--------|-----------
GET      /api/kanban                                                                        1     0(0.00%) |      5       5       5      5 |    0.00        0.00
GET      /project-manage                                                                    1     0(0.00%) |      5       5       5      5 |    0.00        0.00
GET      [warmup] cookie check                                                              1     0(0.00%) |   2109    2109    2109   2109 |    0.00        0.00
--------|----------------------------------------------------------------------------|-------|-------------|-------|-------|-------|-------|--------|-----------
         Aggregated                                                                         3     0(0.00%) |    706       5    2109      6 |    0.00        0.00

Type     Name                                                                          # reqs      # fails |    Avg     Min     Max    Med |   req/s  failures/s
--------|----------------------------------------------------------------------------|-------|-------------|-------|-------|-------|-------|--------|-----------
POST     /api/events [POST]                                                                 1     0(0.00%) |      7       7       7      7 |    0.00        0.00
PUT      /api/events/{id} [PUT]                                                             1   1(100.00%) |     10      10      10     10 |    0.00        0.00
GET      /api/kanban                                                                        1     0(0.00%) |      5       5       5      5 |    0.00        0.00
GET      /api/notifications/count                                                           1     0(0.00%) |   2082    2082    2082   2082 |    0.00        0.00
GET      /api/notifications/pending                                                         1     0(0.00%) |   2082    2082    2082   2082 |    0.00        0.00
GET      /project-manage                                                                    1     0(0.00%) |      5       5       5      5 |    0.00        0.00
GET      [warmup] cookie check                                                              1     0(0.00%) |   2109    2109    2109   2109 |    0.00        0.00
--------|----------------------------------------------------------------------------|-------|-------------|-------|-------|-------|-------|--------|-----------
         Aggregated                                                                         7    1(14.29%) |    900       5    2109     11 |    0.00        0.00

Type     Name                                                                          # reqs      # fails |    Avg     Min     Max    Med |   req/s  failures/s
--------|----------------------------------------------------------------------------|-------|-------------|-------|-------|-------|-------|--------|-----------
POST     /api/events [POST]                                                                 2     0(0.00%) |      8       7       9      8 |    0.20        0.00
DELETE   /api/events/{id} [DELETE]                                                          1     0(0.00%) |   2069    2069    2069   2069 |    0.00        0.00
PUT      /api/events/{id} [PUT]                                                             2   2(100.00%) |      9       7      10      7 |    0.20        0.20
GET      /api/kanban                                                                        1     0(0.00%) |      5       5       5      5 |    0.20        0.00
GET      /api/notifications/count                                                           1     0(0.00%) |   2082    2082    2082   2082 |    0.20        0.00
GET      /api/notifications/pending                                                         1     0(0.00%) |   2082    2082    2082   2082 |    0.20        0.00
GET      /project-manage                                                                    1     0(0.00%) |      5       5       5      5 |    0.20        0.00
GET      [warmup] cookie check                                                              1     0(0.00%) |   2109    2109    2109   2109 |    0.20        0.00
--------|----------------------------------------------------------------------------|-------|-------------|-------|-------|-------|-------|--------|-----------
         Aggregated                                                                        10    2(20.00%) |    839       5    2109     10 |    1.40        0.20

Type     Name                                                                          # reqs      # fails |    Avg     Min     Max    Med |   req/s  failures/s
--------|----------------------------------------------------------------------------|-------|-------------|-------|-------|-------|-------|--------|-----------
POST     /api/events [POST]                                                                 2     0(0.00%) |      8       7       9      8 |    0.14        0.00
DELETE   /api/events/{id} [DELETE]                                                          2     0(0.00%) |   2069    2068    2069   2069 |    0.14        0.00
PUT      /api/events/{id} [PUT]                                                             2   2(100.00%) |      9       7      10      7 |    0.14        0.14
GET      /api/kanban                                                                        1     0(0.00%) |      5       5       5      5 |    0.14        0.00
GET      /api/notifications/count                                                           1     0(0.00%) |   2082    2082    2082   2082 |    0.14        0.00
GET      /api/notifications/pending                                                         1     0(0.00%) |   2082    2082    2082   2082 |    0.14        0.00
GET      /project-manage                                                                    1     0(0.00%) |      5       5       5      5 |    0.14        0.00
GET      [warmup] cookie check                                                              1     0(0.00%) |   2109    2109    2109   2109 |    0.14        0.00
--------|----------------------------------------------------------------------------|-------|-------------|-------|-------|-------|-------|--------|-----------
         Aggregated                                                                        11    2(18.18%) |    950       5    2109     11 |    1.14        0.14

Type     Name                                                                          # reqs      # fails |    Avg     Min     Max    Med |   req/s  failures/s
--------|----------------------------------------------------------------------------|-------|-------------|-------|-------|-------|-------|--------|-----------
POST     /api/events [POST]                                                                 2     0(0.00%) |      8       7       9      8 |    0.20        0.00
DELETE   /api/events/{id} [DELETE]                                                          2     0(0.00%) |   2069    2068    2069   2069 |    0.20        0.00
PUT      /api/events/{id} [PUT]                                                             2   2(100.00%) |      9       7      10      7 |    0.20        0.20
GET      /api/kanban                                                                        1     0(0.00%) |      5       5       5      5 |    0.10        0.00
GET      /api/notifications/count                                                           1     0(0.00%) |   2082    2082    2082   2082 |    0.10        0.00
GET      /api/notifications/pending                                                         1     0(0.00%) |   2082    2082    2082   2082 |    0.10        0.00
POST     /api/upload/image [POST]                                                           1   1(100.00%) |    137     137     137    137 |    0.00        0.00
GET      /project-manage                                                                    1     0(0.00%) |      5       5       5      5 |    0.10        0.00
GET      [warmup] cookie check                                                              1     0(0.00%) |   2109    2109    2109   2109 |    0.10        0.00
--------|----------------------------------------------------------------------------|-------|-------------|-------|-------|-------|-------|--------|-----------
         Aggregated                                                                        12    3(25.00%) |    883       5    2109     11 |    1.10        0.20

Type     Name                                                                          # reqs      # fails |    Avg     Min     Max    Med |   req/s  failures/s
--------|----------------------------------------------------------------------------|-------|-------------|-------|-------|-------|-------|--------|-----------
POST     /api/events [POST]                                                                 2     0(0.00%) |      8       7       9      8 |    0.20        0.00
DELETE   /api/events/{id} [DELETE]                                                          2     0(0.00%) |   2069    2068    2069   2069 |    0.20        0.00
PUT      /api/events/{id} [PUT]                                                             2   2(100.00%) |      9       7      10      7 |    0.20        0.20
GET      /api/kanban                                                                        1     0(0.00%) |      5       5       5      5 |    0.10        0.00
GET      /api/notifications/count                                                           1     0(0.00%) |   2082    2082    2082   2082 |    0.10        0.00
GET      /api/notifications/pending                                                         1     0(0.00%) |   2082    2082    2082   2082 |    0.10        0.00
POST     /api/upload/image [POST]                                                           1   1(100.00%) |    137     137     137    137 |    0.00        0.00
GET      /project-manage                                                                    1     0(0.00%) |      5       5       5      5 |    0.10        0.00
GET      [warmup] cookie check                                                              1     0(0.00%) |   2109    2109    2109   2109 |    0.10        0.00
--------|----------------------------------------------------------------------------|-------|-------------|-------|-------|-------|-------|--------|-----------
         Aggregated                                                                        12    3(25.00%) |    883       5    2109     11 |    1.10        0.20

Type     Name                                                                          # reqs      # fails |    Avg     Min     Max    Med |   req/s  failures/s
--------|----------------------------------------------------------------------------|-------|-------------|-------|-------|-------|-------|--------|-----------
GET      /api/events                                                                        1     0(0.00%) |      5       5       5      5 |    0.00        0.00
POST     /api/events [POST]                                                                 2     0(0.00%) |      8       7       9      8 |    0.20        0.00
DELETE   /api/events/{id} [DELETE]                                                          2     0(0.00%) |   2069    2068    2069   2069 |    0.20        0.00
PUT      /api/events/{id} [PUT]                                                             2   2(100.00%) |      9       7      10      7 |    0.20        0.20
GET      /api/kanban                                                                        1     0(0.00%) |      5       5       5      5 |    0.00        0.00
GET      /api/notifications/count                                                           1     0(0.00%) |   2082    2082    2082   2082 |    0.10        0.00
GET      /api/notifications/pending                                                         1     0(0.00%) |   2082    2082    2082   2082 |    0.10        0.00
POST     /api/upload/image [POST]                                                           1   1(100.00%) |    137     137     137    137 |    0.10        0.10
GET      /project-manage                                                                    1     0(0.00%) |      5       5       5      5 |    0.10        0.00
GET      /trash                                                                             1     0(0.00%) |      9       9       9      9 |    0.00        0.00
GET      [warmup] cookie check                                                              1     0(0.00%) |   2109    2109    2109   2109 |    0.00        0.00
--------|----------------------------------------------------------------------------|-------|-------------|-------|-------|-------|-------|--------|-----------
         Aggregated                                                                        14    3(21.43%) |    758       5    2109     10 |    1.00        0.30

Type     Name                                                                          # reqs      # fails |    Avg     Min     Max    Med |   req/s  failures/s
--------|----------------------------------------------------------------------------|-------|-------------|-------|-------|-------|-------|--------|-----------
GET      /api/events                                                                        1     0(0.00%) |      5       5       5      5 |    0.00        0.00
POST     /api/events [POST]                                                                 2     0(0.00%) |      8       7       9      8 |    0.10        0.00
DELETE   /api/events/{id} [DELETE]                                                          2     0(0.00%) |   2069    2068    2069   2069 |    0.20        0.00
PUT      /api/events/{id} [PUT]                                                             2   2(100.00%) |      9       7      10      7 |    0.10        0.10
GET      /api/kanban                                                                        1     0(0.00%) |      5       5       5      5 |    0.00        0.00
GET      /api/notifications/count                                                           1     0(0.00%) |   2082    2082    2082   2082 |    0.00        0.00
GET      /api/notifications/pending                                                         1     0(0.00%) |   2082    2082    2082   2082 |    0.00        0.00
POST     /api/upload/image [POST]                                                           1   1(100.00%) |    137     137     137    137 |    0.10        0.10
GET      /check                                                                             1     0(0.00%) |     19      19      19     19 |    0.00        0.00
GET      /project-manage                                                                    1     0(0.00%) |      5       5       5      5 |    0.00        0.00
GET      /trash                                                                             1     0(0.00%) |      9       9       9      9 |    0.10        0.00
GET      [warmup] cookie check                                                              1     0(0.00%) |   2109    2109    2109   2109 |    0.00        0.00
--------|----------------------------------------------------------------------------|-------|-------------|-------|-------|-------|-------|--------|-----------
         Aggregated                                                                        15    3(20.00%) |    708       5    2109     11 |    0.60        0.20

Type     Name                                                                          # reqs      # fails |    Avg     Min     Max    Med |   req/s  failures/s
--------|----------------------------------------------------------------------------|-------|-------------|-------|-------|-------|-------|--------|-----------
GET      /api/events                                                                        1     0(0.00%) |      5       5       5      5 |    0.10        0.00
POST     /api/events [POST]                                                                 3     0(0.00%) |      8       7       9      9 |    0.10        0.00
DELETE   /api/events/{id} [DELETE]                                                          2     0(0.00%) |   2069    2068    2069   2069 |    0.10        0.00
PUT      /api/events/{id} [PUT]                                                             3   3(100.00%) |     12       7      18     11 |    0.10        0.10
GET      /api/kanban                                                                        1     0(0.00%) |      5       5       5      5 |    0.00        0.00
GET      /api/notifications/count                                                           1     0(0.00%) |   2082    2082    2082   2082 |    0.00        0.00
GET      /api/notifications/pending                                                         1     0(0.00%) |   2082    2082    2082   2082 |    0.00        0.00
POST     /api/upload/image [POST]                                                           1   1(100.00%) |    137     137     137    137 |    0.10        0.10
GET      /check                                                                             1     0(0.00%) |     19      19      19     19 |    0.00        0.00
GET      /project-manage                                                                    1     0(0.00%) |      5       5       5      5 |    0.00        0.00
GET      /trash                                                                             2     0(0.00%) |      7       6       9      6 |    0.10        0.00
GET      [warmup] cookie check                                                              1     0(0.00%) |   2109    2109    2109   2109 |    0.00        0.00
--------|----------------------------------------------------------------------------|-------|-------------|-------|-------|-------|-------|--------|-----------
         Aggregated                                                                        18    4(22.22%) |    592       5    2109     10 |    0.60        0.20

Type     Name                                                                          # reqs      # fails |    Avg     Min     Max    Med |   req/s  failures/s
--------|----------------------------------------------------------------------------|-------|-------------|-------|-------|-------|-------|--------|-----------
GET      /api/events                                                                        1     0(0.00%) |      5       5       5      5 |    0.10        0.00
POST     /api/events [POST]                                                                 3     0(0.00%) |      8       7       9      9 |    0.00        0.00
DELETE   /api/events/{id} [DELETE]                                                          3     0(0.00%) |   2076    2068    2092   2092 |    0.10        0.00
PUT      /api/events/{id} [PUT]                                                             3   3(100.00%) |     12       7      18     11 |    0.00        0.00
GET      /api/kanban                                                                        1     0(0.00%) |      5       5       5      5 |    0.00        0.00
GET      /api/notifications/count                                                           1     0(0.00%) |   2082    2082    2082   2082 |    0.00        0.00
GET      /api/notifications/pending                                                         1     0(0.00%) |   2082    2082    2082   2082 |    0.00        0.00
POST     /api/upload/image [POST]                                                           1   1(100.00%) |    137     137     137    137 |    0.10        0.10
GET      /check                                                                             1     0(0.00%) |     19      19      19     19 |    0.10        0.00
GET      /project-manage                                                                    1     0(0.00%) |      5       5       5      5 |    0.00        0.00
GET      /trash                                                                             2     0(0.00%) |      7       6       9      6 |    0.20        0.00
GET      [warmup] cookie check                                                              1     0(0.00%) |   2109    2109    2109   2109 |    0.00        0.00
--------|----------------------------------------------------------------------------|-------|-------------|-------|-------|-------|-------|--------|-----------
         Aggregated                                                                        19    4(21.05%) |    671       5    2109     11 |    0.60        0.10

Type     Name                                                                          # reqs      # fails |    Avg     Min     Max    Med |   req/s  failures/s
--------|----------------------------------------------------------------------------|-------|-------------|-------|-------|-------|-------|--------|-----------
GET      /                                                                                  1     0(0.00%) |      9       9       9      9 |    0.00        0.00
GET      /api/events                                                                        1     0(0.00%) |      5       5       5      5 |    0.10        0.00
POST     /api/events [POST]                                                                 3     0(0.00%) |      8       7       9      9 |    0.10        0.00
DELETE   /api/events/{id} [DELETE]                                                          3     0(0.00%) |   2076    2068    2092   2092 |    0.00        0.00
PUT      /api/events/{id} [PUT]                                                             3   3(100.00%) |     12       7      18     11 |    0.10        0.10
GET      /api/kanban                                                                        1     0(0.00%) |      5       5       5      5 |    0.00        0.00
GET      /api/notifications/count                                                           1     0(0.00%) |   2082    2082    2082   2082 |    0.00        0.00
GET      /api/notifications/pending                                                         1     0(0.00%) |   2082    2082    2082   2082 |    0.00        0.00
POST     /api/upload/image [POST]                                                           1   1(100.00%) |    137     137     137    137 |    0.10        0.10
GET      /check                                                                             1     0(0.00%) |     19      19      19     19 |    0.10        0.00
GET      /project-manage                                                                    1     0(0.00%) |      5       5       5      5 |    0.00        0.00
GET      /trash                                                                             2     0(0.00%) |      7       6       9      6 |    0.20        0.00
GET      [warmup] cookie check                                                              1     0(0.00%) |   2109    2109    2109   2109 |    0.00        0.00
--------|----------------------------------------------------------------------------|-------|-------------|-------|-------|-------|-------|--------|-----------
         Aggregated                                                                        20    4(20.00%) |    638       5    2109     10 |    0.70        0.20

Type     Name                                                                          # reqs      # fails |    Avg     Min     Max    Med |   req/s  failures/s
--------|----------------------------------------------------------------------------|-------|-------------|-------|-------|-------|-------|--------|-----------
GET      /                                                                                  1     0(0.00%) |      9       9       9      9 |    0.00        0.00
GET      /api/events                                                                        2     0(0.00%) |      6       5       8      6 |    0.10        0.00
POST     /api/events [POST]                                                                 3     0(0.00%) |      8       7       9      9 |    0.10        0.00
DELETE   /api/events/{id} [DELETE]                                                          3     0(0.00%) |   2076    2068    2092   2092 |    0.10        0.00
PUT      /api/events/{id} [PUT]                                                             3   3(100.00%) |     12       7      18     11 |    0.10        0.10
GET      /api/kanban                                                                        1     0(0.00%) |      5       5       5      5 |    0.00        0.00
GET      /api/notifications/count                                                           1     0(0.00%) |   2082    2082    2082   2082 |    0.00        0.00
GET      /api/notifications/pending                                                         1     0(0.00%) |   2082    2082    2082   2082 |    0.00        0.00
POST     /api/upload/image [POST]                                                           2   2(100.00%) |     72       6     137      6 |    0.00        0.00
GET      /check                                                                             1     0(0.00%) |     19      19      19     19 |    0.10        0.00
GET      /project-manage                                                                    1     0(0.00%) |      5       5       5      5 |    0.00        0.00
GET      /trash                                                                             2     0(0.00%) |      7       6       9      6 |    0.20        0.00
GET      [warmup] cookie check                                                              1     0(0.00%) |   2109    2109    2109   2109 |    0.00        0.00
--------|----------------------------------------------------------------------------|-------|-------------|-------|-------|-------|-------|--------|-----------
         Aggregated                                                                        22    5(22.73%) |    581       5    2109     10 |    0.70        0.10

Type     Name                                                                          # reqs      # fails |    Avg     Min     Max    Med |   req/s  failures/s
--------|----------------------------------------------------------------------------|-------|-------------|-------|-------|-------|-------|--------|-----------
GET      /                                                                                  1     0(0.00%) |      9       9       9      9 |    0.10        0.00
GET      /api/events                                                                        2     0(0.00%) |      6       5       8      6 |    0.10        0.00
POST     /api/events [POST]                                                                 3     0(0.00%) |      8       7       9      9 |    0.10        0.00
DELETE   /api/events/{id} [DELETE]                                                          3     0(0.00%) |   2076    2068    2092   2092 |    0.10        0.00
PUT      /api/events/{id} [PUT]                                                             3   3(100.00%) |     12       7      18     11 |    0.10        0.10
GET      /api/kanban                                                                        2     0(0.00%) |      5       5       6      6 |    0.00        0.00
GET      /api/notifications/count                                                           1     0(0.00%) |   2082    2082    2082   2082 |    0.00        0.00
GET      /api/notifications/pending                                                         1     0(0.00%) |   2082    2082    2082   2082 |    0.00        0.00
POST     /api/upload/image [POST]                                                           2   2(100.00%) |     72       6     137      6 |    0.00        0.00
GET      /check                                                                             1     0(0.00%) |     19      19      19     19 |    0.10        0.00
GET      /project-manage                                                                    1     0(0.00%) |      5       5       5      5 |    0.00        0.00
GET      /trash                                                                             2     0(0.00%) |      7       6       9      6 |    0.20        0.00
GET      [warmup] cookie check                                                              1     0(0.00%) |   2109    2109    2109   2109 |    0.00        0.00
--------|----------------------------------------------------------------------------|-------|-------------|-------|-------|-------|-------|--------|-----------
         Aggregated                                                                        23    5(21.74%) |    556       5    2109     10 |    0.80        0.10

Type     Name                                                                          # reqs      # fails |    Avg     Min     Max    Med |   req/s  failures/s
--------|----------------------------------------------------------------------------|-------|-------------|-------|-------|-------|-------|--------|-----------
GET      /                                                                                  1     0(0.00%) |      9       9       9      9 |    0.03        0.00
GET      /api/events                                                                        2     0(0.00%) |      6       5       8      6 |    0.07        0.00
POST     /api/events [POST]                                                                 4     0(0.00%) |      8       7       9      9 |    0.14        0.00
DELETE   /api/events/{id} [DELETE]                                                          3     0(0.00%) |   2076    2068    2092   2092 |    0.10        0.00
PUT      /api/events/{id} [PUT]                                                             4   4(100.00%) |     11       7      18      8 |    0.14        0.14
GET      /api/kanban                                                                        2     0(0.00%) |      5       5       6      6 |    0.07        0.00
GET      /api/notifications/count                                                           1     0(0.00%) |   2082    2082    2082   2082 |    0.03        0.00
GET      /api/notifications/pending                                                         1     0(0.00%) |   2082    2082    2082   2082 |    0.03        0.00
POST     /api/upload/image [POST]                                                           2   2(100.00%) |     72       6     137      6 |    0.07        0.07
GET      /check                                                                             1     0(0.00%) |     19      19      19     19 |    0.03        0.00
GET      /project-manage                                                                    1     0(0.00%) |      5       5       5      5 |    0.03        0.00
GET      /trash                                                                             2     0(0.00%) |      7       6       9      6 |    0.07        0.00
GET      [warmup] cookie check                                                              1     0(0.00%) |   2109    2109    2109   2109 |    0.03        0.00
--------|----------------------------------------------------------------------------|-------|-------------|-------|-------|-------|-------|--------|-----------
         Aggregated                                                                        25    6(24.00%) |    512       5    2109     10 |    0.85        0.20

Response time percentiles (approximated)
Type     Name                                                                                  50%    66%    75%    80%    90%    95%    98%    99%  99.9% 99.99%   100% # reqs
--------|--------------------------------------------------------------------------------|--------|------|------|------|------|------|------|------|------|------|------|------
GET      /                                                                                      10     10     10     10     10     10     10     10     10     10     10      1
GET      /api/events                                                                             8      8      8      8      8      8      8      8      8      8      8      2
POST     /api/events [POST]                                                                      9      9     10     10     10     10     10     10     10     10     10      4
DELETE   /api/events/{id} [DELETE]                                                            2100   2100   2100   2100   2100   2100   2100   2100   2100   2100   2100      3
PUT      /api/events/{id} [PUT]                                                                 11     11     18     18     18     18     18     18     18     18     18      4
GET      /api/kanban                                                                             6      6      6      6      6      6      6      6      6      6      6      2
GET      /api/notifications/count                                                             2100   2100   2100   2100   2100   2100   2100   2100   2100   2100   2100      1
GET      /api/notifications/pending                                                           2100   2100   2100   2100   2100   2100   2100   2100   2100   2100   2100      1
POST     /api/upload/image [POST]                                                              140    140    140    140    140    140    140    140    140    140    140      2
GET      /check                                                                                 19     19     19     19     19     19     19     19     19     19     19      1
GET      /project-manage                                                                         6      6      6      6      6      6      6      6      6      6      6      1
GET      /trash                                                                                 10     10     10     10     10     10     10     10     10     10     10      2
GET      [warmup] cookie check                                                                2100   2100   2100   2100   2100   2100   2100   2100   2100   2100   2100      1
--------|--------------------------------------------------------------------------------|--------|------|------|------|------|------|------|------|------|------|------|------
         Aggregated                                                                             10     18    140   2100   2100   2100   2100   2100   2100   2100   2100     25

Error report
# occurrences      Error                                                                                               
------------------|---------------------------------------------------------------------------------------------------------------------------------------------
4                  PUT /api/events/{id} [PUT]: HTTPError('500 Server Error: Internal Server Error for url: /api/events/{id} [PUT]')
2                  POST /api/upload/image [POST]: HTTPError('400 Client Error: Bad Request for url: /api/upload/image [POST]')
------------------|---------------------------------------------------------------------------------------------------------------------------------------------

