Type     Name                                                                          # reqs      # fails |    Avg     Min     Max    Med |   req/s  failures/s
--------|----------------------------------------------------------------------------|-------|-------------|-------|-------|-------|-------|--------|-----------
--------|----------------------------------------------------------------------------|-------|-------------|-------|-------|-------|-------|--------|-----------
         Aggregated                                                                         0     0(0.00%) |      0       0       0      0 |    0.00        0.00

Type     Name                                                                          # reqs      # fails |    Avg     Min     Max    Med |   req/s  failures/s
--------|----------------------------------------------------------------------------|-------|-------------|-------|-------|-------|-------|--------|-----------
--------|----------------------------------------------------------------------------|-------|-------------|-------|-------|-------|-------|--------|-----------
         Aggregated                                                                         0     0(0.00%) |      0       0       0      0 |    0.00        0.00

Type     Name                                                                          # reqs      # fails |    Avg     Min     Max    Med |   req/s  failures/s
--------|----------------------------------------------------------------------------|-------|-------------|-------|-------|-------|-------|--------|-----------
POST     /api/events [POST]                                                                 1     0(0.00%) |    235     235     235    235 |    0.00        0.00
GET      [warmup] cookie check                                                             41     0(0.00%) |   3950    3850    4122   3900 |    0.00        0.00
--------|----------------------------------------------------------------------------|-------|-------------|-------|-------|-------|-------|--------|-----------
         Aggregated                                                                        42     0(0.00%) |   3862     235    4122   3900 |    0.00        0.00

Type     Name                                                                          # reqs      # fails |    Avg     Min     Max    Med |   req/s  failures/s
--------|----------------------------------------------------------------------------|-------|-------------|-------|-------|-------|-------|--------|-----------
GET      /                                                                                  3     0(0.00%) |    807     675     922    820 |    0.00        0.00
GET      /api/checklists                                                                    1     0(0.00%) |     14      14      14     14 |    0.00        0.00
GET      /api/events                                                                        2     0(0.00%) |    802     673     930    673 |    0.00        0.00
POST     /api/events [POST]                                                                20     0(0.00%) |    334      13     447    380 |    0.00        0.00
PUT      /api/events/{id} [PUT]                                                            20  20(100.00%) |    339      16     427    410 |    0.00        0.00
GET      /api/kanban                                                                        3     0(0.00%) |    619      12     935    910 |    0.00        0.00
POST     /api/upload/image [POST]                                                           9   9(100.00%) |   1016      52    1422   1200 |    0.00        0.00
GET      /calendar                                                                          1     0(0.00%) |    852     852     852    852 |    0.00        0.00
GET      /check                                                                             6     0(0.00%) |    723      14     930    870 |    0.00        0.00
GET      /project-manage                                                                    7     0(0.00%) |    597      11     919    810 |    0.00        0.00
GET      /trash                                                                             5     0(0.00%) |    601      15     935    580 |    0.00        0.00
GET      [warmup] cookie check                                                             50     0(0.00%) |   4011    3850    4359   3900 |    0.00        0.00
--------|----------------------------------------------------------------------------|-------|-------------|-------|-------|-------|-------|--------|-----------
         Aggregated                                                                       127   29(22.83%) |   1901      11    4359    920 |    0.00        0.00

Type     Name                                                                          # reqs      # fails |    Avg     Min     Max    Med |   req/s  failures/s
--------|----------------------------------------------------------------------------|-------|-------------|-------|-------|-------|-------|--------|-----------
GET      /                                                                                  3     0(0.00%) |    807     675     922    820 |    0.33        0.00
GET      /api/checklists                                                                    1     0(0.00%) |     14      14      14     14 |    0.11        0.00
GET      /api/checklists/1/lock                                                             1   1(100.00%) |   6343    6343    6343   6343 |    0.00        0.00
PUT      /api/doc/{id}/lock [PUT heartbeat]                                                 1   1(100.00%) |   6344    6344    6344   6344 |    0.00        0.00
GET      /api/events                                                                        2     0(0.00%) |    802     673     930    673 |    0.22        0.00
POST     /api/events [POST]                                                                24     0(0.00%) |    969      13    4336    410 |    2.22        0.00
PUT      /api/events/{id} [PUT]                                                            20  20(100.00%) |    339      16     427    410 |    2.22        2.22
GET      /api/kanban                                                                        3     0(0.00%) |    619      12     935    910 |    0.33        0.00
GET      /api/notifications/count                                                           8     0(0.00%) |   5968    2916    7143   6200 |    0.11        0.00
GET      /api/notifications/pending                                                         8     0(0.00%) |   5850    2928    6349   6200 |    0.11        0.00
POST     /api/upload/image [POST]                                                          10  10(100.00%) |    921      52    1422   1200 |    1.11        1.11
GET      /calendar                                                                          1     0(0.00%) |    852     852     852    852 |    0.11        0.00
GET      /check                                                                             6     0(0.00%) |    723      14     930    870 |    0.67        0.00
GET      /project-manage                                                                    7     0(0.00%) |    597      11     919    810 |    0.78        0.00
GET      /trash                                                                             5     0(0.00%) |    601      15     935    580 |    0.56        0.00
GET      [warmup] cookie check                                                             50     0(0.00%) |   4011    3850    4359   3900 |    5.56        0.00
--------|----------------------------------------------------------------------------|-------|-------------|-------|-------|-------|-------|--------|-----------
         Aggregated                                                                       150   32(21.33%) |   2435      11    7143   1400 |   14.44        3.33

Type     Name                                                                          # reqs      # fails |    Avg     Min     Max    Med |   req/s  failures/s
--------|----------------------------------------------------------------------------|-------|-------------|-------|-------|-------|-------|--------|-----------
GET      /                                                                                  4     0(0.00%) |    608      14     922    680 |    0.30        0.00
GET      /api/checklists                                                                    1     0(0.00%) |     14      14      14     14 |    0.10        0.00
GET      /api/checklists/1/lock                                                            13  13(100.00%) |   7854    6343    8027   8000 |    0.10        0.10
PUT      /api/doc/{id}/lock [PUT heartbeat]                                                13  13(100.00%) |   7859    6344    8025   8000 |    0.10        0.10
GET      /api/events                                                                        3     0(0.00%) |    539      15     930    670 |    0.20        0.00
POST     /api/events [POST]                                                                30     0(0.00%) |    927      10    4360    380 |    2.10        0.00
DELETE   /api/events/{id} [DELETE]                                                         20     0(0.00%) |   7509    6703    7776   7600 |    0.00        0.00
PUT      /api/events/{id} [PUT]                                                            30  30(100.00%) |    342      12    1081    410 |    2.00        2.00
GET      /api/kanban                                                                        8     0(0.00%) |   1953      12    4374    910 |    0.30        0.00
GET      /api/notifications/count                                                          63     0(0.00%) |   7702    2916    8032   8000 |    0.70        0.00
GET      /api/notifications/pending                                                        63     0(0.00%) |   7687    2928    8028   7900 |    0.80        0.00
POST     /api/upload/image [POST]                                                          17  17(100.00%) |   1747      52    6425   1200 |    1.00        1.00
GET      /calendar                                                                          1     0(0.00%) |    852     852     852    852 |    0.10        0.00
GET      /check                                                                            10     0(0.00%) |   1729      14    4369    920 |    0.60        0.00
GET      /project-manage                                                                   10     0(0.00%) |   1729      11    4372    880 |    0.70        0.00
GET      /trash                                                                             5     0(0.00%) |    601      15     935    580 |    0.50        0.00
GET      [warmup] cookie check                                                             50     0(0.00%) |   4011    3850    4359   3900 |    5.00        0.00
--------|----------------------------------------------------------------------------|-------|-------------|-------|-------|-------|-------|--------|-----------
         Aggregated                                                                       341   73(21.41%) |   4840      10    8032   6200 |   14.60        3.20

Type     Name                                                                          # reqs      # fails |    Avg     Min     Max    Med |   req/s  failures/s
--------|----------------------------------------------------------------------------|-------|-------------|-------|-------|-------|-------|--------|-----------
GET      /                                                                                  5     0(0.00%) |    489      10     922    680 |    0.30        0.00
GET      /api/checklists                                                                    2     0(0.00%) |     12      10      14     11 |    0.10        0.00
GET      /api/checklists/1/lock                                                            13  13(100.00%) |   7854    6343    8027   8000 |    1.30        1.30
PUT      /api/doc/{id}/lock [PUT heartbeat]                                                13  13(100.00%) |   7859    6344    8025   8000 |    1.30        1.30
GET      /api/events                                                                        8     0(0.00%) |    235      13     930     20 |    0.20        0.00
POST     /api/events [POST]                                                                42     0(0.00%) |    816       9    4360    370 |    2.60        0.00
DELETE   /api/events/{id} [DELETE]                                                         28     0(0.00%) |   6086    2081    7776   7600 |    2.00        0.00
PUT      /api/events/{id} [PUT]                                                            42  42(100.00%) |    257      12    1081    230 |    2.60        2.60
GET      /api/kanban                                                                        9     0(0.00%) |   1737      12    4374    910 |    0.80        0.00
GET      /api/notifications/count                                                          63     0(0.00%) |   7702    2916    8032   8000 |    6.30        0.00
GET      /api/notifications/pending                                                        63     0(0.00%) |   7687    2928    8028   7900 |    6.30        0.00
POST     /api/upload/image [POST]                                                          25  25(100.00%) |   1353      31    6425    610 |    1.70        1.70
GET      /calendar                                                                          6     0(0.00%) |    704       9    3162     43 |    0.10        0.00
GET      /check                                                                            13     0(0.00%) |   1339      14    4369    870 |    1.00        0.00
GET      /project-manage                                                                   14     0(0.00%) |   1246       9    4372    620 |    1.00        0.00
GET      /trash                                                                             7     0(0.00%) |    433      12     935    570 |    0.50        0.00
GET      [warmup] cookie check                                                             50     0(0.00%) |   4011    3850    4359   3900 |    5.00        0.00
--------|----------------------------------------------------------------------------|-------|-------------|-------|-------|-------|-------|--------|-----------
         Aggregated                                                                       403   93(23.08%) |   4183       9    8032   4100 |   33.10        6.90

Type     Name                                                                          # reqs      # fails |    Avg     Min     Max    Med |   req/s  failures/s
--------|----------------------------------------------------------------------------|-------|-------------|-------|-------|-------|-------|--------|-----------
GET      /                                                                                  5     0(0.00%) |    489      10     922    680 |    0.50        0.00
GET      /api/checklists                                                                    2     0(0.00%) |     12      10      14     11 |    0.20        0.00
GET      /api/checklists/1/lock                                                            13  13(100.00%) |   7854    6343    8027   8000 |    1.30        1.30
PUT      /api/doc/{id}/lock [PUT heartbeat]                                                13  13(100.00%) |   7859    6344    8025   8000 |    1.30        1.30
GET      /api/events                                                                        9     0(0.00%) |    211      13     930     21 |    0.80        0.00
POST     /api/events [POST]                                                                56     0(0.00%) |    616       9    4360     29 |    2.40        0.00
DELETE   /api/events/{id} [DELETE]                                                         42     0(0.00%) |   4758    2068    7776   2900 |    2.60        0.00
PUT      /api/events/{id} [PUT]                                                            56  56(100.00%) |    198      10    1081     32 |    2.70        2.70
GET      /api/kanban                                                                       12     0(0.00%) |   1307      12    4374    200 |    0.90        0.00
GET      /api/notifications/count                                                          63     0(0.00%) |   7702    2916    8032   8000 |    6.30        0.00
GET      /api/notifications/pending                                                        63     0(0.00%) |   7687    2928    8028   7900 |    6.30        0.00
POST     /api/upload/image [POST]                                                          26  26(100.00%) |   1304      31    6425    540 |    2.30        2.30
GET      /calendar                                                                          8     0(0.00%) |    535       9    3162     43 |    0.40        0.00
GET      /check                                                                            18     0(0.00%) |    976      11    4369     58 |    1.10        0.00
GET      /project-manage                                                                   16     0(0.00%) |   1092       8    4372     99 |    1.20        0.00
GET      /trash                                                                             9     0(0.00%) |    340      12     935     17 |    0.60        0.00
GET      [warmup] cookie check                                                             50     0(0.00%) |   4011    3850    4359   3900 |    0.00        0.00
--------|----------------------------------------------------------------------------|-------|-------------|-------|-------|-------|-------|--------|-----------
         Aggregated                                                                       461  108(23.43%) |   3723       8    8032   3900 |   30.90        7.60

Type     Name                                                                          # reqs      # fails |    Avg     Min     Max    Med |   req/s  failures/s
--------|----------------------------------------------------------------------------|-------|-------------|-------|-------|-------|-------|--------|-----------
GET      /                                                                                  5     0(0.00%) |    489      10     922    680 |    0.20        0.00
GET      /api/checklists                                                                    2     0(0.00%) |     12      10      14     11 |    0.10        0.00
GET      /api/checklists/1/lock                                                            13  13(100.00%) |   7854    6343    8027   8000 |    1.30        1.30
PUT      /api/doc/{id}/lock [PUT heartbeat]                                                13  13(100.00%) |   7859    6344    8025   8000 |    1.30        1.30
GET      /api/events                                                                       13     0(0.00%) |    154      13     930     21 |    0.70        0.00
POST     /api/events [POST]                                                                69     0(0.00%) |    504       9    4360     28 |    3.40        0.00
DELETE   /api/events/{id} [DELETE]                                                         56     0(0.00%) |   4097    2068    7776   2100 |    4.10        0.00
PUT      /api/events/{id} [PUT]                                                            69  69(100.00%) |    165      10    1081     29 |    3.40        3.40
GET      /api/kanban                                                                       13     0(0.00%) |   1209      12    4374    200 |    0.90        0.00
GET      /api/notifications/count                                                          63     0(0.00%) |   7702    2916    8032   8000 |    6.30        0.00
GET      /api/notifications/pending                                                        63     0(0.00%) |   7687    2928    8028   7900 |    6.30        0.00
POST     /api/upload/image [POST]                                                          31  31(100.00%) |   1107      31    6425    470 |    1.50        1.50
GET      /calendar                                                                          9     0(0.00%) |    477       9    3162     43 |    0.70        0.00
GET      /check                                                                            24     0(0.00%) |    738      11    4369     40 |    1.10        0.00
GET      /project-manage                                                                   17     0(0.00%) |   1029       8    4372     99 |    0.90        0.00
GET      /trash                                                                            10     0(0.00%) |    308      12     935     17 |    0.40        0.00
GET      [warmup] cookie check                                                             50     0(0.00%) |   4011    3850    4359   3900 |    0.00        0.00
--------|----------------------------------------------------------------------------|-------|-------------|-------|-------|-------|-------|--------|-----------
         Aggregated                                                                       520  126(24.23%) |   3360       8    8032   2100 |   32.60        7.50

Type     Name                                                                          # reqs      # fails |    Avg     Min     Max    Med |   req/s  failures/s
--------|----------------------------------------------------------------------------|-------|-------------|-------|-------|-------|-------|--------|-----------
GET      /                                                                                  8     0(0.00%) |    310      10     922     13 |    0.20        0.00
GET      /api/checklists                                                                    2     0(0.00%) |     12      10      14     11 |    0.10        0.00
GET      /api/checklists/1/lock                                                            13  13(100.00%) |   7854    6343    8027   8000 |    1.30        1.30
PUT      /api/doc/{id}/lock [PUT heartbeat]                                                13  13(100.00%) |   7859    6344    8025   8000 |    1.30        1.30
GET      /api/events                                                                       13     0(0.00%) |    154      13     930     21 |    1.10        0.00
POST     /api/events [POST]                                                                78     0(0.00%) |    447       9    4360     22 |    4.60        0.00
DELETE   /api/events/{id} [DELETE]                                                         68     0(0.00%) |   3742    2068    7776   2100 |    5.40        0.00
PUT      /api/events/{id} [PUT]                                                            78  78(100.00%) |    147      10    1081     25 |    4.50        4.50
GET      /api/kanban                                                                       16     0(0.00%) |    986       9    4374     28 |    1.00        0.00
GET      /api/notifications/count                                                          63     0(0.00%) |   7702    2916    8032   8000 |    6.20        0.00
GET      /api/notifications/pending                                                        63     0(0.00%) |   7687    2928    8028   7900 |    6.20        0.00
POST     /api/upload/image [POST]                                                          40  40(100.00%) |    871      31    6425     98 |    2.00        2.00
GET      /calendar                                                                          9     0(0.00%) |    477       9    3162     43 |    0.70        0.00
GET      /check                                                                            28     0(0.00%) |    637      11    4369     40 |    1.70        0.00
GET      /project-manage                                                                   19     0(0.00%) |    921       8    4372     47 |    1.00        0.00
GET      /trash                                                                            10     0(0.00%) |    308      12     935     17 |    0.50        0.00
GET      [warmup] cookie check                                                             50     0(0.00%) |   4011    3850    4359   3900 |    0.00        0.00
--------|----------------------------------------------------------------------------|-------|-------------|-------|-------|-------|-------|--------|-----------
         Aggregated                                                                       571  144(25.22%) |   3105       8    8032   2100 |   37.80        9.10

Type     Name                                                                          # reqs      # fails |    Avg     Min     Max    Med |   req/s  failures/s
--------|----------------------------------------------------------------------------|-------|-------------|-------|-------|-------|-------|--------|-----------
GET      /                                                                                  9     0(0.00%) |    279      10     922     14 |    0.30        0.00
GET      /api/checklists                                                                    4     0(0.00%) |     12      10      14     11 |    0.10        0.00
GET      /api/checklists/1/lock                                                            13  13(100.00%) |   7854    6343    8027   8000 |    1.20        1.20
PUT      /api/doc/{id}/lock [PUT heartbeat]                                                13  13(100.00%) |   7859    6344    8025   8000 |    1.20        1.20
GET      /api/events                                                                       15     0(0.00%) |    135      13     930     20 |    1.10        0.00
POST     /api/events [POST]                                                                90     0(0.00%) |    390       9    4360     20 |    5.60        0.00
DELETE   /api/events/{id} [DELETE]                                                         78     0(0.00%) |   3532    2068    7776   2100 |    6.50        0.00
PUT      /api/events/{id} [PUT]                                                            90  90(100.00%) |    131      10    1081     23 |    5.70        5.70
GET      /api/kanban                                                                       19     0(0.00%) |    834       9    4374     28 |    1.20        0.00
GET      /api/notifications/count                                                          63     0(0.00%) |   7702    2916    8032   8000 |    5.60        0.00
GET      /api/notifications/pending                                                        63     0(0.00%) |   7687    2928    8028   7900 |    5.50        0.00
POST     /api/upload/image [POST]                                                          41  41(100.00%) |    851      31    6425     98 |    2.90        2.90
GET      /calendar                                                                         10     0(0.00%) |    430       9    3162     13 |    0.80        0.00
GET      /check                                                                            31     0(0.00%) |    577      11    4369     29 |    2.00        0.00
GET      /project-manage                                                                   21     0(0.00%) |    835       8    4372     33 |    1.20        0.00
GET      /trash                                                                            12     0(0.00%) |    259       9     935     17 |    0.50        0.00
GET      [warmup] cookie check                                                             50     0(0.00%) |   4011    3850    4359   3900 |    0.00        0.00
--------|----------------------------------------------------------------------------|-------|-------------|-------|-------|-------|-------|--------|-----------
         Aggregated                                                                       622  157(25.24%) |   2886       8    8032    930 |   41.40       11.00

Type     Name                                                                          # reqs      # fails |    Avg     Min     Max    Med |   req/s  failures/s
--------|----------------------------------------------------------------------------|-------|-------------|-------|-------|-------|-------|--------|-----------
GET      /                                                                                 11     0(0.00%) |    233      10     922     14 |    0.60        0.00
GET      /api/checklists                                                                    6     0(0.00%) |     11      10      14     11 |    0.30        0.00
GET      /api/checklists/1/lock                                                            13  13(100.00%) |   7854    6343    8027   8000 |    0.00        0.00
PUT      /api/doc/{id}/lock [PUT heartbeat]                                                13  13(100.00%) |   7859    6344    8025   8000 |    0.00        0.00
GET      /api/events                                                                       17     0(0.00%) |    121      12     930     18 |    1.20        0.00
POST     /api/events [POST]                                                                96     0(0.00%) |    367       9    4360     18 |    6.00        0.00
DELETE   /api/events/{id} [DELETE]                                                         88     0(0.00%) |   3367    2068    7776   2100 |    5.50        0.00
PUT      /api/events/{id} [PUT]                                                            96  96(100.00%) |    123      10    1081     23 |    5.90        5.90
GET      /api/kanban                                                                       20     0(0.00%) |    793       9    4374     25 |    1.00        0.00
GET      /api/notifications/count                                                          63     0(0.00%) |   7702    2916    8032   8000 |    0.00        0.00
GET      /api/notifications/pending                                                        63     0(0.00%) |   7687    2928    8028   7900 |    0.00        0.00
POST     /api/upload/image [POST]                                                          46  46(100.00%) |    765      28    6425     90 |    2.40        2.40
GET      /calendar                                                                         10     0(0.00%) |    430       9    3162     13 |    0.90        0.00
GET      /check                                                                            34     0(0.00%) |    527       9    4369     27 |    2.10        0.00
GET      /project-manage                                                                   21     0(0.00%) |    835       8    4372     33 |    1.10        0.00
GET      /trash                                                                            14     0(0.00%) |    226       8     935     17 |    0.70        0.00
GET      [warmup] cookie check                                                             50     0(0.00%) |   4011    3850    4359   3900 |    0.00        0.00
--------|----------------------------------------------------------------------------|-------|-------------|-------|-------|-------|-------|--------|-----------
         Aggregated                                                                       661  168(25.42%) |   2748       8    8032    880 |   27.70        8.30

Type     Name                                                                          # reqs      # fails |    Avg     Min     Max    Med |   req/s  failures/s
--------|----------------------------------------------------------------------------|-------|-------------|-------|-------|-------|-------|--------|-----------
GET      /                                                                                 16     0(0.00%) |    170      10     922     14 |    0.60        0.00
GET      /api/checklists                                                                    7     0(0.00%) |     12      10      15     11 |    0.40        0.00
GET      /api/checklists/1/lock                                                            13  13(100.00%) |   7854    6343    8027   8000 |    0.00        0.00
PUT      /api/doc/{id}/lock [PUT heartbeat]                                                13  13(100.00%) |   7859    6344    8025   8000 |    0.00        0.00
GET      /api/events                                                                       24     0(0.00%) |     94      12     930     18 |    0.90        0.00
POST     /api/events [POST]                                                               107     0(0.00%) |    331       9    4360     16 |    5.40        0.00
DELETE   /api/events/{id} [DELETE]                                                         96     0(0.00%) |   3262    2068    7776   2100 |    5.80        0.00
PUT      /api/events/{id} [PUT]                                                           107 107(100.00%) |    113      10    1081     22 |    5.40        5.40
GET      /api/kanban                                                                       21     0(0.00%) |    760       9    4374     28 |    1.10        0.00
GET      /api/notifications/count                                                          63     0(0.00%) |   7702    2916    8032   8000 |    0.00        0.00
GET      /api/notifications/pending                                                        63     0(0.00%) |   7687    2928    8028   7900 |    0.00        0.00
POST     /api/upload/image [POST]                                                          48  48(100.00%) |    735      27    6425     89 |    2.30        2.30
GET      /calendar                                                                         11     0(0.00%) |    392       9    3162     13 |    0.50        0.00
GET      /check                                                                            36     0(0.00%) |    499       9    4369     27 |    2.10        0.00
GET      /project-manage                                                                   21     0(0.00%) |    835       8    4372     33 |    0.70        0.00
GET      /trash                                                                            14     0(0.00%) |    226       8     935     17 |    0.60        0.00
GET      [warmup] cookie check                                                             50     0(0.00%) |   4011    3850    4359   3900 |    0.00        0.00
--------|----------------------------------------------------------------------------|-------|-------------|-------|-------|-------|-------|--------|-----------
         Aggregated                                                                       710  181(25.49%) |   2583       8    8032    510 |   25.80        7.70

Type     Name                                                                          # reqs      # fails |    Avg     Min     Max    Med |   req/s  failures/s
--------|----------------------------------------------------------------------------|-------|-------------|-------|-------|-------|-------|--------|-----------
GET      /                                                                                 16     0(0.00%) |    170      10     922     14 |    1.10        0.00
GET      /api/checklists                                                                    9     0(0.00%) |     14      10      34     11 |    0.50        0.00
GET      /api/checklists/1/lock                                                            13  13(100.00%) |   7854    6343    8027   8000 |    0.00        0.00
PUT      /api/doc/{id}/lock [PUT heartbeat]                                                13  13(100.00%) |   7859    6344    8025   8000 |    0.00        0.00
GET      /api/events                                                                       25     0(0.00%) |     92      12     930     18 |    1.40        0.00
POST     /api/events [POST]                                                               121     0(0.00%) |    294       5    4360     15 |    5.10        0.00
DELETE   /api/events/{id} [DELETE]                                                        107     0(0.00%) |   3143    2068    7776   2100 |    5.40        0.00
PUT      /api/events/{id} [PUT]                                                           121 121(100.00%) |    103      10    1081     22 |    5.00        5.00
GET      /api/kanban                                                                       23     0(0.00%) |    696       9    4374     25 |    0.90        0.00
GET      /api/notifications/count                                                          63     0(0.00%) |   7702    2916    8032   8000 |    0.00        0.00
GET      /api/notifications/pending                                                        63     0(0.00%) |   7687    2928    8028   7900 |    0.00        0.00
POST     /api/upload/image [POST]                                                          49  49(100.00%) |    721      27    6425     89 |    2.30        2.30
GET      /calendar                                                                         11     0(0.00%) |    392       9    3162     13 |    0.30        0.00
GET      /check                                                                            38     0(0.00%) |    473       9    4369     26 |    1.90        0.00
GET      /project-manage                                                                   23     0(0.00%) |    765       8    4372     33 |    0.50        0.00
GET      /trash                                                                            15     0(0.00%) |    213       8     935     19 |    0.50        0.00
GET      [warmup] cookie check                                                             50     0(0.00%) |   4011    3850    4359   3900 |    0.00        0.00
--------|----------------------------------------------------------------------------|-------|-------------|-------|-------|-------|-------|--------|-----------
         Aggregated                                                                       760  196(25.79%) |   2445       5    8032    430 |   24.90        7.30

Type     Name                                                                          # reqs      # fails |    Avg     Min     Max    Med |   req/s  failures/s
--------|----------------------------------------------------------------------------|-------|-------------|-------|-------|-------|-------|--------|-----------
GET      /                                                                                 16     0(0.00%) |    170      10     922     14 |    1.10        0.00
GET      /api/checklists                                                                    9     0(0.00%) |     14      10      34     11 |    0.70        0.00
GET      /api/checklists/1/lock                                                            13  13(100.00%) |   7854    6343    8027   8000 |    0.00        0.00
PUT      /api/doc/{id}/lock [PUT heartbeat]                                                13  13(100.00%) |   7859    6344    8025   8000 |    0.00        0.00
GET      /api/events                                                                       25     0(0.00%) |     92      12     930     18 |    1.20        0.00
POST     /api/events [POST]                                                               125     0(0.00%) |    285       5    4360     15 |    5.30        0.00
DELETE   /api/events/{id} [DELETE]                                                        108     0(0.00%) |   3133    2068    7776   2100 |    5.00        0.00
PUT      /api/events/{id} [PUT]                                                           125 125(100.00%) |    100      10    1081     21 |    5.40        5.40
GET      /api/kanban                                                                       23     0(0.00%) |    696       9    4374     25 |    1.00        0.00
GET      /api/notifications/count                                                          63     0(0.00%) |   7702    2916    8032   8000 |    0.00        0.00
GET      /api/notifications/pending                                                        63     0(0.00%) |   7687    2928    8028   7900 |    0.00        0.00
POST     /api/upload/image [POST]                                                          49  49(100.00%) |    721      27    6425     89 |    1.90        1.90
GET      /calendar                                                                         11     0(0.00%) |    392       9    3162     13 |    0.30        0.00
GET      /check                                                                            38     0(0.00%) |    473       9    4369     26 |    1.50        0.00
GET      /project-manage                                                                   23     0(0.00%) |    765       8    4372     33 |    0.60        0.00
GET      /trash                                                                            15     0(0.00%) |    213       8     935     19 |    0.50        0.00
GET      [warmup] cookie check                                                             50     0(0.00%) |   4011    3850    4359   3900 |    0.00        0.00
--------|----------------------------------------------------------------------------|-------|-------------|-------|-------|-------|-------|--------|-----------
         Aggregated                                                                       769  200(26.01%) |   2419       5    8032    410 |   24.50        7.30

Type     Name                                                                          # reqs      # fails |    Avg     Min     Max    Med |   req/s  failures/s
--------|----------------------------------------------------------------------------|-------|-------------|-------|-------|-------|-------|--------|-----------
GET      /                                                                                 16     0(0.00%) |    170      10     922     14 |    1.10        0.00
GET      /api/checklists                                                                    9     0(0.00%) |     14      10      34     11 |    0.70        0.00
GET      /api/checklists/1/lock                                                            13  13(100.00%) |   7854    6343    8027   8000 |    0.00        0.00
PUT      /api/doc/{id}/lock [PUT heartbeat]                                                13  13(100.00%) |   7859    6344    8025   8000 |    0.00        0.00
GET      /api/events                                                                       25     0(0.00%) |     92      12     930     18 |    1.20        0.00
POST     /api/events [POST]                                                               125     0(0.00%) |    285       5    4360     15 |    5.30        0.00
DELETE   /api/events/{id} [DELETE]                                                        108     0(0.00%) |   3133    2068    7776   2100 |    5.00        0.00
PUT      /api/events/{id} [PUT]                                                           125 125(100.00%) |    100      10    1081     21 |    5.40        5.40
GET      /api/kanban                                                                       23     0(0.00%) |    696       9    4374     25 |    1.00        0.00
GET      /api/notifications/count                                                          63     0(0.00%) |   7702    2916    8032   8000 |    0.00        0.00
GET      /api/notifications/pending                                                        63     0(0.00%) |   7687    2928    8028   7900 |    0.00        0.00
POST     /api/upload/image [POST]                                                          49  49(100.00%) |    721      27    6425     89 |    1.90        1.90
GET      /calendar                                                                         11     0(0.00%) |    392       9    3162     13 |    0.30        0.00
GET      /check                                                                            38     0(0.00%) |    473       9    4369     26 |    1.50        0.00
GET      /project-manage                                                                   23     0(0.00%) |    765       8    4372     33 |    0.60        0.00
GET      /trash                                                                            15     0(0.00%) |    213       8     935     19 |    0.50        0.00
GET      [warmup] cookie check                                                             50     0(0.00%) |   4011    3850    4359   3900 |    0.00        0.00
--------|----------------------------------------------------------------------------|-------|-------------|-------|-------|-------|-------|--------|-----------
         Aggregated                                                                       769  200(26.01%) |   2419       5    8032    410 |   24.50        7.30

Type     Name                                                                          # reqs      # fails |    Avg     Min     Max    Med |   req/s  failures/s
--------|----------------------------------------------------------------------------|-------|-------------|-------|-------|-------|-------|--------|-----------
GET      /                                                                                 17     0(0.00%) |    435      10    4675     16 |    0.70        0.00
GET      /api/checklists                                                                    9     0(0.00%) |     14      10      34     11 |    0.50        0.00
GET      /api/checklists/1/lock                                                            13  13(100.00%) |   7854    6343    8027   8000 |    0.00        0.00
PUT      /api/doc/{id}/lock [PUT heartbeat]                                                13  13(100.00%) |   7859    6344    8025   8000 |    0.00        0.00
GET      /api/events                                                                       25     0(0.00%) |     92      12     930     18 |    1.20        0.00
POST     /api/events [POST]                                                               125     0(0.00%) |    285       5    4360     15 |    4.30        0.00
DELETE   /api/events/{id} [DELETE]                                                        113     0(0.00%) |   3285    2068    7776   2100 |    3.80        0.00
PUT      /api/events/{id} [PUT]                                                           125 125(100.00%) |    100      10    1081     21 |    4.30        4.30
GET      /api/kanban                                                                       23     0(0.00%) |    696       9    4374     25 |    0.70        0.00
GET      /api/notifications/count                                                          63     0(0.00%) |   7702    2916    8032   8000 |    0.00        0.00
GET      /api/notifications/pending                                                        63     0(0.00%) |   7687    2928    8028   7900 |    0.00        0.00
POST     /api/upload/image [POST]                                                          49  49(100.00%) |    721      27    6425     89 |    0.90        0.90
GET      /calendar                                                                         12     0(0.00%) |    713       9    4248     13 |    0.20        0.00
GET      /check                                                                            38     0(0.00%) |    473       9    4369     26 |    0.80        0.00
GET      /project-manage                                                                   23     0(0.00%) |    765       8    4372     33 |    0.40        0.00
GET      /trash                                                                            17     0(0.00%) |    722       8    4660     24 |    0.40        0.00
GET      [warmup] cookie check                                                             50     0(0.00%) |   4011    3850    4359   3900 |    0.00        0.00
--------|----------------------------------------------------------------------------|-------|-------------|-------|-------|-------|-------|--------|-----------
         Aggregated                                                                       778  200(25.71%) |   2457       5    8032    430 |   18.20        5.20

Type     Name                                                                          # reqs      # fails |    Avg     Min     Max    Med |   req/s  failures/s
--------|----------------------------------------------------------------------------|-------|-------------|-------|-------|-------|-------|--------|-----------
GET      /                                                                                 17     0(0.00%) |    435      10    4675     16 |    0.60        0.00
GET      /api/checklists                                                                    9     0(0.00%) |     14      10      34     11 |    0.50        0.00
GET      /api/checklists/1/lock                                                            13  13(100.00%) |   7854    6343    8027   8000 |    0.00        0.00
PUT      /api/doc/{id}/lock [PUT heartbeat]                                                13  13(100.00%) |   7859    6344    8025   8000 |    0.00        0.00
GET      /api/events                                                                       25     0(0.00%) |     92      12     930     18 |    0.80        0.00
POST     /api/events [POST]                                                               127     0(0.00%) |    281       5    4360     14 |    3.30        0.00
DELETE   /api/events/{id} [DELETE]                                                        113     0(0.00%) |   3285    2068    7776   2100 |    2.70        0.00
PUT      /api/events/{id} [PUT]                                                           127 127(100.00%) |     99      10    1081     21 |    3.30        3.30
GET      /api/kanban                                                                       23     0(0.00%) |    696       9    4374     25 |    0.40        0.00
GET      /api/notifications/count                                                          63     0(0.00%) |   7702    2916    8032   8000 |    0.00        0.00
GET      /api/notifications/pending                                                        63     0(0.00%) |   7687    2928    8028   7900 |    0.00        0.00
POST     /api/upload/image [POST]                                                          49  49(100.00%) |    721      27    6425     89 |    0.40        0.40
GET      /calendar                                                                         12     0(0.00%) |    713       9    4248     13 |    0.10        0.00
GET      /check                                                                            38     0(0.00%) |    473       9    4369     26 |    0.70        0.00
GET      /project-manage                                                                   23     0(0.00%) |    765       8    4372     33 |    0.20        0.00
GET      /trash                                                                            17     0(0.00%) |    722       8    4660     24 |    0.30        0.00
GET      [warmup] cookie check                                                             50     0(0.00%) |   4011    3850    4359   3900 |    0.00        0.00
--------|----------------------------------------------------------------------------|-------|-------------|-------|-------|-------|-------|--------|-----------
         Aggregated                                                                       782  202(25.83%) |   2444       5    8032    420 |   13.30        3.70

Type     Name                                                                          # reqs      # fails |    Avg     Min     Max    Med |   req/s  failures/s
--------|----------------------------------------------------------------------------|-------|-------------|-------|-------|-------|-------|--------|-----------
GET      /                                                                                 17     0(0.00%) |    435      10    4675     16 |    0.60        0.00
GET      /api/checklists                                                                    9     0(0.00%) |     14      10      34     11 |    0.50        0.00
GET      /api/checklists/1/lock                                                            13  13(100.00%) |   7854    6343    8027   8000 |    0.00        0.00
PUT      /api/doc/{id}/lock [PUT heartbeat]                                                13  13(100.00%) |   7859    6344    8025   8000 |    0.00        0.00
GET      /api/events                                                                       25     0(0.00%) |     92      12     930     18 |    0.80        0.00
POST     /api/events [POST]                                                               127     0(0.00%) |    281       5    4360     14 |    3.30        0.00
DELETE   /api/events/{id} [DELETE]                                                        113     0(0.00%) |   3285    2068    7776   2100 |    2.70        0.00
PUT      /api/events/{id} [PUT]                                                           127 127(100.00%) |     99      10    1081     21 |    3.30        3.30
GET      /api/kanban                                                                       23     0(0.00%) |    696       9    4374     25 |    0.40        0.00
GET      /api/notifications/count                                                          63     0(0.00%) |   7702    2916    8032   8000 |    0.00        0.00
GET      /api/notifications/pending                                                        63     0(0.00%) |   7687    2928    8028   7900 |    0.00        0.00
POST     /api/upload/image [POST]                                                          49  49(100.00%) |    721      27    6425     89 |    0.40        0.40
GET      /calendar                                                                         12     0(0.00%) |    713       9    4248     13 |    0.10        0.00
GET      /check                                                                            38     0(0.00%) |    473       9    4369     26 |    0.70        0.00
GET      /project-manage                                                                   23     0(0.00%) |    765       8    4372     33 |    0.20        0.00
GET      /trash                                                                            17     0(0.00%) |    722       8    4660     24 |    0.30        0.00
GET      [warmup] cookie check                                                             50     0(0.00%) |   4011    3850    4359   3900 |    0.00        0.00
--------|----------------------------------------------------------------------------|-------|-------------|-------|-------|-------|-------|--------|-----------
         Aggregated                                                                       782  202(25.83%) |   2444       5    8032    420 |   13.30        3.70

Type     Name                                                                          # reqs      # fails |    Avg     Min     Max    Med |   req/s  failures/s
--------|----------------------------------------------------------------------------|-------|-------------|-------|-------|-------|-------|--------|-----------
GET      /                                                                                 17     0(0.00%) |    435      10    4675     16 |    0.10        0.00
GET      /api/checklists                                                                   10     0(0.00%) |    435      10    4219     11 |    0.00        0.00
GET      /api/checklists/1/lock                                                            13  13(100.00%) |   7854    6343    8027   8000 |    0.00        0.00
PUT      /api/doc/{id}/lock [PUT heartbeat]                                                13  13(100.00%) |   7859    6344    8025   8000 |    0.00        0.00
GET      /api/events                                                                       28     0(0.00%) |    386      11    4690     18 |    0.00        0.00
POST     /api/events [POST]                                                               130     0(0.00%) |    275       5    4360     14 |    0.80        0.00
DELETE   /api/events/{id} [DELETE]                                                        127     0(0.00%) |   3998    2068   11318   2100 |    0.90        0.00
PUT      /api/events/{id} [PUT]                                                           129 129(100.00%) |     98      10    1081     21 |    0.80        0.80
GET      /api/kanban                                                                       27     0(0.00%) |   1102       6    9299     25 |    0.00        0.00
GET      /api/notifications/count                                                          63     0(0.00%) |   7702    2916    8032   8000 |    0.00        0.00
GET      /api/notifications/pending                                                        63     0(0.00%) |   7687    2928    8028   7900 |    0.00        0.00
POST     /api/upload/image [POST]                                                          52  52(100.00%) |    756      22    6425     84 |    0.00        0.00
GET      /calendar                                                                         12     0(0.00%) |    713       9    4248     13 |    0.10        0.00
GET      /check                                                                            41     0(0.00%) |    771       9    9261     27 |    0.00        0.00
GET      /project-manage                                                                   27     0(0.00%) |   1156       7    8890     44 |    0.00        0.00
GET      /trash                                                                            19     0(0.00%) |    647       7    4660     19 |    0.20        0.00
GET      [warmup] cookie check                                                             50     0(0.00%) |   4011    3850    4359   3900 |    0.00        0.00
--------|----------------------------------------------------------------------------|-------|-------------|-------|-------|-------|-------|--------|-----------
         Aggregated                                                                       821  207(25.21%) |   2565       5   11318    430 |    2.90        0.80

Type     Name                                                                          # reqs      # fails |    Avg     Min     Max    Med |   req/s  failures/s
--------|----------------------------------------------------------------------------|-------|-------------|-------|-------|-------|-------|--------|-----------
GET      /                                                                                 17     0(0.00%) |    435      10    4675     16 |    0.10        0.00
GET      /api/checklists                                                                   11     0(0.00%) |    397      10    4219     12 |    0.10        0.00
GET      /api/checklists/1/lock                                                            16  16(100.00%) |   6516      14    8027   7900 |    0.00        0.00
PUT      /api/doc/{id}/lock [PUT heartbeat]                                                17  17(100.00%) |   6135       9    8025   7900 |    0.00        0.00
GET      /api/events                                                                       31     0(0.00%) |    351      11    4690     20 |    0.30        0.00
POST     /api/events [POST]                                                               139     0(0.00%) |    258       5    4360     14 |    0.30        0.00
DELETE   /api/events/{id} [DELETE]                                                        127     0(0.00%) |   3998    2068   11318   2100 |    1.90        0.00
PUT      /api/events/{id} [PUT]                                                           139 139(100.00%) |     92      10    1081     20 |    0.30        0.30
GET      /api/kanban                                                                       28     0(0.00%) |   1063       6    9299     24 |    0.40        0.00
GET      /api/notifications/count                                                          63     0(0.00%) |   7702    2916    8032   8000 |    0.00        0.00
GET      /api/notifications/pending                                                        63     0(0.00%) |   7687    2928    8028   7900 |    0.00        0.00
POST     /api/upload/image [POST]                                                          54  54(100.00%) |    730      22    6425     82 |    0.20        0.20
GET      /calendar                                                                         13     0(0.00%) |    659       7    4248     13 |    0.10        0.00
GET      /check                                                                            42     0(0.00%) |    753       9    9261     26 |    0.20        0.00
GET      /project-manage                                                                   28     0(0.00%) |   1115       7    8890     33 |    0.20        0.00
GET      /trash                                                                            19     0(0.00%) |    647       7    4660     19 |    0.40        0.00
GET      [warmup] cookie check                                                             50     0(0.00%) |   4011    3850    4359   3900 |    0.00        0.00
--------|----------------------------------------------------------------------------|-------|-------------|-------|-------|-------|-------|--------|-----------
         Aggregated                                                                       857  226(26.37%) |   2463       5   11318    390 |    4.50        0.50

Type     Name                                                                          # reqs      # fails |    Avg     Min     Max    Med |   req/s  failures/s
--------|----------------------------------------------------------------------------|-------|-------------|-------|-------|-------|-------|--------|-----------
GET      /                                                                                 17     0(0.00%) |    435      10    4675     16 |    0.10        0.00
GET      /api/checklists                                                                   11     0(0.00%) |    397      10    4219     12 |    0.10        0.00
GET      /api/checklists/1/lock                                                            16  16(100.00%) |   6516      14    8027   7900 |    0.00        0.00
PUT      /api/doc/{id}/lock [PUT heartbeat]                                                17  17(100.00%) |   6135       9    8025   7900 |    0.00        0.00
GET      /api/events                                                                       31     0(0.00%) |    351      11    4690     20 |    0.30        0.00
POST     /api/events [POST]                                                               139     0(0.00%) |    258       5    4360     14 |    0.30        0.00
DELETE   /api/events/{id} [DELETE]                                                        127     0(0.00%) |   3998    2068   11318   2100 |    1.90        0.00
PUT      /api/events/{id} [PUT]                                                           139 139(100.00%) |     92      10    1081     20 |    0.30        0.30
GET      /api/kanban                                                                       28     0(0.00%) |   1063       6    9299     24 |    0.40        0.00
GET      /api/notifications/count                                                          63     0(0.00%) |   7702    2916    8032   8000 |    0.00        0.00
GET      /api/notifications/pending                                                        63     0(0.00%) |   7687    2928    8028   7900 |    0.00        0.00
POST     /api/upload/image [POST]                                                          54  54(100.00%) |    730      22    6425     82 |    0.20        0.20
GET      /calendar                                                                         13     0(0.00%) |    659       7    4248     13 |    0.10        0.00
GET      /check                                                                            42     0(0.00%) |    753       9    9261     26 |    0.20        0.00
GET      /project-manage                                                                   28     0(0.00%) |   1115       7    8890     33 |    0.20        0.00
GET      /trash                                                                            19     0(0.00%) |    647       7    4660     19 |    0.40        0.00
GET      [warmup] cookie check                                                             50     0(0.00%) |   4011    3850    4359   3900 |    0.00        0.00
--------|----------------------------------------------------------------------------|-------|-------------|-------|-------|-------|-------|--------|-----------
         Aggregated                                                                       857  226(26.37%) |   2463       5   11318    390 |    4.50        0.50

Type     Name                                                                          # reqs      # fails |    Avg     Min     Max    Med |   req/s  failures/s
--------|----------------------------------------------------------------------------|-------|-------------|-------|-------|-------|-------|--------|-----------
GET      /                                                                                 18     0(0.00%) |    559      10    4675     16 |    0.10        0.00
GET      /api/checklists                                                                   11     0(0.00%) |    397      10    4219     12 |    0.20        0.00
GET      /api/checklists/1/lock                                                            16  16(100.00%) |   6516      14    8027   7900 |    0.30        0.30
PUT      /api/doc/{id}/lock [PUT heartbeat]                                                17  17(100.00%) |   6135       9    8025   7900 |    0.40        0.40
GET      /api/events                                                                       32     0(0.00%) |    436      11    4690     20 |    0.60        0.00
POST     /api/events [POST]                                                               140     0(0.00%) |    256       5    4360     14 |    1.40        0.00
DELETE   /api/events/{id} [DELETE]                                                        127     0(0.00%) |   3998    2068   11318   2100 |    1.90        0.00
PUT      /api/events/{id} [PUT]                                                           140 140(100.00%) |     92      10    1081     20 |    1.40        1.40
GET      /api/kanban                                                                       28     0(0.00%) |   1063       6    9299     24 |    0.50        0.00
GET      /api/notifications/count                                                          63     0(0.00%) |   7702    2916    8032   8000 |    0.00        0.00
GET      /api/notifications/pending                                                        63     0(0.00%) |   7687    2928    8028   7900 |    0.00        0.00
POST     /api/upload/image [POST]                                                          54  54(100.00%) |    730      22    6425     82 |    0.50        0.50
GET      /calendar                                                                         13     0(0.00%) |    659       7    4248     13 |    0.20        0.00
GET      /check                                                                            43     0(0.00%) |    796       9    9261     27 |    0.40        0.00
GET      /project-manage                                                                   28     0(0.00%) |   1115       7    8890     33 |    0.50        0.00
GET      /trash                                                                            19     0(0.00%) |    647       7    4660     19 |    0.40        0.00
GET      [warmup] cookie check                                                             50     0(0.00%) |   4011    3850    4359   3900 |    0.00        0.00
--------|----------------------------------------------------------------------------|-------|-------------|-------|-------|-------|-------|--------|-----------
         Aggregated                                                                       862  227(26.33%) |   2458       5   11318    390 |    8.80        2.60

Type     Name                                                                          # reqs      # fails |    Avg     Min     Max    Med |   req/s  failures/s
--------|----------------------------------------------------------------------------|-------|-------------|-------|-------|-------|-------|--------|-----------
GET      /                                                                                 18     0(0.00%) |    559      10    4675     16 |    0.10        0.00
GET      /api/checklists                                                                   11     0(0.00%) |    397      10    4219     12 |    0.20        0.00
GET      /api/checklists/1/lock                                                            16  16(100.00%) |   6516      14    8027   7900 |    0.30        0.30
PUT      /api/doc/{id}/lock [PUT heartbeat]                                                17  17(100.00%) |   6135       9    8025   7900 |    0.40        0.40
GET      /api/events                                                                       32     0(0.00%) |    436      11    4690     20 |    0.60        0.00
POST     /api/events [POST]                                                               140     0(0.00%) |    256       5    4360     14 |    1.40        0.00
DELETE   /api/events/{id} [DELETE]                                                        127     0(0.00%) |   3998    2068   11318   2100 |    1.90        0.00
PUT      /api/events/{id} [PUT]                                                           140 140(100.00%) |     92      10    1081     20 |    1.40        1.40
GET      /api/kanban                                                                       28     0(0.00%) |   1063       6    9299     24 |    0.50        0.00
GET      /api/notifications/count                                                          63     0(0.00%) |   7702    2916    8032   8000 |    0.00        0.00
GET      /api/notifications/pending                                                        63     0(0.00%) |   7687    2928    8028   7900 |    0.00        0.00
POST     /api/upload/image [POST]                                                          54  54(100.00%) |    730      22    6425     82 |    0.50        0.50
GET      /calendar                                                                         13     0(0.00%) |    659       7    4248     13 |    0.20        0.00
GET      /check                                                                            43     0(0.00%) |    796       9    9261     27 |    0.40        0.00
GET      /project-manage                                                                   28     0(0.00%) |   1115       7    8890     33 |    0.50        0.00
GET      /trash                                                                            19     0(0.00%) |    647       7    4660     19 |    0.40        0.00
GET      [warmup] cookie check                                                             50     0(0.00%) |   4011    3850    4359   3900 |    0.00        0.00
--------|----------------------------------------------------------------------------|-------|-------------|-------|-------|-------|-------|--------|-----------
         Aggregated                                                                       862  227(26.33%) |   2458       5   11318    390 |    8.80        2.60

Type     Name                                                                          # reqs      # fails |    Avg     Min     Max    Med |   req/s  failures/s
--------|----------------------------------------------------------------------------|-------|-------------|-------|-------|-------|-------|--------|-----------
GET      /                                                                                 18     0(0.00%) |    559      10    4675     16 |    0.10        0.00
GET      /api/checklists                                                                   11     0(0.00%) |    397      10    4219     12 |    0.20        0.00
GET      /api/checklists/1/lock                                                            16  16(100.00%) |   6516      14    8027   7900 |    0.30        0.30
PUT      /api/doc/{id}/lock [PUT heartbeat]                                                17  17(100.00%) |   6135       9    8025   7900 |    0.40        0.40
GET      /api/events                                                                       32     0(0.00%) |    436      11    4690     20 |    0.60        0.00
POST     /api/events [POST]                                                               140     0(0.00%) |    256       5    4360     14 |    1.40        0.00
DELETE   /api/events/{id} [DELETE]                                                        127     0(0.00%) |   3998    2068   11318   2100 |    1.90        0.00
PUT      /api/events/{id} [PUT]                                                           140 140(100.00%) |     92      10    1081     20 |    1.40        1.40
GET      /api/kanban                                                                       28     0(0.00%) |   1063       6    9299     24 |    0.50        0.00
GET      /api/notifications/count                                                          63     0(0.00%) |   7702    2916    8032   8000 |    0.00        0.00
GET      /api/notifications/pending                                                        63     0(0.00%) |   7687    2928    8028   7900 |    0.00        0.00
POST     /api/upload/image [POST]                                                          54  54(100.00%) |    730      22    6425     82 |    0.50        0.50
GET      /calendar                                                                         13     0(0.00%) |    659       7    4248     13 |    0.20        0.00
GET      /check                                                                            43     0(0.00%) |    796       9    9261     27 |    0.40        0.00
GET      /project-manage                                                                   28     0(0.00%) |   1115       7    8890     33 |    0.50        0.00
GET      /trash                                                                            19     0(0.00%) |    647       7    4660     19 |    0.40        0.00
GET      [warmup] cookie check                                                             50     0(0.00%) |   4011    3850    4359   3900 |    0.00        0.00
--------|----------------------------------------------------------------------------|-------|-------------|-------|-------|-------|-------|--------|-----------
         Aggregated                                                                       862  227(26.33%) |   2458       5   11318    390 |    8.80        2.60

Type     Name                                                                          # reqs      # fails |    Avg     Min     Max    Med |   req/s  failures/s
--------|----------------------------------------------------------------------------|-------|-------------|-------|-------|-------|-------|--------|-----------
GET      /                                                                                 19     0(0.00%) |    980      10    8563     33 |    0.10        0.00
GET      /api/checklists                                                                   12     0(0.00%) |    365      10    4219     11 |    0.10        0.00
GET      /api/checklists/1/lock                                                            26  26(100.00%) |   7856      14   10041   8000 |    0.30        0.30
PUT      /api/doc/{id}/lock [PUT heartbeat]                                                26  26(100.00%) |   7472       9   10029   8000 |    0.40        0.40
GET      /api/events                                                                       34     0(0.00%) |    411      11    4690     20 |    0.40        0.00
POST     /api/events [POST]                                                               145     0(0.00%) |    248       5    4360     14 |    1.30        0.00
DELETE   /api/events/{id} [DELETE]                                                        140     0(0.00%) |   4532    2068   11318   2100 |    0.00        0.00
PUT      /api/events/{id} [PUT]                                                           145 145(100.00%) |     89      10    1081     20 |    1.30        1.30
GET      /api/kanban                                                                       33     0(0.00%) |   1334       6    9299     24 |    0.10        0.00
GET      /api/notifications/count                                                          63     0(0.00%) |   7702    2916    8032   8000 |    0.00        0.00
GET      /api/notifications/pending                                                        63     0(0.00%) |   7687    2928    8028   7900 |    0.00        0.00
POST     /api/upload/image [POST]                                                          59  59(100.00%) |   1154      22    9937     84 |    0.30        0.30
GET      /calendar                                                                         13     0(0.00%) |    659       7    4248     13 |    0.10        0.00
GET      /check                                                                            45     0(0.00%) |   1065       9    9261     27 |    0.30        0.00
GET      /project-manage                                                                   30     0(0.00%) |   1316       7    8890     40 |    0.30        0.00
GET      /trash                                                                            19     0(0.00%) |    647       7    4660     19 |    0.00        0.00
GET      [warmup] cookie check                                                             50     0(0.00%) |   4011    3850    4359   3900 |    0.00        0.00
--------|----------------------------------------------------------------------------|-------|-------------|-------|-------|-------|-------|--------|-----------
         Aggregated                                                                       922  256(27.77%) |   2722       5   11318    420 |    5.00        2.30

Type     Name                                                                          # reqs      # fails |    Avg     Min     Max    Med |   req/s  failures/s
--------|----------------------------------------------------------------------------|-------|-------------|-------|-------|-------|-------|--------|-----------
GET      /                                                                                 21     0(0.00%) |    888      10    8563     16 |    0.20        0.00
GET      /api/checklists                                                                   12     0(0.00%) |    365      10    4219     11 |    0.10        0.00
GET      /api/checklists/1/lock                                                            26  26(100.00%) |   7856      14   10041   8000 |    1.00        1.00
PUT      /api/doc/{id}/lock [PUT heartbeat]                                                26  26(100.00%) |   7472       9   10029   8000 |    0.90        0.90
GET      /api/events                                                                       39     0(0.00%) |    367      11    4690     23 |    0.20        0.00
POST     /api/events [POST]                                                               153     0(0.00%) |    237       5    4360     15 |    0.40        0.00
DELETE   /api/events/{id} [DELETE]                                                        142     0(0.00%) |   4498    2068   11318   2100 |    1.30        0.00
PUT      /api/events/{id} [PUT]                                                           153 153(100.00%) |     87      10    1081     21 |    0.40        0.40
GET      /api/kanban                                                                       35     0(0.00%) |   1258       6    9299     22 |    0.40        0.00
GET      /api/notifications/count                                                          63     0(0.00%) |   7702    2916    8032   8000 |    0.00        0.00
GET      /api/notifications/pending                                                        63     0(0.00%) |   7687    2928    8028   7900 |    0.00        0.00
POST     /api/upload/image [POST]                                                          59  59(100.00%) |   1154      22    9937     84 |    0.30        0.30
GET      /calendar                                                                         13     0(0.00%) |    659       7    4248     13 |    0.00        0.00
GET      /check                                                                            47     0(0.00%) |   1020       9    9261     27 |    0.30        0.00
GET      /project-manage                                                                   31     0(0.00%) |   1274       7    8890     40 |    0.20        0.00
GET      /trash                                                                            20     0(0.00%) |    615       7    4660     17 |    0.00        0.00
GET      [warmup] cookie check                                                             50     0(0.00%) |   4011    3850    4359   3900 |    0.00        0.00
--------|----------------------------------------------------------------------------|-------|-------------|-------|-------|-------|-------|--------|-----------
         Aggregated                                                                       953  264(27.70%) |   2639       5   11318    380 |    5.70        2.60

Type     Name                                                                          # reqs      # fails |    Avg     Min     Max    Med |   req/s  failures/s
--------|----------------------------------------------------------------------------|-------|-------------|-------|-------|-------|-------|--------|-----------
GET      /                                                                                 21     0(0.00%) |    888      10    8563     16 |    0.30        0.00
GET      /api/checklists                                                                   12     0(0.00%) |    365      10    4219     11 |    0.10        0.00
GET      /api/checklists/1/lock                                                            26  26(100.00%) |   7856      14   10041   8000 |    1.00        1.00
PUT      /api/doc/{id}/lock [PUT heartbeat]                                                26  26(100.00%) |   7472       9   10029   8000 |    0.90        0.90
GET      /api/events                                                                       39     0(0.00%) |    367      11    4690     23 |    0.50        0.00
POST     /api/events [POST]                                                               157     0(0.00%) |    232       5    4360     15 |    0.80        0.00
DELETE   /api/events/{id} [DELETE]                                                        142     0(0.00%) |   4498    2068   11318   2100 |    1.30        0.00
PUT      /api/events/{id} [PUT]                                                           157 157(100.00%) |     85      10    1081     21 |    0.80        0.80
GET      /api/kanban                                                                       35     0(0.00%) |   1258       6    9299     22 |    0.70        0.00
GET      /api/notifications/count                                                          63     0(0.00%) |   7702    2916    8032   8000 |    0.00        0.00
GET      /api/notifications/pending                                                        63     0(0.00%) |   7687    2928    8028   7900 |    0.00        0.00
POST     /api/upload/image [POST]                                                          59  59(100.00%) |   1154      22    9937     84 |    0.50        0.50
GET      /calendar                                                                         13     0(0.00%) |    659       7    4248     13 |    0.00        0.00
GET      /check                                                                            47     0(0.00%) |   1020       9    9261     27 |    0.30        0.00
GET      /project-manage                                                                   31     0(0.00%) |   1274       7    8890     40 |    0.20        0.00
GET      /trash                                                                            20     0(0.00%) |    615       7    4660     17 |    0.00        0.00
GET      [warmup] cookie check                                                             50     0(0.00%) |   4011    3850    4359   3900 |    0.00        0.00
--------|----------------------------------------------------------------------------|-------|-------------|-------|-------|-------|-------|--------|-----------
         Aggregated                                                                       961  268(27.89%) |   2617       5   11318    370 |    7.40        3.20

Type     Name                                                                          # reqs      # fails |    Avg     Min     Max    Med |   req/s  failures/s
--------|----------------------------------------------------------------------------|-------|-------------|-------|-------|-------|-------|--------|-----------
GET      /                                                                                 21     0(0.00%) |    888      10    8563     16 |    0.37        0.00
GET      /api/checklists                                                                   12     0(0.00%) |    365      10    4219     11 |    0.21        0.00
GET      /api/checklists/1/lock                                                            26  26(100.00%) |   7856      14   10041   8000 |    0.46        0.46
PUT      /api/doc/{id}/lock [PUT heartbeat]                                                26  26(100.00%) |   7472       9   10029   8000 |    0.46        0.46
GET      /api/events                                                                       39     0(0.00%) |    367      11    4690     23 |    0.69        0.00
POST     /api/events [POST]                                                               157     0(0.00%) |    232       5    4360     15 |    2.79        0.00
DELETE   /api/events/{id} [DELETE]                                                        142     0(0.00%) |   4498    2068   11318   2100 |    2.53        0.00
PUT      /api/events/{id} [PUT]                                                           157 157(100.00%) |     85      10    1081     21 |    2.79        2.79
GET      /api/kanban                                                                       35     0(0.00%) |   1258       6    9299     22 |    0.62        0.00
GET      /api/notifications/count                                                          63     0(0.00%) |   7702    2916    8032   8000 |    1.12        0.00
GET      /api/notifications/pending                                                        63     0(0.00%) |   7687    2928    8028   7900 |    1.12        0.00
POST     /api/upload/image [POST]                                                          59  59(100.00%) |   1154      22    9937     84 |    1.05        1.05
GET      /calendar                                                                         13     0(0.00%) |    659       7    4248     13 |    0.23        0.00
GET      /check                                                                            47     0(0.00%) |   1020       9    9261     27 |    0.84        0.00
GET      /project-manage                                                                   31     0(0.00%) |   1274       7    8890     40 |    0.55        0.00
GET      /trash                                                                            20     0(0.00%) |    615       7    4660     17 |    0.36        0.00
GET      [warmup] cookie check                                                             50     0(0.00%) |   4011    3850    4359   3900 |    0.89        0.00
--------|----------------------------------------------------------------------------|-------|-------------|-------|-------|-------|-------|--------|-----------
         Aggregated                                                                       961  268(27.89%) |   2617       5   11318    370 |   17.11        4.77

Response time percentiles (approximated)
Type     Name                                                                                  50%    66%    75%    80%    90%    95%    98%    99%  99.9% 99.99%   100% # reqs
--------|--------------------------------------------------------------------------------|--------|------|------|------|------|------|------|------|------|------|------|------
GET      /                                                                                      16     42    680    820   2700   4700   8600   8600   8600   8600   8600     21
GET      /api/checklists                                                                        12     14     22     22     35   4200   4200   4200   4200   4200   4200     12
GET      /api/checklists/1/lock                                                               8000  10000  10000  10000  10000  10000  10000  10000  10000  10000  10000     26
PUT      /api/doc/{id}/lock [PUT heartbeat]                                                   8000  10000  10000  10000  10000  10000  10000  10000  10000  10000  10000     26
GET      /api/events                                                                            23     31     80    100    930   3800   4700   4700   4700   4700   4700     39
POST     /api/events [POST]                                                                     15     24     34     56    410    450   4300   4300   4400   4400   4400    157
DELETE   /api/events/{id} [DELETE]                                                            2100   6300   7600   7700  10000  11000  11000  11000  11000  11000  11000    142
PUT      /api/events/{id} [PUT]                                                                 21     30     39     49    410    430    520    780   1100   1100   1100    157
GET      /api/kanban                                                                            22    120    910   4400   4500   8600   9300   9300   9300   9300   9300     35
GET      /api/notifications/count                                                             8000   8000   8000   8000   8000   8000   8000   8000   8000   8000   8000     63
GET      /api/notifications/pending                                                           7900   8000   8000   8000   8000   8000   8000   8000   8000   8000   8000     63
POST     /api/upload/image [POST]                                                               84    390   1000   1400   5800   9100   9500   9900   9900   9900   9900     59
GET      /calendar                                                                              13     43    150    850   3200   4200   4200   4200   4200   4200   4200     13
GET      /check                                                                                 27     47    870    930   4300   5300   9300   9300   9300   9300   9300     47
GET      /project-manage                                                                        40    620    900    920   4400   8200   8900   8900   8900   8900   8900     31
GET      /trash                                                                                 19     47    580    910   4400   4700   4700   4700   4700   4700   4700     20
GET      [warmup] cookie check                                                                3900   4100   4100   4100   4300   4400   4400   4400   4400   4400   4400     50
--------|--------------------------------------------------------------------------------|--------|------|------|------|------|------|------|------|------|------|------|------
         Aggregated                                                                            370   2200   4400   7700   8000   8800  10000  11000  11000  11000  11000    961

Error report
# occurrences      Error                                                                                               
------------------|---------------------------------------------------------------------------------------------------------------------------------------------
157                PUT /api/events/{id} [PUT]: HTTPError('500 Server Error: Internal Server Error for url: /api/events/{id} [PUT]')
58                 POST /api/upload/image [POST]: HTTPError('400 Client Error: Bad Request for url: /api/upload/image [POST]')
26                 GET /api/checklists/1/lock: HTTPError('404 Client Error: Not Found for url: /api/checklists/1/lock')
26                 PUT /api/doc/{id}/lock [PUT heartbeat]: HTTPError('404 Client Error: Not Found for url: /api/doc/{id}/lock [PUT heartbeat]')
1                  POST /api/upload/image [POST]: SSLEOFError(8, 'EOF occurred in violation of protocol (_ssl.c:2427)')
------------------|---------------------------------------------------------------------------------------------------------------------------------------------

