Type     Name                                                                          # reqs      # fails |    Avg     Min     Max    Med |   req/s  failures/s
--------|----------------------------------------------------------------------------|-------|-------------|-------|-------|-------|-------|--------|-----------
--------|----------------------------------------------------------------------------|-------|-------------|-------|-------|-------|-------|--------|-----------
         Aggregated                                                                         0     0(0.00%) |      0       0       0      0 |    0.00        0.00

Type     Name                                                                          # reqs      # fails |    Avg     Min     Max    Med |   req/s  failures/s
--------|----------------------------------------------------------------------------|-------|-------------|-------|-------|-------|-------|--------|-----------
--------|----------------------------------------------------------------------------|-------|-------------|-------|-------|-------|-------|--------|-----------
         Aggregated                                                                         0     0(0.00%) |      0       0       0      0 |    0.00        0.00

Type     Name                                                                          # reqs      # fails |    Avg     Min     Max    Med |   req/s  failures/s
--------|----------------------------------------------------------------------------|-------|-------------|-------|-------|-------|-------|--------|-----------
POST     /api/events [POST]                                                                 3     0(0.00%) |     33      13      55     31 |    0.00        0.00
PUT      /api/events/{id} [PUT]                                                             3   3(100.00%) |     25      13      32     30 |    0.00        0.00
GET      /check                                                                             3     0(0.00%) |     40       9      69     41 |    0.00        0.00
GET      /project-manage                                                                    1     0(0.00%) |     66      66      66     66 |    0.00        0.00
GET      [warmup] cookie check                                                              5     0(0.00%) |   2214    2193    2236   2200 |    0.00        0.00
--------|----------------------------------------------------------------------------|-------|-------------|-------|-------|-------|-------|--------|-----------
         Aggregated                                                                        15    3(20.00%) |    762       9    2236     56 |    0.00        0.00

Type     Name                                                                          # reqs      # fails |    Avg     Min     Max    Med |   req/s  failures/s
--------|----------------------------------------------------------------------------|-------|-------------|-------|-------|-------|-------|--------|-----------
GET      /api/checklists/1/lock                                                             1   1(100.00%) |   2326    2326    2326   2326 |    0.00        0.00
PUT      /api/doc/{id}/lock [PUT heartbeat]                                                 1   1(100.00%) |   2325    2325    2325   2325 |    0.00        0.00
GET      /api/events                                                                        1     0(0.00%) |     15      15      15     15 |    0.00        0.00
POST     /api/events [POST]                                                                 3     0(0.00%) |     33      13      55     31 |    0.75        0.00
DELETE   /api/events/{id} [DELETE]                                                          3     0(0.00%) |   2224    2074    2310   2300 |    0.00        0.00
PUT      /api/events/{id} [PUT]                                                             3   3(100.00%) |     25      13      32     30 |    0.75        0.75
GET      /api/kanban                                                                        1     0(0.00%) |      8       8       8      8 |    0.00        0.00
GET      /api/notifications/count                                                           6     0(0.00%) |   2349    2336    2356   2356 |    0.00        0.00
GET      /api/notifications/pending                                                         6     0(0.00%) |   2356    2330    2415   2330 |    0.00        0.00
POST     /api/upload/image [POST]                                                           1   1(100.00%) |     18      18      18     18 |    0.00        0.00
GET      /check                                                                             5     0(0.00%) |     31       9      69     22 |    0.75        0.00
GET      /project-manage                                                                    2     0(0.00%) |     37       7      66      8 |    0.25        0.00
GET      [warmup] cookie check                                                              5     0(0.00%) |   2214    2193    2236   2200 |    1.25        0.00
--------|----------------------------------------------------------------------------|-------|-------------|-------|-------|-------|-------|--------|-----------
         Aggregated                                                                        38    6(15.79%) |   1344       7    2415   2200 |    3.75        0.75

Type     Name                                                                          # reqs      # fails |    Avg     Min     Max    Med |   req/s  failures/s
--------|----------------------------------------------------------------------------|-------|-------------|-------|-------|-------|-------|--------|-----------
GET      /api/checklists                                                                    1     0(0.00%) |     10      10      10     10 |    0.00        0.00
GET      /api/checklists/1/lock                                                             1   1(100.00%) |   2326    2326    2326   2326 |    0.20        0.20
PUT      /api/doc/{id}/lock [PUT heartbeat]                                                 1   1(100.00%) |   2325    2325    2325   2325 |    0.20        0.20
GET      /api/events                                                                        1     0(0.00%) |     15      15      15     15 |    0.00        0.00
POST     /api/events [POST]                                                                 6     0(0.00%) |     23      11      55     14 |    0.60        0.00
DELETE   /api/events/{id} [DELETE]                                                          3     0(0.00%) |   2224    2074    2310   2300 |    0.40        0.00
PUT      /api/events/{id} [PUT]                                                             6   6(100.00%) |     19      10      32     15 |    0.60        0.60
GET      /api/kanban                                                                        1     0(0.00%) |      8       8       8      8 |    0.00        0.00
GET      /api/notifications/count                                                           6     0(0.00%) |   2349    2336    2356   2356 |    1.20        0.00
GET      /api/notifications/pending                                                         6     0(0.00%) |   2356    2330    2415   2330 |    1.20        0.00
POST     /api/upload/image [POST]                                                           2   2(100.00%) |     12       7      18      7 |    0.20        0.20
GET      /check                                                                             6     0(0.00%) |     28       9      69     18 |    0.80        0.00
GET      /project-manage                                                                    3     0(0.00%) |     28       7      66     10 |    0.20        0.00
GET      /trash                                                                             1     0(0.00%) |     11      11      11     11 |    0.00        0.00
GET      [warmup] cookie check                                                              5     0(0.00%) |   2214    2193    2236   2200 |    1.00        0.00
--------|----------------------------------------------------------------------------|-------|-------------|-------|-------|-------|-------|--------|-----------
         Aggregated                                                                        49   10(20.41%) |   1045       7    2415     56 |    6.60        1.20

Type     Name                                                                          # reqs      # fails |    Avg     Min     Max    Med |   req/s  failures/s
--------|----------------------------------------------------------------------------|-------|-------------|-------|-------|-------|-------|--------|-----------
GET      /api/checklists                                                                    1     0(0.00%) |     10      10      10     10 |    0.00        0.00
GET      /api/checklists/1/lock                                                             1   1(100.00%) |   2326    2326    2326   2326 |    0.14        0.14
PUT      /api/doc/{id}/lock [PUT heartbeat]                                                 1   1(100.00%) |   2325    2325    2325   2325 |    0.14        0.14
GET      /api/events                                                                        1     0(0.00%) |     15      15      15     15 |    0.14        0.00
POST     /api/events [POST]                                                                 6     0(0.00%) |     23      11      55     14 |    0.57        0.00
DELETE   /api/events/{id} [DELETE]                                                          6     0(0.00%) |   2156    2074    2310   2100 |    0.43        0.00
PUT      /api/events/{id} [PUT]                                                             6   6(100.00%) |     19      10      32     15 |    0.57        0.57
GET      /api/kanban                                                                        2     0(0.00%) |     18       8      27      9 |    0.14        0.00
GET      /api/notifications/count                                                           6     0(0.00%) |   2349    2336    2356   2356 |    0.86        0.00
GET      /api/notifications/pending                                                         6     0(0.00%) |   2356    2330    2415   2330 |    0.86        0.00
POST     /api/upload/image [POST]                                                           2   2(100.00%) |     12       7      18      7 |    0.29        0.29
GET      /check                                                                             6     0(0.00%) |     28       9      69     18 |    0.86        0.00
GET      /project-manage                                                                    3     0(0.00%) |     28       7      66     10 |    0.29        0.00
GET      /trash                                                                             1     0(0.00%) |     11      11      11     11 |    0.00        0.00
GET      [warmup] cookie check                                                              5     0(0.00%) |   2214    2193    2236   2200 |    0.71        0.00
--------|----------------------------------------------------------------------------|-------|-------------|-------|-------|-------|-------|--------|-----------
         Aggregated                                                                        53   10(18.87%) |   1085       7    2415     66 |    6.00        1.14

Type     Name                                                                          # reqs      # fails |    Avg     Min     Max    Med |   req/s  failures/s
--------|----------------------------------------------------------------------------|-------|-------------|-------|-------|-------|-------|--------|-----------
GET      /api/checklists                                                                    2     0(0.00%) |     10      10      10     10 |    0.10        0.00
GET      /api/checklists/1/lock                                                             1   1(100.00%) |   2326    2326    2326   2326 |    0.10        0.10
PUT      /api/doc/{id}/lock [PUT heartbeat]                                                 1   1(100.00%) |   2325    2325    2325   2325 |    0.10        0.10
GET      /api/events                                                                        2     0(0.00%) |     19      15      23     15 |    0.10        0.00
POST     /api/events [POST]                                                                 7     0(0.00%) |     21      11      55     14 |    0.60        0.00
DELETE   /api/events/{id} [DELETE]                                                          6     0(0.00%) |   2156    2074    2310   2100 |    0.60        0.00
PUT      /api/events/{id} [PUT]                                                             7   7(100.00%) |     18      10      32     15 |    0.60        0.60
GET      /api/kanban                                                                        2     0(0.00%) |     18       8      27      9 |    0.20        0.00
GET      /api/notifications/count                                                           6     0(0.00%) |   2349    2336    2356   2356 |    0.60        0.00
GET      /api/notifications/pending                                                         6     0(0.00%) |   2356    2330    2415   2330 |    0.60        0.00
POST     /api/upload/image [POST]                                                           3   3(100.00%) |     10       6      18      7 |    0.20        0.20
GET      /check                                                                             7     0(0.00%) |     29       9      69     22 |    0.60        0.00
GET      /project-manage                                                                    4     0(0.00%) |     23       7      66      8 |    0.30        0.00
GET      /trash                                                                             1     0(0.00%) |     11      11      11     11 |    0.10        0.00
GET      [warmup] cookie check                                                              5     0(0.00%) |   2214    2193    2236   2200 |    0.50        0.00
--------|----------------------------------------------------------------------------|-------|-------------|-------|-------|-------|-------|--------|-----------
         Aggregated                                                                        60   12(20.00%) |    960       6    2415     32 |    5.30        1.00

Type     Name                                                                          # reqs      # fails |    Avg     Min     Max    Med |   req/s  failures/s
--------|----------------------------------------------------------------------------|-------|-------------|-------|-------|-------|-------|--------|-----------
GET      /api/checklists                                                                    2     0(0.00%) |     10      10      10     10 |    0.10        0.00
GET      /api/checklists/1/lock                                                             1   1(100.00%) |   2326    2326    2326   2326 |    0.10        0.10
PUT      /api/doc/{id}/lock [PUT heartbeat]                                                 1   1(100.00%) |   2325    2325    2325   2325 |    0.10        0.10
GET      /api/events                                                                        2     0(0.00%) |     19      15      23     15 |    0.20        0.00
POST     /api/events [POST]                                                                 9     0(0.00%) |     21      11      55     14 |    0.70        0.00
DELETE   /api/events/{id} [DELETE]                                                          7     0(0.00%) |   2144    2072    2310   2100 |    0.60        0.00
PUT      /api/events/{id} [PUT]                                                             9   9(100.00%) |     20      10      32     15 |    0.70        0.70
GET      /api/kanban                                                                        3     0(0.00%) |     15       8      27     11 |    0.20        0.00
GET      /api/notifications/count                                                           6     0(0.00%) |   2349    2336    2356   2356 |    0.60        0.00
GET      /api/notifications/pending                                                         6     0(0.00%) |   2356    2330    2415   2330 |    0.60        0.00
POST     /api/upload/image [POST]                                                           5   5(100.00%) |     10       6      18      9 |    0.30        0.30
GET      /check                                                                             7     0(0.00%) |     29       9      69     22 |    0.70        0.00
GET      /project-manage                                                                    4     0(0.00%) |     23       7      66      8 |    0.40        0.00
GET      /trash                                                                             1     0(0.00%) |     11      11      11     11 |    0.10        0.00
GET      [warmup] cookie check                                                              5     0(0.00%) |   2214    2193    2236   2200 |    0.50        0.00
--------|----------------------------------------------------------------------------|-------|-------------|-------|-------|-------|-------|--------|-----------
         Aggregated                                                                        68   16(23.53%) |    879       6    2415     27 |    5.90        1.20

Type     Name                                                                          # reqs      # fails |    Avg     Min     Max    Med |   req/s  failures/s
--------|----------------------------------------------------------------------------|-------|-------------|-------|-------|-------|-------|--------|-----------
GET      /                                                                                  2     0(0.00%) |     19      17      21     18 |    0.00        0.00
GET      /api/checklists                                                                    2     0(0.00%) |     10      10      10     10 |    0.20        0.00
GET      /api/checklists/1/lock                                                             1   1(100.00%) |   2326    2326    2326   2326 |    0.10        0.10
PUT      /api/doc/{id}/lock [PUT heartbeat]                                                 1   1(100.00%) |   2325    2325    2325   2325 |    0.10        0.10
GET      /api/events                                                                        2     0(0.00%) |     19      15      23     15 |    0.20        0.00
POST     /api/events [POST]                                                                11     0(0.00%) |     20      11      55     14 |    0.60        0.00
DELETE   /api/events/{id} [DELETE]                                                          9     0(0.00%) |   2147    2072    2310   2100 |    0.70        0.00
PUT      /api/events/{id} [PUT]                                                            11  11(100.00%) |     20      10      32     15 |    0.60        0.60
GET      /api/kanban                                                                        3     0(0.00%) |     15       8      27     11 |    0.30        0.00
GET      /api/notifications/count                                                           6     0(0.00%) |   2349    2336    2356   2356 |    0.60        0.00
GET      /api/notifications/pending                                                         6     0(0.00%) |   2356    2330    2415   2330 |    0.60        0.00
POST     /api/upload/image [POST]                                                           7   7(100.00%) |     10       6      18      9 |    0.40        0.40
GET      /check                                                                             7     0(0.00%) |     29       9      69     22 |    0.40        0.00
GET      /project-manage                                                                    5     0(0.00%) |     20       7      66     10 |    0.30        0.00
GET      /trash                                                                             1     0(0.00%) |     11      11      11     11 |    0.10        0.00
GET      [warmup] cookie check                                                              5     0(0.00%) |   2214    2193    2236   2200 |    0.00        0.00
--------|----------------------------------------------------------------------------|-------|-------------|-------|-------|-------|-------|--------|-----------
         Aggregated                                                                        79   20(25.32%) |    813       6    2415     25 |    5.20        1.20

Type     Name                                                                          # reqs      # fails |    Avg     Min     Max    Med |   req/s  failures/s
--------|----------------------------------------------------------------------------|-------|-------------|-------|-------|-------|-------|--------|-----------
GET      /                                                                                  2     0(0.00%) |     19      17      21     18 |    0.10        0.00
GET      /api/checklists                                                                    2     0(0.00%) |     10      10      10     10 |    0.20        0.00
GET      /api/checklists/1/lock                                                             1   1(100.00%) |   2326    2326    2326   2326 |    0.00        0.00
PUT      /api/doc/{id}/lock [PUT heartbeat]                                                 1   1(100.00%) |   2325    2325    2325   2325 |    0.00        0.00
GET      /api/events                                                                        3     0(0.00%) |     18      15      23     15 |    0.10        0.00
POST     /api/events [POST]                                                                12     0(0.00%) |     19      11      55     14 |    0.70        0.00
DELETE   /api/events/{id} [DELETE]                                                         10     0(0.00%) |   2145    2072    2310   2100 |    0.60        0.00
PUT      /api/events/{id} [PUT]                                                            12  12(100.00%) |     20      10      32     15 |    0.70        0.70
GET      /api/kanban                                                                        4     0(0.00%) |     14       8      27     11 |    0.20        0.00
GET      /api/notifications/count                                                           6     0(0.00%) |   2349    2336    2356   2356 |    0.00        0.00
GET      /api/notifications/pending                                                         6     0(0.00%) |   2356    2330    2415   2330 |    0.00        0.00
POST     /api/upload/image [POST]                                                           8   8(100.00%) |     10       6      18      9 |    0.60        0.60
GET      /check                                                                             7     0(0.00%) |     29       9      69     22 |    0.30        0.00
GET      /project-manage                                                                    5     0(0.00%) |     20       7      66     10 |    0.30        0.00
GET      /trash                                                                             2     0(0.00%) |     13      11      14     12 |    0.10        0.00
GET      [warmup] cookie check                                                              5     0(0.00%) |   2214    2193    2236   2200 |    0.00        0.00
--------|----------------------------------------------------------------------------|-------|-------------|-------|-------|-------|-------|--------|-----------
         Aggregated                                                                        86   22(25.58%) |    773       6    2415     22 |    3.90        1.30

Type     Name                                                                          # reqs      # fails |    Avg     Min     Max    Med |   req/s  failures/s
--------|----------------------------------------------------------------------------|-------|-------------|-------|-------|-------|-------|--------|-----------
GET      /                                                                                  2     0(0.00%) |     19      17      21     18 |    0.20        0.00
GET      /api/checklists                                                                    3     0(0.00%) |     11      10      13     11 |    0.10        0.00
GET      /api/checklists/1/lock                                                             1   1(100.00%) |   2326    2326    2326   2326 |    0.00        0.00
PUT      /api/doc/{id}/lock [PUT heartbeat]                                                 1   1(100.00%) |   2325    2325    2325   2325 |    0.00        0.00
GET      /api/events                                                                        3     0(0.00%) |     18      15      23     15 |    0.20        0.00
POST     /api/events [POST]                                                                13     0(0.00%) |     19      10      55     14 |    0.60        0.00
DELETE   /api/events/{id} [DELETE]                                                         12     0(0.00%) |   2139    2072    2310   2100 |    0.70        0.00
PUT      /api/events/{id} [PUT]                                                            13  13(100.00%) |     20      10      32     16 |    0.60        0.60
GET      /api/kanban                                                                        6     0(0.00%) |     14       8      27     11 |    0.30        0.00
GET      /api/notifications/count                                                           6     0(0.00%) |   2349    2336    2356   2356 |    0.00        0.00
GET      /api/notifications/pending                                                         6     0(0.00%) |   2356    2330    2415   2330 |    0.00        0.00
POST     /api/upload/image [POST]                                                           8   8(100.00%) |     10       6      18      9 |    0.50        0.50
GET      /check                                                                             8     0(0.00%) |     27       9      69     18 |    0.10        0.00
GET      /project-manage                                                                    5     0(0.00%) |     20       7      66     10 |    0.20        0.00
GET      /trash                                                                             3     0(0.00%) |     13      11      15     15 |    0.10        0.00
GET      [warmup] cookie check                                                              5     0(0.00%) |   2214    2193    2236   2200 |    0.00        0.00
--------|----------------------------------------------------------------------------|-------|-------------|-------|-------|-------|-------|--------|-----------
         Aggregated                                                                        95   23(24.21%) |    745       6    2415     22 |    3.60        1.10

Type     Name                                                                          # reqs      # fails |    Avg     Min     Max    Med |   req/s  failures/s
--------|----------------------------------------------------------------------------|-------|-------------|-------|-------|-------|-------|--------|-----------
GET      /                                                                                  2     0(0.00%) |     19      17      21     18 |    0.20        0.00
GET      /api/checklists                                                                    3     0(0.00%) |     11      10      13     11 |    0.10        0.00
GET      /api/checklists/1/lock                                                             1   1(100.00%) |   2326    2326    2326   2326 |    0.00        0.00
PUT      /api/doc/{id}/lock [PUT heartbeat]                                                 1   1(100.00%) |   2325    2325    2325   2325 |    0.00        0.00
GET      /api/events                                                                        3     0(0.00%) |     18      15      23     15 |    0.20        0.00
POST     /api/events [POST]                                                                15     0(0.00%) |     18      10      55     14 |    0.70        0.00
DELETE   /api/events/{id} [DELETE]                                                         13     0(0.00%) |   2135    2072    2310   2100 |    0.60        0.00
PUT      /api/events/{id} [PUT]                                                            15  15(100.00%) |     19      10      32     15 |    0.70        0.70
GET      /api/kanban                                                                        6     0(0.00%) |     14       8      27     11 |    0.40        0.00
GET      /api/notifications/count                                                           6     0(0.00%) |   2349    2336    2356   2356 |    0.00        0.00
GET      /api/notifications/pending                                                         6     0(0.00%) |   2356    2330    2415   2330 |    0.00        0.00
POST     /api/upload/image [POST]                                                           9   9(100.00%) |     10       6      18      9 |    0.60        0.60
GET      /check                                                                             9     0(0.00%) |     25       9      69     18 |    0.20        0.00
GET      /project-manage                                                                    6     0(0.00%) |     18       7      66      9 |    0.20        0.00
GET      /trash                                                                             3     0(0.00%) |     13      11      15     15 |    0.20        0.00
GET      [warmup] cookie check                                                              5     0(0.00%) |   2214    2193    2236   2200 |    0.00        0.00
--------|----------------------------------------------------------------------------|-------|-------------|-------|-------|-------|-------|--------|-----------
         Aggregated                                                                       103   26(25.24%) |    708       6    2415     18 |    4.10        1.30

Type     Name                                                                          # reqs      # fails |    Avg     Min     Max    Med |   req/s  failures/s
--------|----------------------------------------------------------------------------|-------|-------------|-------|-------|-------|-------|--------|-----------
GET      /                                                                                  3     0(0.00%) |     17      12      21     18 |    0.20        0.00
GET      /api/checklists                                                                    3     0(0.00%) |     11      10      13     11 |    0.20        0.00
GET      /api/checklists/1/lock                                                             1   1(100.00%) |   2326    2326    2326   2326 |    0.00        0.00
PUT      /api/doc/{id}/lock [PUT heartbeat]                                                 1   1(100.00%) |   2325    2325    2325   2325 |    0.00        0.00
GET      /api/events                                                                        3     0(0.00%) |     18      15      23     15 |    0.10        0.00
POST     /api/events [POST]                                                                16     0(0.00%) |     17      10      55     14 |    0.80        0.00
DELETE   /api/events/{id} [DELETE]                                                         15     0(0.00%) |   2131    2072    2310   2100 |    0.60        0.00
PUT      /api/events/{id} [PUT]                                                            16  16(100.00%) |     18      10      32     15 |    0.80        0.80
GET      /api/kanban                                                                        8     0(0.00%) |     13       8      27     11 |    0.40        0.00
GET      /api/notifications/count                                                           6     0(0.00%) |   2349    2336    2356   2356 |    0.00        0.00
GET      /api/notifications/pending                                                         6     0(0.00%) |   2356    2330    2415   2330 |    0.00        0.00
POST     /api/upload/image [POST]                                                           9   9(100.00%) |     10       6      18      9 |    0.60        0.60
GET      /check                                                                            10     0(0.00%) |     24       9      69     15 |    0.20        0.00
GET      /project-manage                                                                    6     0(0.00%) |     18       7      66      9 |    0.10        0.00
GET      /trash                                                                             3     0(0.00%) |     13      11      15     15 |    0.20        0.00
GET      [warmup] cookie check                                                              5     0(0.00%) |   2214    2193    2236   2200 |    0.00        0.00
--------|----------------------------------------------------------------------------|-------|-------------|-------|-------|-------|-------|--------|-----------
         Aggregated                                                                       111   27(24.32%) |    696       6    2415     17 |    4.20        1.40

Type     Name                                                                          # reqs      # fails |    Avg     Min     Max    Med |   req/s  failures/s
--------|----------------------------------------------------------------------------|-------|-------------|-------|-------|-------|-------|--------|-----------
GET      /                                                                                  4     0(0.00%) |     16      12      21     14 |    0.30        0.00
GET      /api/checklists                                                                    3     0(0.00%) |     11      10      13     11 |    0.10        0.00
GET      /api/checklists/1/lock                                                             1   1(100.00%) |   2326    2326    2326   2326 |    0.00        0.00
PUT      /api/doc/{id}/lock [PUT heartbeat]                                                 1   1(100.00%) |   2325    2325    2325   2325 |    0.00        0.00
GET      /api/events                                                                        3     0(0.00%) |     18      15      23     15 |    0.10        0.00
POST     /api/events [POST]                                                                17     0(0.00%) |     17      10      55     14 |    0.70        0.00
DELETE   /api/events/{id} [DELETE]                                                         16     0(0.00%) |   2129    2072    2310   2100 |    0.80        0.00
PUT      /api/events/{id} [PUT]                                                            17  17(100.00%) |     18      10      32     15 |    0.70        0.70
GET      /api/kanban                                                                        9     0(0.00%) |     12       8      27     11 |    0.50        0.00
GET      /api/notifications/count                                                           6     0(0.00%) |   2349    2336    2356   2356 |    0.00        0.00
GET      /api/notifications/pending                                                         6     0(0.00%) |   2356    2330    2415   2330 |    0.00        0.00
POST     /api/upload/image [POST]                                                          10  10(100.00%) |     10       6      18      9 |    0.50        0.50
GET      /check                                                                            10     0(0.00%) |     24       9      69     15 |    0.30        0.00
GET      /project-manage                                                                    6     0(0.00%) |     18       7      66      9 |    0.20        0.00
GET      /trash                                                                             4     0(0.00%) |     14      11      15     15 |    0.20        0.00
GET      [warmup] cookie check                                                              5     0(0.00%) |   2214    2193    2236   2200 |    0.00        0.00
--------|----------------------------------------------------------------------------|-------|-------------|-------|-------|-------|-------|--------|-----------
         Aggregated                                                                       118   29(24.58%) |    673       6    2415     15 |    4.40        1.20

Type     Name                                                                          # reqs      # fails |    Avg     Min     Max    Med |   req/s  failures/s
--------|----------------------------------------------------------------------------|-------|-------------|-------|-------|-------|-------|--------|-----------
GET      /                                                                                  4     0(0.00%) |     16      12      21     14 |    0.20        0.00
GET      /api/checklists                                                                    3     0(0.00%) |     11      10      13     11 |    0.10        0.00
GET      /api/checklists/1/lock                                                             1   1(100.00%) |   2326    2326    2326   2326 |    0.00        0.00
PUT      /api/doc/{id}/lock [PUT heartbeat]                                                 1   1(100.00%) |   2325    2325    2325   2325 |    0.00        0.00
GET      /api/events                                                                        3     0(0.00%) |     18      15      23     15 |    0.10        0.00
POST     /api/events [POST]                                                                20     0(0.00%) |     16      10      55     14 |    0.70        0.00
DELETE   /api/events/{id} [DELETE]                                                         17     0(0.00%) |   2126    2072    2310   2100 |    0.70        0.00
PUT      /api/events/{id} [PUT]                                                            20  20(100.00%) |     17      10      32     15 |    0.70        0.70
GET      /api/kanban                                                                       10     0(0.00%) |     12       8      27     11 |    0.60        0.00
GET      /api/notifications/count                                                           6     0(0.00%) |   2349    2336    2356   2356 |    0.00        0.00
GET      /api/notifications/pending                                                         6     0(0.00%) |   2356    2330    2415   2330 |    0.00        0.00
POST     /api/upload/image [POST]                                                          12  12(100.00%) |      9       6      18      9 |    0.30        0.30
GET      /check                                                                            10     0(0.00%) |     24       9      69     15 |    0.30        0.00
GET      /project-manage                                                                    7     0(0.00%) |     17       7      66      9 |    0.10        0.00
GET      /trash                                                                             4     0(0.00%) |     14      11      15     15 |    0.30        0.00
GET      [warmup] cookie check                                                              5     0(0.00%) |   2214    2193    2236   2200 |    0.00        0.00
--------|----------------------------------------------------------------------------|-------|-------------|-------|-------|-------|-------|--------|-----------
         Aggregated                                                                       129   34(26.36%) |    632       6    2415     15 |    4.10        1.00

Type     Name                                                                          # reqs      # fails |    Avg     Min     Max    Med |   req/s  failures/s
--------|----------------------------------------------------------------------------|-------|-------------|-------|-------|-------|-------|--------|-----------
GET      /                                                                                  4     0(0.00%) |     16      12      21     14 |    0.20        0.00
GET      /api/checklists                                                                    3     0(0.00%) |     11      10      13     11 |    0.10        0.00
GET      /api/checklists/1/lock                                                             1   1(100.00%) |   2326    2326    2326   2326 |    0.00        0.00
PUT      /api/doc/{id}/lock [PUT heartbeat]                                                 1   1(100.00%) |   2325    2325    2325   2325 |    0.00        0.00
GET      /api/events                                                                        4     0(0.00%) |     18      15      23     15 |    0.00        0.00
POST     /api/events [POST]                                                                21     0(0.00%) |     16      10      55     14 |    0.70        0.00
DELETE   /api/events/{id} [DELETE]                                                         19     0(0.00%) |   2121    2072    2310   2100 |    0.70        0.00
PUT      /api/events/{id} [PUT]                                                            21  21(100.00%) |     17       9      32     15 |    0.70        0.70
GET      /api/kanban                                                                       10     0(0.00%) |     12       8      27     11 |    0.60        0.00
GET      /api/notifications/count                                                           6     0(0.00%) |   2349    2336    2356   2356 |    0.00        0.00
GET      /api/notifications/pending                                                         6     0(0.00%) |   2356    2330    2415   2330 |    0.00        0.00
POST     /api/upload/image [POST]                                                          12  12(100.00%) |      9       6      18      9 |    0.50        0.50
GET      /check                                                                            11     0(0.00%) |     24       9      69     18 |    0.30        0.00
GET      /project-manage                                                                    7     0(0.00%) |     17       7      66      9 |    0.20        0.00
GET      /trash                                                                             5     0(0.00%) |     14      11      15     15 |    0.20        0.00
GET      [warmup] cookie check                                                              5     0(0.00%) |   2214    2193    2236   2200 |    0.00        0.00
--------|----------------------------------------------------------------------------|-------|-------------|-------|-------|-------|-------|--------|-----------
         Aggregated                                                                       136   35(25.74%) |    631       6    2415     15 |    4.20        1.20

Type     Name                                                                          # reqs      # fails |    Avg     Min     Max    Med |   req/s  failures/s
--------|----------------------------------------------------------------------------|-------|-------------|-------|-------|-------|-------|--------|-----------
GET      /                                                                                  4     0(0.00%) |     16      12      21     14 |    0.20        0.00
GET      /api/checklists                                                                    3     0(0.00%) |     11      10      13     11 |    0.10        0.00
GET      /api/checklists/1/lock                                                             1   1(100.00%) |   2326    2326    2326   2326 |    0.00        0.00
PUT      /api/doc/{id}/lock [PUT heartbeat]                                                 1   1(100.00%) |   2325    2325    2325   2325 |    0.00        0.00
GET      /api/events                                                                        5     0(0.00%) |     17      15      23     16 |    0.10        0.00
POST     /api/events [POST]                                                                23     0(0.00%) |     16      10      55     13 |    0.70        0.00
DELETE   /api/events/{id} [DELETE]                                                         21     0(0.00%) |   2117    2066    2310   2100 |    0.70        0.00
PUT      /api/events/{id} [PUT]                                                            23  23(100.00%) |     17       9      32     15 |    0.70        0.70
GET      /api/kanban                                                                       11     0(0.00%) |     12       8      27     11 |    0.40        0.00
GET      /api/notifications/count                                                           6     0(0.00%) |   2349    2336    2356   2356 |    0.00        0.00
GET      /api/notifications/pending                                                         6     0(0.00%) |   2356    2330    2415   2330 |    0.00        0.00
POST     /api/upload/image [POST]                                                          12  12(100.00%) |      9       6      18      9 |    0.40        0.40
GET      /check                                                                            12     0(0.00%) |     23       9      69     15 |    0.30        0.00
GET      /project-manage                                                                    7     0(0.00%) |     17       7      66      9 |    0.20        0.00
GET      /trash                                                                             5     0(0.00%) |     14      11      15     15 |    0.20        0.00
GET      [warmup] cookie check                                                              5     0(0.00%) |   2214    2193    2236   2200 |    0.00        0.00
--------|----------------------------------------------------------------------------|-------|-------------|-------|-------|-------|-------|--------|-----------
         Aggregated                                                                       145   37(25.52%) |    621       6    2415     15 |    4.00        1.10

Type     Name                                                                          # reqs      # fails |    Avg     Min     Max    Med |   req/s  failures/s
--------|----------------------------------------------------------------------------|-------|-------------|-------|-------|-------|-------|--------|-----------
GET      /                                                                                  5     0(0.00%) |     21      12      41     18 |    0.20        0.00
GET      /api/checklists                                                                    3     0(0.00%) |     11      10      13     11 |    0.00        0.00
GET      /api/checklists/1/lock                                                             1   1(100.00%) |   2326    2326    2326   2326 |    0.00        0.00
PUT      /api/doc/{id}/lock [PUT heartbeat]                                                 1   1(100.00%) |   2325    2325    2325   2325 |    0.00        0.00
GET      /api/events                                                                        5     0(0.00%) |     17      15      23     16 |    0.20        0.00
POST     /api/events [POST]                                                                24     0(0.00%) |     15      10      55     13 |    0.80        0.00
DELETE   /api/events/{id} [DELETE]                                                         23     0(0.00%) |   2114    2066    2310   2100 |    0.80        0.00
PUT      /api/events/{id} [PUT]                                                            24  24(100.00%) |     17       9      32     15 |    0.80        0.80
GET      /api/kanban                                                                       11     0(0.00%) |     12       8      27     11 |    0.50        0.00
GET      /api/notifications/count                                                           6     0(0.00%) |   2349    2336    2356   2356 |    0.00        0.00
GET      /api/notifications/pending                                                         6     0(0.00%) |   2356    2330    2415   2330 |    0.00        0.00
POST     /api/upload/image [POST]                                                          12  12(100.00%) |      9       6      18      9 |    0.30        0.30
GET      /check                                                                            12     0(0.00%) |     23       9      69     15 |    0.30        0.00
GET      /project-manage                                                                    7     0(0.00%) |     17       7      66      9 |    0.10        0.00
GET      /trash                                                                             7     0(0.00%) |     13       9      15     15 |    0.20        0.00
GET      [warmup] cookie check                                                              5     0(0.00%) |   2214    2193    2236   2200 |    0.00        0.00
--------|----------------------------------------------------------------------------|-------|-------------|-------|-------|-------|-------|--------|-----------
         Aggregated                                                                       152   38(25.00%) |    620       6    2415     15 |    4.20        1.10

Type     Name                                                                          # reqs      # fails |    Avg     Min     Max    Med |   req/s  failures/s
--------|----------------------------------------------------------------------------|-------|-------------|-------|-------|-------|-------|--------|-----------
GET      /                                                                                  5     0(0.00%) |     21      12      41     18 |    0.10        0.00
GET      /api/checklists                                                                    3     0(0.00%) |     11      10      13     11 |    0.00        0.00
GET      /api/checklists/1/lock                                                             1   1(100.00%) |   2326    2326    2326   2326 |    0.00        0.00
PUT      /api/doc/{id}/lock [PUT heartbeat]                                                 2   2(100.00%) |   1166       7    2325      7 |    0.00        0.00
GET      /api/events                                                                        7     0(0.00%) |     16      13      23     15 |    0.20        0.00
POST     /api/events [POST]                                                                26     0(0.00%) |     15      10      55     13 |    0.70        0.00
DELETE   /api/events/{id} [DELETE]                                                         24     0(0.00%) |   2113    2066    2310   2100 |    0.70        0.00
PUT      /api/events/{id} [PUT]                                                            26  26(100.00%) |     17       9      32     14 |    0.70        0.70
GET      /api/kanban                                                                       12     0(0.00%) |     12       8      27     11 |    0.30        0.00
GET      /api/notifications/count                                                           6     0(0.00%) |   2349    2336    2356   2356 |    0.00        0.00
GET      /api/notifications/pending                                                         6     0(0.00%) |   2356    2330    2415   2330 |    0.00        0.00
POST     /api/upload/image [POST]                                                          12  12(100.00%) |      9       6      18      9 |    0.30        0.30
GET      /check                                                                            12     0(0.00%) |     23       9      69     15 |    0.20        0.00
GET      /project-manage                                                                    8     0(0.00%) |     16       7      66      9 |    0.10        0.00
GET      /trash                                                                             7     0(0.00%) |     13       9      15     15 |    0.40        0.00
GET      [warmup] cookie check                                                              5     0(0.00%) |   2214    2193    2236   2200 |    0.00        0.00
--------|----------------------------------------------------------------------------|-------|-------------|-------|-------|-------|-------|--------|-----------
         Aggregated                                                                       162   41(25.31%) |    596       6    2415     15 |    3.70        1.00

Type     Name                                                                          # reqs      # fails |    Avg     Min     Max    Med |   req/s  failures/s
--------|----------------------------------------------------------------------------|-------|-------------|-------|-------|-------|-------|--------|-----------
GET      /                                                                                  5     0(0.00%) |     21      12      41     18 |    0.20        0.00
GET      /api/checklists                                                                    3     0(0.00%) |     11      10      13     11 |    0.00        0.00
GET      /api/checklists/1/lock                                                             2   2(100.00%) |   2199    2072    2326   2100 |    0.00        0.00
PUT      /api/doc/{id}/lock [PUT heartbeat]                                                 2   2(100.00%) |   1166       7    2325      7 |    0.10        0.10
GET      /api/events                                                                        8     0(0.00%) |     16      13      23     15 |    0.30        0.00
POST     /api/events [POST]                                                                28     0(0.00%) |     15      10      55     12 |    0.80        0.00
DELETE   /api/events/{id} [DELETE]                                                         26     0(0.00%) |   2111    2066    2310   2100 |    0.70        0.00
PUT      /api/events/{id} [PUT]                                                            28  28(100.00%) |     16       9      32     14 |    0.80        0.80
GET      /api/kanban                                                                       12     0(0.00%) |     12       8      27     11 |    0.30        0.00
GET      /api/notifications/count                                                           6     0(0.00%) |   2349    2336    2356   2356 |    0.00        0.00
GET      /api/notifications/pending                                                         6     0(0.00%) |   2356    2330    2415   2330 |    0.00        0.00
POST     /api/upload/image [POST]                                                          12  12(100.00%) |      9       6      18      9 |    0.20        0.20
GET      /check                                                                            12     0(0.00%) |     23       9      69     15 |    0.20        0.00
GET      /project-manage                                                                    9     0(0.00%) |     15       7      66      9 |    0.20        0.00
GET      /trash                                                                             7     0(0.00%) |     13       9      15     15 |    0.30        0.00
GET      [warmup] cookie check                                                              5     0(0.00%) |   2214    2193    2236   2200 |    0.00        0.00
--------|----------------------------------------------------------------------------|-------|-------------|-------|-------|-------|-------|--------|-----------
         Aggregated                                                                       171   44(25.73%) |    601       6    2415     15 |    4.10        1.10

Type     Name                                                                          # reqs      # fails |    Avg     Min     Max    Med |   req/s  failures/s
--------|----------------------------------------------------------------------------|-------|-------------|-------|-------|-------|-------|--------|-----------
GET      /                                                                                  5     0(0.00%) |     21      12      41     18 |    0.10        0.00
GET      /api/checklists                                                                    3     0(0.00%) |     11      10      13     11 |    0.00        0.00
GET      /api/checklists/1/lock                                                             2   2(100.00%) |   2199    2072    2326   2100 |    0.10        0.10
PUT      /api/doc/{id}/lock [PUT heartbeat]                                                 2   2(100.00%) |   1166       7    2325      7 |    0.10        0.10
GET      /api/events                                                                        8     0(0.00%) |     16      13      23     15 |    0.40        0.00
POST     /api/events [POST]                                                                32     0(0.00%) |     15      10      55     12 |    0.90        0.00
DELETE   /api/events/{id} [DELETE]                                                         28     0(0.00%) |   2108    2066    2310   2100 |    0.80        0.00
PUT      /api/events/{id} [PUT]                                                            32  32(100.00%) |     16       9      32     14 |    0.90        0.90
GET      /api/kanban                                                                       12     0(0.00%) |     12       8      27     11 |    0.20        0.00
GET      /api/notifications/count                                                           6     0(0.00%) |   2349    2336    2356   2356 |    0.00        0.00
GET      /api/notifications/pending                                                         6     0(0.00%) |   2356    2330    2415   2330 |    0.00        0.00
POST     /api/upload/image [POST]                                                          12  12(100.00%) |      9       6      18      9 |    0.00        0.00
GET      /check                                                                            12     0(0.00%) |     23       9      69     15 |    0.20        0.00
GET      /project-manage                                                                    9     0(0.00%) |     15       7      66      9 |    0.20        0.00
GET      /trash                                                                             8     0(0.00%) |     13       9      19     15 |    0.30        0.00
GET      [warmup] cookie check                                                              5     0(0.00%) |   2214    2193    2236   2200 |    0.00        0.00
--------|----------------------------------------------------------------------------|-------|-------------|-------|-------|-------|-------|--------|-----------
         Aggregated                                                                       182   48(26.37%) |    588       6    2415     15 |    4.20        1.10

Type     Name                                                                          # reqs      # fails |    Avg     Min     Max    Med |   req/s  failures/s
--------|----------------------------------------------------------------------------|-------|-------------|-------|-------|-------|-------|--------|-----------
GET      /                                                                                  5     0(0.00%) |     21      12      41     18 |    0.10        0.00
GET      /api/checklists                                                                    3     0(0.00%) |     11      10      13     11 |    0.00        0.00
GET      /api/checklists/1/lock                                                             2   2(100.00%) |   2199    2072    2326   2100 |    0.10        0.10
PUT      /api/doc/{id}/lock [PUT heartbeat]                                                 2   2(100.00%) |   1166       7    2325      7 |    0.10        0.10
GET      /api/events                                                                        8     0(0.00%) |     16      13      23     15 |    0.50        0.00
POST     /api/events [POST]                                                                33     0(0.00%) |     14      10      55     13 |    0.80        0.00
DELETE   /api/events/{id} [DELETE]                                                         31     0(0.00%) |   2108    2066    2310   2100 |    1.00        0.00
PUT      /api/events/{id} [PUT]                                                            33  33(100.00%) |     16       9      32     14 |    0.80        0.80
GET      /api/kanban                                                                       12     0(0.00%) |     12       8      27     11 |    0.20        0.00
GET      /api/notifications/count                                                           6     0(0.00%) |   2349    2336    2356   2356 |    0.00        0.00
GET      /api/notifications/pending                                                         6     0(0.00%) |   2356    2330    2415   2330 |    0.00        0.00
POST     /api/upload/image [POST]                                                          12  12(100.00%) |      9       6      18      9 |    0.00        0.00
GET      /check                                                                            12     0(0.00%) |     23       9      69     15 |    0.10        0.00
GET      /project-manage                                                                    9     0(0.00%) |     15       7      66      9 |    0.20        0.00
GET      /trash                                                                             8     0(0.00%) |     13       9      19     15 |    0.20        0.00
GET      [warmup] cookie check                                                              5     0(0.00%) |   2214    2193    2236   2200 |    0.00        0.00
--------|----------------------------------------------------------------------------|-------|-------------|-------|-------|-------|-------|--------|-----------
         Aggregated                                                                       187   49(26.20%) |    606       6    2415     15 |    4.10        1.00

Type     Name                                                                          # reqs      # fails |    Avg     Min     Max    Med |   req/s  failures/s
--------|----------------------------------------------------------------------------|-------|-------------|-------|-------|-------|-------|--------|-----------
GET      /                                                                                  5     0(0.00%) |     21      12      41     18 |    0.10        0.00
GET      /api/checklists                                                                    3     0(0.00%) |     11      10      13     11 |    0.00        0.00
GET      /api/checklists/1/lock                                                             2   2(100.00%) |   2199    2072    2326   2100 |    0.10        0.10
PUT      /api/doc/{id}/lock [PUT heartbeat]                                                 2   2(100.00%) |   1166       7    2325      7 |    0.10        0.10
GET      /api/events                                                                        9     0(0.00%) |     15      12      23     15 |    0.30        0.00
POST     /api/events [POST]                                                                35     0(0.00%) |     14      10      55     12 |    1.00        0.00
DELETE   /api/events/{id} [DELETE]                                                         33     0(0.00%) |   2107    2066    2310   2100 |    0.80        0.00
PUT      /api/events/{id} [PUT]                                                            35  35(100.00%) |     16       9      32     14 |    1.00        1.00
GET      /api/kanban                                                                       12     0(0.00%) |     12       8      27     11 |    0.10        0.00
GET      /api/notifications/count                                                           6     0(0.00%) |   2349    2336    2356   2356 |    0.00        0.00
GET      /api/notifications/pending                                                         6     0(0.00%) |   2356    2330    2415   2330 |    0.00        0.00
POST     /api/upload/image [POST]                                                          12  12(100.00%) |      9       6      18      9 |    0.00        0.00
GET      /check                                                                            12     0(0.00%) |     23       9      69     15 |    0.10        0.00
GET      /project-manage                                                                    9     0(0.00%) |     15       7      66      9 |    0.20        0.00
GET      /trash                                                                             9     0(0.00%) |     13       8      19     15 |    0.30        0.00
GET      [warmup] cookie check                                                              5     0(0.00%) |   2214    2193    2236   2200 |    0.00        0.00
--------|----------------------------------------------------------------------------|-------|-------------|-------|-------|-------|-------|--------|-----------
         Aggregated                                                                       195   51(26.15%) |    603       6    2415     15 |    4.10        1.20

Type     Name                                                                          # reqs      # fails |    Avg     Min     Max    Med |   req/s  failures/s
--------|----------------------------------------------------------------------------|-------|-------------|-------|-------|-------|-------|--------|-----------
GET      /                                                                                  6     0(0.00%) |     19       9      41     14 |    0.10        0.00
GET      /api/checklists                                                                    3     0(0.00%) |     11      10      13     11 |    0.00        0.00
GET      /api/checklists/1/lock                                                             2   2(100.00%) |   2199    2072    2326   2100 |    0.10        0.10
PUT      /api/doc/{id}/lock [PUT heartbeat]                                                 2   2(100.00%) |   1166       7    2325      7 |    0.10        0.10
GET      /api/events                                                                       11     0(0.00%) |     15      12      23     15 |    0.40        0.00
POST     /api/events [POST]                                                                37     0(0.00%) |     14      10      55     13 |    1.20        0.00
DELETE   /api/events/{id} [DELETE]                                                         35     0(0.00%) |   2104    2066    2310   2100 |    1.10        0.00
PUT      /api/events/{id} [PUT]                                                            37  37(100.00%) |     16       9      32     14 |    1.20        1.20
GET      /api/kanban                                                                       12     0(0.00%) |     12       8      27     11 |    0.10        0.00
GET      /api/notifications/count                                                           6     0(0.00%) |   2349    2336    2356   2356 |    0.00        0.00
GET      /api/notifications/pending                                                         6     0(0.00%) |   2356    2330    2415   2330 |    0.00        0.00
POST     /api/upload/image [POST]                                                          12  12(100.00%) |      9       6      18      9 |    0.00        0.00
GET      /check                                                                            12     0(0.00%) |     23       9      69     15 |    0.00        0.00
GET      /project-manage                                                                   10     0(0.00%) |     14       7      66      9 |    0.20        0.00
GET      /trash                                                                             9     0(0.00%) |     13       8      19     15 |    0.20        0.00
GET      [warmup] cookie check                                                              5     0(0.00%) |   2214    2193    2236   2200 |    0.00        0.00
--------|----------------------------------------------------------------------------|-------|-------------|-------|-------|-------|-------|--------|-----------
         Aggregated                                                                       205   53(25.85%) |    595       6    2415     15 |    4.70        1.40

Type     Name                                                                          # reqs      # fails |    Avg     Min     Max    Med |   req/s  failures/s
--------|----------------------------------------------------------------------------|-------|-------------|-------|-------|-------|-------|--------|-----------
GET      /                                                                                  6     0(0.00%) |     19       9      41     14 |    0.10        0.00
GET      /api/checklists                                                                    3     0(0.00%) |     11      10      13     11 |    0.00        0.00
GET      /api/checklists/1/lock                                                             2   2(100.00%) |   2199    2072    2326   2100 |    0.10        0.10
PUT      /api/doc/{id}/lock [PUT heartbeat]                                                 2   2(100.00%) |   1166       7    2325      7 |    0.00        0.00
GET      /api/events                                                                       11     0(0.00%) |     15      12      23     15 |    0.50        0.00
POST     /api/events [POST]                                                                37     0(0.00%) |     14      10      55     13 |    1.00        0.00
DELETE   /api/events/{id} [DELETE]                                                         37     0(0.00%) |   2105    2066    2310   2100 |    1.20        0.00
PUT      /api/events/{id} [PUT]                                                            37  37(100.00%) |     16       9      32     14 |    1.00        1.00
GET      /api/kanban                                                                       12     0(0.00%) |     12       8      27     11 |    0.00        0.00
GET      /api/notifications/count                                                           6     0(0.00%) |   2349    2336    2356   2356 |    0.00        0.00
GET      /api/notifications/pending                                                         6     0(0.00%) |   2356    2330    2415   2330 |    0.00        0.00
POST     /api/upload/image [POST]                                                          12  12(100.00%) |      9       6      18      9 |    0.00        0.00
GET      /check                                                                            13     0(0.00%) |     22       9      69     15 |    0.00        0.00
GET      /project-manage                                                                   12     0(0.00%) |     14       7      66      9 |    0.20        0.00
GET      /trash                                                                             9     0(0.00%) |     13       8      19     15 |    0.20        0.00
GET      [warmup] cookie check                                                              5     0(0.00%) |   2214    2193    2236   2200 |    0.00        0.00
--------|----------------------------------------------------------------------------|-------|-------------|-------|-------|-------|-------|--------|-----------
         Aggregated                                                                       210   53(25.24%) |    601       6    2415     15 |    4.30        1.10

Type     Name                                                                          # reqs      # fails |    Avg     Min     Max    Med |   req/s  failures/s
--------|----------------------------------------------------------------------------|-------|-------------|-------|-------|-------|-------|--------|-----------
GET      /                                                                                  7     0(0.00%) |     17       8      41     14 |    0.10        0.00
GET      /api/checklists                                                                    3     0(0.00%) |     11      10      13     11 |    0.00        0.00
GET      /api/checklists/1/lock                                                             2   2(100.00%) |   2199    2072    2326   2100 |    0.00        0.00
PUT      /api/doc/{id}/lock [PUT heartbeat]                                                 2   2(100.00%) |   1166       7    2325      7 |    0.00        0.00
GET      /api/events                                                                       11     0(0.00%) |     15      12      23     15 |    0.40        0.00
POST     /api/events [POST]                                                                39     0(0.00%) |     14      10      55     13 |    0.90        0.00
DELETE   /api/events/{id} [DELETE]                                                         37     0(0.00%) |   2105    2066    2310   2100 |    1.00        0.00
PUT      /api/events/{id} [PUT]                                                            39  39(100.00%) |     16       9      32     14 |    0.90        0.90
GET      /api/kanban                                                                       12     0(0.00%) |     12       8      27     11 |    0.00        0.00
GET      /api/notifications/count                                                           6     0(0.00%) |   2349    2336    2356   2356 |    0.00        0.00
GET      /api/notifications/pending                                                         6     0(0.00%) |   2356    2330    2415   2330 |    0.00        0.00
POST     /api/upload/image [POST]                                                          13  13(100.00%) |      9       6      18      9 |    0.00        0.00
GET      /check                                                                            13     0(0.00%) |     22       9      69     15 |    0.10        0.00
GET      /project-manage                                                                   12     0(0.00%) |     14       7      66      9 |    0.30        0.00
GET      /trash                                                                            10     0(0.00%) |     13       8      19     15 |    0.20        0.00
GET      [warmup] cookie check                                                              5     0(0.00%) |   2214    2193    2236   2200 |    0.00        0.00
--------|----------------------------------------------------------------------------|-------|-------------|-------|-------|-------|-------|--------|-----------
         Aggregated                                                                       217   56(25.81%) |    582       6    2415     14 |    3.90        0.90

Type     Name                                                                          # reqs      # fails |    Avg     Min     Max    Med |   req/s  failures/s
--------|----------------------------------------------------------------------------|-------|-------------|-------|-------|-------|-------|--------|-----------
GET      /                                                                                  7     0(0.00%) |     17       8      41     14 |    0.20        0.00
GET      /api/checklists                                                                    3     0(0.00%) |     11      10      13     11 |    0.00        0.00
GET      /api/checklists/1/lock                                                             2   2(100.00%) |   2199    2072    2326   2100 |    0.00        0.00
PUT      /api/doc/{id}/lock [PUT heartbeat]                                                 2   2(100.00%) |   1166       7    2325      7 |    0.00        0.00
GET      /api/events                                                                       12     0(0.00%) |     15      12      23     15 |    0.30        0.00
POST     /api/events [POST]                                                                41     0(0.00%) |     14      10      55     13 |    0.90        0.00
DELETE   /api/events/{id} [DELETE]                                                         39     0(0.00%) |   2104    2066    2310   2100 |    1.00        0.00
PUT      /api/events/{id} [PUT]                                                            41  41(100.00%) |     16       9      32     14 |    0.90        0.90
GET      /api/kanban                                                                       13     0(0.00%) |     11       7      27     11 |    0.00        0.00
GET      /api/notifications/count                                                           6     0(0.00%) |   2349    2336    2356   2356 |    0.00        0.00
GET      /api/notifications/pending                                                         6     0(0.00%) |   2356    2330    2415   2330 |    0.00        0.00
POST     /api/upload/image [POST]                                                          13  13(100.00%) |      9       6      18      9 |    0.00        0.00
GET      /check                                                                            13     0(0.00%) |     22       9      69     15 |    0.10        0.00
GET      /project-manage                                                                   12     0(0.00%) |     14       7      66      9 |    0.30        0.00
GET      /trash                                                                            10     0(0.00%) |     13       8      19     15 |    0.30        0.00
GET      [warmup] cookie check                                                              5     0(0.00%) |   2214    2193    2236   2200 |    0.00        0.00
--------|----------------------------------------------------------------------------|-------|-------------|-------|-------|-------|-------|--------|-----------
         Aggregated                                                                       225   58(25.78%) |    580       6    2415     14 |    4.00        0.90

Type     Name                                                                          # reqs      # fails |    Avg     Min     Max    Med |   req/s  failures/s
--------|----------------------------------------------------------------------------|-------|-------------|-------|-------|-------|-------|--------|-----------
GET      /                                                                                  7     0(0.00%) |     17       8      41     14 |    0.20        0.00
GET      /api/checklists                                                                    3     0(0.00%) |     11      10      13     11 |    0.00        0.00
GET      /api/checklists/1/lock                                                             2   2(100.00%) |   2199    2072    2326   2100 |    0.00        0.00
PUT      /api/doc/{id}/lock [PUT heartbeat]                                                 2   2(100.00%) |   1166       7    2325      7 |    0.00        0.00
GET      /api/events                                                                       12     0(0.00%) |     15      12      23     15 |    0.40        0.00
POST     /api/events [POST]                                                                42     0(0.00%) |     14      10      55     13 |    0.70        0.00
DELETE   /api/events/{id} [DELETE]                                                         41     0(0.00%) |   2103    2066    2310   2100 |    0.90        0.00
PUT      /api/events/{id} [PUT]                                                            42  42(100.00%) |     16       9      32     14 |    0.70        0.70
GET      /api/kanban                                                                       13     0(0.00%) |     11       7      27     11 |    0.10        0.00
GET      /api/notifications/count                                                           6     0(0.00%) |   2349    2336    2356   2356 |    0.00        0.00
GET      /api/notifications/pending                                                         6     0(0.00%) |   2356    2330    2415   2330 |    0.00        0.00
POST     /api/upload/image [POST]                                                          13  13(100.00%) |      9       6      18      9 |    0.10        0.10
GET      /check                                                                            14     0(0.00%) |     22       9      69     15 |    0.10        0.00
GET      /project-manage                                                                   12     0(0.00%) |     14       7      66      9 |    0.30        0.00
GET      /trash                                                                            10     0(0.00%) |     13       8      19     15 |    0.20        0.00
GET      [warmup] cookie check                                                              5     0(0.00%) |   2214    2193    2236   2200 |    0.00        0.00
--------|----------------------------------------------------------------------------|-------|-------------|-------|-------|-------|-------|--------|-----------
         Aggregated                                                                       230   59(25.65%) |    586       6    2415     15 |    3.70        0.80

Type     Name                                                                          # reqs      # fails |    Avg     Min     Max    Med |   req/s  failures/s
--------|----------------------------------------------------------------------------|-------|-------------|-------|-------|-------|-------|--------|-----------
GET      /                                                                                  7     0(0.00%) |     17       8      41     14 |    0.20        0.00
GET      /api/checklists                                                                    4     0(0.00%) |     13      10      18     11 |    0.00        0.00
GET      /api/checklists/1/lock                                                             2   2(100.00%) |   2199    2072    2326   2100 |    0.00        0.00
PUT      /api/doc/{id}/lock [PUT heartbeat]                                                 2   2(100.00%) |   1166       7    2325      7 |    0.00        0.00
GET      /api/events                                                                       12     0(0.00%) |     15      12      23     15 |    0.40        0.00
POST     /api/events [POST]                                                                45     0(0.00%) |     14      10      55     13 |    0.90        0.00
DELETE   /api/events/{id} [DELETE]                                                         42     0(0.00%) |   2104    2066    2310   2100 |    0.70        0.00
PUT      /api/events/{id} [PUT]                                                            45  45(100.00%) |     16       9      32     14 |    0.90        0.90
GET      /api/kanban                                                                       13     0(0.00%) |     11       7      27     11 |    0.10        0.00
GET      /api/notifications/count                                                           6     0(0.00%) |   2349    2336    2356   2356 |    0.00        0.00
GET      /api/notifications/pending                                                         6     0(0.00%) |   2356    2330    2415   2330 |    0.00        0.00
POST     /api/upload/image [POST]                                                          13  13(100.00%) |      9       6      18      9 |    0.10        0.10
GET      /check                                                                            14     0(0.00%) |     22       9      69     15 |    0.20        0.00
GET      /project-manage                                                                   13     0(0.00%) |     13       7      66      9 |    0.30        0.00
GET      /trash                                                                            10     0(0.00%) |     13       8      19     15 |    0.10        0.00
GET      [warmup] cookie check                                                              5     0(0.00%) |   2214    2193    2236   2200 |    0.00        0.00
--------|----------------------------------------------------------------------------|-------|-------------|-------|-------|-------|-------|--------|-----------
         Aggregated                                                                       239   62(25.94%) |    573       6    2415     15 |    3.90        1.00

Type     Name                                                                          # reqs      # fails |    Avg     Min     Max    Med |   req/s  failures/s
--------|----------------------------------------------------------------------------|-------|-------------|-------|-------|-------|-------|--------|-----------
GET      /                                                                                  7     0(0.00%) |     17       8      41     14 |    0.10        0.00
GET      /api/checklists                                                                    4     0(0.00%) |     13      10      18     11 |    0.10        0.00
GET      /api/checklists/1/lock                                                             2   2(100.00%) |   2199    2072    2326   2100 |    0.00        0.00
PUT      /api/doc/{id}/lock [PUT heartbeat]                                                 2   2(100.00%) |   1166       7    2325      7 |    0.00        0.00
GET      /api/events                                                                       12     0(0.00%) |     15      12      23     15 |    0.10        0.00
POST     /api/events [POST]                                                                47     0(0.00%) |     14      10      55     13 |    1.00        0.00
DELETE   /api/events/{id} [DELETE]                                                         45     0(0.00%) |   2103    2066    2310   2100 |    0.70        0.00
PUT      /api/events/{id} [PUT]                                                            47  47(100.00%) |     16       9      32     15 |    1.00        1.00
GET      /api/kanban                                                                       13     0(0.00%) |     11       7      27     11 |    0.10        0.00
GET      /api/notifications/count                                                           6     0(0.00%) |   2349    2336    2356   2356 |    0.00        0.00
GET      /api/notifications/pending                                                         6     0(0.00%) |   2356    2330    2415   2330 |    0.00        0.00
POST     /api/upload/image [POST]                                                          13  13(100.00%) |      9       6      18      9 |    0.10        0.10
GET      /check                                                                            14     0(0.00%) |     22       9      69     15 |    0.20        0.00
GET      /project-manage                                                                   13     0(0.00%) |     13       7      66      9 |    0.30        0.00
GET      /trash                                                                            10     0(0.00%) |     13       8      19     15 |    0.10        0.00
GET      [warmup] cookie check                                                              5     0(0.00%) |   2214    2193    2236   2200 |    0.00        0.00
--------|----------------------------------------------------------------------------|-------|-------------|-------|-------|-------|-------|--------|-----------
         Aggregated                                                                       246   64(26.02%) |    582       6    2415     15 |    3.80        1.10

Type     Name                                                                          # reqs      # fails |    Avg     Min     Max    Med |   req/s  failures/s
--------|----------------------------------------------------------------------------|-------|-------------|-------|-------|-------|-------|--------|-----------
GET      /                                                                                  7     0(0.00%) |     17       8      41     14 |    0.12        0.00
GET      /api/checklists                                                                    4     0(0.00%) |     13      10      18     11 |    0.07        0.00
GET      /api/checklists/1/lock                                                             2   2(100.00%) |   2199    2072    2326   2100 |    0.03        0.03
PUT      /api/doc/{id}/lock [PUT heartbeat]                                                 2   2(100.00%) |   1166       7    2325      7 |    0.03        0.03
GET      /api/events                                                                       12     0(0.00%) |     15      12      23     15 |    0.20        0.00
POST     /api/events [POST]                                                                49     0(0.00%) |     14      10      55     13 |    0.83        0.00
DELETE   /api/events/{id} [DELETE]                                                         46     0(0.00%) |   2102    2066    2310   2100 |    0.77        0.00
PUT      /api/events/{id} [PUT]                                                            49  49(100.00%) |     16       9      32     15 |    0.83        0.83
GET      /api/kanban                                                                       13     0(0.00%) |     11       7      27     11 |    0.22        0.00
GET      /api/notifications/count                                                           6     0(0.00%) |   2349    2336    2356   2356 |    0.10        0.00
GET      /api/notifications/pending                                                         6     0(0.00%) |   2356    2330    2415   2330 |    0.10        0.00
POST     /api/upload/image [POST]                                                          13  13(100.00%) |      9       6      18      9 |    0.22        0.22
GET      /check                                                                            14     0(0.00%) |     22       9      69     15 |    0.24        0.00
GET      /project-manage                                                                   13     0(0.00%) |     13       7      66      9 |    0.22        0.00
GET      /trash                                                                            10     0(0.00%) |     13       8      19     15 |    0.17        0.00
GET      [warmup] cookie check                                                              5     0(0.00%) |   2214    2193    2236   2200 |    0.08        0.00
--------|----------------------------------------------------------------------------|-------|-------------|-------|-------|-------|-------|--------|-----------
         Aggregated                                                                       251   66(26.29%) |    579       6    2415     15 |    4.23        1.11

Response time percentiles (approximated)
Type     Name                                                                                  50%    66%    75%    80%    90%    95%    98%    99%  99.9% 99.99%   100% # reqs
--------|--------------------------------------------------------------------------------|--------|------|------|------|------|------|------|------|------|------|------|------
GET      /                                                                                      14     18     22     22     41     41     41     41     41     41     41      7
GET      /api/checklists                                                                        13     13     19     19     19     19     19     19     19     19     19      4
GET      /api/checklists/1/lock                                                               2300   2300   2300   2300   2300   2300   2300   2300   2300   2300   2300      2
PUT      /api/doc/{id}/lock [PUT heartbeat]                                                   2300   2300   2300   2300   2300   2300   2300   2300   2300   2300   2300      2
GET      /api/events                                                                            15     15     17     17     18     24     24     24     24     24     24     12
POST     /api/events [POST]                                                                     13     14     14     15     18     24     56     56     56     56     56     49
DELETE   /api/events/{id} [DELETE]                                                            2100   2100   2100   2100   2100   2200   2300   2300   2300   2300   2300     46
PUT      /api/events/{id} [PUT]                                                                 15     16     18     22     26     30     33     33     33     33     33     49
GET      /api/kanban                                                                            11     11     12     13     13     27     27     27     27     27     27     13
GET      /api/notifications/count                                                             2400   2400   2400   2400   2400   2400   2400   2400   2400   2400   2400      6
GET      /api/notifications/pending                                                           2400   2400   2400   2400   2400   2400   2400   2400   2400   2400   2400      6
POST     /api/upload/image [POST]                                                                9      9     11     12     14     18     18     18     18     18     18     13
GET      /check                                                                                 18     22     22     32     41     70     70     70     70     70     70     14
GET      /project-manage                                                                         9     10     10     10     12     66     66     66     66     66     66     13
GET      /trash                                                                                 15     15     16     18     19     19     19     19     19     19     19     10
GET      [warmup] cookie check                                                                2200   2200   2200   2200   2200   2200   2200   2200   2200   2200   2200      5
--------|--------------------------------------------------------------------------------|--------|------|------|------|------|------|------|------|------|------|------|------
         Aggregated                                                                             15     22   2100   2100   2100   2300   2400   2400   2400   2400   2400    251

Error report
# occurrences      Error                                                                                               
------------------|---------------------------------------------------------------------------------------------------------------------------------------------
49                 PUT /api/events/{id} [PUT]: HTTPError('500 Server Error: Internal Server Error for url: /api/events/{id} [PUT]')
2                  PUT /api/doc/{id}/lock [PUT heartbeat]: HTTPError('404 Client Error: Not Found for url: /api/doc/{id}/lock [PUT heartbeat]')
2                  GET /api/checklists/1/lock: HTTPError('404 Client Error: Not Found for url: /api/checklists/1/lock')
13                 POST /api/upload/image [POST]: HTTPError('400 Client Error: Bad Request for url: /api/upload/image [POST]')
------------------|---------------------------------------------------------------------------------------------------------------------------------------------

