Type     Name                                                                          # reqs      # fails |    Avg     Min     Max    Med |   req/s  failures/s
--------|----------------------------------------------------------------------------|-------|-------------|-------|-------|-------|-------|--------|-----------
--------|----------------------------------------------------------------------------|-------|-------------|-------|-------|-------|-------|--------|-----------
         Aggregated                                                                         0     0(0.00%) |      0       0       0      0 |    0.00        0.00

Type     Name                                                                          # reqs      # fails |    Avg     Min     Max    Med |   req/s  failures/s
--------|----------------------------------------------------------------------------|-------|-------------|-------|-------|-------|-------|--------|-----------
--------|----------------------------------------------------------------------------|-------|-------------|-------|-------|-------|-------|--------|-----------
         Aggregated                                                                         0     0(0.00%) |      0       0       0      0 |    0.00        0.00

Type     Name                                                                          # reqs      # fails |    Avg     Min     Max    Med |   req/s  failures/s
--------|----------------------------------------------------------------------------|-------|-------------|-------|-------|-------|-------|--------|-----------
POST     /api/events [POST]                                                                 1     0(0.00%) |     22      22      22     22 |    0.00        0.00
PUT      /api/events/{id} [PUT]                                                             1   1(100.00%) |     15      15      15     15 |    0.00        0.00
GET      [warmup] cookie check                                                              1     0(0.00%) |   2137    2137    2137   2137 |    0.00        0.00
--------|----------------------------------------------------------------------------|-------|-------------|-------|-------|-------|-------|--------|-----------
         Aggregated                                                                         3    1(33.33%) |    724      15    2137     22 |    0.00        0.00

Type     Name                                                                          # reqs      # fails |    Avg     Min     Max    Med |   req/s  failures/s
--------|----------------------------------------------------------------------------|-------|-------------|-------|-------|-------|-------|--------|-----------
POST     /api/events [POST]                                                                 1     0(0.00%) |     22      22      22     22 |    0.33        0.00
DELETE   /api/events/{id} [DELETE]                                                          1     0(0.00%) |   2102    2102    2102   2102 |    0.00        0.00
PUT      /api/events/{id} [PUT]                                                             1   1(100.00%) |     15      15      15     15 |    0.33        0.33
GET      /api/notifications/count                                                           1     0(0.00%) |   2121    2121    2121   2121 |    0.00        0.00
GET      /api/notifications/pending                                                         1     0(0.00%) |   2121    2121    2121   2121 |    0.00        0.00
GET      [warmup] cookie check                                                              1     0(0.00%) |   2137    2137    2137   2137 |    0.33        0.00
--------|----------------------------------------------------------------------------|-------|-------------|-------|-------|-------|-------|--------|-----------
         Aggregated                                                                         6    1(16.67%) |   1420      15    2137   2100 |    1.00        0.33

Type     Name                                                                          # reqs      # fails |    Avg     Min     Max    Med |   req/s  failures/s
--------|----------------------------------------------------------------------------|-------|-------------|-------|-------|-------|-------|--------|-----------
POST     /api/events [POST]                                                                 1     0(0.00%) |     22      22      22     22 |    0.17        0.00
DELETE   /api/events/{id} [DELETE]                                                          1     0(0.00%) |   2102    2102    2102   2102 |    0.17        0.00
PUT      /api/events/{id} [PUT]                                                             1   1(100.00%) |     15      15      15     15 |    0.17        0.17
GET      /api/notifications/count                                                           1     0(0.00%) |   2121    2121    2121   2121 |    0.17        0.00
GET      /api/notifications/pending                                                         1     0(0.00%) |   2121    2121    2121   2121 |    0.17        0.00
POST     /api/upload/image [POST]                                                           1   1(100.00%) |    119     119     119    119 |    0.00        0.00
GET      [warmup] cookie check                                                              1     0(0.00%) |   2137    2137    2137   2137 |    0.17        0.00
--------|----------------------------------------------------------------------------|-------|-------------|-------|-------|-------|-------|--------|-----------
         Aggregated                                                                         7    2(28.57%) |   1234      15    2137   2100 |    1.00        0.17

Type     Name                                                                          # reqs      # fails |    Avg     Min     Max    Med |   req/s  failures/s
--------|----------------------------------------------------------------------------|-------|-------------|-------|-------|-------|-------|--------|-----------
POST     /api/events [POST]                                                                 2     0(0.00%) |     16      11      22     12 |    0.14        0.00
DELETE   /api/events/{id} [DELETE]                                                          1     0(0.00%) |   2102    2102    2102   2102 |    0.14        0.00
PUT      /api/events/{id} [PUT]                                                             2   2(100.00%) |     13      12      15     13 |    0.14        0.14
GET      /api/notifications/count                                                           1     0(0.00%) |   2121    2121    2121   2121 |    0.14        0.00
GET      /api/notifications/pending                                                         1     0(0.00%) |   2121    2121    2121   2121 |    0.14        0.00
POST     /api/upload/image [POST]                                                           1   1(100.00%) |    119     119     119    119 |    0.00        0.00
GET      [warmup] cookie check                                                              1     0(0.00%) |   2137    2137    2137   2137 |    0.14        0.00
--------|----------------------------------------------------------------------------|-------|-------------|-------|-------|-------|-------|--------|-----------
         Aggregated                                                                         9    3(33.33%) |    962      11    2137    120 |    0.86        0.14

Type     Name                                                                          # reqs      # fails |    Avg     Min     Max    Med |   req/s  failures/s
--------|----------------------------------------------------------------------------|-------|-------------|-------|-------|-------|-------|--------|-----------
POST     /api/events [POST]                                                                 3     0(0.00%) |     14      10      22     12 |    0.20        0.00
DELETE   /api/events/{id} [DELETE]                                                          2     0(0.00%) |   2081    2059    2102   2100 |    0.10        0.00
PUT      /api/events/{id} [PUT]                                                             3   3(100.00%) |     13      12      15     13 |    0.20        0.20
GET      /api/notifications/count                                                           1     0(0.00%) |   2121    2121    2121   2121 |    0.10        0.00
GET      /api/notifications/pending                                                         1     0(0.00%) |   2121    2121    2121   2121 |    0.10        0.00
POST     /api/upload/image [POST]                                                           1   1(100.00%) |    119     119     119    119 |    0.10        0.10
GET      [warmup] cookie check                                                              1     0(0.00%) |   2137    2137    2137   2137 |    0.10        0.00
--------|----------------------------------------------------------------------------|-------|-------------|-------|-------|-------|-------|--------|-----------
         Aggregated                                                                        12    4(33.33%) |    895      10    2137     22 |    0.90        0.30

Type     Name                                                                          # reqs      # fails |    Avg     Min     Max    Med |   req/s  failures/s
--------|----------------------------------------------------------------------------|-------|-------------|-------|-------|-------|-------|--------|-----------
POST     /api/events [POST]                                                                 3     0(0.00%) |     14      10      22     12 |    0.20        0.00
DELETE   /api/events/{id} [DELETE]                                                          3     0(0.00%) |   2092    2059    2114   2100 |    0.20        0.00
PUT      /api/events/{id} [PUT]                                                             3   3(100.00%) |     13      12      15     13 |    0.20        0.20
GET      /api/notifications/count                                                           1     0(0.00%) |   2121    2121    2121   2121 |    0.10        0.00
GET      /api/notifications/pending                                                         1     0(0.00%) |   2121    2121    2121   2121 |    0.10        0.00
POST     /api/upload/image [POST]                                                           1   1(100.00%) |    119     119     119    119 |    0.10        0.10
GET      [warmup] cookie check                                                              1     0(0.00%) |   2137    2137    2137   2137 |    0.10        0.00
--------|----------------------------------------------------------------------------|-------|-------------|-------|-------|-------|-------|--------|-----------
         Aggregated                                                                        13    4(30.77%) |    989      10    2137    120 |    1.00        0.30

Type     Name                                                                          # reqs      # fails |    Avg     Min     Max    Med |   req/s  failures/s
--------|----------------------------------------------------------------------------|-------|-------------|-------|-------|-------|-------|--------|-----------
POST     /api/events [POST]                                                                 4     0(0.00%) |     14      10      22     12 |    0.20        0.00
DELETE   /api/events/{id} [DELETE]                                                          3     0(0.00%) |   2092    2059    2114   2100 |    0.20        0.00
PUT      /api/events/{id} [PUT]                                                             4   4(100.00%) |     15      12      20     13 |    0.20        0.20
GET      /api/notifications/count                                                           1     0(0.00%) |   2121    2121    2121   2121 |    0.10        0.00
GET      /api/notifications/pending                                                         1     0(0.00%) |   2121    2121    2121   2121 |    0.10        0.00
POST     /api/upload/image [POST]                                                           1   1(100.00%) |    119     119     119    119 |    0.10        0.10
GET      [warmup] cookie check                                                              1     0(0.00%) |   2137    2137    2137   2137 |    0.00        0.00
--------|----------------------------------------------------------------------------|-------|-------------|-------|-------|-------|-------|--------|-----------
         Aggregated                                                                        15    5(33.33%) |    859      10    2137     22 |    0.90        0.30

Type     Name                                                                          # reqs      # fails |    Avg     Min     Max    Med |   req/s  failures/s
--------|----------------------------------------------------------------------------|-------|-------------|-------|-------|-------|-------|--------|-----------
POST     /api/events [POST]                                                                 4     0(0.00%) |     14      10      22     12 |    0.30        0.00
DELETE   /api/events/{id} [DELETE]                                                          4     0(0.00%) |   2089    2059    2114   2100 |    0.20        0.00
PUT      /api/events/{id} [PUT]                                                             4   4(100.00%) |     15      12      20     13 |    0.30        0.30
GET      /api/kanban                                                                        1     0(0.00%) |      8       8       8      8 |    0.00        0.00
GET      /api/notifications/count                                                           1     0(0.00%) |   2121    2121    2121   2121 |    0.00        0.00
GET      /api/notifications/pending                                                         1     0(0.00%) |   2121    2121    2121   2121 |    0.00        0.00
POST     /api/upload/image [POST]                                                           1   1(100.00%) |    119     119     119    119 |    0.10        0.10
GET      [warmup] cookie check                                                              1     0(0.00%) |   2137    2137    2137   2137 |    0.00        0.00
--------|----------------------------------------------------------------------------|-------|-------------|-------|-------|-------|-------|--------|-----------
         Aggregated                                                                        17    5(29.41%) |    881       8    2137     22 |    0.90        0.40

Type     Name                                                                          # reqs      # fails |    Avg     Min     Max    Med |   req/s  failures/s
--------|----------------------------------------------------------------------------|-------|-------------|-------|-------|-------|-------|--------|-----------
POST     /api/events [POST]                                                                 4     0(0.00%) |     14      10      22     12 |    0.30        0.00
DELETE   /api/events/{id} [DELETE]                                                          4     0(0.00%) |   2089    2059    2114   2100 |    0.20        0.00
PUT      /api/events/{id} [PUT]                                                             4   4(100.00%) |     15      12      20     13 |    0.30        0.30
GET      /api/kanban                                                                        2     0(0.00%) |      8       8       9      8 |    0.00        0.00
GET      /api/notifications/count                                                           1     0(0.00%) |   2121    2121    2121   2121 |    0.00        0.00
GET      /api/notifications/pending                                                         1     0(0.00%) |   2121    2121    2121   2121 |    0.00        0.00
POST     /api/upload/image [POST]                                                           2   2(100.00%) |     64       9     119     10 |    0.10        0.10
GET      [warmup] cookie check                                                              1     0(0.00%) |   2137    2137    2137   2137 |    0.00        0.00
--------|----------------------------------------------------------------------------|-------|-------------|-------|-------|-------|-------|--------|-----------
         Aggregated                                                                        19    6(31.58%) |    789       8    2137     20 |    0.90        0.40

Type     Name                                                                          # reqs      # fails |    Avg     Min     Max    Med |   req/s  failures/s
--------|----------------------------------------------------------------------------|-------|-------------|-------|-------|-------|-------|--------|-----------
POST     /api/events [POST]                                                                 5     0(0.00%) |     13      10      22     12 |    0.30        0.00
DELETE   /api/events/{id} [DELETE]                                                          4     0(0.00%) |   2089    2059    2114   2100 |    0.30        0.00
PUT      /api/events/{id} [PUT]                                                             5   5(100.00%) |     14      11      20     13 |    0.30        0.30
GET      /api/kanban                                                                        2     0(0.00%) |      8       8       9      8 |    0.20        0.00
GET      /api/notifications/count                                                           1     0(0.00%) |   2121    2121    2121   2121 |    0.00        0.00
GET      /api/notifications/pending                                                         1     0(0.00%) |   2121    2121    2121   2121 |    0.00        0.00
POST     /api/upload/image [POST]                                                           2   2(100.00%) |     64       9     119     10 |    0.00        0.00
GET      [warmup] cookie check                                                              1     0(0.00%) |   2137    2137    2137   2137 |    0.00        0.00
--------|----------------------------------------------------------------------------|-------|-------------|-------|-------|-------|-------|--------|-----------
         Aggregated                                                                        21    7(33.33%) |    715       8    2137     15 |    1.10        0.30

Type     Name                                                                          # reqs      # fails |    Avg     Min     Max    Med |   req/s  failures/s
--------|----------------------------------------------------------------------------|-------|-------------|-------|-------|-------|-------|--------|-----------
POST     /api/events [POST]                                                                 5     0(0.00%) |     13      10      22     12 |    0.30        0.00
DELETE   /api/events/{id} [DELETE]                                                          5     0(0.00%) |   2086    2059    2114   2100 |    0.20        0.00
PUT      /api/events/{id} [PUT]                                                             5   5(100.00%) |     14      11      20     13 |    0.30        0.30
GET      /api/kanban                                                                        2     0(0.00%) |      8       8       9      8 |    0.20        0.00
GET      /api/notifications/count                                                           1     0(0.00%) |   2121    2121    2121   2121 |    0.00        0.00
GET      /api/notifications/pending                                                         1     0(0.00%) |   2121    2121    2121   2121 |    0.00        0.00
POST     /api/upload/image [POST]                                                           2   2(100.00%) |     64       9     119     10 |    0.10        0.10
GET      /project-manage                                                                    1     0(0.00%) |     13      13      13     13 |    0.00        0.00
GET      [warmup] cookie check                                                              1     0(0.00%) |   2137    2137    2137   2137 |    0.00        0.00
--------|----------------------------------------------------------------------------|-------|-------------|-------|-------|-------|-------|--------|-----------
         Aggregated                                                                        23    7(30.43%) |    744       8    2137     15 |    1.10        0.40

Type     Name                                                                          # reqs      # fails |    Avg     Min     Max    Med |   req/s  failures/s
--------|----------------------------------------------------------------------------|-------|-------------|-------|-------|-------|-------|--------|-----------
POST     /api/events [POST]                                                                 5     0(0.00%) |     13      10      22     12 |    0.20        0.00
DELETE   /api/events/{id} [DELETE]                                                          5     0(0.00%) |   2086    2059    2114   2100 |    0.30        0.00
PUT      /api/events/{id} [PUT]                                                             5   5(100.00%) |     14      11      20     13 |    0.20        0.20
GET      /api/kanban                                                                        2     0(0.00%) |      8       8       9      8 |    0.20        0.00
GET      /api/notifications/count                                                           1     0(0.00%) |   2121    2121    2121   2121 |    0.00        0.00
GET      /api/notifications/pending                                                         1     0(0.00%) |   2121    2121    2121   2121 |    0.00        0.00
POST     /api/upload/image [POST]                                                           2   2(100.00%) |     64       9     119     10 |    0.10        0.10
GET      /project-manage                                                                    2     0(0.00%) |     31      13      50     13 |    0.00        0.00
GET      [warmup] cookie check                                                              1     0(0.00%) |   2137    2137    2137   2137 |    0.00        0.00
--------|----------------------------------------------------------------------------|-------|-------------|-------|-------|-------|-------|--------|-----------
         Aggregated                                                                        24    7(29.17%) |    715       8    2137     15 |    1.00        0.30

Type     Name                                                                          # reqs      # fails |    Avg     Min     Max    Med |   req/s  failures/s
--------|----------------------------------------------------------------------------|-------|-------------|-------|-------|-------|-------|--------|-----------
POST     /api/events [POST]                                                                 5     0(0.00%) |     13      10      22     12 |    0.20        0.00
DELETE   /api/events/{id} [DELETE]                                                          5     0(0.00%) |   2086    2059    2114   2100 |    0.20        0.00
PUT      /api/events/{id} [PUT]                                                             5   5(100.00%) |     14      11      20     13 |    0.20        0.20
GET      /api/kanban                                                                        2     0(0.00%) |      8       8       9      8 |    0.20        0.00
GET      /api/notifications/count                                                           1     0(0.00%) |   2121    2121    2121   2121 |    0.00        0.00
GET      /api/notifications/pending                                                         1     0(0.00%) |   2121    2121    2121   2121 |    0.00        0.00
POST     /api/upload/image [POST]                                                           2   2(100.00%) |     64       9     119     10 |    0.10        0.10
GET      /check                                                                             1     0(0.00%) |     17      17      17     17 |    0.00        0.00
GET      /project-manage                                                                    2     0(0.00%) |     31      13      50     13 |    0.10        0.00
GET      [warmup] cookie check                                                              1     0(0.00%) |   2137    2137    2137   2137 |    0.00        0.00
--------|----------------------------------------------------------------------------|-------|-------------|-------|-------|-------|-------|--------|-----------
         Aggregated                                                                        25    7(28.00%) |    687       8    2137     18 |    1.00        0.30

Type     Name                                                                          # reqs      # fails |    Avg     Min     Max    Med |   req/s  failures/s
--------|----------------------------------------------------------------------------|-------|-------------|-------|-------|-------|-------|--------|-----------
GET      /                                                                                  1     0(0.00%) |     19      19      19     19 |    0.00        0.00
POST     /api/events [POST]                                                                 5     0(0.00%) |     13      10      22     12 |    0.10        0.00
DELETE   /api/events/{id} [DELETE]                                                          5     0(0.00%) |   2086    2059    2114   2100 |    0.10        0.00
PUT      /api/events/{id} [PUT]                                                             5   5(100.00%) |     14      11      20     13 |    0.10        0.10
GET      /api/kanban                                                                        2     0(0.00%) |      8       8       9      8 |    0.20        0.00
GET      /api/notifications/count                                                           1     0(0.00%) |   2121    2121    2121   2121 |    0.00        0.00
GET      /api/notifications/pending                                                         1     0(0.00%) |   2121    2121    2121   2121 |    0.00        0.00
POST     /api/upload/image [POST]                                                           2   2(100.00%) |     64       9     119     10 |    0.10        0.10
GET      /check                                                                             1     0(0.00%) |     17      17      17     17 |    0.10        0.00
GET      /project-manage                                                                    2     0(0.00%) |     31      13      50     13 |    0.20        0.00
GET      /trash                                                                             1     0(0.00%) |     15      15      15     15 |    0.00        0.00
GET      [warmup] cookie check                                                              1     0(0.00%) |   2137    2137    2137   2137 |    0.00        0.00
--------|----------------------------------------------------------------------------|-------|-------------|-------|-------|-------|-------|--------|-----------
         Aggregated                                                                        27    7(25.93%) |    637       8    2137     18 |    0.90        0.20

Type     Name                                                                          # reqs      # fails |    Avg     Min     Max    Med |   req/s  failures/s
--------|----------------------------------------------------------------------------|-------|-------------|-------|-------|-------|-------|--------|-----------
GET      /                                                                                  1     0(0.00%) |     19      19      19     19 |    0.00        0.00
POST     /api/events [POST]                                                                 6     0(0.00%) |     17      10      33     12 |    0.10        0.00
DELETE   /api/events/{id} [DELETE]                                                          5     0(0.00%) |   2086    2059    2114   2100 |    0.10        0.00
PUT      /api/events/{id} [PUT]                                                             6   6(100.00%) |     16      11      24     13 |    0.10        0.10
GET      /api/kanban                                                                        2     0(0.00%) |      8       8       9      8 |    0.00        0.00
GET      /api/notifications/count                                                           1     0(0.00%) |   2121    2121    2121   2121 |    0.00        0.00
GET      /api/notifications/pending                                                         1     0(0.00%) |   2121    2121    2121   2121 |    0.00        0.00
POST     /api/upload/image [POST]                                                           2   2(100.00%) |     64       9     119     10 |    0.10        0.10
GET      /check                                                                             1     0(0.00%) |     17      17      17     17 |    0.10        0.00
GET      /project-manage                                                                    2     0(0.00%) |     31      13      50     13 |    0.20        0.00
GET      /trash                                                                             1     0(0.00%) |     15      15      15     15 |    0.00        0.00
GET      [warmup] cookie check                                                              1     0(0.00%) |   2137    2137    2137   2137 |    0.00        0.00
--------|----------------------------------------------------------------------------|-------|-------------|-------|-------|-------|-------|--------|-----------
         Aggregated                                                                        29    8(27.59%) |    595       8    2137     20 |    0.70        0.20

Type     Name                                                                          # reqs      # fails |    Avg     Min     Max    Med |   req/s  failures/s
--------|----------------------------------------------------------------------------|-------|-------------|-------|-------|-------|-------|--------|-----------
GET      /                                                                                  1     0(0.00%) |     19      19      19     19 |    0.10        0.00
POST     /api/events [POST]                                                                 6     0(0.00%) |     17      10      33     12 |    0.10        0.00
DELETE   /api/events/{id} [DELETE]                                                          6     0(0.00%) |   2085    2059    2114   2100 |    0.10        0.00
PUT      /api/events/{id} [PUT]                                                             6   6(100.00%) |     16      11      24     13 |    0.10        0.10
GET      /api/kanban                                                                        2     0(0.00%) |      8       8       9      8 |    0.00        0.00
GET      /api/notifications/count                                                           1     0(0.00%) |   2121    2121    2121   2121 |    0.00        0.00
GET      /api/notifications/pending                                                         1     0(0.00%) |   2121    2121    2121   2121 |    0.00        0.00
POST     /api/upload/image [POST]                                                           2   2(100.00%) |     64       9     119     10 |    0.00        0.00
GET      /check                                                                             1     0(0.00%) |     17      17      17     17 |    0.10        0.00
GET      /project-manage                                                                    2     0(0.00%) |     31      13      50     13 |    0.20        0.00
GET      /trash                                                                             1     0(0.00%) |     15      15      15     15 |    0.10        0.00
GET      [warmup] cookie check                                                              1     0(0.00%) |   2137    2137    2137   2137 |    0.00        0.00
--------|----------------------------------------------------------------------------|-------|-------------|-------|-------|-------|-------|--------|-----------
         Aggregated                                                                        30    8(26.67%) |    645       8    2137     20 |    0.80        0.10

Type     Name                                                                          # reqs      # fails |    Avg     Min     Max    Med |   req/s  failures/s
--------|----------------------------------------------------------------------------|-------|-------------|-------|-------|-------|-------|--------|-----------
GET      /                                                                                  1     0(0.00%) |     19      19      19     19 |    0.10        0.00
GET      /api/events                                                                        1     0(0.00%) |     25      25      25     25 |    0.00        0.00
POST     /api/events [POST]                                                                 6     0(0.00%) |     17      10      33     12 |    0.10        0.00
DELETE   /api/events/{id} [DELETE]                                                          6     0(0.00%) |   2085    2059    2114   2100 |    0.10        0.00
PUT      /api/events/{id} [PUT]                                                             6   6(100.00%) |     16      11      24     13 |    0.10        0.10
GET      /api/kanban                                                                        2     0(0.00%) |      8       8       9      8 |    0.00        0.00
GET      /api/notifications/count                                                           1     0(0.00%) |   2121    2121    2121   2121 |    0.00        0.00
GET      /api/notifications/pending                                                         1     0(0.00%) |   2121    2121    2121   2121 |    0.00        0.00
POST     /api/upload/image [POST]                                                           2   2(100.00%) |     64       9     119     10 |    0.00        0.00
GET      /check                                                                             2     0(0.00%) |     18      17      18     18 |    0.10        0.00
GET      /project-manage                                                                    2     0(0.00%) |     31      13      50     13 |    0.20        0.00
GET      /trash                                                                             1     0(0.00%) |     15      15      15     15 |    0.10        0.00
GET      [warmup] cookie check                                                              1     0(0.00%) |   2137    2137    2137   2137 |    0.00        0.00
--------|----------------------------------------------------------------------------|-------|-------------|-------|-------|-------|-------|--------|-----------
         Aggregated                                                                        32    8(25.00%) |    606       8    2137     20 |    0.80        0.10

Type     Name                                                                          # reqs      # fails |    Avg     Min     Max    Med |   req/s  failures/s
--------|----------------------------------------------------------------------------|-------|-------------|-------|-------|-------|-------|--------|-----------
GET      /                                                                                  1     0(0.00%) |     19      19      19     19 |    0.10        0.00
GET      /api/events                                                                        1     0(0.00%) |     25      25      25     25 |    0.00        0.00
POST     /api/events [POST]                                                                 7     0(0.00%) |     17      10      33     14 |    0.10        0.00
DELETE   /api/events/{id} [DELETE]                                                          6     0(0.00%) |   2085    2059    2114   2100 |    0.10        0.00
PUT      /api/events/{id} [PUT]                                                             7   7(100.00%) |     16      11      24     15 |    0.10        0.10
GET      /api/kanban                                                                        2     0(0.00%) |      8       8       9      8 |    0.00        0.00
GET      /api/notifications/count                                                           1     0(0.00%) |   2121    2121    2121   2121 |    0.00        0.00
GET      /api/notifications/pending                                                         1     0(0.00%) |   2121    2121    2121   2121 |    0.00        0.00
POST     /api/upload/image [POST]                                                           2   2(100.00%) |     64       9     119     10 |    0.00        0.00
GET      /check                                                                             2     0(0.00%) |     18      17      18     18 |    0.10        0.00
GET      /project-manage                                                                    2     0(0.00%) |     31      13      50     13 |    0.10        0.00
GET      /trash                                                                             1     0(0.00%) |     15      15      15     15 |    0.10        0.00
GET      [warmup] cookie check                                                              1     0(0.00%) |   2137    2137    2137   2137 |    0.00        0.00
--------|----------------------------------------------------------------------------|-------|-------------|-------|-------|-------|-------|--------|-----------
         Aggregated                                                                        34    9(26.47%) |    571       8    2137     19 |    0.70        0.10

Type     Name                                                                          # reqs      # fails |    Avg     Min     Max    Med |   req/s  failures/s
--------|----------------------------------------------------------------------------|-------|-------------|-------|-------|-------|-------|--------|-----------
GET      /                                                                                  1     0(0.00%) |     19      19      19     19 |    0.10        0.00
GET      /api/events                                                                        1     0(0.00%) |     25      25      25     25 |    0.10        0.00
POST     /api/events [POST]                                                                 8     0(0.00%) |     16      10      33     12 |    0.20        0.00
DELETE   /api/events/{id} [DELETE]                                                          7     0(0.00%) |   2089    2059    2114   2100 |    0.10        0.00
PUT      /api/events/{id} [PUT]                                                             8   8(100.00%) |     15      11      24     13 |    0.20        0.20
GET      /api/kanban                                                                        2     0(0.00%) |      8       8       9      8 |    0.00        0.00
GET      /api/notifications/count                                                           1     0(0.00%) |   2121    2121    2121   2121 |    0.00        0.00
GET      /api/notifications/pending                                                         1     0(0.00%) |   2121    2121    2121   2121 |    0.00        0.00
POST     /api/upload/image [POST]                                                           2   2(100.00%) |     64       9     119     10 |    0.00        0.00
GET      /check                                                                             2     0(0.00%) |     18      17      18     18 |    0.10        0.00
GET      /project-manage                                                                    2     0(0.00%) |     31      13      50     13 |    0.00        0.00
GET      /trash                                                                             1     0(0.00%) |     15      15      15     15 |    0.10        0.00
GET      [warmup] cookie check                                                              1     0(0.00%) |   2137    2137    2137   2137 |    0.00        0.00
--------|----------------------------------------------------------------------------|-------|-------------|-------|-------|-------|-------|--------|-----------
         Aggregated                                                                        37   10(27.03%) |    583       8    2137     19 |    0.90        0.20

Type     Name                                                                          # reqs      # fails |    Avg     Min     Max    Med |   req/s  failures/s
--------|----------------------------------------------------------------------------|-------|-------------|-------|-------|-------|-------|--------|-----------
GET      /                                                                                  1     0(0.00%) |     19      19      19     19 |    0.00        0.00
GET      /api/events                                                                        1     0(0.00%) |     25      25      25     25 |    0.10        0.00
POST     /api/events [POST]                                                                 8     0(0.00%) |     16      10      33     12 |    0.20        0.00
DELETE   /api/events/{id} [DELETE]                                                          8     0(0.00%) |   2089    2059    2114   2100 |    0.20        0.00
PUT      /api/events/{id} [PUT]                                                             8   8(100.00%) |     15      11      24     13 |    0.20        0.20
GET      /api/kanban                                                                        2     0(0.00%) |      8       8       9      8 |    0.00        0.00
GET      /api/notifications/count                                                           1     0(0.00%) |   2121    2121    2121   2121 |    0.00        0.00
GET      /api/notifications/pending                                                         1     0(0.00%) |   2121    2121    2121   2121 |    0.00        0.00
POST     /api/upload/image [POST]                                                           2   2(100.00%) |     64       9     119     10 |    0.00        0.00
GET      /check                                                                             2     0(0.00%) |     18      17      18     18 |    0.10        0.00
GET      /project-manage                                                                    2     0(0.00%) |     31      13      50     13 |    0.00        0.00
GET      /trash                                                                             1     0(0.00%) |     15      15      15     15 |    0.10        0.00
GET      [warmup] cookie check                                                              1     0(0.00%) |   2137    2137    2137   2137 |    0.00        0.00
--------|----------------------------------------------------------------------------|-------|-------------|-------|-------|-------|-------|--------|-----------
         Aggregated                                                                        38   10(26.32%) |    622       8    2137     19 |    0.90        0.20

Type     Name                                                                          # reqs      # fails |    Avg     Min     Max    Med |   req/s  failures/s
--------|----------------------------------------------------------------------------|-------|-------------|-------|-------|-------|-------|--------|-----------
GET      /                                                                                  1     0(0.00%) |     19      19      19     19 |    0.00        0.00
GET      /api/events                                                                        2     0(0.00%) |     21      17      25     18 |    0.10        0.00
POST     /api/events [POST]                                                                 8     0(0.00%) |     16      10      33     12 |    0.20        0.00
DELETE   /api/events/{id} [DELETE]                                                          8     0(0.00%) |   2089    2059    2114   2100 |    0.20        0.00
PUT      /api/events/{id} [PUT]                                                             8   8(100.00%) |     15      11      24     13 |    0.20        0.20
GET      /api/kanban                                                                        2     0(0.00%) |      8       8       9      8 |    0.00        0.00
GET      /api/notifications/count                                                           1     0(0.00%) |   2121    2121    2121   2121 |    0.00        0.00
GET      /api/notifications/pending                                                         1     0(0.00%) |   2121    2121    2121   2121 |    0.00        0.00
POST     /api/upload/image [POST]                                                           2   2(100.00%) |     64       9     119     10 |    0.00        0.00
GET      /check                                                                             2     0(0.00%) |     18      17      18     18 |    0.10        0.00
GET      /project-manage                                                                    2     0(0.00%) |     31      13      50     13 |    0.00        0.00
GET      /trash                                                                             2     0(0.00%) |     13      11      15     11 |    0.00        0.00
GET      [warmup] cookie check                                                              1     0(0.00%) |   2137    2137    2137   2137 |    0.00        0.00
--------|----------------------------------------------------------------------------|-------|-------------|-------|-------|-------|-------|--------|-----------
         Aggregated                                                                        40   10(25.00%) |    592       8    2137     18 |    0.80        0.20

Type     Name                                                                          # reqs      # fails |    Avg     Min     Max    Med |   req/s  failures/s
--------|----------------------------------------------------------------------------|-------|-------------|-------|-------|-------|-------|--------|-----------
GET      /                                                                                  1     0(0.00%) |     19      19      19     19 |    0.00        0.00
GET      /api/events                                                                        2     0(0.00%) |     21      17      25     18 |    0.10        0.00
POST     /api/events [POST]                                                                 9     0(0.00%) |     18      10      33     14 |    0.20        0.00
DELETE   /api/events/{id} [DELETE]                                                          8     0(0.00%) |   2089    2059    2114   2100 |    0.30        0.00
PUT      /api/events/{id} [PUT]                                                             9   9(100.00%) |     15      11      24     13 |    0.20        0.20
GET      /api/kanban                                                                        2     0(0.00%) |      8       8       9      8 |    0.00        0.00
GET      /api/notifications/count                                                           1     0(0.00%) |   2121    2121    2121   2121 |    0.00        0.00
GET      /api/notifications/pending                                                         1     0(0.00%) |   2121    2121    2121   2121 |    0.00        0.00
POST     /api/upload/image [POST]                                                           2   2(100.00%) |     64       9     119     10 |    0.00        0.00
GET      /check                                                                             2     0(0.00%) |     18      17      18     18 |    0.10        0.00
GET      /project-manage                                                                    2     0(0.00%) |     31      13      50     13 |    0.00        0.00
GET      /trash                                                                             2     0(0.00%) |     13      11      15     11 |    0.00        0.00
GET      [warmup] cookie check                                                              1     0(0.00%) |   2137    2137    2137   2137 |    0.00        0.00
--------|----------------------------------------------------------------------------|-------|-------------|-------|-------|-------|-------|--------|-----------
         Aggregated                                                                        42   11(26.19%) |    565       8    2137     18 |    0.90        0.20

Type     Name                                                                          # reqs      # fails |    Avg     Min     Max    Med |   req/s  failures/s
--------|----------------------------------------------------------------------------|-------|-------------|-------|-------|-------|-------|--------|-----------
GET      /                                                                                  1     0(0.00%) |     19      19      19     19 |    0.00        0.00
GET      /api/events                                                                        2     0(0.00%) |     21      17      25     18 |    0.20        0.00
POST     /api/events [POST]                                                                 9     0(0.00%) |     18      10      33     14 |    0.20        0.00
DELETE   /api/events/{id} [DELETE]                                                          9     0(0.00%) |   2092    2059    2114   2100 |    0.20        0.00
PUT      /api/events/{id} [PUT]                                                             9   9(100.00%) |     15      11      24     13 |    0.20        0.20
GET      /api/kanban                                                                        2     0(0.00%) |      8       8       9      8 |    0.00        0.00
GET      /api/notifications/count                                                           1     0(0.00%) |   2121    2121    2121   2121 |    0.00        0.00
GET      /api/notifications/pending                                                         1     0(0.00%) |   2121    2121    2121   2121 |    0.00        0.00
POST     /api/upload/image [POST]                                                           2   2(100.00%) |     64       9     119     10 |    0.00        0.00
GET      /check                                                                             2     0(0.00%) |     18      17      18     18 |    0.10        0.00
GET      /project-manage                                                                    2     0(0.00%) |     31      13      50     13 |    0.00        0.00
GET      /trash                                                                             2     0(0.00%) |     13      11      15     11 |    0.10        0.00
GET      [warmup] cookie check                                                              1     0(0.00%) |   2137    2137    2137   2137 |    0.00        0.00
--------|----------------------------------------------------------------------------|-------|-------------|-------|-------|-------|-------|--------|-----------
         Aggregated                                                                        43   11(25.58%) |    601       8    2137     19 |    1.00        0.20

Type     Name                                                                          # reqs      # fails |    Avg     Min     Max    Med |   req/s  failures/s
--------|----------------------------------------------------------------------------|-------|-------------|-------|-------|-------|-------|--------|-----------
GET      /                                                                                  1     0(0.00%) |     19      19      19     19 |    0.00        0.00
GET      /api/events                                                                        2     0(0.00%) |     21      17      25     18 |    0.10        0.00
POST     /api/events [POST]                                                                10     0(0.00%) |     17       9      33     12 |    0.30        0.00
DELETE   /api/events/{id} [DELETE]                                                          9     0(0.00%) |   2092    2059    2114   2100 |    0.20        0.00
PUT      /api/events/{id} [PUT]                                                            10  10(100.00%) |     15      11      24     13 |    0.30        0.30
GET      /api/kanban                                                                        2     0(0.00%) |      8       8       9      8 |    0.00        0.00
GET      /api/notifications/count                                                           1     0(0.00%) |   2121    2121    2121   2121 |    0.00        0.00
GET      /api/notifications/pending                                                         1     0(0.00%) |   2121    2121    2121   2121 |    0.00        0.00
POST     /api/upload/image [POST]                                                           2   2(100.00%) |     64       9     119     10 |    0.00        0.00
GET      /check                                                                             2     0(0.00%) |     18      17      18     18 |    0.00        0.00
GET      /project-manage                                                                    2     0(0.00%) |     31      13      50     13 |    0.00        0.00
GET      /trash                                                                             2     0(0.00%) |     13      11      15     11 |    0.10        0.00
GET      [warmup] cookie check                                                              1     0(0.00%) |   2137    2137    2137   2137 |    0.00        0.00
--------|----------------------------------------------------------------------------|-------|-------------|-------|-------|-------|-------|--------|-----------
         Aggregated                                                                        45   12(26.67%) |    574       8    2137     18 |    1.00        0.30

Type     Name                                                                          # reqs      # fails |    Avg     Min     Max    Med |   req/s  failures/s
--------|----------------------------------------------------------------------------|-------|-------------|-------|-------|-------|-------|--------|-----------
GET      /                                                                                  1     0(0.00%) |     19      19      19     19 |    0.00        0.00
GET      /api/events                                                                        2     0(0.00%) |     21      17      25     18 |    0.10        0.00
POST     /api/events [POST]                                                                11     0(0.00%) |     16       9      33     12 |    0.30        0.00
DELETE   /api/events/{id} [DELETE]                                                         10     0(0.00%) |   2089    2059    2114   2100 |    0.20        0.00
PUT      /api/events/{id} [PUT]                                                            11  11(100.00%) |     14      11      24     13 |    0.30        0.30
GET      /api/kanban                                                                        2     0(0.00%) |      8       8       9      8 |    0.00        0.00
GET      /api/notifications/count                                                           1     0(0.00%) |   2121    2121    2121   2121 |    0.00        0.00
GET      /api/notifications/pending                                                         1     0(0.00%) |   2121    2121    2121   2121 |    0.00        0.00
POST     /api/upload/image [POST]                                                           2   2(100.00%) |     64       9     119     10 |    0.00        0.00
GET      /check                                                                             2     0(0.00%) |     18      17      18     18 |    0.00        0.00
GET      /project-manage                                                                    2     0(0.00%) |     31      13      50     13 |    0.00        0.00
GET      /trash                                                                             2     0(0.00%) |     13      11      15     11 |    0.10        0.00
GET      [warmup] cookie check                                                              1     0(0.00%) |   2137    2137    2137   2137 |    0.00        0.00
--------|----------------------------------------------------------------------------|-------|-------------|-------|-------|-------|-------|--------|-----------
         Aggregated                                                                        48   13(27.08%) |    582       8    2137     18 |    1.00        0.30

Type     Name                                                                          # reqs      # fails |    Avg     Min     Max    Med |   req/s  failures/s
--------|----------------------------------------------------------------------------|-------|-------------|-------|-------|-------|-------|--------|-----------
GET      /                                                                                  1     0(0.00%) |     19      19      19     19 |    0.00        0.00
GET      /api/events                                                                        2     0(0.00%) |     21      17      25     18 |    0.10        0.00
POST     /api/events [POST]                                                                11     0(0.00%) |     16       9      33     12 |    0.20        0.00
DELETE   /api/events/{id} [DELETE]                                                         11     0(0.00%) |   2086    2058    2114   2100 |    0.30        0.00
PUT      /api/events/{id} [PUT]                                                            11  11(100.00%) |     14      11      24     13 |    0.20        0.20
GET      /api/kanban                                                                        2     0(0.00%) |      8       8       9      8 |    0.00        0.00
GET      /api/notifications/count                                                           1     0(0.00%) |   2121    2121    2121   2121 |    0.00        0.00
GET      /api/notifications/pending                                                         1     0(0.00%) |   2121    2121    2121   2121 |    0.00        0.00
POST     /api/upload/image [POST]                                                           2   2(100.00%) |     64       9     119     10 |    0.00        0.00
GET      /check                                                                             2     0(0.00%) |     18      17      18     18 |    0.00        0.00
GET      /project-manage                                                                    2     0(0.00%) |     31      13      50     13 |    0.00        0.00
GET      /trash                                                                             2     0(0.00%) |     13      11      15     11 |    0.10        0.00
GET      [warmup] cookie check                                                              1     0(0.00%) |   2137    2137    2137   2137 |    0.00        0.00
--------|----------------------------------------------------------------------------|-------|-------------|-------|-------|-------|-------|--------|-----------
         Aggregated                                                                        49   13(26.53%) |    612       8    2137     18 |    0.90        0.20

Type     Name                                                                          # reqs      # fails |    Avg     Min     Max    Med |   req/s  failures/s
--------|----------------------------------------------------------------------------|-------|-------------|-------|-------|-------|-------|--------|-----------
GET      /                                                                                  1     0(0.00%) |     19      19      19     19 |    0.00        0.00
GET      /api/events                                                                        2     0(0.00%) |     21      17      25     18 |    0.10        0.00
POST     /api/events [POST]                                                                12     0(0.00%) |     16       9      33     12 |    0.30        0.00
DELETE   /api/events/{id} [DELETE]                                                         11     0(0.00%) |   2086    2058    2114   2100 |    0.20        0.00
PUT      /api/events/{id} [PUT]                                                            12  12(100.00%) |     15      11      24     13 |    0.30        0.30
GET      /api/kanban                                                                        2     0(0.00%) |      8       8       9      8 |    0.00        0.00
GET      /api/notifications/count                                                           1     0(0.00%) |   2121    2121    2121   2121 |    0.00        0.00
GET      /api/notifications/pending                                                         1     0(0.00%) |   2121    2121    2121   2121 |    0.00        0.00
POST     /api/upload/image [POST]                                                           2   2(100.00%) |     64       9     119     10 |    0.00        0.00
GET      /check                                                                             2     0(0.00%) |     18      17      18     18 |    0.00        0.00
GET      /project-manage                                                                    2     0(0.00%) |     31      13      50     13 |    0.00        0.00
GET      /trash                                                                             2     0(0.00%) |     13      11      15     11 |    0.00        0.00
GET      [warmup] cookie check                                                              1     0(0.00%) |   2137    2137    2137   2137 |    0.00        0.00
--------|----------------------------------------------------------------------------|-------|-------------|-------|-------|-------|-------|--------|-----------
         Aggregated                                                                        51   14(27.45%) |    589       8    2137     18 |    0.90        0.30

Type     Name                                                                          # reqs      # fails |    Avg     Min     Max    Med |   req/s  failures/s
--------|----------------------------------------------------------------------------|-------|-------------|-------|-------|-------|-------|--------|-----------
GET      /                                                                                  1     0(0.00%) |     19      19      19     19 |    0.00        0.00
GET      /api/events                                                                        2     0(0.00%) |     21      17      25     18 |    0.00        0.00
POST     /api/events [POST]                                                                12     0(0.00%) |     16       9      33     12 |    0.20        0.00
DELETE   /api/events/{id} [DELETE]                                                         12     0(0.00%) |   2086    2058    2114   2100 |    0.30        0.00
PUT      /api/events/{id} [PUT]                                                            12  12(100.00%) |     15      11      24     13 |    0.20        0.20
GET      /api/kanban                                                                        2     0(0.00%) |      8       8       9      8 |    0.00        0.00
GET      /api/notifications/count                                                           1     0(0.00%) |   2121    2121    2121   2121 |    0.00        0.00
GET      /api/notifications/pending                                                         1     0(0.00%) |   2121    2121    2121   2121 |    0.00        0.00
POST     /api/upload/image [POST]                                                           2   2(100.00%) |     64       9     119     10 |    0.00        0.00
GET      /check                                                                             2     0(0.00%) |     18      17      18     18 |    0.00        0.00
GET      /project-manage                                                                    2     0(0.00%) |     31      13      50     13 |    0.00        0.00
GET      /trash                                                                             2     0(0.00%) |     13      11      15     11 |    0.00        0.00
GET      [warmup] cookie check                                                              1     0(0.00%) |   2137    2137    2137   2137 |    0.00        0.00
--------|----------------------------------------------------------------------------|-------|-------------|-------|-------|-------|-------|--------|-----------
         Aggregated                                                                        52   14(26.92%) |    618       8    2137     18 |    0.70        0.20

Type     Name                                                                          # reqs      # fails |    Avg     Min     Max    Med |   req/s  failures/s
--------|----------------------------------------------------------------------------|-------|-------------|-------|-------|-------|-------|--------|-----------
GET      /                                                                                  1     0(0.00%) |     19      19      19     19 |    0.02        0.00
GET      /api/events                                                                        2     0(0.00%) |     21      17      25     18 |    0.03        0.00
POST     /api/events [POST]                                                                13     0(0.00%) |     16       9      33     14 |    0.22        0.00
DELETE   /api/events/{id} [DELETE]                                                         12     0(0.00%) |   2086    2058    2114   2100 |    0.20        0.00
PUT      /api/events/{id} [PUT]                                                            13  13(100.00%) |     15      11      24     13 |    0.22        0.22
GET      /api/kanban                                                                        2     0(0.00%) |      8       8       9      8 |    0.03        0.00
GET      /api/notifications/count                                                           1     0(0.00%) |   2121    2121    2121   2121 |    0.02        0.00
GET      /api/notifications/pending                                                         1     0(0.00%) |   2121    2121    2121   2121 |    0.02        0.00
POST     /api/upload/image [POST]                                                           2   2(100.00%) |     64       9     119     10 |    0.03        0.03
GET      /check                                                                             2     0(0.00%) |     18      17      18     18 |    0.03        0.00
GET      /project-manage                                                                    3     0(0.00%) |     31      13      50     31 |    0.05        0.00
GET      /trash                                                                             2     0(0.00%) |     13      11      15     11 |    0.03        0.00
GET      [warmup] cookie check                                                              1     0(0.00%) |   2137    2137    2137   2137 |    0.02        0.00
--------|----------------------------------------------------------------------------|-------|-------------|-------|-------|-------|-------|--------|-----------
         Aggregated                                                                        55   15(27.27%) |    585       8    2137     18 |    0.93        0.25

Response time percentiles (approximated)
Type     Name                                                                                  50%    66%    75%    80%    90%    95%    98%    99%  99.9% 99.99%   100% # reqs
--------|--------------------------------------------------------------------------------|--------|------|------|------|------|------|------|------|------|------|------|------
GET      /                                                                                      20     20     20     20     20     20     20     20     20     20     20      1
GET      /api/events                                                                            25     25     25     25     25     25     25     25     25     25     25      2
POST     /api/events [POST]                                                                     14     15     18     22     31     34     34     34     34     34     34     13
DELETE   /api/events/{id} [DELETE]                                                            2100   2100   2100   2100   2100   2100   2100   2100   2100   2100   2100     12
PUT      /api/events/{id} [PUT]                                                                 13     15     18     19     20     25     25     25     25     25     25     13
GET      /api/kanban                                                                            10     10     10     10     10     10     10     10     10     10     10      2
GET      /api/notifications/count                                                             2100   2100   2100   2100   2100   2100   2100   2100   2100   2100   2100      1
GET      /api/notifications/pending                                                           2100   2100   2100   2100   2100   2100   2100   2100   2100   2100   2100      1
POST     /api/upload/image [POST]                                                              120    120    120    120    120    120    120    120    120    120    120      2
GET      /check                                                                                 18     18     18     18     18     18     18     18     18     18     18      2
GET      /project-manage                                                                        31     31     50     50     50     50     50     50     50     50     50      3
GET      /trash                                                                                 16     16     16     16     16     16     16     16     16     16     16      2
GET      [warmup] cookie check                                                                2100   2100   2100   2100   2100   2100   2100   2100   2100   2100   2100      1
--------|--------------------------------------------------------------------------------|--------|------|------|------|------|------|------|------|------|------|------|------
         Aggregated                                                                             18     31   2100   2100   2100   2100   2100   2100   2100   2100   2100     55

Error report
# occurrences      Error                                                                                               
------------------|---------------------------------------------------------------------------------------------------------------------------------------------
13                 PUT /api/events/{id} [PUT]: HTTPError('500 Server Error: Internal Server Error for url: /api/events/{id} [PUT]')
2                  POST /api/upload/image [POST]: HTTPError('400 Client Error: Bad Request for url: /api/upload/image [POST]')
------------------|---------------------------------------------------------------------------------------------------------------------------------------------

