Type     Name                                                                          # reqs      # fails |    Avg     Min     Max    Med |   req/s  failures/s
--------|----------------------------------------------------------------------------|-------|-------------|-------|-------|-------|-------|--------|-----------
--------|----------------------------------------------------------------------------|-------|-------------|-------|-------|-------|-------|--------|-----------
         Aggregated                                                                         0     0(0.00%) |      0       0       0      0 |    0.00        0.00

Type     Name                                                                          # reqs      # fails |    Avg     Min     Max    Med |   req/s  failures/s
--------|----------------------------------------------------------------------------|-------|-------------|-------|-------|-------|-------|--------|-----------
--------|----------------------------------------------------------------------------|-------|-------------|-------|-------|-------|-------|--------|-----------
         Aggregated                                                                         0     0(0.00%) |      0       0       0      0 |    0.00        0.00

Type     Name                                                                          # reqs      # fails |    Avg     Min     Max    Med |   req/s  failures/s
--------|----------------------------------------------------------------------------|-------|-------------|-------|-------|-------|-------|--------|-----------
GET      /check                                                                             1     0(0.00%) |     45      45      45     45 |    0.00        0.00
GET      [warmup] cookie check                                                              1     0(0.00%) |   2144    2144    2144   2144 |    0.00        0.00
--------|----------------------------------------------------------------------------|-------|-------------|-------|-------|-------|-------|--------|-----------
         Aggregated                                                                         2     0(0.00%) |   1095      45    2144     46 |    0.00        0.00

Type     Name                                                                          # reqs      # fails |    Avg     Min     Max    Med |   req/s  failures/s
--------|----------------------------------------------------------------------------|-------|-------------|-------|-------|-------|-------|--------|-----------
POST     /api/events [POST]                                                                 1     0(0.00%) |     22      22      22     22 |    0.00        0.00
PUT      /api/events/{id} [PUT]                                                             1   1(100.00%) |     19      19      19     19 |    0.00        0.00
GET      /api/notifications/count                                                           1     0(0.00%) |   2109    2109    2109   2109 |    0.00        0.00
GET      /api/notifications/pending                                                         1     0(0.00%) |   2099    2099    2099   2099 |    0.00        0.00
GET      /check                                                                             1     0(0.00%) |     45      45      45     45 |    0.00        0.00
GET      [warmup] cookie check                                                              1     0(0.00%) |   2144    2144    2144   2144 |    0.00        0.00
--------|----------------------------------------------------------------------------|-------|-------------|-------|-------|-------|-------|--------|-----------
         Aggregated                                                                         6    1(16.67%) |   1073      19    2144     46 |    0.00        0.00

Type     Name                                                                          # reqs      # fails |    Avg     Min     Max    Med |   req/s  failures/s
--------|----------------------------------------------------------------------------|-------|-------------|-------|-------|-------|-------|--------|-----------
POST     /api/events [POST]                                                                 1     0(0.00%) |     22      22      22     22 |    0.00        0.00
DELETE   /api/events/{id} [DELETE]                                                          1     0(0.00%) |   2100    2100    2100   2100 |    0.00        0.00
PUT      /api/events/{id} [PUT]                                                             1   1(100.00%) |     19      19      19     19 |    0.00        0.00
GET      /api/notifications/count                                                           1     0(0.00%) |   2109    2109    2109   2109 |    0.00        0.00
GET      /api/notifications/pending                                                         1     0(0.00%) |   2099    2099    2099   2099 |    0.00        0.00
GET      /check                                                                             1     0(0.00%) |     45      45      45     45 |    0.25        0.00
GET      [warmup] cookie check                                                              1     0(0.00%) |   2144    2144    2144   2144 |    0.25        0.00
--------|----------------------------------------------------------------------------|-------|-------------|-------|-------|-------|-------|--------|-----------
         Aggregated                                                                         7    1(14.29%) |   1220      19    2144   2100 |    0.50        0.00

Type     Name                                                                          # reqs      # fails |    Avg     Min     Max    Med |   req/s  failures/s
--------|----------------------------------------------------------------------------|-------|-------------|-------|-------|-------|-------|--------|-----------
POST     /api/events [POST]                                                                 1     0(0.00%) |     22      22      22     22 |    0.00        0.00
DELETE   /api/events/{id} [DELETE]                                                          1     0(0.00%) |   2100    2100    2100   2100 |    0.00        0.00
PUT      /api/events/{id} [PUT]                                                             1   1(100.00%) |     19      19      19     19 |    0.00        0.00
GET      /api/notifications/count                                                           1     0(0.00%) |   2109    2109    2109   2109 |    0.00        0.00
GET      /api/notifications/pending                                                         1     0(0.00%) |   2099    2099    2099   2099 |    0.00        0.00
GET      /check                                                                             1     0(0.00%) |     45      45      45     45 |    0.25        0.00
GET      [warmup] cookie check                                                              1     0(0.00%) |   2144    2144    2144   2144 |    0.25        0.00
--------|----------------------------------------------------------------------------|-------|-------------|-------|-------|-------|-------|--------|-----------
         Aggregated                                                                         7    1(14.29%) |   1220      19    2144   2100 |    0.50        0.00

Type     Name                                                                          # reqs      # fails |    Avg     Min     Max    Med |   req/s  failures/s
--------|----------------------------------------------------------------------------|-------|-------------|-------|-------|-------|-------|--------|-----------
POST     /api/events [POST]                                                                 1     0(0.00%) |     22      22      22     22 |    0.00        0.00
DELETE   /api/events/{id} [DELETE]                                                          1     0(0.00%) |   2100    2100    2100   2100 |    0.00        0.00
PUT      /api/events/{id} [PUT]                                                             1   1(100.00%) |     19      19      19     19 |    0.00        0.00
GET      /api/notifications/count                                                           1     0(0.00%) |   2109    2109    2109   2109 |    0.00        0.00
GET      /api/notifications/pending                                                         1     0(0.00%) |   2099    2099    2099   2099 |    0.00        0.00
GET      /check                                                                             1     0(0.00%) |     45      45      45     45 |    0.25        0.00
GET      [warmup] cookie check                                                              1     0(0.00%) |   2144    2144    2144   2144 |    0.25        0.00
--------|----------------------------------------------------------------------------|-------|-------------|-------|-------|-------|-------|--------|-----------
         Aggregated                                                                         7    1(14.29%) |   1220      19    2144   2100 |    0.50        0.00

Type     Name                                                                          # reqs      # fails |    Avg     Min     Max    Med |   req/s  failures/s
--------|----------------------------------------------------------------------------|-------|-------------|-------|-------|-------|-------|--------|-----------
POST     /api/events [POST]                                                                 1     0(0.00%) |     22      22      22     22 |    0.00        0.00
DELETE   /api/events/{id} [DELETE]                                                          1     0(0.00%) |   2100    2100    2100   2100 |    0.00        0.00
PUT      /api/events/{id} [PUT]                                                             1   1(100.00%) |     19      19      19     19 |    0.00        0.00
GET      /api/notifications/count                                                           1     0(0.00%) |   2109    2109    2109   2109 |    0.00        0.00
GET      /api/notifications/pending                                                         1     0(0.00%) |   2099    2099    2099   2099 |    0.00        0.00
GET      /check                                                                             1     0(0.00%) |     45      45      45     45 |    0.25        0.00
GET      [warmup] cookie check                                                              1     0(0.00%) |   2144    2144    2144   2144 |    0.25        0.00
--------|----------------------------------------------------------------------------|-------|-------------|-------|-------|-------|-------|--------|-----------
         Aggregated                                                                         7    1(14.29%) |   1220      19    2144   2100 |    0.50        0.00

Type     Name                                                                          # reqs      # fails |    Avg     Min     Max    Med |   req/s  failures/s
--------|----------------------------------------------------------------------------|-------|-------------|-------|-------|-------|-------|--------|-----------
POST     /api/events [POST]                                                                 1     0(0.00%) |     22      22      22     22 |    0.00        0.00
DELETE   /api/events/{id} [DELETE]                                                          1     0(0.00%) |   2100    2100    2100   2100 |    0.00        0.00
PUT      /api/events/{id} [PUT]                                                             1   1(100.00%) |     19      19      19     19 |    0.00        0.00
GET      /api/notifications/count                                                           1     0(0.00%) |   2109    2109    2109   2109 |    0.00        0.00
GET      /api/notifications/pending                                                         1     0(0.00%) |   2099    2099    2099   2099 |    0.00        0.00
GET      /check                                                                             1     0(0.00%) |     45      45      45     45 |    0.25        0.00
GET      [warmup] cookie check                                                              1     0(0.00%) |   2144    2144    2144   2144 |    0.25        0.00
--------|----------------------------------------------------------------------------|-------|-------------|-------|-------|-------|-------|--------|-----------
         Aggregated                                                                         7    1(14.29%) |   1220      19    2144   2100 |    0.50        0.00

Type     Name                                                                          # reqs      # fails |    Avg     Min     Max    Med |   req/s  failures/s
--------|----------------------------------------------------------------------------|-------|-------------|-------|-------|-------|-------|--------|-----------
POST     /api/events [POST]                                                                 1     0(0.00%) |     22      22      22     22 |    0.00        0.00
DELETE   /api/events/{id} [DELETE]                                                          1     0(0.00%) |   2100    2100    2100   2100 |    0.00        0.00
PUT      /api/events/{id} [PUT]                                                             1   1(100.00%) |     19      19      19     19 |    0.00        0.00
GET      /api/notifications/count                                                           1     0(0.00%) |   2109    2109    2109   2109 |    0.00        0.00
GET      /api/notifications/pending                                                         1     0(0.00%) |   2099    2099    2099   2099 |    0.00        0.00
GET      /check                                                                             1     0(0.00%) |     45      45      45     45 |    0.25        0.00
GET      [warmup] cookie check                                                              1     0(0.00%) |   2144    2144    2144   2144 |    0.25        0.00
--------|----------------------------------------------------------------------------|-------|-------------|-------|-------|-------|-------|--------|-----------
         Aggregated                                                                         7    1(14.29%) |   1220      19    2144   2100 |    0.50        0.00

Type     Name                                                                          # reqs      # fails |    Avg     Min     Max    Med |   req/s  failures/s
--------|----------------------------------------------------------------------------|-------|-------------|-------|-------|-------|-------|--------|-----------
POST     /api/events [POST]                                                                 1     0(0.00%) |     22      22      22     22 |    0.00        0.00
DELETE   /api/events/{id} [DELETE]                                                          1     0(0.00%) |   2100    2100    2100   2100 |    0.00        0.00
PUT      /api/events/{id} [PUT]                                                             1   1(100.00%) |     19      19      19     19 |    0.00        0.00
GET      /api/notifications/count                                                           1     0(0.00%) |   2109    2109    2109   2109 |    0.00        0.00
GET      /api/notifications/pending                                                         1     0(0.00%) |   2099    2099    2099   2099 |    0.00        0.00
GET      /check                                                                             1     0(0.00%) |     45      45      45     45 |    0.25        0.00
GET      [warmup] cookie check                                                              1     0(0.00%) |   2144    2144    2144   2144 |    0.25        0.00
--------|----------------------------------------------------------------------------|-------|-------------|-------|-------|-------|-------|--------|-----------
         Aggregated                                                                         7    1(14.29%) |   1220      19    2144   2100 |    0.50        0.00

Type     Name                                                                          # reqs      # fails |    Avg     Min     Max    Med |   req/s  failures/s
--------|----------------------------------------------------------------------------|-------|-------------|-------|-------|-------|-------|--------|-----------
POST     /api/events [POST]                                                                 1     0(0.00%) |     22      22      22     22 |    0.00        0.00
DELETE   /api/events/{id} [DELETE]                                                          1     0(0.00%) |   2100    2100    2100   2100 |    0.00        0.00
PUT      /api/events/{id} [PUT]                                                             1   1(100.00%) |     19      19      19     19 |    0.00        0.00
GET      /api/notifications/count                                                           1     0(0.00%) |   2109    2109    2109   2109 |    0.00        0.00
GET      /api/notifications/pending                                                         1     0(0.00%) |   2099    2099    2099   2099 |    0.00        0.00
GET      /check                                                                             1     0(0.00%) |     45      45      45     45 |    0.25        0.00
GET      [warmup] cookie check                                                              1     0(0.00%) |   2144    2144    2144   2144 |    0.25        0.00
--------|----------------------------------------------------------------------------|-------|-------------|-------|-------|-------|-------|--------|-----------
         Aggregated                                                                         7    1(14.29%) |   1220      19    2144   2100 |    0.50        0.00

Type     Name                                                                          # reqs      # fails |    Avg     Min     Max    Med |   req/s  failures/s
--------|----------------------------------------------------------------------------|-------|-------------|-------|-------|-------|-------|--------|-----------
POST     /api/events [POST]                                                                 1     0(0.00%) |     22      22      22     22 |    0.00        0.00
DELETE   /api/events/{id} [DELETE]                                                          1     0(0.00%) |   2100    2100    2100   2100 |    0.00        0.00
PUT      /api/events/{id} [PUT]                                                             1   1(100.00%) |     19      19      19     19 |    0.00        0.00
GET      /api/notifications/count                                                           1     0(0.00%) |   2109    2109    2109   2109 |    0.00        0.00
GET      /api/notifications/pending                                                         1     0(0.00%) |   2099    2099    2099   2099 |    0.00        0.00
GET      /check                                                                             1     0(0.00%) |     45      45      45     45 |    0.25        0.00
GET      [warmup] cookie check                                                              1     0(0.00%) |   2144    2144    2144   2144 |    0.25        0.00
--------|----------------------------------------------------------------------------|-------|-------------|-------|-------|-------|-------|--------|-----------
         Aggregated                                                                         7    1(14.29%) |   1220      19    2144   2100 |    0.50        0.00

Type     Name                                                                          # reqs      # fails |    Avg     Min     Max    Med |   req/s  failures/s
--------|----------------------------------------------------------------------------|-------|-------------|-------|-------|-------|-------|--------|-----------
POST     /api/events [POST]                                                                 1     0(0.00%) |     22      22      22     22 |    0.00        0.00
DELETE   /api/events/{id} [DELETE]                                                          1     0(0.00%) |   2100    2100    2100   2100 |    0.00        0.00
PUT      /api/events/{id} [PUT]                                                             1   1(100.00%) |     19      19      19     19 |    0.00        0.00
GET      /api/notifications/count                                                           1     0(0.00%) |   2109    2109    2109   2109 |    0.00        0.00
GET      /api/notifications/pending                                                         1     0(0.00%) |   2099    2099    2099   2099 |    0.00        0.00
GET      /check                                                                             1     0(0.00%) |     45      45      45     45 |    0.25        0.00
GET      [warmup] cookie check                                                              1     0(0.00%) |   2144    2144    2144   2144 |    0.25        0.00
--------|----------------------------------------------------------------------------|-------|-------------|-------|-------|-------|-------|--------|-----------
         Aggregated                                                                         7    1(14.29%) |   1220      19    2144   2100 |    0.50        0.00

Type     Name                                                                          # reqs      # fails |    Avg     Min     Max    Med |   req/s  failures/s
--------|----------------------------------------------------------------------------|-------|-------------|-------|-------|-------|-------|--------|-----------
POST     /api/events [POST]                                                                 1     0(0.00%) |     22      22      22     22 |    0.00        0.00
DELETE   /api/events/{id} [DELETE]                                                          1     0(0.00%) |   2100    2100    2100   2100 |    0.00        0.00
PUT      /api/events/{id} [PUT]                                                             1   1(100.00%) |     19      19      19     19 |    0.00        0.00
GET      /api/notifications/count                                                           1     0(0.00%) |   2109    2109    2109   2109 |    0.00        0.00
GET      /api/notifications/pending                                                         1     0(0.00%) |   2099    2099    2099   2099 |    0.00        0.00
GET      /check                                                                             1     0(0.00%) |     45      45      45     45 |    0.25        0.00
GET      [warmup] cookie check                                                              1     0(0.00%) |   2144    2144    2144   2144 |    0.25        0.00
--------|----------------------------------------------------------------------------|-------|-------------|-------|-------|-------|-------|--------|-----------
         Aggregated                                                                         7    1(14.29%) |   1220      19    2144   2100 |    0.50        0.00

Type     Name                                                                          # reqs      # fails |    Avg     Min     Max    Med |   req/s  failures/s
--------|----------------------------------------------------------------------------|-------|-------------|-------|-------|-------|-------|--------|-----------
POST     /api/events [POST]                                                                 1     0(0.00%) |     22      22      22     22 |    0.16        0.00
DELETE   /api/events/{id} [DELETE]                                                          1     0(0.00%) |   2100    2100    2100   2100 |    0.16        0.00
PUT      /api/events/{id} [PUT]                                                             1   1(100.00%) |     19      19      19     19 |    0.16        0.16
GET      /api/notifications/count                                                           1     0(0.00%) |   2109    2109    2109   2109 |    0.16        0.00
GET      /api/notifications/pending                                                         1     0(0.00%) |   2099    2099    2099   2099 |    0.16        0.00
GET      /check                                                                             1     0(0.00%) |     45      45      45     45 |    0.16        0.00
GET      [warmup] cookie check                                                              1     0(0.00%) |   2144    2144    2144   2144 |    0.16        0.00
--------|----------------------------------------------------------------------------|-------|-------------|-------|-------|-------|-------|--------|-----------
         Aggregated                                                                         7    1(14.29%) |   1220      19    2144   2100 |    1.12        0.16

Response time percentiles (approximated)
Type     Name                                                                                  50%    66%    75%    80%    90%    95%    98%    99%  99.9% 99.99%   100% # reqs
--------|--------------------------------------------------------------------------------|--------|------|------|------|------|------|------|------|------|------|------|------
POST     /api/events [POST]                                                                     22     22     22     22     22     22     22     22     22     22     22      1
DELETE   /api/events/{id} [DELETE]                                                            2100   2100   2100   2100   2100   2100   2100   2100   2100   2100   2100      1
PUT      /api/events/{id} [PUT]                                                                 19     19     19     19     19     19     19     19     19     19     19      1
GET      /api/notifications/count                                                             2100   2100   2100   2100   2100   2100   2100   2100   2100   2100   2100      1
GET      /api/notifications/pending                                                           2100   2100   2100   2100   2100   2100   2100   2100   2100   2100   2100      1
GET      /check                                                                                 46     46     46     46     46     46     46     46     46     46     46      1
GET      [warmup] cookie check                                                                2100   2100   2100   2100   2100   2100   2100   2100   2100   2100   2100      1
--------|--------------------------------------------------------------------------------|--------|------|------|------|------|------|------|------|------|------|------|------
         Aggregated                                                                           2100   2100   2100   2100   2100   2100   2100   2100   2100   2100   2100      7

Error report
# occurrences      Error                                                                                               
------------------|---------------------------------------------------------------------------------------------------------------------------------------------
1                  PUT /api/events/{id} [PUT]: HTTPError('500 Server Error: Internal Server Error for url: /api/events/{id} [PUT]')
------------------|---------------------------------------------------------------------------------------------------------------------------------------------

